[THREAD 4142812016] [26/10/2016 11:46:11]
  TRANSLATE: SELECT DEN_AREA_APLIC FROM AREA_APLICACAO WHERE COD_AREA_APLIC=?
  EXECUTE
  RUNNING TIME: 0.004
  4GL SOURCE: MENULOGIX.4GL  LINE: 670 
  STATUS:    0 ROWS AFFECTED:1 SID:448683
  COMMAND: SELECT DEN_AREA_APLIC FROM AREA_APLICACAO WHERE COD_AREA_APLIC=?
  USE: 1
    T:              INTEGER V: 3
  INTO:1
    T:             CHAR(20) V: 'Vendas              '
[THREAD 4142812016] [26/10/2016 11:46:11]
  TRANSLATE: SELECT DEN_SISTEMA FROM SISTEMAS_LOGIX WHERE COD_SISTEMA=?
  EXECUTE
  RUNNING TIME: 0.022
  4GL SOURCE: MENULOGIX.4GL  LINE: 688 
  STATUS:    0 ROWS AFFECTED:1 SID:448683
  COMMAND: SELECT DEN_SISTEMA FROM SISTEMAS_LOGIX WHERE COD_SISTEMA=?
  USE: 1
    T:              INTEGER V: 66
  INTO:1
    T:             CHAR(25) V: 'Pedidos                  '
[THREAD 4142812016] [26/10/2016 11:46:11]
  TRANSLATE: SELECT DEN_TRANSACAO FROM MENU_LOGIX WHERE COD_SISTEMA=? AND COD_NIVEL_1=? AND COD_NIVEL_2=? AND COD_NIVEL_3=?
  EXECUTE
  RUNNING TIME: 0.022
  4GL SOURCE: MENULOGIX.4GL  LINE: 712 
  STATUS:    0 ROWS AFFECTED:1 SID:448683
  COMMAND: SELECT DEN_TRANSACAO FROM MENU_LOGIX WHERE COD_SISTEMA=? AND COD_NIVEL_1=? AND COD_NIVEL_2=? AND COD_NIVEL_3=?
  USE: 4
    T:              INTEGER V: 66
    T:              INTEGER V: 1
    T:              INTEGER V: 0
    T:              INTEGER V: 0
  INTO:1
    T:             CHAR(50) V: 'Entrada                                           '
[THREAD 4142812016] [26/10/2016 11:46:11]
  TRANSLATE: SELECT DEN_TRANSACAO FROM MENU_LOGIX WHERE COD_SISTEMA=? AND COD_NIVEL_1=? AND COD_NIVEL_2=? AND COD_NIVEL_3=?
  EXECUTE
  RUNNING TIME: 0.023
  4GL SOURCE: MENULOGIX.4GL  LINE: 712 
  STATUS:    0 ROWS AFFECTED:1 SID:448683
  COMMAND: SELECT DEN_TRANSACAO FROM MENU_LOGIX WHERE COD_SISTEMA=? AND COD_NIVEL_1=? AND COD_NIVEL_2=? AND COD_NIVEL_3=?
  USE: 4
    T:              INTEGER V: 66
    T:              INTEGER V: 1
    T:              INTEGER V: 1
    T:              INTEGER V: 0
  INTO:1
    T:             CHAR(50) V: 'On-line                                           '
[THREAD 4142812016] [26/10/2016 11:46:11]
  TRANSLATE: SELECT DEN_TRANSACAO FROM MENU_LOGIX WHERE COD_SISTEMA=? AND COD_NIVEL_1=? AND COD_NIVEL_2=? AND COD_NIVEL_3=?
  EXECUTE
  RUNNING TIME: 0.024
  4GL SOURCE: MENULOGIX.4GL  LINE: 712 
  STATUS:    0 ROWS AFFECTED:1 SID:448683
  COMMAND: SELECT DEN_TRANSACAO FROM MENU_LOGIX WHERE COD_SISTEMA=? AND COD_NIVEL_1=? AND COD_NIVEL_2=? AND COD_NIVEL_3=?
  USE: 4
    T:              INTEGER V: 66
    T:              INTEGER V: 1
    T:              INTEGER V: 1
    T:              INTEGER V: 3
  INTO:1
    T:             CHAR(50) V: 'FRETE PARA COMISSAO (UNITARIO)                    '
[THREAD 4142812016] [26/10/2016 11:46:11]
  TRANSLATE: SELECT QTD_MAX_PROC_USU FROM LOG_USUARIOS_COMPL WHERE USUARIO=?
  EXECUTE
  RUNNING TIME: 0.007
  4GL SOURCE: LOGIN.4GL  LINE: 2513 
  STATUS:    0 ROWS AFFECTED:1 SID:448683
  COMMAND: SELECT QTD_MAX_PROC_USU FROM LOG_USUARIOS_COMPL WHERE USUARIO=?
  USE: 1
    T:              CHAR(8) V: 'admlog  '
  INTO:1
    T:              INTEGER V: 20
[THREAD 4142812016] [26/10/2016 11:46:11]
  DECLARE
  RUNNING TIME: 0.012
  4GL SOURCE: MENULOGIX.4GL  LINE: 462 
  STATUS:    0 ROWS AFFECTED:0 SID:448683
  NAME_FGL:MENULOGIX.CQ_PROCESS
  NAME_SQL:cu0
  COMMAND: SELECT M.COD_PROCESSO, M.COD_TIP_PROCESSO, M.NUM_SEQUENCIA FROM MENU_LOGIX M WHERE M.COD_SISTEMA=? AND M.COD_NIVEL_1=? AND M.COD_NIVEL_2=? AND M.COD_NIVEL_3=? ORDER BY M.NUM_SEQUENCIA
[THREAD 4142812016] [26/10/2016 11:46:11]
  OPEN 
  RUNNING TIME: 0.043
  4GL SOURCE: MENULOGIX.4GL  LINE: 478 
  STATUS:    0 ROWS AFFECTED:1 SID:448683
  NAME_FGL:MENULOGIX.CQ_PROCESS
  NAME_SQL:cu0
  COMMAND: SELECT M.COD_PROCESSO, M.COD_TIP_PROCESSO, M.NUM_SEQUENCIA FROM MENU_LOGIX M WHERE M.COD_SISTEMA=? AND M.COD_NIVEL_1=? AND M.COD_NIVEL_2=? AND M.COD_NIVEL_3=? ORDER BY M.NUM_SEQUENCIA
  USE: 4
    T:              INTEGER V: 66
    T:              INTEGER V: 1
    T:              INTEGER V: 1
    T:              INTEGER V: 3
[THREAD 4142812016] [26/10/2016 11:46:11]
  FETCH
  RUNNING TIME: 0.014
  4GL SOURCE: MENULOGIX.4GL  LINE: 478 
  STATUS:    0 ROWS AFFECTED:1 SID:448683
  NAME_FGL:MENULOGIX.CQ_PROCESS
  NAME_SQL:cu0
  INTO:3
    T:             CHAR(15) V: 'pol0482        '
    T:              INTEGER V: 1
    T:              INTEGER V: 1
[THREAD 4142812016] [26/10/2016 11:46:11]
  FETCH
  RUNNING TIME: 0.000
  4GL SOURCE: MENULOGIX.4GL  LINE: 478 
  STATUS:  100 ROWS AFFECTED:0 SID:448683
  NAME_FGL:MENULOGIX.CQ_PROCESS
  NAME_SQL:cu0
  COMMAND: SELECT M.COD_PROCESSO, M.COD_TIP_PROCESSO, M.NUM_SEQUENCIA FROM MENU_LOGIX M WHERE M.COD_SISTEMA=? AND M.COD_NIVEL_1=? AND M.COD_NIVEL_2=? AND M.COD_NIVEL_3=? ORDER BY M.NUM_SEQUENCIA
  INTO:3
    T:             CHAR(15) V: 'NULL'
    T:              INTEGER V: 1
    T:              INTEGER V: 1
[THREAD 4142812016] [26/10/2016 11:46:11]
  CLOSE 
  RUNNING TIME: 0.014
  4GL SOURCE: MENULOGIX.4GL  LINE: 478 
  STATUS:    0 ROWS AFFECTED:0 SID:448683
  NAME_FGL:MENULOGIX.CQ_PROCESS
  NAME_SQL:cu0
[THREAD 4142812016] [26/10/2016 11:46:11]
  FREE 
  RUNNING TIME: 0.015
  4GL SOURCE: MENULOGIX.4GL  LINE: 493 
  STATUS:    0 ROWS AFFECTED:0 SID:448683
  NAME_FGL:MENULOGIX.CQ_PROCESS
  NAME_SQL:cu0
[THREAD 4142812016] [26/10/2016 11:46:11]
  DECLARE
  RUNNING TIME: 0.014
  4GL SOURCE: LICLOGIX.4GL  LINE: 1992 
  STATUS:    0 ROWS AFFECTED:0 SID:448683
  NAME_FGL:LICLOGIX.CQ_MENU_KEYSYSTEM
  NAME_SQL:cu0
  COMMAND: SELECT CHAVE_SISTEMA FROM MENU_LOGIX M WHERE COD_SISTEMA=? AND COD_NIVEL_1=? AND COD_NIVEL_2=? AND COD_NIVEL_3=? ORDER BY NUM_SEQUENCIA
[THREAD 4142812016] [26/10/2016 11:46:11]
  OPEN 
  RUNNING TIME: 0.034
  4GL SOURCE: LICLOGIX.4GL  LINE: 2001 
  STATUS:    0 ROWS AFFECTED:1 SID:448683
  NAME_FGL:LICLOGIX.CQ_MENU_KEYSYSTEM
  NAME_SQL:cu0
  COMMAND: SELECT CHAVE_SISTEMA FROM MENU_LOGIX M WHERE COD_SISTEMA=? AND COD_NIVEL_1=? AND COD_NIVEL_2=? AND COD_NIVEL_3=? ORDER BY NUM_SEQUENCIA
  USE: 4
    T:         DECIMAL(3,0) V: 66
    T:              INTEGER V: 1
    T:              INTEGER V: 1
    T:              INTEGER V: 3
[THREAD 4142812016] [26/10/2016 11:46:11]
  FETCH
  RUNNING TIME: 0.001
  4GL SOURCE: LICLOGIX.4GL  LINE: 2002 
  STATUS:    0 ROWS AFFECTED:1 SID:448683
  NAME_FGL:LICLOGIX.CQ_MENU_KEYSYSTEM
  NAME_SQL:cu0
  INTO:1
    T:             CHAR(10) V: 'NULL'
[THREAD 4142812016] [26/10/2016 11:46:11]
  CLOSE 
  RUNNING TIME: 0.000
  4GL SOURCE: LICLOGIX.4GL  LINE: 2007 
  STATUS:    0 ROWS AFFECTED:0 SID:448683
  NAME_FGL:LICLOGIX.CQ_MENU_KEYSYSTEM
  NAME_SQL:cu0
[THREAD 4142812016] [26/10/2016 11:46:11]
  FREE 
  RUNNING TIME: 0.000
  4GL SOURCE: LICLOGIX.4GL  LINE: 2008 
  STATUS:    0 ROWS AFFECTED:0 SID:448683
  NAME_FGL:LICLOGIX.CQ_MENU_KEYSYSTEM
  NAME_SQL:cu0
Warning, [GENERAL] INACTIVETIMEOUT = 86400 seconds is ON.

[INFO ][SERVER] [26/10/2016 11:46:11] Starting Program Run4GLProcess.4gl Thread 4147014512 (Kanaflex,KFX4303)
[Thread 4147014512] [DEBUG][2016-10-26 11:46:12] Empresa = 01 Usuário = admlog [source: LOG0010.4GL line: 1389 function: LOG_APPSETENV()]
[Thread 4147014512] Running the program POL0482.4GL
Warning, [GENERAL] INACTIVETIMEOUT = 86400 seconds is ON.

[INFO ][SERVER] [26/10/2016 11:46:12] Starting Program POL0482.4GL Thread 4147014512 (Kanaflex,KFX4303)
[THREAD 4147014512] [26/10/2016 11:46:12]
  TRANSLATE: LOGIX
  EXECUTE
  STATUS:0
  COMMAND: LOGIX
[Thread 4147014512]
  TOTVSDBACCESS CONNECTED ON SERVER: (local) DATABASE: INFORMIX/logixprd 
  SID: 448723
  4GL SOURCE: POL0482.4GL
[THREAD 4147014512] [26/10/2016 11:46:12]
  TRANSLATE: SET ISOLATION TO DIRTY READ
  EXECUTE
  4GL SOURCE: POL0482.4GL  LINE: 75 
  STATUS:    0 ROWS AFFECTED:0 SID:448723
  COMMAND: SET ISOLATION TO DIRTY READ
  RUNNING TIME: 0.000
  4GL SOURCE: POL0482.4GL  LINE: 75 
  STATUS:    0 ROWS AFFECTED:0 SID:448723
  NAME_SQL:
  COMMAND: SET ISOLATION TO DIRTY READ
[THREAD 4147014512] [26/10/2016 11:46:12]
  TRANSLATE: SET LOCK MODE TO WAIT 300
  EXECUTE
  4GL SOURCE: POL0482.4GL  LINE: 76 
  STATUS:    0 ROWS AFFECTED:0 SID:448723
  COMMAND: SET LOCK MODE TO WAIT 300
  RUNNING TIME: 0.000
  4GL SOURCE: POL0482.4GL  LINE: 76 
  STATUS:    0 ROWS AFFECTED:0 SID:448723
  NAME_SQL:
  COMMAND: SET LOCK MODE TO WAIT 300
[THREAD 4147014512] [26/10/2016 11:46:12]
  TRANSLATE: SELECT COD_EMPRESA FROM EMPRESA WHERE COD_EMPRESA=?
  EXECUTE
  RUNNING TIME: 0.001
  4GL SOURCE: LOG1400.4GL  LINE: 141 
  STATUS:    0 ROWS AFFECTED:1 SID:448723
  COMMAND: SELECT COD_EMPRESA FROM EMPRESA WHERE COD_EMPRESA=?
  USE: 1
    T:              CHAR(2) V: '01'
[THREAD 4147014512] [26/10/2016 11:46:12]
  TRANSLATE: SELECT PARAMETROS[77, 78] FROM PAR_LOGIX WHERE COD_EMPRESA=?
  EXECUTE
  RUNNING TIME: 0.002
  4GL SOURCE: LOG1400.4GL  LINE: 217 
  STATUS:    0 ROWS AFFECTED:1 SID:448723
  COMMAND: SELECT PARAMETROS[77, 78] FROM PAR_LOGIX WHERE COD_EMPRESA=?
  USE: 1
    T:              CHAR(2) V: '01'
  INTO:1
    T:              CHAR(2) V: '  '
[Thread 4147014512] [DEBUG][2016-10-26 11:46:12] APPSTART - INICIO [source: LOG0010.4GL line: 66 function: LOG001_ACESSA_USUARIO()]
[Thread 4147014512] [DEBUG][2016-10-26 11:46:12] [APPLICATION] Aplicação principal = POL0482 [source: APPLICATION.PRW line: 294 function: APPLICATION_SETMAINAPPNAME()]
[THREAD 4147014512] [26/10/2016 11:46:12]
  TRANSLATE: SET LOCK MODE TO WAIT 
  EXECUTE
  4GL SOURCE: LOG0010.4GL  LINE: 1512 
  STATUS:    0 ROWS AFFECTED:0 SID:448723
  COMMAND: SET LOCK MODE TO WAIT 
  RUNNING TIME: 0.001
  4GL SOURCE: LOG0010.4GL  LINE: 1512 
  STATUS:    0 ROWS AFFECTED:0 SID:448723
  NAME_SQL:
  COMMAND: SET LOCK MODE TO WAIT 
[THREAD 4147014512] [26/10/2016 11:46:12]
  TRANSLATE: SET ISOLATION TO DIRTY READ
  EXECUTE
  4GL SOURCE: LOG1400.4GL  LINE: 239 
  STATUS:    0 ROWS AFFECTED:0 SID:448723
  COMMAND: SET ISOLATION TO DIRTY READ
  RUNNING TIME: 0.001
  4GL SOURCE: LOG1400.4GL  LINE: 239 
  STATUS:    0 ROWS AFFECTED:0 SID:448723
  NAME_SQL:
  COMMAND: SET ISOLATION TO DIRTY READ
[Thread 4147014512] [DEBUG][2016-10-26 11:46:12] [PRINTFILE] Destino de impressão não detectado [source: LOG0280.4GL line: 3494 function: LOG0280_CHECKFINISHREPORTHANDLER()]
[Thread 4147014512] [DEBUG][2016-10-26 11:46:12] [PRINTFILE] Emissão para disco DESATIVADA [source: LOG0280.4GL line: 3448 function: LOG0280_FINISHREPORT_ATIVA_DISCO()]
[Thread 4147014512] [DEBUG][2016-10-26 11:46:12] [PRINTFILE] Arquivos para emissão em disco () [source: LOG0280.4GL line: 3501 function: LOG0280_CHECKFINISHREPORTHANDLER()]
[THREAD 4147014512] [26/10/2016 11:46:12]
  TRANSLATE: SELECT FORM_VERSION,FORM_RELEASE,FORM_MODIFICATION FROM FRM_FORM WHERE FORM_NAME=?
  EXECUTE
  RUNNING TIME: 0.001
  4GL SOURCE: LOG0010.4GL  LINE: 2184 
  STATUS:  100 ROWS AFFECTED:0 SID:448723
  COMMAND: SELECT FORM_VERSION,FORM_RELEASE,FORM_MODIFICATION FROM FRM_FORM WHERE FORM_NAME=?
  USE: 1
    T:             CHAR(15) V: 'pol0482        '
  INTO:3
    T:              CHAR(2) V: 'NULL'
    T:              CHAR(5) V: 'NULL'
    T:             CHAR(10) V: 'NULL'
[Thread 4147014512] [LOGIX] Aplicação: POL0482 Versão: ?Ult. Modificação: 2015-05-28 14:47:48
[THREAD 4147014512] [26/10/2016 11:46:12]
  DECLARE
  RUNNING TIME: 0.000
  4GL SOURCE: SYSTEMKEY.4GL  LINE: 67 
  STATUS:    0 ROWS AFFECTED:0 SID:448723
  NAME_FGL:SYSTEMKEY.CM_ADJUSTSYSTEMKEY
  NAME_SQL:cu0
  COMMAND: SELECT SISTEMAS_LOGIX.COD_SISTEMA FROM SISTEMAS_LOGIX WHERE SISTEMAS_LOGIX.CHAVE_SISTEMA='?' OR SISTEMAS_LOGIX.CHAVE_SISTEMA IS NULL OR SISTEMAS_LOGIX.CHAVE_SISTEMA=' '
[THREAD 4147014512] [26/10/2016 11:46:12]
  OPEN 
  RUNNING TIME: 0.000
  4GL SOURCE: SYSTEMKEY.4GL  LINE: 74 
  STATUS:    0 ROWS AFFECTED:1 SID:448723
  NAME_FGL:SYSTEMKEY.CM_ADJUSTSYSTEMKEY
  NAME_SQL:cu0
  COMMAND: SELECT SISTEMAS_LOGIX.COD_SISTEMA FROM SISTEMAS_LOGIX WHERE SISTEMAS_LOGIX.CHAVE_SISTEMA='?' OR SISTEMAS_LOGIX.CHAVE_SISTEMA IS NULL OR SISTEMAS_LOGIX.CHAVE_SISTEMA=' '
[THREAD 4147014512] [26/10/2016 11:46:12]
  FETCH
  RUNNING TIME: 0.000
  4GL SOURCE: SYSTEMKEY.4GL  LINE: 74 
  STATUS:    0 ROWS AFFECTED:1 SID:448723
  NAME_FGL:SYSTEMKEY.CM_ADJUSTSYSTEMKEY
  NAME_SQL:cu0
  INTO:1
    T:              INTEGER V: 71
[THREAD 4147014512] [26/10/2016 11:46:12]
  FETCH
  RUNNING TIME: 0.000
  4GL SOURCE: SYSTEMKEY.4GL  LINE: 74 
  STATUS:    0 ROWS AFFECTED:1 SID:448723
  NAME_FGL:SYSTEMKEY.CM_ADJUSTSYSTEMKEY
  NAME_SQL:cu0
  INTO:1
    T:              INTEGER V: 69
[THREAD 4147014512] [26/10/2016 11:46:12]
  FETCH
  RUNNING TIME: 0.000
  4GL SOURCE: SYSTEMKEY.4GL  LINE: 74 
  STATUS:    0 ROWS AFFECTED:1 SID:448723
  NAME_FGL:SYSTEMKEY.CM_ADJUSTSYSTEMKEY
  NAME_SQL:cu0
  INTO:1
    T:              INTEGER V: 999
[THREAD 4147014512] [26/10/2016 11:46:12]
  FETCH
  RUNNING TIME: 0.000
  4GL SOURCE: SYSTEMKEY.4GL  LINE: 74 
  STATUS:    0 ROWS AFFECTED:1 SID:448723
  NAME_FGL:SYSTEMKEY.CM_ADJUSTSYSTEMKEY
  NAME_SQL:cu0
  INTO:1
    T:              INTEGER V: 998
[THREAD 4147014512] [26/10/2016 11:46:12]
  FETCH
  RUNNING TIME: 0.000
  4GL SOURCE: SYSTEMKEY.4GL  LINE: 74 
  STATUS:    0 ROWS AFFECTED:1 SID:448723
  NAME_FGL:SYSTEMKEY.CM_ADJUSTSYSTEMKEY
  NAME_SQL:cu0
  INTO:1
    T:              INTEGER V: 997
[THREAD 4147014512] [26/10/2016 11:46:12]
  FETCH
  RUNNING TIME: 0.000
  4GL SOURCE: SYSTEMKEY.4GL  LINE: 74 
  STATUS:    0 ROWS AFFECTED:1 SID:448723
  NAME_FGL:SYSTEMKEY.CM_ADJUSTSYSTEMKEY
  NAME_SQL:cu0
  INTO:1
    T:              INTEGER V: 901
[THREAD 4147014512] [26/10/2016 11:46:12]
  FETCH
  RUNNING TIME: 0.000
  4GL SOURCE: SYSTEMKEY.4GL  LINE: 74 
  STATUS:    0 ROWS AFFECTED:1 SID:448723
  NAME_FGL:SYSTEMKEY.CM_ADJUSTSYSTEMKEY
  NAME_SQL:cu0
  INTO:1
    T:              INTEGER V: 630
[THREAD 4147014512] [26/10/2016 11:46:12]
  FETCH
  RUNNING TIME: 0.000
  4GL SOURCE: SYSTEMKEY.4GL  LINE: 74 
  STATUS:    0 ROWS AFFECTED:1 SID:448723
  NAME_FGL:SYSTEMKEY.CM_ADJUSTSYSTEMKEY
  NAME_SQL:cu0
  INTO:1
    T:              INTEGER V: 600
[THREAD 4147014512] [26/10/2016 11:46:12]
  FETCH
  RUNNING TIME: 0.000
  4GL SOURCE: SYSTEMKEY.4GL  LINE: 74 
  STATUS:    0 ROWS AFFECTED:1 SID:448723
  NAME_FGL:SYSTEMKEY.CM_ADJUSTSYSTEMKEY
  NAME_SQL:cu0
  INTO:1
    T:              INTEGER V: 601
[THREAD 4147014512] [26/10/2016 11:46:12]
  FETCH
  RUNNING TIME: 0.000
  4GL SOURCE: SYSTEMKEY.4GL  LINE: 74 
  STATUS:    0 ROWS AFFECTED:1 SID:448723
  NAME_FGL:SYSTEMKEY.CM_ADJUSTSYSTEMKEY
  NAME_SQL:cu0
  INTO:1
    T:              INTEGER V: 631
[THREAD 4147014512] [26/10/2016 11:46:12]
  FETCH
  RUNNING TIME: 0.000
  4GL SOURCE: SYSTEMKEY.4GL  LINE: 74 
  STATUS:    0 ROWS AFFECTED:1 SID:448723
  NAME_FGL:SYSTEMKEY.CM_ADJUSTSYSTEMKEY
  NAME_SQL:cu0
  INTO:1
    T:              INTEGER V: 636
[THREAD 4147014512] [26/10/2016 11:46:12]
  FETCH
  RUNNING TIME: 0.000
  4GL SOURCE: SYSTEMKEY.4GL  LINE: 74 
  STATUS:    0 ROWS AFFECTED:1 SID:448723
  NAME_FGL:SYSTEMKEY.CM_ADJUSTSYSTEMKEY
  NAME_SQL:cu0
  INTO:1
    T:              INTEGER V: 665
[THREAD 4147014512] [26/10/2016 11:46:12]
  FETCH
  RUNNING TIME: 0.000
  4GL SOURCE: SYSTEMKEY.4GL  LINE: 74 
  STATUS:  100 ROWS AFFECTED:0 SID:448723
  NAME_FGL:SYSTEMKEY.CM_ADJUSTSYSTEMKEY
  NAME_SQL:cu0
  COMMAND: SELECT SISTEMAS_LOGIX.COD_SISTEMA FROM SISTEMAS_LOGIX WHERE SISTEMAS_LOGIX.CHAVE_SISTEMA='?' OR SISTEMAS_LOGIX.CHAVE_SISTEMA IS NULL OR SISTEMAS_LOGIX.CHAVE_SISTEMA=' '
  INTO:1
    T:              INTEGER V: 665
[THREAD 4147014512] [26/10/2016 11:46:12]
  CLOSE 
  RUNNING TIME: 0.002
  4GL SOURCE: SYSTEMKEY.4GL  LINE: 74 
  STATUS:    0 ROWS AFFECTED:0 SID:448723
  NAME_FGL:SYSTEMKEY.CM_ADJUSTSYSTEMKEY
  NAME_SQL:cu0
[THREAD 4147014512] [26/10/2016 11:46:12]
  FREE 
  RUNNING TIME: 0.000
  4GL SOURCE: SYSTEMKEY.4GL  LINE: 92 
  STATUS:    0 ROWS AFFECTED:0 SID:448723
  NAME_FGL:SYSTEMKEY.CM_ADJUSTSYSTEMKEY
  NAME_SQL:cu0
[Thread 4147014512] [LOGIX] ERRO: [LICENSE] Chave de sistema VDP inválida no controle de licenças.
[Thread 4147014512] [LOGIX] ERRO: [LICENSE] Chave de sistema VDP inválida no controle de licenças.
[THREAD 4147014512] [26/10/2016 11:46:12]
  TRANSLATE: SELECT COD_EMPRESA FROM EMPRESA WHERE COD_EMPRESA=?
  EXECUTE
  RUNNING TIME: 0.001
  4GL SOURCE: LOG0010.4GL  LINE: 723 
  STATUS:    0 ROWS AFFECTED:1 SID:448723
  COMMAND: SELECT COD_EMPRESA FROM EMPRESA WHERE COD_EMPRESA=?
  USE: 1
    T:              CHAR(2) V: '01'
[THREAD 4147014512] [26/10/2016 11:46:12]
  TRANSLATE: SELECT TABNAME FROM SYSTABLES WHERE TABNAME=?
  EXECUTE
  RUNNING TIME: 0.001
  4GL SOURCE: LOG0150.4GL  LINE: 91 
  STATUS:    0 ROWS AFFECTED:1 SID:448723
  COMMAND: SELECT TABNAME FROM SYSTABLES WHERE TABNAME=?
  USE: 1
    T:             CHAR(50) V: 'log_dados_sessao_logix                            '
[THREAD 4147014512] [26/10/2016 11:46:12]
  TRANSLATE: SELECT  DBINFO('sessionid') FROM SYSTABLES WHERE TABID=1
  EXECUTE
  RUNNING TIME: 0.001
  4GL SOURCE: LOG0010.4GL  LINE: 548 
  STATUS:    0 ROWS AFFECTED:1 SID:448723
  COMMAND: SELECT  DBINFO('sessionid') FROM SYSTABLES WHERE TABID=1
  INTO:1
    T:              INTEGER V: 448723
[THREAD 4147014512] [26/10/2016 11:46:12]
  TRANSLATE: SELECT  DBINFO('sessionid') FROM SYSTABLES WHERE TABID=1
  EXECUTE
  RUNNING TIME: 0.001
  4GL SOURCE: LOG0010.4GL  LINE: 548 
  STATUS:    0 ROWS AFFECTED:1 SID:448723
  COMMAND: SELECT  DBINFO('sessionid') FROM SYSTABLES WHERE TABID=1
  INTO:1
    T:              INTEGER V: 448723
[THREAD 4147014512] [26/10/2016 11:46:12]
  DECLARE
  RUNNING TIME: 0.000
  4GL SOURCE: LOG0010.4GL  LINE: 2039 
  STATUS:    0 ROWS AFFECTED:0 SID:448723
  NAME_FGL:LOG0010.CD_LOG_DADOS_SESSAO_LOGIX
  NAME_SQL:cu0
  COMMAND: SELECT SID, DAT_EXECUCAO FROM LOG_DADOS_SESSAO_LOGIX WHERE USUARIO IN (?,'newlogin') AND PROGRAMA=?
[THREAD 4147014512] [26/10/2016 11:46:12]
  OPEN 
  RUNNING TIME: 0.000
  4GL SOURCE: LOG0010.4GL  LINE: 2047 
  STATUS:    0 ROWS AFFECTED:1 SID:448723
  NAME_FGL:LOG0010.CD_LOG_DADOS_SESSAO_LOGIX
  NAME_SQL:cu0
  COMMAND: SELECT SID, DAT_EXECUCAO FROM LOG_DADOS_SESSAO_LOGIX WHERE USUARIO IN (?,'newlogin') AND PROGRAMA=?
  USE: 2
    T:              CHAR(8) V: 'admlog  '
    T:             CHAR(15) V: 'pol0482        '
[THREAD 4147014512] [26/10/2016 11:46:12]
  FETCH
  RUNNING TIME: 0.000
  4GL SOURCE: LOG0010.4GL  LINE: 2047 
  STATUS:  100 ROWS AFFECTED:0 SID:448723
  NAME_FGL:LOG0010.CD_LOG_DADOS_SESSAO_LOGIX
  NAME_SQL:cu0
  COMMAND: SELECT SID, DAT_EXECUCAO FROM LOG_DADOS_SESSAO_LOGIX WHERE USUARIO IN (?,'newlogin') AND PROGRAMA=?
  INTO:2
    T:              INTEGER V: 0
    T:             DATETIME V: NULL
[THREAD 4147014512] [26/10/2016 11:46:12]
  CLOSE 
  RUNNING TIME: 0.000
  4GL SOURCE: LOG0010.4GL  LINE: 2047 
  STATUS:    0 ROWS AFFECTED:0 SID:448723
  NAME_FGL:LOG0010.CD_LOG_DADOS_SESSAO_LOGIX
  NAME_SQL:cu0
[THREAD 4147014512] [26/10/2016 11:46:12]
  FREE 
  RUNNING TIME: 0.000
  4GL SOURCE: LOG0010.4GL  LINE: 2063 
  STATUS:    0 ROWS AFFECTED:0 SID:448723
  NAME_FGL:LOG0010.CD_LOG_DADOS_SESSAO_LOGIX
  NAME_SQL:cu0
[THREAD 4147014512] [26/10/2016 11:46:12]
  DECLARE
  RUNNING TIME: 0.001
  4GL SOURCE: LOG0010.4GL  LINE: 1754 
  STATUS:    0 ROWS AFFECTED:0 SID:448723
  NAME_FGL:LOG0010.CD_DEL_MESMO_SID
  NAME_SQL:cu0
  COMMAND: SELECT DAT_EXECUCAO FROM LOG_DADOS_SESSAO_LOGIX WHERE SID=?
[THREAD 4147014512] [26/10/2016 11:46:12]
  OPEN 
  RUNNING TIME: 0.000
  4GL SOURCE: LOG0010.4GL  LINE: 1759 
  STATUS:    0 ROWS AFFECTED:1 SID:448723
  NAME_FGL:LOG0010.CD_DEL_MESMO_SID
  NAME_SQL:cu0
  COMMAND: SELECT DAT_EXECUCAO FROM LOG_DADOS_SESSAO_LOGIX WHERE SID=?
  USE: 1
    T:              INTEGER V: 448723
[THREAD 4147014512] [26/10/2016 11:46:12]
  FETCH
  RUNNING TIME: 0.000
  4GL SOURCE: LOG0010.4GL  LINE: 1759 
  STATUS:  100 ROWS AFFECTED:0 SID:448723
  NAME_FGL:LOG0010.CD_DEL_MESMO_SID
  NAME_SQL:cu0
  COMMAND: SELECT DAT_EXECUCAO FROM LOG_DADOS_SESSAO_LOGIX WHERE SID=?
  INTO:1
    T:             DATETIME V: NULL
[THREAD 4147014512] [26/10/2016 11:46:12]
  CLOSE 
  RUNNING TIME: 0.000
  4GL SOURCE: LOG0010.4GL  LINE: 1759 
  STATUS:    0 ROWS AFFECTED:0 SID:448723
  NAME_FGL:LOG0010.CD_DEL_MESMO_SID
  NAME_SQL:cu0
[THREAD 4147014512] [26/10/2016 11:46:12]
  FREE 
  RUNNING TIME: 0.000
  4GL SOURCE: LOG0010.4GL  LINE: 1773 
  STATUS:    0 ROWS AFFECTED:0 SID:448723
  NAME_FGL:LOG0010.CD_DEL_MESMO_SID
  NAME_SQL:cu0
[THREAD 4147014512] [26/10/2016 11:46:12]
  TRANSLATE: INSERT INTO LOG_DADOS_SESSAO_LOGIX (SID, DAT_EXECUCAO, USUARIO, PROGRAMA, ORIGEM) VALUES(?, ?, ?, ?, ?)
  RUNNING TIME: 0.002
  4GL SOURCE: LOG0010.4GL  LINE: 1780 
  STATUS:    0 ROWS AFFECTED:1 SID:448723
  COMMAND: INSERT INTO LOG_DADOS_SESSAO_LOGIX (SID, DAT_EXECUCAO, USUARIO, PROGRAMA, ORIGEM) VALUES(?, ?, ?, ?, ?)
  USE: 5
    T:              INTEGER V: 448723
    T:             DATETIME V: 2016-10-26 11:46:12                                                                                                                                                                                                                                            
    T:              CHAR(8) V: 'admlog  '
    T:             CHAR(15) V: 'pol0482        '
    T:            CHAR(100) V: 'KFX4303:192.168.1.245|127.0.0.1|4351|                                                               '
[THREAD 4147014512] [26/10/2016 11:46:12]
  TRANSLATE: SELECT 1 FROM USUARIOS WHERE USUARIOS.COD_USUARIO=?
  EXECUTE
  RUNNING TIME: 0.001
  4GL SOURCE: LOGIN.4GL  LINE: 290 
  STATUS:    0 ROWS AFFECTED:1 SID:448723
  COMMAND: SELECT 1 FROM USUARIOS WHERE USUARIOS.COD_USUARIO=?
  USE: 1
    T:              CHAR(8) V: 'admlog  '
[THREAD 4147014512] [26/10/2016 11:46:12]
  TRANSLATE: SELECT USUARIO,HOR_INICIAL_ACESSO,HOR_FINAL_ACESSO FROM LOG_PAR_LOGIN_USU WHERE USUARIO=?
  EXECUTE
  RUNNING TIME: 0.001
  4GL SOURCE: LOGIN.4GL  LINE: 349 
  STATUS:    0 ROWS AFFECTED:1 SID:448723
  COMMAND: SELECT USUARIO,HOR_INICIAL_ACESSO,HOR_FINAL_ACESSO FROM LOG_PAR_LOGIN_USU WHERE USUARIO=?
  USE: 1
    T:              CHAR(8) V: 'admlog  '
  INTO:3
    T:              CHAR(8) V: 'admlog  '
    T:             DATETIME V: NULL
    T:             DATETIME V: NULL
[THREAD 4147014512] [26/10/2016 11:46:12]
  TRANSLATE: DELETE FROM LOG_USU_EXP_LOGIN WHERE USUARIO=? AND DAT_HOR_LOGIN<?
  RUNNING TIME: 0.002
  4GL SOURCE: LOGIN.4GL  LINE: 412 
  STATUS:    0 ROWS AFFECTED:0 SID:448723
  COMMAND: DELETE FROM LOG_USU_EXP_LOGIN WHERE USUARIO=? AND DAT_HOR_LOGIN<?
  USE: 2
    T:              CHAR(8) V: 'admlog  '
    T:             DATETIME V: 2016-10-26 11:46:12                                                                                                                                                                                                                                            
[THREAD 4147014512] [26/10/2016 11:46:12]
  TRANSLATE: SELECT 1 FROM LOG_USU_EXP_LOGIN WHERE USUARIO=? AND DAT_HOR_LOGIN>=?
  EXECUTE
  RUNNING TIME: 0.002
  4GL SOURCE: LOGIN.4GL  LINE: 422 
  STATUS:  100 ROWS AFFECTED:0 SID:448723
  COMMAND: SELECT 1 FROM LOG_USU_EXP_LOGIN WHERE USUARIO=? AND DAT_HOR_LOGIN>=?
  USE: 2
    T:              CHAR(8) V: 'admlog  '
    T:             DATETIME V: 2016-10-26 11:46:12                                                                                                                                                                                                                                            
[THREAD 4147014512] [26/10/2016 11:46:12]
  DECLARE
  RUNNING TIME: 0.002
  4GL SOURCE: LOGIN.4GL  LINE: 447 
  STATUS:    0 ROWS AFFECTED:0 SID:448723
  NAME_FGL:LOGIN.CQ_USUARIO_BLOQUEADO
  NAME_SQL:cu0
  COMMAND: SELECT A.USUARIO, A.SEQUENCIA_BLOQUEIO, A.MOTIVO_BLOQUEIO, C.DES_MOTIVO_BLOQ, A.DAT_HORA_BLOQUEIO, A.USUARIO_BLOQUEIO, A.DAT_INI_BLOQUEIO, A.DAT_FIM_BLOQUEIO FROM LOG_USU_BLOQ A,LOG_BLOQUEIOS B,OUTER LOG_MOTIVOS_BLOQ C WHERE A.USUARIO=? AND A.USUARIO=B.USUARIO AND A.SEQUENCIA_BLOQUEIO=B.SEQUENCIA_BLOQUEIO AND A.DAT_INI_BLOQUEIO<=? AND A.DAT_FIM_BLOQUEIO IS NULL AND C.MOTIVO_BLOQ=A.MOTIVO_BLOQUEIO UNION SELECT A.USUARIO, A.SEQUENCIA_BLOQUEIO, A.MOTIVO_BLOQUEIO, C.DES_MOTIVO_BLOQ, A.DAT_HORA_BLOQUEIO, A.USUARIO_BLOQUEIO, A.DAT_INI_BLOQUEIO, A.DAT_FIM_BLOQUEIO FROM LOG_USU_BLOQ A,LOG_BLOQUEIOS B,OUTER LOG_MOTIVOS_BLOQ C WHERE A.USUARIO=? AND A.USUARIO=B.USUARIO AND A.SEQUENCIA_BLOQUEIO=B.SEQUENCIA_BLOQUEIO AND A.DAT_FIM_BLOQUEIO IS NOT NULL AND ? BETWEEN A.DAT_INI_BLOQUEIO AND A.DAT_FIM_BLOQUEIO AND C.MOTIVO_BLOQ=A.MOTIVO_BLOQUEIO ORDER BY 2
[THREAD 4147014512] [26/10/2016 11:46:13]
  OPEN 
  RUNNING TIME: 0.003
  4GL SOURCE: LOGIN.4GL  LINE: 491 
  STATUS:    0 ROWS AFFECTED:1 SID:448723
  NAME_FGL:LOGIN.CQ_USUARIO_BLOQUEADO
  NAME_SQL:cu0
  COMMAND: SELECT A.USUARIO, A.SEQUENCIA_BLOQUEIO, A.MOTIVO_BLOQUEIO, C.DES_MOTIVO_BLOQ, A.DAT_HORA_BLOQUEIO, A.USUARIO_BLOQUEIO, A.DAT_INI_BLOQUEIO, A.DAT_FIM_BLOQUEIO FROM LOG_USU_BLOQ A,LOG_BLOQUEIOS B,OUTER LOG_MOTIVOS_BLOQ C WHERE A.USUARIO=? AND A.USUARIO=B.USUARIO AND A.SEQUENCIA_BLOQUEIO=B.SEQUENCIA_BLOQUEIO AND A.DAT_INI_BLOQUEIO<=? AND A.DAT_FIM_BLOQUEIO IS NULL AND C.MOTIVO_BLOQ=A.MOTIVO_BLOQUEIO UNION SELECT A.USUARIO, A.SEQUENCIA_BLOQUEIO, A.MOTIVO_BLOQUEIO, C.DES_MOTIVO_BLOQ, A.DAT_HORA_BLOQUEIO, A.USUARIO_BLOQUEIO, A.DAT_INI_BLOQUEIO, A.DAT_FIM_BLOQUEIO FROM LOG_USU_BLOQ A,LOG_BLOQUEIOS B,OUTER LOG_MOTIVOS_BLOQ C WHERE A.USUARIO=? AND A.USUARIO=B.USUARIO AND A.SEQUENCIA_BLOQUEIO=B.SEQUENCIA_BLOQUEIO AND A.DAT_FIM_BLOQUEIO IS NOT NULL AND ? BETWEEN A.DAT_INI_BLOQUEIO AND A.DAT_FIM_BLOQUEIO AND C.MOTIVO_BLOQ=A.MOTIVO_BLOQUEIO ORDER BY 2
  USE: 4
    T:              CHAR(8) V: 'admlog  '
    T:                 DATE V: 26/10/2016                                                                                                                                                                                                                                                     
    T:              CHAR(8) V: 'admlog  '
    T:                 DATE V: 26/10/2016                                                                                                                                                                                                                                                     
[THREAD 4147014512] [26/10/2016 11:46:13]
  FETCH
  RUNNING TIME: 0.000
  4GL SOURCE: LOGIN.4GL  LINE: 491 
  STATUS:  100 ROWS AFFECTED:0 SID:448723
  NAME_FGL:LOGIN.CQ_USUARIO_BLOQUEADO
  NAME_SQL:cu0
  COMMAND: SELECT A.USUARIO, A.SEQUENCIA_BLOQUEIO, A.MOTIVO_BLOQUEIO, C.DES_MOTIVO_BLOQ, A.DAT_HORA_BLOQUEIO, A.USUARIO_BLOQUEIO, A.DAT_INI_BLOQUEIO, A.DAT_FIM_BLOQUEIO FROM LOG_USU_BLOQ A,LOG_BLOQUEIOS B,OUTER LOG_MOTIVOS_BLOQ C WHERE A.USUARIO=? AND A.USUARIO=B.USUARIO AND A.SEQUENCIA_BLOQUEIO=B.SEQUENCIA_BLOQUEIO AND A.DAT_INI_BLOQUEIO<=? AND A.DAT_FIM_BLOQUEIO IS NULL AND C.MOTIVO_BLOQ=A.MOTIVO_BLOQUEIO UNION SELECT A.USUARIO, A.SEQUENCIA_BLOQUEIO, A.MOTIVO_BLOQUEIO, C.DES_MOTIVO_BLOQ, A.DAT_HORA_BLOQUEIO, A.USUARIO_BLOQUEIO, A.DAT_INI_BLOQUEIO, A.DAT_FIM_BLOQUEIO FROM LOG_USU_BLOQ A,LOG_BLOQUEIOS B,OUTER LOG_MOTIVOS_BLOQ C WHERE A.USUARIO=? AND A.USUARIO=B.USUARIO AND A.SEQUENCIA_BLOQUEIO=B.SEQUENCIA_BLOQUEIO AND A.DAT_FIM_BLOQUEIO IS NOT NULL AND ? BETWEEN A.DAT_INI_BLOQUEIO AND A.DAT_FIM_BLOQUEIO AND C.MOTIVO_BLOQ=A.MOTIVO_BLOQUEIO ORDER BY 2
  INTO:8
    T:              CHAR(8) V: 'NULL'
    T:              INTEGER V: NULL
    T:              INTEGER V: NULL
    T:             CHAR(76) V: 'NULL'
    T:             DATETIME V: NULL
    T:              CHAR(8) V: 'NULL'
    T:                 DATE V: NULL
    T:                 DATE V: NULL
[THREAD 4147014512] [26/10/2016 11:46:13]
  CLOSE 
  RUNNING TIME: 0.000
  4GL SOURCE: LOGIN.4GL  LINE: 491 
  STATUS:    0 ROWS AFFECTED:0 SID:448723
  NAME_FGL:LOGIN.CQ_USUARIO_BLOQUEADO
  NAME_SQL:cu0
[THREAD 4147014512] [26/10/2016 11:46:13]
  FREE 
  RUNNING TIME: 0.000
  4GL SOURCE: LOGIN.4GL  LINE: 550 
  STATUS:    0 ROWS AFFECTED:0 SID:448723
  NAME_FGL:LOGIN.CQ_USUARIO_BLOQUEADO
  NAME_SQL:cu0
[THREAD 4147014512] [26/10/2016 11:46:13]
  TRANSLATE: SELECT TABNAME FROM SYSTABLES WHERE TABNAME=?
  EXECUTE
  RUNNING TIME: 0.001
  4GL SOURCE: LOG0150.4GL  LINE: 91 
  STATUS:    0 ROWS AFFECTED:1 SID:448723
  COMMAND: SELECT TABNAME FROM SYSTABLES WHERE TABNAME=?
  USE: 1
    T:             CHAR(50) V: 'men_usuario_login                                 '
[THREAD 4147014512] [26/10/2016 11:46:13]
  TRANSLATE: SELECT 1 FROM USUARIO_SENHA WHERE COD_USUARIO=?
  EXECUTE
  RUNNING TIME: 0.001
  4GL SOURCE: LOGIN.4GL  LINE: 1015 
  STATUS:    0 ROWS AFFECTED:1 SID:448723
  COMMAND: SELECT 1 FROM USUARIO_SENHA WHERE COD_USUARIO=?
  USE: 1
    T:              CHAR(8) V: 'admlog  '
[THREAD 4147014512] [26/10/2016 11:46:13]
  TRANSLATE: SELECT 1 FROM USUARIOS WHERE COD_USUARIO=? AND IND_ADMLOG='S'
  EXECUTE
  RUNNING TIME: 0.001
  4GL SOURCE: LOGIN.4GL  LINE: 2439 
  STATUS:    0 ROWS AFFECTED:1 SID:448723
  COMMAND: SELECT 1 FROM USUARIOS WHERE COD_USUARIO=? AND IND_ADMLOG='S'
  USE: 1
    T:              CHAR(8) V: 'admlog  '
[THREAD 4147014512] [26/10/2016 11:46:13]
  TRANSLATE: SELECT FORM_VERSION,FORM_RELEASE,FORM_MODIFICATION FROM FRM_FORM WHERE FORM_NAME=?
  EXECUTE
  RUNNING TIME: 0.001
  4GL SOURCE: LOG0010.4GL  LINE: 2184 
  STATUS:  100 ROWS AFFECTED:0 SID:448723
  COMMAND: SELECT FORM_VERSION,FORM_RELEASE,FORM_MODIFICATION FROM FRM_FORM WHERE FORM_NAME=?
  USE: 1
    T:             CHAR(15) V: 'liclogix       '
  INTO:3
    T:              CHAR(2) V: 'NULL'
    T:              CHAR(5) V: 'NULL'
    T:             CHAR(10) V: 'NULL'
[Thread 4147014512] [LOGIX] Aplicação: LICLOGIX Versão: 12.1.10.55   Liberação: 26/01/16 18:00Ult. Modificação: 2016-03-29 10:44:27
[THREAD 4147014512] [26/10/2016 11:46:13]
  TRANSLATE: SELECT LOG_VERSAO_PRG.NUM_VERSAO,LOG_VERSAO_PRG.VERSAO_FORMULARIO FROM LOG_VERSAO_PRG WHERE LOG_VERSAO_PRG.NUM_PROGRAMA=?
  EXECUTE
  RUNNING TIME: 0.000
  4GL SOURCE: LOG0010.4GL  LINE: 2275 
  STATUS:  100 ROWS AFFECTED:0 SID:448723
  COMMAND: SELECT LOG_VERSAO_PRG.NUM_VERSAO,LOG_VERSAO_PRG.VERSAO_FORMULARIO FROM LOG_VERSAO_PRG WHERE LOG_VERSAO_PRG.NUM_PROGRAMA=?
  USE: 1
    T:             CHAR(15) V: 'LICLOGIX       '
  INTO:2
    T:             CHAR(12) V: 'NULL'
    T:             CHAR(12) V: 'NULL'
[THREAD 4147014512] [26/10/2016 11:46:13]
  TRANSLATE: SELECT NUM_CGC FROM EMPRESA WHERE COD_EMPRESA=?
  EXECUTE
  RUNNING TIME: 0.001
  4GL SOURCE: LICLOGIX.4GL  LINE: 280 
  STATUS:    0 ROWS AFFECTED:1 SID:448723
  COMMAND: SELECT NUM_CGC FROM EMPRESA WHERE COD_EMPRESA=?
  USE: 1
    T:              CHAR(2) V: '01'
  INTO:1
    T:             CHAR(20) V: '043.942.598/0004-93 '
[Thread 4147014512] [LOGIX] [LICENSE][THREADID 4147014512] Obtendo licença módulo VDPPED (5064) STATUS = 72 (ThreadID 4142812016 User admlog IP 127.0.0.1 Port 4351)
[THREAD 4147014512] [26/10/2016 11:46:13]
  TRANSLATE: SELECT LOG_DEFN_PARAMETRO.VAL_PADRAO,LOG_DEFN_PARAMETRO.TIP_CONTEUDO,LOG_DEFN_PARAMETRO.AUTO_INCREMEN FROM LOG_DEFN_PARAMETRO WHERE LOG_DEFN_PARAMETRO.PARAMETRO=?
  EXECUTE
  RUNNING TIME: 0.001
  4GL SOURCE: LOG2250.4GL  LINE: 331 
  STATUS:    0 ROWS AFFECTED:1 SID:448723
  COMMAND: SELECT LOG_DEFN_PARAMETRO.VAL_PADRAO,LOG_DEFN_PARAMETRO.TIP_CONTEUDO,LOG_DEFN_PARAMETRO.AUTO_INCREMEN FROM LOG_DEFN_PARAMETRO WHERE LOG_DEFN_PARAMETRO.PARAMETRO=?
  USE: 1
    T:             CHAR(30) V: 'emite_mensagem_licenca_adminis'
  INTO:3
    T:            CHAR(500) V: 'N                                                                                                                                                                                                                                                                                                                                                                                                                                                                                                                   '
    T:              CHAR(1) V: 'F'
    T:              CHAR(1) V: 'NULL'
[THREAD 4147014512] [26/10/2016 11:46:13]
  TRANSLATE: SELECT LOG_VAL_PARAMETRO.VAL_PARAMETRO FROM LOG_VAL_PARAMETRO WHERE LOG_VAL_PARAMETRO.EMPRESA=? AND LOG_VAL_PARAMETRO.PARAMETRO=?
  EXECUTE
  RUNNING TIME: 0.001
  4GL SOURCE: LOG2250.4GL  LINE: 346 
  STATUS:    0 ROWS AFFECTED:1 SID:448723
  COMMAND: SELECT LOG_VAL_PARAMETRO.VAL_PARAMETRO FROM LOG_VAL_PARAMETRO WHERE LOG_VAL_PARAMETRO.EMPRESA=? AND LOG_VAL_PARAMETRO.PARAMETRO=?
  USE: 2
    T:              CHAR(2) V: '01'
    T:             CHAR(30) V: 'emite_mensagem_licenca_adminis'
  INTO:1
    T:            CHAR(500) V: 'NULL'
[THREAD 4147014512] [26/10/2016 11:46:13]
  TRANSLATE: SELECT TABNAME FROM SYSTABLES WHERE TABNAME=?
  EXECUTE
  RUNNING TIME: 0.001
  4GL SOURCE: LOG0150.4GL  LINE: 91 
  STATUS:    0 ROWS AFFECTED:1 SID:448723
  COMMAND: SELECT TABNAME FROM SYSTABLES WHERE TABNAME=?
  USE: 1
    T:             CHAR(50) V: 'log_uso_recusa_licenca                            '
WARNING: LogixServer Error : -268 - [Informix][Informix ODBC Driver][Informix]Unique constraint (informix.pk_log_uso_modulo) violated.[ User Name : Kanaflex - Comment: [INFORMIX/logixprd]]( From ODBCStatement::ExecStmt ). SOURCE: LOGUSO.4GL.
[THREAD 4147014512] [26/10/2016 11:46:13]
  TRANSLATE: INSERT INTO LOG_USO_MODULO (MODULO, EMPRESA, DAT_USO, QTD_USO) VALUES(?, ?, ?, 1)
  RUNNING TIME: 0.002
  4GL SOURCE: LOGUSO.4GL  LINE: 103 
  STATUS: -268   TRANSACTION: FALSE SID:448723
  ISAM: -100
  MSG: Unique constraint (informix.pk_log_uso_modulo) violated.
  COMMAND: INSERT INTO LOG_USO_MODULO (MODULO, EMPRESA, DAT_USO, QTD_USO) VALUES(?, ?, ?, 1)
  USE: 3
    T:              CHAR(8) V: 'VDPPED  '
    T:              CHAR(2) V: '01'
    T:                 DATE V: 26/10/2016                                                                                                                                                                                                                                                     
[THREAD 4147014512] [26/10/2016 11:46:13]
  TRANSLATE: UPDATE LOG_USO_MODULO SET LOG_USO_MODULO.QTD_USO=LOG_USO_MODULO.QTD_USO+1 WHERE LOG_USO_MODULO.DAT_USO=? AND LOG_USO_MODULO.MODULO=? AND LOG_USO_MODULO.EMPRESA=?
  RUNNING TIME: 0.000
  4GL SOURCE: LOGUSO.4GL  LINE: 120 
  STATUS:    0 ROWS AFFECTED:1 SID:448723
  COMMAND: UPDATE LOG_USO_MODULO SET LOG_USO_MODULO.QTD_USO=LOG_USO_MODULO.QTD_USO+1 WHERE LOG_USO_MODULO.DAT_USO=? AND LOG_USO_MODULO.MODULO=? AND LOG_USO_MODULO.EMPRESA=?
  USE: 3
    T:                 DATE V: 26/10/2016                                                                                                                                                                                                                                                     
    T:              CHAR(8) V: 'VDPPED  '
    T:              CHAR(2) V: '01'
[THREAD 4147014512] [26/10/2016 11:46:13]
  TRANSLATE: SELECT PROGRAMA FROM LOG_REG_ACS_PROG WHERE PROGRAMA=?
  EXECUTE
  RUNNING TIME: 0.001
  4GL SOURCE: LOG0210.4GL  LINE: 20 
  STATUS:    0 ROWS AFFECTED:1 SID:448723
  COMMAND: SELECT PROGRAMA FROM LOG_REG_ACS_PROG WHERE PROGRAMA=?
  USE: 1
    T:              CHAR(8) V: 'pol0482 '
[THREAD 4147014512] [26/10/2016 11:46:13]
  TRANSLATE: UPDATE LOG_REG_ACS_PROG SET DAT_ACESSO=? WHERE PROGRAMA=?
  RUNNING TIME: 0.002
  4GL SOURCE: LOG0210.4GL  LINE: 28 
  STATUS:    0 ROWS AFFECTED:1 SID:448723
  COMMAND: UPDATE LOG_REG_ACS_PROG SET DAT_ACESSO=? WHERE PROGRAMA=?
  USE: 2
    T:             DATETIME V: 2016-10                                                                                                                                                                                                                                                        
    T:              CHAR(8) V: 'pol0482 '
[THREAD 4147014512] [26/10/2016 11:46:13]
  TRANSLATE: SELECT IND_REG_ACESSO,IND_PROGRAMAS FROM LOG_PAR_LOGIN_USU WHERE USUARIO=?
  EXECUTE
  RUNNING TIME: 0.001
  4GL SOURCE: LOG0010.4GL  LINE: 586 
  STATUS:    0 ROWS AFFECTED:1 SID:448723
  COMMAND: SELECT IND_REG_ACESSO,IND_PROGRAMAS FROM LOG_PAR_LOGIN_USU WHERE USUARIO=?
  USE: 1
    T:              CHAR(8) V: 'admlog  '
  INTO:2
    T:              CHAR(1) V: 'U'
    T:              CHAR(1) V: 'N'
[THREAD 4147014512] [26/10/2016 11:46:13]
  TRANSLATE: DELETE FROM LOG_ACS_USU_PROG WHERE USUARIO=? AND EMPRESA=? AND NUM_PROGRAMA=?
  RUNNING TIME: 0.023
  4GL SOURCE: LOG0010.4GL  LINE: 644 
  STATUS:    0 ROWS AFFECTED:1 SID:448723
  COMMAND: DELETE FROM LOG_ACS_USU_PROG WHERE USUARIO=? AND EMPRESA=? AND NUM_PROGRAMA=?
  USE: 3
    T:              CHAR(8) V: 'admlog  '
    T:              CHAR(2) V: '01'
    T:             CHAR(15) V: 'pol0482        '
[THREAD 4147014512] [26/10/2016 11:46:13]
  TRANSLATE: INSERT INTO LOG_ACS_USU_PROG (USUARIO, EMPRESA, NUM_PROGRAMA, DAT_HOR_ACESSO) VALUES(?, ?, ?, ?)
  RUNNING TIME: 0.002
  4GL SOURCE: LOG0010.4GL  LINE: 655 
  STATUS:    0 ROWS AFFECTED:1 SID:448723
  COMMAND: INSERT INTO LOG_ACS_USU_PROG (USUARIO, EMPRESA, NUM_PROGRAMA, DAT_HOR_ACESSO) VALUES(?, ?, ?, ?)
  USE: 4
    T:              CHAR(8) V: 'admlog  '
    T:              CHAR(2) V: '01'
    T:             CHAR(15) V: 'pol0482        '
    T:             DATETIME V: 2016-10-26 11:46:13                                                                                                                                                                                                                                            
[THREAD 4147014512] [26/10/2016 11:46:13]
  TRANSLATE: SELECT TABNAME FROM SYSTABLES WHERE TABNAME=?
  EXECUTE
  RUNNING TIME: 0.001
  4GL SOURCE: LOG0150.4GL  LINE: 91 
  STATUS:    0 ROWS AFFECTED:1 SID:448723
  COMMAND: SELECT TABNAME FROM SYSTABLES WHERE TABNAME=?
  USE: 1
    T:             CHAR(50) V: 'log_uso_recusa_licenca                            '
WARNING: LogixServer Error : -268 - [Informix][Informix ODBC Driver][Informix]Unique constraint (informix.pk_log_uso_rotina) violated.[ User Name : Kanaflex - Comment: [INFORMIX/logixprd]]( From ODBCStatement::ExecStmt ). SOURCE: LOGUSO.4GL.
[THREAD 4147014512] [26/10/2016 11:46:13]
  TRANSLATE: INSERT INTO LOG_USO_ROTINA (ROTINA, EMPRESA, DAT_USO, QTD_USO) VALUES(?, ?, ?, 1)
  RUNNING TIME: 0.002
  4GL SOURCE: LOGUSO.4GL  LINE: 44 
  STATUS: -268   TRANSACTION: FALSE SID:448723
  ISAM: -100
  MSG: Unique constraint (informix.pk_log_uso_rotina) violated.
  COMMAND: INSERT INTO LOG_USO_ROTINA (ROTINA, EMPRESA, DAT_USO, QTD_USO) VALUES(?, ?, ?, 1)
  USE: 3
    T:             CHAR(20) V: 'POL0482             '
    T:              CHAR(2) V: '01'
    T:                 DATE V: 26/10/2016                                                                                                                                                                                                                                                     
[THREAD 4147014512] [26/10/2016 11:46:13]
  TRANSLATE: UPDATE LOG_USO_ROTINA SET LOG_USO_ROTINA.QTD_USO=LOG_USO_ROTINA.QTD_USO+1 WHERE LOG_USO_ROTINA.DAT_USO=? AND LOG_USO_ROTINA.ROTINA=? AND LOG_USO_ROTINA.EMPRESA=?
  RUNNING TIME: 0.001
  4GL SOURCE: LOGUSO.4GL  LINE: 61 
  STATUS:    0 ROWS AFFECTED:1 SID:448723
  COMMAND: UPDATE LOG_USO_ROTINA SET LOG_USO_ROTINA.QTD_USO=LOG_USO_ROTINA.QTD_USO+1 WHERE LOG_USO_ROTINA.DAT_USO=? AND LOG_USO_ROTINA.ROTINA=? AND LOG_USO_ROTINA.EMPRESA=?
  USE: 3
    T:                 DATE V: 26/10/2016                                                                                                                                                                                                                                                     
    T:             CHAR(20) V: 'POL0482             '
    T:              CHAR(2) V: '01'
[Thread 4147014512] [DEBUG][2016-10-26 11:46:13] APPSTART - FIM [source: LOG0010.4GL line: 301 function: LOG001_ACESSA_USUARIO()]
[THREAD 4147014512] [26/10/2016 11:46:19]
  TRANSLATE: SELECT num_pedido FROM frete_unit_kana  WHERE frete_unit_kana.num_pedido='284924'   AND cod_empresa = '01' ORDER BY num_pedido
  PREPARE
  RUNNING TIME: 0.001
  4GL SOURCE: POL0482.4GL  LINE: 607 
  STATUS:    0 ROWS AFFECTED:0 SID:448723
  NAME_FGL:VAR_QUERI
  NAME_SQL:cu0
  COMMAND: SELECT num_pedido FROM frete_unit_kana  WHERE frete_unit_kana.num_pedido='284924'   AND cod_empresa = '01' ORDER BY num_pedido
[THREAD 4147014512] [26/10/2016 11:46:19]
  DECLARE
  PREPARED 
  4GL SOURCE: POL0482.4GL  LINE: 608 
  STATUS:    0 ROWS AFFECTED:0 SID:448723
  NAME_FGL:POL0482.CQ_CONSULTA
  NAME_SQL:cu0
[THREAD 4147014512] [26/10/2016 11:46:19]
  OPEN 
  RUNNING TIME: 0.001
  4GL SOURCE: POL0482.4GL  LINE: 609 
  STATUS:    0 ROWS AFFECTED:1 SID:448723
  NAME_FGL:POL0482.CQ_CONSULTA
  NAME_SQL:cu0
  COMMAND: SELECT num_pedido FROM frete_unit_kana  WHERE frete_unit_kana.num_pedido='284924'   AND cod_empresa = '01' ORDER BY num_pedido
[THREAD 4147014512] [26/10/2016 11:46:19]
  FETCH
  RUNNING TIME: 0.000
  4GL SOURCE: POL0482.4GL  LINE: 610 
  STATUS:    0 ROWS AFFECTED:1 SID:448723
  NAME_FGL:POL0482.CQ_CONSULTA
  NAME_SQL:cu0
  INTO:1
    T:         DECIMAL(6,0) V: 284924
[THREAD 4147014512] [26/10/2016 11:46:19]
  TRANSLATE: SELECT NUM_PEDIDO FROM PEDIDOS WHERE COD_EMPRESA=? AND NUM_PEDIDO=?
  EXECUTE
  RUNNING TIME: 0.001
  4GL SOURCE: POL0482.4GL  LINE: 659 
  STATUS:    0 ROWS AFFECTED:1 SID:448723
  COMMAND: SELECT NUM_PEDIDO FROM PEDIDOS WHERE COD_EMPRESA=? AND NUM_PEDIDO=?
  USE: 2
    T:              CHAR(2) V: '01'
    T:         DECIMAL(6,0) V: 284924
[THREAD 4147014512] [26/10/2016 11:46:19]
  TRANSLATE: SELECT a.num_pedido,  a.num_sequencia,  a.cod_item,  b.den_item_reduz,  c.qtd_pecas_solic,  a.val_frete_unit,  (c.qtd_pecas_solic * a.val_frete_unit)  FROM frete_unit_kana a,  item b,  ped_itens c  WHERE a.cod_empresa   = '01'    AND a.num_pedido    = ' 284924'    AND b.cod_empresa   = a.cod_empresa    AND b.cod_item      = a.cod_item    AND c.cod_empresa   = a.cod_empresa    AND c.num_pedido    = a.num_pedido    AND c.num_sequencia = a.num_sequencia  ORDER BY a.num_sequencia
  PREPARE
  RUNNING TIME: 0.001
  4GL SOURCE: POL0482.4GL  LINE: 710 
  STATUS:    0 ROWS AFFECTED:0 SID:448723
  NAME_FGL:VAR_QUERY2
  NAME_SQL:cu1
  COMMAND: SELECT a.num_pedido,  a.num_sequencia,  a.cod_item,  b.den_item_reduz,  c.qtd_pecas_solic,  a.val_frete_unit,  (c.qtd_pecas_solic * a.val_frete_unit)  FROM frete_unit_kana a,  item b,  ped_itens c  WHERE a.cod_empresa   = '01'    AND a.num_pedido    = ' 284924'    AND b.cod_empresa   = a.cod_empresa    AND b.cod_item      = a.cod_item    AND c.cod_empresa   = a.cod_empresa    AND c.num_pedido    = a.num_pedido    AND c.num_sequencia = a.num_sequencia  ORDER BY a.num_sequencia
[THREAD 4147014512] [26/10/2016 11:46:19]
  DECLARE
  PREPARED 
  4GL SOURCE: POL0482.4GL  LINE: 711 
  STATUS:    0 ROWS AFFECTED:0 SID:448723
  NAME_FGL:POL0482.CQ_ITENS
  NAME_SQL:cu1
[THREAD 4147014512] [26/10/2016 11:46:19]
  OPEN 
  RUNNING TIME: 0.001
  4GL SOURCE: POL0482.4GL  LINE: 713 
  STATUS:    0 ROWS AFFECTED:1 SID:448723
  NAME_FGL:POL0482.CQ_ITENS
  NAME_SQL:cu1
  COMMAND: SELECT a.num_pedido,  a.num_sequencia,  a.cod_item,  b.den_item_reduz,  c.qtd_pecas_solic,  a.val_frete_unit,  (c.qtd_pecas_solic * a.val_frete_unit)  FROM frete_unit_kana a,  item b,  ped_itens c  WHERE a.cod_empresa   = '01'    AND a.num_pedido    = ' 284924'    AND b.cod_empresa   = a.cod_empresa    AND b.cod_item      = a.cod_item    AND c.cod_empresa   = a.cod_empresa    AND c.num_pedido    = a.num_pedido    AND c.num_sequencia = a.num_sequencia  ORDER BY a.num_sequencia
[THREAD 4147014512] [26/10/2016 11:46:19]
  FETCH
  RUNNING TIME: 0.000
  4GL SOURCE: POL0482.4GL  LINE: 713 
  STATUS:    0 ROWS AFFECTED:1 SID:448723
  NAME_FGL:POL0482.CQ_ITENS
  NAME_SQL:cu1
  INTO:7
    T:         DECIMAL(6,0) V: 284924
    T:         DECIMAL(5,0) V: 1
    T:             CHAR(15) V: '12142          '
    T:             CHAR(18) V: 'KDT SW 32 CZ 100M '
    T:        DECIMAL(10,3) V: 26
    T:        DECIMAL(10,2) V: 9,47
    T:        DECIMAL(12,2) V: 246,22
[THREAD 4147014512] [26/10/2016 11:46:19]
  FETCH
  RUNNING TIME: 0.000
  4GL SOURCE: POL0482.4GL  LINE: 713 
  STATUS:    0 ROWS AFFECTED:1 SID:448723
  NAME_FGL:POL0482.CQ_ITENS
  NAME_SQL:cu1
  INTO:7
    T:         DECIMAL(6,0) V: 284924
    T:         DECIMAL(5,0) V: 2
    T:             CHAR(15) V: '08817          '
    T:             CHAR(18) V: 'KDT SW 63 CZ 50M  '
    T:        DECIMAL(10,3) V: 1
    T:        DECIMAL(10,2) V: 11,79
    T:        DECIMAL(12,2) V: 11,79
[THREAD 4147014512] [26/10/2016 11:46:19]
  FETCH
  RUNNING TIME: 0.000
  4GL SOURCE: POL0482.4GL  LINE: 713 
  STATUS:    0 ROWS AFFECTED:1 SID:448723
  NAME_FGL:POL0482.CQ_ITENS
  NAME_SQL:cu1
  INTO:7
    T:         DECIMAL(6,0) V: 284924
    T:         DECIMAL(5,0) V: 3
    T:             CHAR(15) V: '08820          '
    T:             CHAR(18) V: 'KDT SW 90 CZ 50M  '
    T:        DECIMAL(10,3) V: 1
    T:        DECIMAL(10,2) V: 18,20
    T:        DECIMAL(12,2) V: 18,20
[THREAD 4147014512] [26/10/2016 11:46:19]
  FETCH
  RUNNING TIME: 0.000
  4GL SOURCE: POL0482.4GL  LINE: 713 
  STATUS:    0 ROWS AFFECTED:1 SID:448723
  NAME_FGL:POL0482.CQ_ITENS
  NAME_SQL:cu1
  INTO:7
    T:         DECIMAL(6,0) V: 284924
    T:         DECIMAL(5,0) V: 4
    T:             CHAR(15) V: '08821          '
    T:             CHAR(18) V: 'KDT SW 90 CZ 100M '
    T:        DECIMAL(10,3) V: 7
    T:        DECIMAL(10,2) V: 36,41
    T:        DECIMAL(12,2) V: 254,87
[THREAD 4147014512] [26/10/2016 11:46:19]
  FETCH
  RUNNING TIME: 0.000
  4GL SOURCE: POL0482.4GL  LINE: 713 
  STATUS:    0 ROWS AFFECTED:1 SID:448723
  NAME_FGL:POL0482.CQ_ITENS
  NAME_SQL:cu1
  INTO:7
    T:         DECIMAL(6,0) V: 284924
    T:         DECIMAL(5,0) V: 5
    T:             CHAR(15) V: '05074          '
    T:             CHAR(18) V: 'KDT SW 110 CZ 50M '
    T:        DECIMAL(10,3) V: 1
    T:        DECIMAL(10,2) V: 27,31
    T:        DECIMAL(12,2) V: 27,31
[THREAD 4147014512] [26/10/2016 11:46:19]
  FETCH
  RUNNING TIME: 0.000
  4GL SOURCE: POL0482.4GL  LINE: 713 
  STATUS:    0 ROWS AFFECTED:1 SID:448723
  NAME_FGL:POL0482.CQ_ITENS
  NAME_SQL:cu1
  INTO:7
    T:         DECIMAL(6,0) V: 284924
    T:         DECIMAL(5,0) V: 6
    T:             CHAR(15) V: '05073          '
    T:             CHAR(18) V: 'KDT SW 110 CZ 100M'
    T:        DECIMAL(10,3) V: 7
    T:        DECIMAL(10,2) V: 54,61
    T:        DECIMAL(12,2) V: 382,27
[THREAD 4147014512] [26/10/2016 11:46:19]
  FETCH
  RUNNING TIME: 0.000
  4GL SOURCE: POL0482.4GL  LINE: 713 
  STATUS:    0 ROWS AFFECTED:1 SID:448723
  NAME_FGL:POL0482.CQ_ITENS
  NAME_SQL:cu1
  INTO:7
    T:         DECIMAL(6,0) V: 284924
    T:         DECIMAL(5,0) V: 7
    T:             CHAR(15) V: '00375          '
    T:             CHAR(18) V: 'KL 3" PTSL 100M   '
    T:        DECIMAL(10,3) V: 15
    T:        DECIMAL(10,2) V: 71,66
    T:        DECIMAL(12,2) V: 1074,90
[THREAD 4147014512] [26/10/2016 11:46:19]
  FETCH
  RUNNING TIME: 0.000
  4GL SOURCE: POL0482.4GL  LINE: 713 
  STATUS:    0 ROWS AFFECTED:1 SID:448723
  NAME_FGL:POL0482.CQ_ITENS
  NAME_SQL:cu1
  INTO:7
    T:         DECIMAL(6,0) V: 284924
    T:         DECIMAL(5,0) V: 8
    T:             CHAR(15) V: '02235          '
    T:             CHAR(18) V: 'KL-PTSL 5" 50M    '
    T:        DECIMAL(10,3) V: 40
    T:        DECIMAL(10,2) V: 72,76
    T:        DECIMAL(12,2) V: 2910,40
[THREAD 4147014512] [26/10/2016 11:46:19]
  FETCH
  RUNNING TIME: 0.000
  4GL SOURCE: POL0482.4GL  LINE: 713 
  STATUS:    0 ROWS AFFECTED:1 SID:448723
  NAME_FGL:POL0482.CQ_ITENS
  NAME_SQL:cu1
  INTO:7
    T:         DECIMAL(6,0) V: 284924
    T:         DECIMAL(5,0) V: 9
    T:             CHAR(15) V: '00376          '
    T:             CHAR(18) V: 'KL 3" PTSL 50M    '
    T:        DECIMAL(10,3) V: 15
    T:        DECIMAL(10,2) V: 35,83
    T:        DECIMAL(12,2) V: 537,45
[THREAD 4147014512] [26/10/2016 11:46:19]
  FETCH
  RUNNING TIME: 0.000
  4GL SOURCE: POL0482.4GL  LINE: 713 
  STATUS:  100 ROWS AFFECTED:0 SID:448723
  NAME_FGL:POL0482.CQ_ITENS
  NAME_SQL:cu1
  COMMAND: SELECT a.num_pedido,  a.num_sequencia,  a.cod_item,  b.den_item_reduz,  c.qtd_pecas_solic,  a.val_frete_unit,  (c.qtd_pecas_solic * a.val_frete_unit)  FROM frete_unit_kana a,  item b,  ped_itens c  WHERE a.cod_empresa   = '01'    AND a.num_pedido    = ' 284924'    AND b.cod_empresa   = a.cod_empresa    AND b.cod_item      = a.cod_item    AND c.cod_empresa   = a.cod_empresa    AND c.num_pedido    = a.num_pedido    AND c.num_sequencia = a.num_sequencia  ORDER BY a.num_sequencia
  INTO:7
    T:         DECIMAL(6,0) V: 284924
    T:              DECIMAL V: NULL
    T:             CHAR(15) V: 'NULL'
    T:             CHAR(18) V: 'NULL'
    T:              DECIMAL V: NULL
    T:              DECIMAL V: NULL
    T:              DECIMAL V: NULL
[THREAD 4147014512] [26/10/2016 11:46:19]
  CLOSE 
  RUNNING TIME: 0.000
  4GL SOURCE: POL0482.4GL  LINE: 713 
  STATUS:    0 ROWS AFFECTED:0 SID:448723
  NAME_FGL:POL0482.CQ_ITENS
  NAME_SQL:cu1
[THREAD 4147014512] [26/10/2016 11:46:19]
  TRANSLATE: SELECT COD_CLIENTE FROM PEDIDOS WHERE COD_EMPRESA=? AND NUM_PEDIDO=?
  EXECUTE
  RUNNING TIME: 0.001
  4GL SOURCE: POL0482.4GL  LINE: 632 
  STATUS:    0 ROWS AFFECTED:1 SID:448723
  COMMAND: SELECT COD_CLIENTE FROM PEDIDOS WHERE COD_EMPRESA=? AND NUM_PEDIDO=?
  USE: 2
    T:              CHAR(2) V: '01'
    T:         DECIMAL(6,0) V: 284924
  INTO:1
    T:             CHAR(15) V: '36390          '
