[THREAD 1608] [09/03/2016 15:52:03]
  FETCH
  RUNNING TIME: 0.000
  4GL SOURCE: MAN0515.4GL  LINE: 13727 
  STATUS:  100 ROWS AFFECTED:0 SID:666640
  NAME_FGL:MAN0515.CQ_ORDENS
  NAME_SQL:cu2
  COMMAND: SELECT ordens.*  FROM ordens, ordens_complement WHERE ordens.cod_empresa = "01"  AND ordens.ies_situa='3'  AND ordens_complement.cod_empresa = "01"  AND ordens_complement.num_ordem = ordens.num_ordem
  INTO:29
    T:              CHAR(2) V: '01'
    T:              INTEGER V: 5747342
    T:              INTEGER V: 0
    T:         DECIMAL(2,0) V: 0
    T:             CHAR(15) V: '87354          '
    T:             CHAR(15) V: '0              '
    T:                 DATE V: NULL
    T:                 DATE V: 21/03/2016                                                                                                                                                                                                                                                     
    T:                 DATE V: 18/03/2016                                                                                                                                                                                                                                                     
    T:                 DATE V: 19/03/2016                                                                                                                                                                                                                                                     
    T:        DECIMAL(10,3) V: 15000
    T:         DECIMAL(6,3) V: 0,000
    T:        DECIMAL(10,3) V: 0,000
    T:        DECIMAL(10,3) V: 0,000
    T:        DECIMAL(10,3) V: 0,000
    T:             CHAR(10) V: 'LPCOR01   '
    T:             CHAR(10) V: 'LEEXP01   '
    T:             CHAR(10) V: '0         '
    T:              CHAR(1) V: '1'
    T:              CHAR(1) V: '1'
    T:              CHAR(1) V: '3'
    T:              CHAR(1) V: '3'
    T:              CHAR(1) V: '2'
    T:              CHAR(1) V: '1'
    T:              CHAR(1) V: '1'
    T:                 DATE V: 09/03/2016                                                                                                                                                                                                                                                     
    T:             CHAR(15) V: 'NULL'
    T:             CHAR(15) V: 'PADRAO         '
    T:         DECIMAL(2,0) V: 1
[THREAD 1608] [09/03/2016 15:52:21]
  TRANSLATE: SELECT 1 FROM USUARIOS WHERE COD_USUARIO=? AND IND_ADMLOG='S'
  EXECUTE
  RUNNING TIME: 0.000
  4GL SOURCE: LOGIN.4GL  LINE: 2420 
  STATUS:    0 ROWS AFFECTED:1 SID:666640
  COMMAND: SELECT 1 FROM USUARIOS WHERE COD_USUARIO=? AND IND_ADMLOG='S'
  USE: 1
    T:              CHAR(8) V: 'admlog  '
[THREAD 1608] [09/03/2016 15:52:21]
  TRANSLATE: SELECT ordens.*  FROM ordens, ordens_complement WHERE ordens.cod_empresa = "01"  AND ordens.num_ordem= 5744352  AND ordens_complement.cod_empresa = "01"  AND ordens_complement.num_ordem = ordens.num_ordem
  PREPARE
  RUNNING TIME: 0.000
  4GL SOURCE: MAN0515.4GL  LINE: 13506 
  STATUS:    0 ROWS AFFECTED:0 SID:666640
  NAME_FGL:VAR_QUERY
  NAME_SQL:cu3
  COMMAND: SELECT ordens.*  FROM ordens, ordens_complement WHERE ordens.cod_empresa = "01"  AND ordens.num_ordem= 5744352  AND ordens_complement.cod_empresa = "01"  AND ordens_complement.num_ordem = ordens.num_ordem
[THREAD 1608] [09/03/2016 15:52:21]
  DECLARE
  RUNNING TIME: 0.000
  4GL SOURCE: MAN0515.4GL  LINE: 13507 
  STATUS:    0 ROWS AFFECTED:0 SID:666640
  NAME_FGL:MAN0515.CQ_ORDENS
  NAME_SQL:cu2
[THREAD 1608] [09/03/2016 15:52:21]
  RUNNING TIME: 0.000
  4GL SOURCE: MAN0515.4GL
  STATUS:    0 ROWS AFFECTED:0 SID:666640
  NAME_FGL:MAN0515.CQ_ORDENS
  NAME_SQL:cu2
[THREAD 1608] [09/03/2016 15:52:21]
  PREPARED 
  4GL SOURCE: MAN0515.4GL  LINE: 13507 
  STATUS:    0 ROWS AFFECTED:0 SID:666640
  NAME_FGL:MAN0515.CQ_ORDENS
  NAME_SQL:cu3
[THREAD 1608] [09/03/2016 15:52:21]
  OPEN 
  RUNNING TIME: 0.015
  4GL SOURCE: MAN0515.4GL  LINE: 13508 
  STATUS:    0 ROWS AFFECTED:1 SID:666640
  NAME_FGL:MAN0515.CQ_ORDENS
  NAME_SQL:cu3
  COMMAND: SELECT ordens.*  FROM ordens, ordens_complement WHERE ordens.cod_empresa = "01"  AND ordens.num_ordem= 5744352  AND ordens_complement.cod_empresa = "01"  AND ordens_complement.num_ordem = ordens.num_ordem
