1|2005|250|F|||||3434||531612.73|248102.67||0|0|0|0|0|2289.33|3386.97|0|3434|2377.31|01.01.00
2|2005|250|F|||||3434||488870|350282.39||0|18.35450274|2472.48|0|0|6444.18|5335.6|537.5|6443.98|582.74|01.01.00
3|2005|250|F|||||3434||527605.59|374810.56||0|16.84256628|2438.14|0|0|6341.01|5220.6|468.87|6341.01|1794.04|01.01.00
4|2005|250|F|||||3434||548455.93|251598.74||0|0|0|0|0|3434.96|3117.6|0|3434|824.46|01.01.00
5|2005|250|F|||||3434||642873.66|434064.21||0|0|0|0|0|3434.14|3100.6|0|3434|791.4|01.01.00
6|2005|250|F|||||3434||687305.53|206620.21||0|0|0|0|0|3434.11|3101.6|0|3434|678.26|01.01.00
7|2005|250|F|||||3434||752763.2|525892.12||0|17.74752998|2403.8|0|0|6613.4|5574.6|576.91|6414.71|715|01.01.00
8|2005|250|F|||||3434||630377.19|314934.9||0|0|0|0|0|3434.45|3101.6|0|3434|1717.54|01.01.00
1|2005|108|F|||||1320||96599.51|24445.4||0|0|0|0|0|1320|1702.8|0|1320|899.64|01.01.08
2|2005|108|F|||||1320||88832.72|73988.69||0|17.5467256|1095.6|0|0|2610.51|2238|238.17|2653.77|936.36|01.01.08
3|2005|108|F|||||1320||95871.38|46752.58||0|0|0|0|0|4415.67|3460|454.53|1774.53|899.64|01.01.08
4|2005|108|F|||||1320||90720.07|21407.91||0|0|0|0|0|1320.3|1175|0|1320|936.36|01.01.08
5|2005|108|F|||||1320||106337.7|35968.8||0|0|0|0|0|1320.1|1201|0|1320|899.64|01.01.08
6|2005|108|F|||||1320||16241.03|1808.04||0|0|0|0|0|0|0|0|1320|936.36|01.01.08
1|2005|118|F|||||1597||99297.01|19706.68||0|0|0|0|0|1064.67|1485.25|0|1597|1521.18|01.01.09
2|2005|118|F|||||1837||91313.33|76538.29||0|18.08439572|1543.08|0|0|3716.27|3112.8|335.45|3715.53|1101.6|01.01.09
3|2005|118|F|||||1837||98548.54|80437.29||0|18.0953914|1506.34|0|0|3633.49|3038.8|289.68|3633.02|1058.4|01.01.09
4|2005|118|F|||||1837||105595.57|27017.39||0|0|0|0|0|1837.61|1633.8|0|1837|1151.6|01.01.09
5|2005|118|F|||||1837||123774.05|105728.58||0|18.1462672|1561.45|0|0|3773.45|3172.8|374.75|3773.2|1058.4|01.01.09
6|2005|118|F|||||1837||132328.63|40555.87||0|0|0|0|0|1837.39|1633.8|0|1837|1101.6|01.01.09
7|2005|118|F|||||1837||144931.35|113123.32||0|17.29275033|1432.86|0|0|3614.23|3072.8|343.89|3613.75|1058.4|01.01.09
8|2005|118|F|||||1837||148739.12|59839.54||0|0|0|0|0|1837.62|1633.8|0|1837|1101.6|01.01.10
1|2005|124|F|||||1320||75784.5|54450.61||0|14.31502083|950.4|0|0|2459.6|2688.55|277.2|2547.6|1543.98|01.01.10
2|2005|124|F|||||1320||69691.27|57553.91||0|17.31440275|1095.6|0|0|2610.38|2255|238.17|2653.77|1020.14|01.01.10
3|2005|124|F|||||1320||75213.26|59259.87||0|16.84609122|1042.8|0|0|2564.3|2207|200.54|2563.34|1063.48|01.01.10
4|2005|124|F|||||1320||86346.13|70818.34||0|16.92302401|1082.4|0|0|2619.1|2297|216.48|2618.88|1158.26|01.01.10
5|2005|124|F|||||1320||101210.78|73004.33||0|15.70265412|950.4|0|0|2499.35|2197|228.1|2498.5|1055.48|01.01.10
6|2005|124|F|||||1320||108205.91|31821.85||0|0|0|0|0|1320.85|1201|0|1320|1110.52|01.01.10
7|2005|124|F|||||1320||118511.24|96681.45||0|16.96594272|1082.4|0|0|2663.13|2320|259.78|2662.18|1055.48|01.01.10
8|2005|124|F|||||1320||99208.8|72255.8||0|16.19702685|963.6|0|0|142.76|2141|142.76|2426.36|1096.52|01.01.11
1|2005|125|F|||||1837||94467.23|68318.4||0|15.84800941|1322.64|0|0|2933.08|3198.81|385.77|3545.41|1254.96|01.01.11
2|2005|125|F|||||2019||86871.88|49901.23||0|0|0|0|0|2019.78|1795.6|0|2019|958.82|01.01.11
3|2005|125|F|||||2019||93755.17|83121.67||0|19.43420592|1796.91|0|0|4161.62|3435.6|345.56|4161.47|923.18|01.01.11
4|2005|125|F|||||2019||103318.17|49088.23||0|0|0|0|0|2019.33|1838.93|0|2019|985.62|01.01.11
5|2005|125|F|||||2019||121104.59|88930.85||0|17.20528391|1473.87|0|0|3846.99|3262.6|353.73|3846.6|873.18|01.01.11
6|2005|125|F|||||2019||129474.67|50347.44||0|0|0|0|0|2019.57|1795.6|0|2019|908.82|01.01.11
7|2005|125|F|||||2019||141805.59|131016.37||0|20.3422351|1857.48|0|0|4322.54|3606.6|445.8|4322.28|486.59|01.01.11
8|2005|125|F|||||2019||156444.35|48754.39||0|0|0|0|0|2019.44|1795.6|0|2019|966.82|01.01.12
1|2005|119|F|||||1320||78452.34|18489.48||0|0|0|0|0|880|1236.21|0|1320|988.74|01.01.12
2|2005|119|F|||||1320||72144.61|60791.87||0|18.30996149|1108.8|0|0|2670.47|2255|241.04|2669.84|716.04|01.01.12
3|2005|119|F|||||1320||77860.98|45158.19||0|0|0|0|0|1320.39|1129|0|1320|687.96|01.01.12
4|2005|119|F|||||1320||74347.09|44297.15||0|0|0|0|0|1320.59|1174|0|1320|716.04|01.01.12
5|2005|119|F|||||1320||87146.08|51696.97||0|0|0|0|0|1320.39|1200|0|1320|687.96|01.01.12
6|2005|119|F|||||1320||93169.14|32499.95||0|0|0|0|0|1320.19|1200|0|1320|716.04|01.01.12
7|2005|119|F|||||1320||102042.39|80243.1||0|17.63243773|1042.8|0|0|2616.01|2232|250.27|2613.07|687.96|01.01.12
8|2005|119|F|||||1320||85452.1|32789.64||0|0|0|0|0|1320.24|1200|0|1320|716.04|01.01.12
1|2005|109|F|||||1597||87012.14|63318.37||0|15.76795419|1165.81|0|0|2570.51|2793.9|340.03|3102.84|1187.86|01.01.13
2|2005|109|F|||||1597||80016.19|36781.75||0|0|0|0|0|1597.86|1420.8|0|1597|853.74|01.01.13
3|2005|109|F|||||1597||86356.27|63605.1||0|17.2968052|1181.78|0|0|3006.73|638.8|227.27|3006.05|820.26|01.01.13
4|2005|109|F|||||1597||88128.89|38969.72||0|0|0|0|0|1597.68|1420.8|0|1597|853.74|01.01.13
5|2005|109|F|||||1597||103300.45|78734.68||0|17.27892396|1213.72|0|0|3102.62|2656.8|291.29|3102.01|820.26|01.01.13
6|2005|109|F|||||1597||110440.01|48520.03||0|0|0|0|0|1597.42|1420.8|0|1597|853.74|01.01.13
7|2005|109|F|||||1597||120958.1|104827.88||0|19.70819072|1389.39|0|0|3320.22|2833.8|333.45|3319.84|410.13|01.01.13
8|2005|109|F|||||1597||140498.22|101295.53||0|17.19227526|1149.84|0|0|2917.67|2499.8|170.35|2917.19|853.74|01.01.13
1|2005|155|F|||||3434||461310.03|136613.79||0|0|0|0|0|2403.8|3474.74|0|3434|2665.41|01.02.00
2|2005|155|F|||||3434||424219.78|272426.9||0|0|0|0|0|3434.39|3072.6|0|3434|760.34|01.02.00
3|2005|155|F|||||3434||457832.82|185801.12||0|0|0|0|0|3434.03|2984.6|0|3434|876.79|01.02.00
4|2005|155|F|||||3434||454810.25|172520.69||0|0|0|0|0|3434.75|3100.6|0|3434|639.6|01.02.00
5|2005|155|F|||||3434||507849.37|254963||0|0|0|0|0|3434.38|3084.6|0|3434|845.48|01.02.00
6|2005|155|F|||||3434||542949.11|217286.32||0|0|0|0|0|3434.8|3085.6|0|3434|951.6|01.02.00
7|2005|155|F|||||3434||594658.55|261374.17||0|0|0|0|0|3483.73|3133.6|0|3434|920.62|01.02.00
8|2005|155|F|||||3434||497977.57|261040.48||0|0|0|0|0|3434|3084.6|0|3434|1141.06|01.02.00
1|2005|172|F|||||1320||71235.56|18756.93||0|0|0|0|0|1320|2297|0|1320|846.72|01.02.07
2|2005|172|F|||||1320||65508.08|26029.11||0|0|0|0|0|1276.22|2197|0|1320|881.28|01.02.07
3|2005|172|F|||||1320||70698.62|18416.47||0|0|0|0|0|1320.4|1201|0|1320|846.72|01.02.07
4|2005|172|F|||||1320||68881.17|34324.82||0|0|0|0|0|1320.6|2320|0|1320|933.28|01.02.07
5|2005|172|F|||||1320||80739.19|34593.64||0|0|0|0|0|1320.4|2141|0|1320|904.62|01.02.07
6|2005|172|F|||||1320||86319.44|29701.25||0|0|0|0|0|1320.2|3198.81|0|1320|946.28|01.02.07
7|2005|172|F|||||1320||94540.34|42867.02||0|0|0|0|0|1320.5|1795.6|0|1320|899.72|01.02.07
8|2005|172|F|||||1320||79169.75|26290.96||0|0|0|0|0|1320.3|3435.6|0|1320|881.28|01.02.07
1|2005|168|F|||||1320||98557.32|21733.4||0|0|0|0|0|1232|1611.54|0|1320|2098.5|01.02.14
2|2005|168|F|||||1320||74168.98|37083.8||0|0|0|0|0|1276.92|1136|0|1320|1465.85|01.02.14
3|2005|168|F|||||1320||83293.08|28138.48||0|0|0|0|0|1320.1|1130|0|1320|1429.6|01.02.14
4|2005|168|F|||||1320||112311.78|26403.59||0|0|0|0|0|1320.3|1175|0|1320|1519.6|01.02.14
5|2005|168|F|||||1320||109267.17|36797.07||0|0|0|0|0|1320.1|1201|0|1320|1391.2|01.02.14
6|2005|168|F|||||1320||105470.02|32394.79||0|0|0|0|0|1320.9|1202|0|1320|1453.8|01.02.14
7|2005|168|F|||||1320||93720.49|31940.5||0|0|0|0|0|1353.2|1233|0|1320|1556.2|01.02.14
8|2005|168|F|||||1320||90919.06|36339.82||0|0|0|0|0|1320.56|1201|0|1320|1535.3|01.02.14
1|2005|149|F|||||990||68525.62|18099.03||0|0|0|0|0|660|957.02|0|990|1216.98|01.02.15
2|2005|149|F|||||990||63016.02|48483.22||0|16.32571766|762.3|0|0|1918.75|1501|165.72|1918.02|833.28|01.02.15
3|2005|149|F|||||990||68009.1|43552.56||0|14.9376889|633.6|0|0|1746.26|1248|121.85|1745.45|750.72|01.02.15
4|2005|149|F|||||990||74316.58|18672.86||0|0|0|0|0|990.98|716|0|990|931.28|01.02.15
5|2005|149|F|||||990||87110.32|53943.09||0|14.08786901|613.8|0|0|1751.64|1358|147.31|1751.11|854.72|01.02.15
6|2005|149|F|||||990||93130.9|16735.32||0|0|0|0|0|990.46|716|0|990|881.28|01.02.15
7|2005|149|F|||||990||102000.51|63076.68||0|14.02029265|613.8|0|0|1751.93|1252|147.31|1751.11|875.72|01.02.15
8|2005|149|F|||||990||85417.03|23228.27||0|0|0|0|0|990.03|663|0|990|881.28|01.02.15
1|2005|158|F|||||1597||94883.02|10854.18||0|0|0|0|0|1064.67|1496.25|0|1597|1495.13|01.02.16
2|2005|158|F|||||1597||87254.23|100882.63||0|21.04418948|1852.52|0|0|3852.77|3232.8|402.72|3852.24|1098.52|01.02.16
3|2005|158|F|||||1597||94167.82|27846.52||0|0|0|0|0|1597.1|1366.8|0|1597|1055.48|01.02.16
4|2005|158|F|||||1597||82320.6|22061.4||0|0|0|0|0|1597.36|1420.8|0|1597|1121.52|01.02.16
5|2005|158|F|||||1597||96492.24|41008.38||0|0|0|0|0|1597.62|1420.8|0|1597|1056.98|01.02.16
6|2005|158|F|||||1597||103161.26|74947.34||0|16.66190262|1165.81|0|0|2942.58|2520.8|179.36|2942.17|1112.52|01.02.16
7|2005|158|F|||||1597||112986.14|31036.36||0|0|0|0|0|1597.17|1412.8|0|1597|552.74|01.02.16
8|2005|158|F|||||1597||94616.59|65440.21||0|0|0|0|0|396.29|1004.8|0|1597|1116.22|01.02.16
1|2005|450|F|||||3434||900622.68|272225.78||0|0|0|0|0|2289.33|3371.15|0|3434|4174.15|01.03.00
2|2005|450|F|||||3434||828210.8|653289.77||0|18.1707117|2712.86|0|0|6721.59|5505.6|589.75|6736.61|1456.63|01.03.00
3|2005|450|F|||||3434||893834.06|674923.06||0|15.20869828|2609.84|0|0|6645.05|5436.6|501.89|6545.73|4068.72|01.03.00
4|2005|450|F|||||3434||714380.16|604809.26||0|17.94152792|2918.9|0|0|7036.2|5835.6|583.78|6936.68|2395.6|01.03.00
5|2005|450|F|||||3434||837362.06|587407.75||0|15.45287638|2403.8|0|0|6525.58|5455.6|576.91|6414.71|2726.26|01.03.00
6|2005|450|F|||||3434||895235.9|687800.8||0|15.9847611|2644.18|0|0|6595.41|5505.6|406.8|6484.98|3571.92|01.03.00
7|2005|450|F|||||3434||980496.46|762771.8||0|15.35609125|2678.52|0|0|6906.83|5742.6|642.84|6755.36|3932|01.03.00
8|2005|450|F|||||3434||821085.05|609983.16||0|16.10081861|2541.16|0|0|6462.14|5409.6|376.47|6351.63|3079.54|01.03.00
1|2005|638|F|||||1320||144619.88|28158.97||0|0|0|0|0|880|1212.63|0|1320|2535.16|01.03.01
2|2005|638|F|||||1320||132992.15|106683.75||0|13.8255907|1056|0|0|2660.8|2128|229.57|2605.57|2426.87|01.03.01
3|2005|638|F|||||1320||143529.78|105549.35||0|13.5718315|976.8|0|0|0|528|0|2296.8|2603.66|01.03.01
4|2005|638|F|||||1320||113486.48|80405.32||0|13.77672069|937.2|0|0|2544.38|2237|187.44|2444.64|1913.5|01.03.01
5|2005|638|F|||||1320||133023.39|58714.2||0|0|0|0|0|1430.83|1128|0|1320|2930.62|01.03.01
6|2005|638|F|||||1320||142217.23|111661.26||0|13.55620208|1042.8|0|0|2633.93|2258|160.43|2523.23|2645.96|01.03.01
7|2005|638|F|||||1320||155761.73|112771.64||0|12.5044405|950.4|0|0|2635.98|2225|228.1|2498.5|2603.5|01.03.01
8|2005|638|F|||||1320||130437.62|101956.12||0|14.14895985|1029.6|0|0|2612.92|2292|152.53|2502.13|2272.6|01.03.01
1|2005|633|F|||||1837||168078.41|37827.13||0|0|0|0|0|1224.67|1683.51|0|1837|2138.47|01.03.02
2|2005|633|F|||||1837||154564.57|119989.83||0|15.96359099|1432.86|0|0|3619.92|3117.8|311.49|3581.35|1813.1|01.03.02
3|2005|633|F|||||1837||166811.49|136620.93||0|16.28151805|1506.34|0|0|3732.8|3079.8|289.68|3633.02|1985.8|01.03.02
4|2005|633|F|||||1837||129201.55|196665.89||0|20.78710238|2792.24|0|0|5287.04|4326.8|558.45|5187.69|3057.18|01.03.02
5|2005|633|F|||||1837||151443.84|145883.81||0|18.28141133|1763.52|0|0|4134.25|3440.8|423.24|4023.76|1599|01.03.02
6|2005|633|F|||||1837||161910.8|142522.57||0|17.42918075|1616.56|0|0|3813.14|3248.8|248.7|3702.26|1870.5|01.03.02
7|2005|633|F|||||1837||177330.88|197981.46||0|19.11699664|2057.44|0|0|4498.57|3683.8|493.79|4388.23|1985.9|01.03.02
8|2005|633|F|||||1837||148500.01|116725.42||0|14.45140179|1451.23|0|0|3613.25|3103.8|215|3503.23|3035.68|01.03.02
1|2005|517|F|||||1837||144612.35|59494.5||0|0|0|0|0|1224.67|1695.71|0|1837|2240.99|01.03.05
2|2005|517|F|||||1837||132985.23|113863.62||0|17.39091188|1579.82|0|0|3798.16|3281.8|343.44|3760.26|1563.65|01.03.05
3|2005|517|F|||||1837||143522.31|110655.62||0|15.06783503|1414.49|0|0|3623.06|3152.8|272.02|3523.51|2340.46|01.03.05
4|2005|517|F|||||1837||111281.63|60180.16||0|0|0|0|0|1936.7|1356.8|0|1837|1640|01.03.05
5|2005|517|F|||||1837||130438.98|105470.56||0|15.5851787|1487.97|0|0|3792.63|2967.8|357.11|3682.08|2183.18|01.03.05
6|2005|517|F|||||1837||139454.2|100624.56||0|14.91081514|1322.64|0|0|3473.14|2675.8|203.48|3363.12|2144.1|01.03.05
7|2005|517|F|||||1837||152735.55|122130.87||0|15.91647533|1469.6|0|0|3803.87|2981.8|352.7|3659.3|1914.6|01.03.05
8|2005|517|F|||||1837||127903.45|98146.34||0|16.36603246|1414.49|0|0|3571.82|2779.8|209.55|3461.04|1720.76|01.03.05
1|2005|603|F|||||1320||128691.12|9410.19||0|0|0|0|0|880|1195.33|0|1320|1869.72|01.03.08
2|2005|603|F|||||1320||118344.09|92538.11||0|15.54596599|1029.6|0|0|2628.99|2249|223.83|2573.43|1476.08|01.03.08
3|2005|603|F|||||1320||127721.09|97501.3||0|14.69252895|1003.2|0|0|2615.85|2213|192.92|2516.12|1795.72|01.03.08
4|2005|603|F|||||1320||102282.25|81614.78||0|15.09395127|1056|0|0|2686.7|2317|211.2|2587.2|1821.78|01.03.08
5|2005|603|F|||||1320||119890.34|63632.5||0|0|0|0|0|1430.43|1311|0|1320|2298.2|01.03.08
6|2005|603|F|||||1320||128176.49|108676.24||0|16.47792443|1122|0|0|2725.38|2342|172.62|2614.62|1579.87|01.03.08
7|2005|603|F|||||1320||140383.78|109597.66||0|14.29519523|1029.6|0|0|2707.18|2327|247.1|2596.7|2009.02|01.03.08
8|2005|603|F|||||1320||117559.85|88106.1||0|14.65923932|990|0|0|2567.17|2222|146.67|2456.67|1840.08|01.03.08
1|2005|683|F|||||990||151517.64|69695.07||0|0|0|0|0|990|1296.9|0|990|3014.38|01.03.10
2|2005|683|F|||||990||139335.32|129674.19||0|14.02074101|920.7|0|0|2210.21|1930|200.15|2110.85|2345|01.03.10
3|2005|683|F|||||990||150375.55|108642.29||0|11.33735633|712.8|0|0|1939.7|1692|137.08|1839.88|2607.42|01.03.10
4|2005|683|F|||||990||119226.01|102725.48||0|13.67807524|851.4|0|0|2110.99|1854|170.28|2011.68|2201.2|01.03.10
5|2005|683|F|||||990||139751|96804.73||0|11.48824099|683.1|0|0|2277.61|1837|163.94|1837.04|2272|01.03.10
6|2005|683|F|||||990||149409.81|112767.53||0|12.29357555|742.5|0|0|2287.1|1878|114.23|1846.73|2346.28|01.03.10
7|2005|683|F|||||1320||163639.32|91115.82||0|0|0|0|0|1715.78|1258|0|1320|2953.84|01.03.10
8|2005|683|F|||||1320||137034.46|108197.54||0|14.10393742|1042.8|0|0|2628.1|2286|154.49|2517.29|2359.1|01.03.10
1|2005|678|F|||||990||116937.97|43122.02||0|0|0|0|0|891|1191.77|0|990|3077.76|01.03.12
2|2005|678|F|||||990||107535.92|80410.57||0|12.30553525|742.5|0|0|1960.57|1711|161.41|1893.91|2246.05|01.03.12
3|2005|678|F|||||990||116056.52|84745.34||0|11.60896719|722.7|0|0|1950.85|1700|138.98|1851.68|2522|01.03.12
4|2005|678|F|||||990||94392.51|72327.63||0|11.95817228|762.3|0|0|2334.66|1912|152.46|1904.76|2565.2|01.03.12
5|2005|678|F|||||1320||110642.36|92396.21||0|14.91280688|1108.8|0|0|2804.94|2404|266.11|2694.91|2045.4|01.03.12
6|2005|678|F|||||1320||118289.35|96364.86||0|13.99022307|1069.2|0|0|2663.76|2295|164.49|2553.69|2535.1|01.03.12
7|2005|678|F|||||1320||129555|100217.73||0|13.12689852|1016.4|0|0|2995.32|2266|243.94|2580.34|2582.2|01.03.12
8|2005|678|F|||||1320||108491.64|80404.8||0|13.25603361|976.8|0|0|2552.28|2211|144.71|2441.51|2485.7|01.03.12
1|2005|650|F|||||3434||906693.74|235653.26||0|0|0|0|0|2289.33|3331.97|0|3434|3979.76|01.04.00
2|2005|650|F|||||3434||833793.74|835058.98||0|17.91354653|3434|0|0|7500.52|6078.6|746.52|7614.52|3940.81|01.04.00
3|2005|650|F|||||3434||899859.37|572838.08||0|0|0|0|0|3434.15|2879.6|0|3434|3992.47|01.04.00
4|2005|650|F|||||3434||725363.69|614023.59||0|16.74958541|2918.9|0|0|6937.04|5703.6|583.78|6936.68|3553.34|01.04.00
5|2005|650|F|||||3434||850236.43|636992.71||0|14.62565313|2575.5|0|0|6628.51|5400.6|618.12|6627.62|4354.23|01.04.00
6|2005|650|F|||||3434||909000.07|621492.74||0|0|0|0|0|3434.32|2347.6|0|3434|4507.34|01.04.00
7|2005|650|F|||||3434||995571.5|727464.37||0|15.37452883|2506.82|0|0|6543.43|5338.6|601.64|6542.46|3220.1|01.04.00
8|2005|650|F|||||3434||833709.15|592556.02||0|14.19879265|2438.14|0|0|6233.69|5113.6|361.21|6233.35|4704.76|01.04.00
1|2005|682|F|||||1320||122572.25|42953.06||0|0|0|0|0|1232|1611.54|0|1320|1938.04|01.04.01
2|2005|682|F|||||1320||112717.19|97674.99||0|16.67959321|1148.4|0|0|2674.42|2292|249.65|2718.05|1448.96|01.04.01
3|2005|682|F|||||1320||121648.34|60551.91||0|0|0|0|0|1320.77|1131|0|1320|1437.34|01.04.01
4|2005|682|F|||||1320||87956.55|89400.11||0|18.13328449|1346.4|0|0|2935.88|2514|269.28|2935.68|1553.66|01.04.01
5|2005|682|F|||||1320||103098.44|75637.35||0|14.92703783|963.6|0|0|2515.68|2156|231.26|2514.86|1425.68|01.04.01
6|2005|682|F|||||1320||110224.04|78890.51||0|13.96837715|950.4|0|0|2416.66|2081|146.22|2416.62|1970.7|01.04.01
7|2005|682|F|||||1320||120721.56|93741.57||0|15.50452968|1029.6|0|0|2597.23|2218|247.1|2596.7|1447.24|01.04.01
8|2005|682|F|||||1320||101094.37|91034.78||0|18.66137614|1188|0|0|2684.89|2303|176|2684|998.09|01.04.01
1|2005|508|F|||||1597||138667.25|18725.52||0|0|0|0|0|1064.67|1481.74|0|1597|969.3|01.04.02
2|2005|508|F|||||1597||127518.13|113916.2||0|18.7139731|1421.33|0|0|3274.13|2813.8|308.98|3327.31|940.4|01.04.02
3|2005|508|F|||||1597||137622.03|99760.5||0|18.11051154|1149.84|0|0|2968.27|2504.8|221.12|2967.96|413.1|01.04.02
4|2005|508|F|||||1597||70858.65|52315.21||0|17.40379008|1181.78|0|0|0|638.8|0|2778.78|1232.8|01.04.02
5|2005|689|F|||||990||104547.4|36540.02||0|0|0|0|0|990.76|901|0|990|826.2|01.04.02
6|2005|689|F|||||990||136611.61|60609.47||0|0|0|0|0|990.86|901|0|990|810|01.04.02
7|2005|689|F|||||618||149622.24|92749.18||0|12.78802766|383.16|0|0|1465.52|1154.2|91.96|1093.12|810|01.04.02
8|2005|689|F|||||618||125296.31|64908.89||0|0|0|0|0|990.49|751.2|0|618|826.2|01.04.02
1|2005|618|F|||||1320||125500.88|37177.83||0|0|0|0|0|880|1194.25|0|1320|1679.18|01.04.06
2|2005|618|F|||||1320||21982.93|60956.62||0|35.10874262|3656.4|0|0|0|528|0|4976.4|461.7|01.04.06
3|2005|115|F|||||990||58774.19|23365.14||0|0|0|0|0|0|396|0|990|1326.49|01.04.06
4|2005|115|F|||||990||105710.11|92952.11||0|16.93083854|871.2|0|0|0|396|0|1861.2|1423.24|01.04.06
5|2005|115|F|||||990||123908.31|91107.38||0|15.61028412|732.6|0|0|0|396|0|1722.6|1247.86|01.04.06
6|2005|115|F|||||990||132472.17|60686.6||0|0|0|0|0|0|396|0|990|1789.73|01.04.06
7|2005|115|F|||||990||145088.57|110444.73||0|13.94813385|752.4|0|0|1923.32|1688|180.58|1922.98|1548.31|01.04.06
8|2005|115|F|||||990||121499.73|71229.34||0|0|0|0|0|990.29|900|0|990|1462.54|01.04.06
1|2005|602|F|||||1320||127371.36|19411.87||0|0|0|0|0|924|1307.67|0|1320|2212.49|01.04.07
2|2005|602|F|||||1320||117130.44|107018.19||0|15.77181032|1201.2|0|0|2837.85|2445|261.13|2782.33|2051.46|01.04.07
3|2005|602|F|||||1320||126411.26|39593.32||0|0|0|0|0|1419.58|1145|0|1320|1196.19|01.04.07
4|2005|602|F|||||1320||98060.42|95640.46||0|17.35187992|1293.6|0|0|2972.12|2560|258.72|2872.32|1710.46|01.04.07
5|2005|602|F|||||1320||114941.71|99188.91||0|17.82232312|1135.2|0|0|2838.54|2340|272.45|2727.65|914.24|01.04.07
6|2005|602|F|||||1320||122885.84|102478.15||0|14.2364107|1095.6|0|0|2694.14|2317|168.55|2584.15|2527.46|01.04.07
7|2005|602|F|||||1320||134589.26|108363.42||0|13.39000584|1069.2|0|0|2755.99|2365|256.61|2645.81|2693.44|01.04.07
8|2005|602|F|||||1320||112707.42|88674.69||0|14.35140011|1042.8|0|0|2627.23|2267|154.49|2517.29|2231.61|01.04.07
1|2005|647|F|||||1320||139054.68|43774.47||0|0|0|0|0|880|1207.79|0|1320|1925.38|01.04.10
2|2005|647|F|||||1320||127874.41|132168.34||0|17.85247678|1359.6|0|0|3030.57|2610|295.57|2975.17|1665.41|01.04.10
3|2005|647|F|||||1320||138006.54|144613.38||0|18.07455166|1386|0|0|3072.3|2601|266.54|2972.54|1723.16|01.04.10
4|2005|647|F|||||1320||104613.39|112651.69||0|19.14147992|1425.6|0|0|3130.58|2694|285.12|3030.72|1386.26|01.04.10
5|2005|647|F|||||1320||122622.78|103052.68||0|15.40624809|1108.8|0|0|2805.49|2404|266.11|2694.91|1807.26|01.04.10
6|2005|647|F|||||1320||131097.79|124000.05||0|17.51482265|1254|0|0|2877|2465|192.92|2766.92|1625.81|01.04.10
7|2005|647|F|||||1320||143583.29|135147.75||0|16.90352674|1240.8|0|0|2969.03|2561|297.79|2858.59|1623.3|01.04.10
8|2005|647|F|||||1320||120239.18|100560.17||0|16.57547762|1108.8|0|0|2703.05|2342|164.27|2593.07|1503.26|01.04.10
1|2005|651|F|||||1837||126928.58|24356.93||0|0|0|0|0|1224.67|1684.7|0|1837|1970.93|01.04.11
2|2005|651|F|||||1837||116723.27|108186.01||0|18.26326789|1708.41|0|0|3856.48|3262.8|371.39|3916.8|1520.75|01.04.11
3|2005|651|F|||||1837||125971.83|91042.45||0|15.29489719|1322.64|0|0|3414.31|2907.8|254.35|3413.99|1819.61|01.04.11
4|2005|651|F|||||1837||93854.78|69838.69||0|16.12766599|1359.38|0|0|3468.66|3013.8|271.88|3468.26|1492.35|01.04.11
5|2005|651|F|||||1837||110012.06|93048.92||0|16.53626445|1561.45|0|0|3773.29|3221.8|374.75|3773.2|1896.18|01.04.11
6|2005|651|F|||||1837||117615.48|87202.71||0|16.16631307|1359.38|0|0|3406.08|2922.8|209.14|3405.52|1597.68|01.04.11
7|2005|651|F|||||1837||128816.96|45624.88||0|0|0|0|0|1922.98|1719.8|0|1837|1662.53|01.04.11
8|2005|651|F|||||1837||107873.59|83323.14||0|16.68792244|1414.49|0|0|3461.61|2994.8|209.55|3461.04|1554.05|01.04.11
1|2005|629|F|||||1320||103518.81|34833.96||0|0|0|0|0|880|1207.79|0|1320|2305.84|01.04.12
2|2005|629|F|||||1320||95195.68|88351.84||0|16.36581789|1227.6|0|0|2771.2|2374|266.87|2814.47|1872.06|01.04.12
3|2005|629|F|||||1320||102738.51|78659.55||0|14.77656336|1016.4|0|0|2532.52|2127|195.46|2531.86|1814.74|01.04.12
4|2005|629|F|||||1320||76602.49|75469.75||0|15.05498734|1306.8|0|0|2889.01|1945|261.36|2888.16|2903.86|01.04.12
5|2005|629|F|||||1320||89789.76|66432.58||0|13.05079764|976.8|0|0|2531.37|2167|234.43|2531.23|2422.14|01.04.12
6|2005|629|F|||||1320||95995.53|79094.48||0|14.81197657|1082.4|0|0|2569.07|2197|166.52|2568.92|2169.76|01.04.12
7|2005|629|F|||||1320||105137.96|84391.06||0|11.26034864|1056|0|0|2630.31|2243|1056|3432|2514.04|01.04.12
8|2005|629|F|||||1320||88044.38|78971.03||0|16.11894369|1188|0|0|2684.1|2284|176|2684|2002.21|01.04.12
1|2005|323|F|||||1320||50000|31645.7||0|0|0|0|0|880|1246.62|0|1320|0|01.07.07
2|2005|323|F|||||1320||50000|14468.11||0|0|0|0|0|1320.38|1150|0|1320|0|01.07.07
3|2005|323|F|||||1320||50000|7540.71||0|0|0|0|0|1320.78|1107|0|1320|975.52|01.07.07
4|2005|323|F|||||1320||50000|12368.82||0|0|0|0|0|1320.18|1150|0|1320|1053.86|01.07.07
5|2005|323|F|||||1320||55560|5929.82||0|0|0|0|0|1320.18|1177|0|1320|823.26|01.07.07
6|2005|323|F|||||1320||59400|3568.47||0|0|0|0|0|1512.66|1312|25.67|1345.67|1033.88|01.07.07
7|2005|323|F|||||1320||65057.14|19316.34||0|0|0|0|0|1320.61|1177|0|1320|970.7|01.07.07
8|2005|323|F|||||1320||54480|13690.68||0|0|0|0|0|1320.61|1177|0|1320|740.68|01.07.07
1|2005|134|F|||||3122||162999.79|232561.44||0|16.58330528|2497.6|0|0|5307.4|5463.59|728.47|6348.07|2364.79|01.08.01
2|2005|134|F|||||3122||149894.28|213845.1||0|17.07966224|2497.6|0|0|6162.98|5055.8|542.96|6162.56|2298.12|01.08.01
3|2005|134|F|||||3122||161771.15|286004.6||0|20.4994189|3122|0|0|6845.14|5465.8|600.38|6844.38|1540.94|01.08.01
4|2005|134|F|||||3122||236135.22|267981.96||0|12.89089726|1561|0|0|4995.88|4228.8|312.2|4995.2|2118.92|01.08.01
5|2005|134|F|||||3122||276786.35|477975.62||0|20.26008445|3122|0|0|6993.99|5664.8|749.28|6993.28|1423.05|01.08.01
6|2005|134|F|||||3122||295916.29|433397.5||0|17.5435146|2497.6|0|0|6003.92|4946.8|384.25|6003.85|2228.9|01.08.01
7|2005|134|F|||||3122||295916.29|495860.77||0|19.56765633|3122|0|0|6993.87|5664.8|749.28|6993.28|1968.34|01.08.01
8|2005|134|F|||||3122||271406.05|321920.26||0|13.2810373|1561|0|0|4915.16|4157.8|231.26|4914.26|1925.08|01.08.01
1|2005|127|F|||||1597||60910.94|20341.1||0|0|0|0|0|1064.67|1445.7|0|1597|0|01.08.02
2|2005|127|F|||||1597||56013.58|79502.96||0|16.89104772|1277.6|0|0|3152.88|2732.8|277.74|3152.34|1259.09|01.08.02
3|2005|127|F|||||1597||60451.81|91860.97||0|17.60249445|1437.3|0|0|3310.84|2692.8|276.4|3310.7|1543.92|01.08.02
4|2005|127|F|||||1597||76847.71|276.26||0|0|0|0|0|1597.93|1258.8|0|1597|1587|01.08.02
5|2005|127|F|||||1597||90077.19|102909.41||0|12.41136405|798.5|0|0|2587.38|2261.8|191.64|2587.14|1259.34|01.08.02
6|2005|127|F|||||1597||96302.83|94689.82||0|8.478475538|479.1|0|0|2150.13|1873.8|73.71|2149.81|1351.16|01.08.02
7|2005|127|F|||||1597||96302.83|94691.58||0|8.205368856|479.1|0|0|2191.13|1948.8|114.98|2191.08|1456.7|01.08.02
8|2005|127|F|||||1597||88326.23|81679.43||0|8.462496357|479.1|0|0|2147.59|1388.8|70.98|2147.08|1367.29|01.08.02
1|2005|138|F|||||2298||90112.91|40059.09||0|0|0|0|0|1532|2175.24|0|2298|2944.88|01.08.04
2|2005|138|F|||||2298||82867.65|104923.96||0|14.22475694|1378.8|0|0|3977.05|3400.2|299.74|3976.54|1739.88|01.08.04
3|2005|138|F|||||2298||89433.67|60545.13||0|0|0|0|0|2298.5|1968.2|0|2298|2888.76|01.08.04
4|2005|138|F|||||2298||100196.54|90172.2||0|7.785467128|689.4|0|0|3125.45|2751.2|137.88|3125.28|2604.4|01.08.04
5|2005|138|F|||||2298||117445.57|92797.38||0|0|0|0|0|2868.47|2518.2|110.3|2408.3|2349.74|01.08.04
6|2005|138|F|||||2298||125562.75|110807.55||0|5.615671095|459.6|0|0|2829.23|2241.2|70.71|2828.31|2527.62|01.08.04
7|2005|138|F|||||2298||125562.75|87502.88||0|0|0|0|0|2298.56|2044.2|0|2298|2842.88|01.08.04
8|2005|138|F|||||2298||115162.61|50284.3||0|0|0|0|0|2298.97|2045.2|0|2298|2801.92|01.08.04
1|2005|506|F|||||1597||192267.43|152801.52||0|12.02912245|1261.63|0|0|2694.28|2897.67|367.98|3226.61|4034.91|01.08.06
3|2005|506|F|||||1837||40000|42084.77||0|13.54165515|734.8|0|0|4110.27|2034.8|141.31|2713.11|0|01.08.06
4|2005|506|F|||||1837||131000|105371.37||0|5.045961651|367.4|0|0|2277.91|1538.8|73.48|2277.88|2725.31|01.08.06
5|2005|506|F|||||1837||169832.81|117964.65||0|0|0|0|0|1837.59|1166.8|0|1837|4789.3|01.08.06
6|2005|506|F|||||1837||110000|45133.47||0|0|0|0|0|2976.52|1095.8|0|1837|2059.34|01.08.06
7|2005|506|F|||||1837||117000|105883.13||0|5.878751157|551.1|0|0|2494.61|1701.8|105.98|2494.08|4386.28|01.08.06
8|2005|506|F|||||1837||120000|108013.92||0|5.711141233|551.1|0|0|2470.58|1684.8|81.64|2469.74|4710.08|01.08.06
4|2005|113|F|||||1320||82951.68|31529.98||0|0|0|0|0|0|528|0|1320|1948.7|01.08.08
5|2005|113|F|||||1320||97231.97|134277.76||0|11.42906619|924|0|0|0|528|0|2244|3596.65|01.08.08
6|2005|113|F|||||1320||103952.1|109094.43||0|7.342450209|528|0|0|0|528|0|1848|3495.06|01.08.08
7|2005|113|F|||||1320||103952.1|26782.32||0|0|0|0|0|1320.76|882|0|1320|3235.96|01.08.08
8|2005|113|F|||||1320||95341.93|36881.07||0|0|0|0|0|1320|882|0|1320|3057.9|01.08.08
6|2005|131|F|||||1135||61380|90144.94||0|18.36175901|908|0|0|0|454|0|2043|859.06|01.08.09
7|2005|131|F|||||1320||61380|38202.66||0|0|0|0|0|1320.31|1200|0|1320|1250.47|01.08.10
8|2005|131|F|||||1320||56296|13864.44||0|0|0|0|0|1320.11|1201|0|1320|1169.96|01.08.11
1|2005|526|F|||||1320||81895.95|214727.22||0|0|0|0|0|880|1197.03|0|1320|2707.95|01.11.00
2|2005|526|F|||||1320||75311.34|328611.65||0|17.44205964|1069.2|0|0|2578.29|2172|232.43|2621.63|886.75|01.11.01
3|2005|526|F|||||1320||81278.64|284113.58||0|14.82572065|1095.6|0|0|2626.81|2169|210.69|2626.29|2137.28|01.11.02
4|2005|526|F|||||1320||84951.89|353849.53||0|19.69133492|1504.8|0|0|3126.61|2638|300.96|3125.76|1390.42|01.11.03
5|2005|526|F|||||1320||99576.52|256438.68||0|16.00815485|976.8|0|0|2531.44|1952|234.43|2531.23|1039.43|01.11.04
6|2005|526|F|||||1320||105837.75|527528.92||0|14.00243546|963.6|0|0|2431.9|2050|148.25|2431.85|2017.96|01.11.05
7|2005|526|F|||||1320||115917.54|268515.18||0|13.82349415|1003.2|0|0|2516.76|2114|192.92|2516.12|2224.97|01.11.06
8|2005|526|F|||||1320||97071.39|482523||0|16.44991002|990|0|0|2457.37|2069|146.67|2456.67|1104.93|01.11.07
1|2005|316|F|||||1837||129164.95|41355.22||0|0|0|0|0|1714.53|2230.62|0|1837|1537.36|01.11.01
2|2005|316|F|||||1837||118779.83|106324.4||0|18.4667246|1653.3|0|0|3789.04|2704.8|359.41|3849.71|1253.44|01.11.01
3|2005|316|F|||||1837||128191.34|56794.82||0|0|0|0|0|1837.23|1071.8|0|1837|1024.56|01.11.01
4|2005|316|F|||||1837||120077.28|111768.18||0|19.14480895|1708.41|0|0|3887.96|2895.8|341.68|3887.09|1149.44|01.11.01
5|2005|316|F|||||1837||140748.81|0||0|0|0|0|0|3591.74|2604.8|339.48|2176.48|1228.56|01.11.01
6|2005|316|F|||||1837||150476.59|114454.3||0|18.11806356|1396.12|0|0|0|1961.8|0|3233.12|1239.44|01.11.01
7|2005|316|F|||||1837||164807.7|0||0|0|0|0|0|1875.48|1121.8|0|1837|1218.56|01.11.01
8|2005|316|F|||||1837||138012.88|103419.93||0|0|0|0|0|3419.76|2247.8|204.11|2041.11|1257.44|01.11.01
1|2005|143|F|||||1320||79100.55|51775.8||0|12.69602635|858|0|0|1988.25|2220.79|250.25|2428.25|1901.52|01.11.02
2|2005|143|F|||||1320||72740.71|25541.15||0|0|0|0|0|1320.09|790|0|1320|1315.64|01.11.02
3|2005|143|F|||||1320||81004.32|49974.49||0|0|0|0|0|0|528|0|1320|0|01.11.02
4|2005|143|F|||||1320||112895.89|0||0|0|0|0|0|0|528|0|1320|0|01.11.03
1|2005|166|F|||||1320||66035.35|19448.57||0|0|0|0|0|880|1220.97|0|1320|758.68|01.11.03
2|2005|166|F|||||1320||60725.98|45679.2||0|14.80493378|990|0|0|2525.27|1766|215.22|2525.22|1636.52|01.11.03
3|2005|166|F|||||1320||114411.27|63085.04||0|0|0|0|0|1320.35|661|0|1320|467.26|01.11.03
4|2005|166|F|||||1320||112895.89|63587.63||0|0|0|0|0|1320.55|705|0|1320|1128.92|01.11.03
5|2005|166|F|||||1320||132331.13|34461.49||0|0|0|0|0|1320.83|721|0|1320|756.06|01.11.03
6|2005|166|F|||||1320||141477.13|122357.04||0|17.91734535|1135.2|0|0|2630.53|1953|174.65|2629.85|1076.06|01.11.03
7|2005|166|F|||||1320||154951.14|54273.54||0|0|0|0|0|1320.61|720|0|1320|1088.44|01.11.03
8|2005|166|F|||||1320||126192.41|119439.64||0|20.6743055|1254|0|0|2760.59|2064|185.78|2759.78|545.94|01.11.03
1|2005|164|F|||||1320||79100.55|32846.99||0|0|0|0|0|880|1240.57|0|1320|1254.96|01.11.04
2|2005|164|F|||||1320||72740.71|22914.47||0|0|0|0|0|1320.36|1174|0|1320|868.32|01.11.04
3|2005|164|F|||||1320||88977.24|37337.93||0|0|0|0|0|1320.56|1131|0|1320|923.18|01.11.04
4|2005|164|F|||||1320||96551.24|46512.25||0|0|0|0|0|1320.76|1175|0|1320|908.82|01.11.04
5|2005|164|F|||||1320||113172.72|51785.11||0|0|0|0|0|1320.56|1201|0|1320|873.18|01.11.04
6|2005|164|F|||||1320||120994.59|78099.33||0|0|0|0|0|1320.67|1174|0|1320|908.82|01.11.04
7|2005|164|F|||||1320||132517.89|55202.84||0|0|0|0|0|1320.85|1201|0|1320|923.18|01.11.04
8|2005|164|F|||||1320||100963.49|71546.21||0|14.63565465|937.2|0|0|2396.93|2084|138.84|2396.04|1611.46|01.11.04
1|2005|162|F|||||1597||94833.44|22689.17||0|0|0|0|0|1064.67|1438.56|0|1597|1254.96|01.11.05
2|2005|162|F|||||1597||87208.64|80443.75||0|19.23189696|1469.24|0|0|3386.09|2893.8|319.4|3385.64|868.32|01.11.05
3|2005|162|F|||||1597||94118.61|67709.59||0|16.76371536|1149.84|0|0|2968.54|2503.8|221.12|2967.96|923.18|01.11.05
4|2005|162|F|||||1597||113105.72|71373.55||0|0|0|0|0|1597.73|1304.8|0|1597|908.82|01.11.05
5|2005|162|F|||||1597||132577.08|39327.83||0|0|0|0|0|1597.84|1419.8|0|1597|873.18|01.11.05
6|2005|162|F|||||1597||141740.08|113701.14||0|18.11910732|1277.6|0|0|3071.84|2629.8|196.55|3071.15|908.82|01.11.05
7|2005|162|F|||||1597||155239.13|46343.35||0|0|0|0|0|1597.02|1418.8|0|1597|923.18|01.11.05
8|2005|162|F|||||1597||129999.99|134180.46||0|20.8744394|1644.91|0|0|3486.48|2954.8|243.69|3485.6|908.82|01.11.05
1|2005|123|F|||||1320||65816.61|46919.07||0|16.31149881|937.2|0|0|2090.55|2287.78|273.35|2530.55|684.54|01.11.07
2|2005|123|F|||||1320||60524.82|47708.68||0|18.37623707|1042.8|0|0|2589.64|2220|226.7|2589.5|495.72|01.11.07
3|2005|123|F|||||1320||75793.44|51148.98||0|0|0|0|0|1320.27|1003|0|1320|476.28|01.11.07
4|2005|123|F|||||1320||107788.8|60607.92||0|0|0|0|0|1320.47|1175|0|1320|495.72|01.11.07
5|2005|123|F|||||1320||126344.84|22010.12||0|0|0|0|0|1320.95|1035|0|1320|476.28|01.11.07
6|2005|123|F|||||1320||135077.1|97585.76||0|17.83462439|950.4|0|0|2417.04|2099|146.22|2416.62|495.72|01.11.07
7|2005|123|F|||||1320||147941.59|29142.57||0|0|0|0|0|1320.92|1201|0|1320|238.14|01.11.07
8|2005|123|F|||||1320||135077.1|121143.17||0|23.68421053|1188|0|0|0|528|0|2508|0|01.11.07
8|2005|185|F|||||1320||130590.64|24477.66||0|0|0|0|0|1320.55|1157|0|1320|4473.3|01.11.07
1|2005|672|F|||||1320||85159.6|89223.75||0|15.51217023|1386|0|0|2670.25|2828.1|404.25|3110.25|2714.42|02.01.00
2|2005|672|F|||||1320||78312.6|129018.02||0|16.62396186|2178|0|0|4027.13|3359|473.48|3971.48|5158.61|02.01.00
3|2005|672|F|||||1320||84517.7|155639.23||0|24.00213458|2428.8|0|0|4315.42|3650|467.08|4215.88|1687.34|02.01.00
4|2005|672|F|||||1320||114884.46|92223.73||0|11.82484449|1056|0|0|2686.31|2387|211.2|2587.2|3755.95|02.01.00
5|2005|672|F|||||1320||134662.04|98514.16||0|10.54515012|963.6|0|0|2625.6|2337|231.26|2514.86|4108.13|02.01.01
6|2005|672|F|||||1320||143969.13|103775.88||0|10.89105167|950.4|0|0|2526.86|2260|146.22|2416.62|3893.19|02.01.01
7|2005|672|F|||||1320||157680.48|120195.16||0|11.23979461|1003.2|0|0|2686.33|2396|192.92|2516.12|3893.19|02.01.00
8|2005|672|F|||||1320||132044.42|93171.61||0|9.781921189|937.2|0|0|2506.13|2212|138.84|2396.04|4788.86|02.01.00
1|2005|550|F|||||1597||195911.16|141905.98||0|14.9455063|1149.84|0|0|2549.88|2773.9|335.37|3082.21|1529.13|02.01.01
2|2005|550|F|||||1837||180159.5|249521.98||0|22.45513906|2553.43|0|0|4984.11|4007.8|555.09|4945.52|1480.21|02.01.01
3|2005|550|F|||||1837||194434.44|219408.67||0|20.03592512|2075.81|0|0|4411.92|3367.8|399.19|4312|1736.44|02.01.01
4|2005|550|F|||||1837||217536.72|336581.19||0|23.66392547|2847.35|0|0|5353.81|4111.8|569.47|5253.82|1524.81|02.01.01
5|2005|550|F|||||1837||254986.08|364854.46||0|21.54214927|2626.91|0|0|5204.74|3993.8|630.46|5094.37|2005.54|02.01.01
6|2005|550|F|||||1837||272609.31|430841.59||0|24.19273099|2902.46|0|0|5296.48|4060.8|446.53|5185.99|1625.26|02.01.01
7|2005|550|F|||||1837||51925.58|58404.74||0|25.53358369|2057.44|0|0|0|734.8|0|3894.44|268.9|02.01.01
8|2005|598|F|||||1597||250029.55|234889.98||0|12.92488366|1501.18|0|0|3431.2|2944.8|1501.18|4599.36|2415.93|02.01.01
1|2005|598|F|||||1597||109518.1|60706.03||0|0|0|0|0|1064.67|1432.27|0|1597|2658.06|02.01.02
2|2005|598|F|||||1597||100712.62|92590.4||0|14.98995052|1469.24|0|0|3431.6|2954.8|319.4|3385.64|3030.22|02.01.02
3|2005|598|F|||||1597||108692.59|95138.46||0|16.05611918|1405.36|0|0|3372.02|2858.8|270.26|3272.62|2207.56|02.01.02
4|2005|598|F|||||1597||121590.61|97994.09||0|13.4499452|1293.57|0|0|3248.53|2810.8|258.71|3149.28|3319.1|02.01.02
5|2005|598|F|||||1597||142522.66|124703.15||0|14.8272138|1389.39|0|0|3430.14|2944.8|333.45|3319.84|2730.86|02.01.02
6|2005|598|F|||||1597||152373.04|104516.44||0|0|0|0|0|1707.74|1530.8|0|1597|3270.76|02.01.02
7|2005|598|F|||||1597||269944.43|169324.02||0|0|0|0|0|1707.6|1529.8|0|1597|2341.86|02.01.02
8|2005|183|F|||||1320||132764.63|70306.6||0|0|0|0|0|1429.46|1266|0|1320|2125.98|02.01.02
1|2005|674|F|||||990||211515.02|215574.68||0|13.43708999|1009.8|0|0|2195.33|2270.49|294.53|2294.33|2926.36|02.01.03
2|2005|674|F|||||990||194508.78|243630.21||0|16.71235837|1237.5|0|0|2563.15|2196|269.02|2496.52|2411.66|02.01.03
3|2005|674|F|||||990||209920.68|199352.46||0|14.52177726|940.5|0|0|2211.05|1897|180.87|2111.37|2253.74|02.01.03
4|2005|674|F|||||990||217536.72|205383.63||0|14.0323894|930.6|0|0|2536.35|2064|186.12|2106.72|2418.36|02.01.03
5|2005|674|F|||||1320||254986.08|329015.22||0|18.12534461|1702.8|0|0|3541.65|2950|408.67|3431.47|2531.64|02.01.03
6|2005|674|F|||||1320||272609.31|300365.28||0|17.2867021|1452|0|0|3105.45|2660|223.38|2995.38|2408.76|02.01.03
7|2005|674|F|||||1320||298572.1|269185.71||0|15.11977458|1188|0|0|3218.82|2406|228.46|2736.46|2384.34|02.01.03
8|2005|674|F|||||1320||250029.55|274509.01||0|17.51300811|1452|0|0|3097.3|2653|215.11|2987.11|2316.76|02.01.03
1|2005|613|F|||||1597||133085.37|101821.75||0|13.84949797|1229.69|0|0|2653.02|2861.98|358.66|3185.35|2508.25|02.01.04
2|2005|613|F|||||1597||122385.04|123079.84||0|16.91432155|1612.97|0|0|3606.87|3032.8|350.65|3560.62|2414.88|02.01.04
3|2005|613|F|||||1597||132082.22|121452.74||0|15.46254287|1469.24|0|0|3448.25|2913.8|282.55|3348.79|2804.35|02.01.04
4|2005|613|F|||||1597||143314.78|152914.04||0|17.668523|1708.79|0|0|3747.18|3183.8|341.76|3647.55|2376.28|02.01.04
5|2005|613|F|||||1597||167986.69|145510.55||0|14.09660924|1389.39|0|0|3429.95|2943.8|333.45|3319.84|3216.52|02.01.04
6|2005|613|F|||||1597||179597.01|145693.92||0|16.38776666|1293.57|0|0|3440.02|2872.8|199.01|3089.58|1714.35|02.01.04
7|2005|613|F|||||1837||196701.48|166170.99||0|15.18274432|1543.08|0|0|4011.19|3171.8|296.75|3676.83|2809.72|02.01.04
8|2005|613|F|||||1837||164721.59|143884.14||0|17.3158433|1598.19|0|0|3782.37|3226.8|236.77|3671.96|1885.72|02.01.04
1|2005|400|F|||||3434||657154.13|82947.95||0|0|0|0|0|2289.33|3386.97|0|3434|3267.18|02.02.00
2|2005|400|F|||||3434||604317.62|471811.66||0|17.47209932|2678.52|0|0|6580.74|5413.6|582.29|6694.81|1940.65|02.02.00
3|2005|400|F|||||3434||652200.71|509153.29||0|14.20979086|2678.52|0|0|6627.74|5315.6|515.1|6627.62|5594.58|02.02.00
4|2005|400|F|||||3434||635992.99|609405.17||0|20.81490705|3296.64|0|0|7390.19|6064.6|659.33|7389.97|1057.94|02.02.00
5|2005|400|F|||||3434||745480.39|608481.82||0|15.65534534|2815.88|0|0|6926.49|5711.6|675.81|6925.69|4135.32|02.02.00
6|2005|400|F|||||3434||797003.87|593741.56||0|15.94465339|2541.16|0|0|6366.17|5304.6|390.95|6366.11|3205.16|02.02.00
7|2005|400|F|||||3434||872909|495704.73||0|0|0|0|0|3541.71|3166.6|0|3434|2627.23|02.02.00
8|2005|400|F|||||3434||730989.41|405543.59||0|0|0|0|0|3434.63|3059.6|0|3434|2655.55|02.02.00
1|2005|651|F|||||1837||116723.27|108186.01||0|17.65657927|1708.41|0|0|3856.48|3262.8|371.39|3916.8|1842.17|02.02.01
2|2005|651|F|||||1837||125971.83|91042.45||0|15.71929091|1322.64|0|0|3414.31|2907.8|254.35|3413.99|1586.14|02.02.01
3|2005|651|F|||||1837||93854.78|69838.69||0|16.21359223|1359.38|0|0|3468.66|3013.8|271.88|3468.26|1447.68|02.02.01
4|2005|651|F|||||1837||110012.06|93048.92||0|16.96929454|1561.45|0|0|3773.29|3221.8|374.75|3773.2|1655.22|02.02.01
5|2005|651|F|||||1837||117615.48|87202.71||0|16.37832882|1359.38|0|0|3406.08|2922.8|209.14|3405.52|1488.83|02.02.01
6|2005|651|F|||||1837||128816.96|45624.88||0|0|0|0|0|1922.98|1719.8|0|1837|1613.12|02.02.01
7|2005|651|F|||||1837||107873.59|83323.14||0|16.56202872|1414.49|0|0|3461.61|2994.8|209.55|3461.04|1618.48|02.02.01
1|2005|581|F|||||1320||80736.64|2751.5||0|0|0|0|0|880|1200.17|0|1320|1367.52|02.02.02
2|2005|581|F|||||1320||74245.24|55289.17||0|15.51712635|976.8|0|0|2465.17|2088|212.35|2509.15|1276.68|02.02.02
3|2005|581|F|||||1320||80128.07|62138.31||0|16.48019208|1029.6|0|0|2547.72|2137|198|2547.6|1152.3|02.02.02
4|2005|581|F|||||1320||78563.97|68382.14||0|17.03544155|1148.4|0|0|2698.96|2310|229.68|2698.08|1345.08|02.02.02
5|2005|581|F|||||1320||92088.9|73335.56||0|16.3970063|1056|0|0|2629.58|2234|253.44|2629.44|1181.32|02.02.02
6|2005|581|F|||||1320||100560.55|74746.37||0|15.96850764|976.8|0|0|2447.43|2097|150.28|2447.08|1222.88|02.02.02
7|2005|581|F|||||1320||110137.74|81164.21||0|17.34325729|976.8|0|0|2485.29|2125|187.85|2484.65|662.86|02.02.02
8|2005|581|F|||||1320||92231.29|65798.39||0|15.17398597|937.2|0|0|2396.5|2058|138.84|2396.04|1384.28|02.02.02
1|2005|577|F|||||1597||81230.89|8726.14||0|0|0|0|0|1064.67|1486.94|0|1597|2928.77|02.02.04
2|2005|577|F|||||1597||74699.76|55718.82||0|13.79165419|1197.75|0|0|3101.18|2703.8|260.38|3055.13|2574.34|02.02.04
3|2005|577|F|||||1597||80618.6|62821.28||0|13.29560592|1245.66|0|0|3181.8|2736.8|239.55|3082.21|3204.54|02.02.04
4|2005|577|F|||||1597||67967.62|72888.55||0|18.65198047|1708.79|0|0|3746.89|3247.8|341.76|3647.55|1866.34|02.02.04
5|2005|577|F|||||1597||79668.37|59490.12||0|13.69373592|1197.75|0|0|3192.22|2784.8|287.46|3082.21|2582.28|02.02.04
6|2005|577|F|||||1597||85125.26|68268.62||0|13.19232334|1277.6|0|0|3181.72|2632.8|196.55|3071.15|3542.12|02.02.04
7|2005|577|F|||||1597||93232.42|28964.2||0|0|0|0|0|1759.87|1582.8|0|1597|2403.16|02.02.04
8|2005|577|F|||||1597||85125.26|85297.48||0|24.05120482|1597|0|0|0|638.8|0|3194|252|02.02.04
8|2005|188|F|||||990||74170.75|19740.77||0|0|0|0|0|990.41|817|0|990|2917.02|02.02.04
1|2005|568|F|||||1597||112333.92|18731.62||0|0|0|0|0|1064.67|1444.73|0|1597|2698.01|02.02.05
2|2005|568|F|||||1597||103302.04|86770.11||0|15.44473202|1341.48|0|0|3276.96|2803.8|291.63|3230.11|2225.46|02.02.05
3|2005|568|F|||||1597||111487.18|92013.87||0|14.29879785|1325.51|0|0|3276.75|2816.8|254.91|3177.42|2915.24|02.02.05
4|2005|568|F|||||1597||125691.62|123987.4||0|16.78422122|1581.03|0|0|3593.38|3136.8|316.21|3494.24|2431.26|02.02.05
5|2005|568|F|||||1597||147329.67|103776.53||0|12.3295437|1117.9|0|0|3093.17|2700.8|268.3|2983.2|3100.44|02.02.05
6|2005|568|F|||||1597||147362.63|109246.53||0|14.59160592|1181.78|0|0|3071.13|2682.8|181.81|2960.59|2177.86|02.02.05
7|2005|568|F|||||1597||161397.17|103892.9||0|0|0|0|0|1707.02|1529.8|0|1597|3279.84|02.02.05
8|2005|568|F|||||1597||135156.84|46143.62||0|0|0|0|0|1707.79|1531.8|0|1597|2944.86|02.02.05
1|2005|590|F|||||1320||69566.42|11567.12||0|0|0|0|0|880|1217.71|0|1320|2092.34|02.02.06
2|2005|590|F|||||1320||63973.13|41332.85||0|0|0|0|0|1375.75|1235|0|1320|2027.5|02.02.06
3|2005|590|F|||||1320||69042.05|49355.9||0|13.49798222|937.2|0|0|2537.37|2081|180.23|2437.43|2068.4|02.02.06
4|2005|590|F|||||1320||69784.68|66487.2||0|16.5335021|1254|0|0|2924.61|2389|250.8|2824.8|1935|02.02.06
5|2005|590|F|||||1320||81798.24|79011.9||0|16.38987525|1280.4|0|0|3017.63|2585|307.3|2907.7|1996.74|02.02.06
6|2005|590|F|||||1320||84903.23|85884.76||0|17.17970393|1333.2|0|0|2968.64|2464|205.11|2858.31|2043.7|02.02.06
7|2005|590|F|||||1320||92989.25|73621.91||0|14.19146226|1042.8|0|0|2673.34|2302|200.54|2563.34|2221.4|02.02.06
8|2005|590|F|||||1320||77870.84|31389.8||0|0|0|0|0|1430.2|1262|0|1320|2272.46|02.02.06
1|2005|539|F|||||1597||111501.66|18750.59||0|0|0|0|0|1064.67|1467.47|0|1597|1314.1|02.02.07
2|2005|539|F|||||1597||102536.69|77588.53||0|16.62461613|1213.72|0|0|3021.58|2518.8|263.85|3074.57|1151.6|02.02.07
3|2005|539|F|||||1597||110661.19|79470.03||0|16.58187104|1149.84|0|0|2968.86|2421.8|221.12|2967.96|998.4|02.02.07
4|2005|539|F|||||1597||94942.65|76930.01||0|17.34691688|1293.57|0|0|3149.83|2627.8|258.71|3149.28|1158.5|02.02.07
5|2005|539|F|||||1597||111287.21|85980.42||0|16.97988412|1229.69|0|0|3231.81|2768.8|295.13|3121.82|998.4|02.02.07
6|2005|539|F|||||1597||124873.97|51230.25||0|0|0|0|0|1707.37|1530.8|0|1597|1225.3|02.02.07
7|2005|539|F|||||1597||136766.73|53237.88||0|0|0|0|0|1707.23|1529.8|0|1597|579.2|02.02.07
8|2005|539|F|||||1597||111287.21|105528.84||0|23.69132799|1517.15|0|0|0|638.8|0|3114.15|175.52|02.02.07
8|2005|187|F|||||1320||108804.33|29520.85||0|0|0|0|0|1320.05|1106|0|1320|1797.9|02.02.07
1|2005|566|F|||||1597||119889.13|16177.18||0|0|0|0|0|1064.67|1458.76|0|1597|3366.13|02.02.08
2|2005|566|F|||||1597||110249.8|92958.24||0|13.89515553|1341.48|0|0|3177.68|2453.8|291.63|3230.11|3194.08|02.02.08
3|2005|566|F|||||1597||118985.44|96075.26||0|13.39038387|1293.57|0|0|3139.34|2442.8|248.76|3139.33|3381.78|02.02.08
4|2005|566|F|||||1597||114091.92|103668.48||0|14.78309608|1453.27|0|0|3340.98|2667.8|290.65|3340.92|3148.78|02.02.08
5|2005|566|F|||||1597||133733.06|133348.02||0|14.70788682|1597|0|0|3577.45|2818.8|383.28|3577.28|3703.56|02.02.08
6|2005|566|F|||||1597||148386.29|126744.12||0|14.2022984|1357.45|0|0|3164.17|2415.8|208.84|3163.29|3231.38|02.02.08
7|2005|566|F|||||1597||162518.31|68390.37||0|0|0|0|0|1898.21|1498.8|0|1597|3304.72|02.02.08
8|2005|566|F|||||1597||136095.71|102502.8||0|12.74937251|1197.75|0|0|177.44|3720.55|0|2794.75|3805.08|02.02.08
1|2005|850|F|||||3434||820280.58|147089.18||0|0|0|0|0|2289.33|3334.44|0|3434|4880.45|02.03.00
2|2005|850|F|||||3434||754328.37|730517.52||0|19.39278277|3330.98|0|0|7375.63|5844.6|724.13|7489.11|2198.17|02.03.00
3|2005|850|F|||||3434||695121.85|600016.75||0|15.96056068|2953.24|0|0|6955.66|5524.6|567.93|6955.17|4593.02|02.03.00
4|2005|850|F|||||3434||819270.88|641278.11||0|15.81224509|2678.52|0|0|6648.98|5448.6|535.7|6648.22|3643.09|02.03.00
5|2005|850|F|||||3434||960309.92|764947.01||0|15.32221721|2747.2|0|0|6840.63|5569.6|659.33|6840.53|4248.46|02.03.00
6|2005|850|F|||||3434||1026722.28|728198.99||0|14.9786729|2438.14|0|0|6247.81|5140.6|375.1|6247.24|3782.93|02.03.00
7|2005|850|F|||||3434||1124505.35|893545.69||0|15.16302914|2712.86|0|0|6686.64|5462.6|521.7|6668.56|4554.16|02.03.00
8|2005|850|F|||||3434||941642.99|221685.26||0|0|0|0|0|3434.65|3007.6|0|3434|4213.03|02.03.00
1|2005|597|F|||||1597||167143.32|13490.3||0|0|0|0|0|1064.67|1449.57|0|1597|1048.09|02.03.01
2|2005|597|F|||||1597||153704.67|112799.17||0|16.99753598|1165.81|0|0|2963.96|2518.8|253.44|3016.25|826.2|02.03.02
3|2005|597|F|||||1597||128686.61|126206.8||0|20.27316558|1565.06|0|0|3463.67|2906.8|300.97|3463.03|793.8|02.03.03
4|2005|597|F|||||1597||140620.46|111140.76||0|17.77414301|1261.63|0|0|3111.39|2660.8|252.33|3110.96|876.2|02.03.04
5|2005|597|F|||||1597||164828.53|132581.06||0|17.72907924|1277.6|0|0|3182.19|2699.8|306.62|3181.22|843.8|02.03.05
6|2005|597|F|||||1597||176220.57|139540.19||0|17.87857145|1261.63|0|0|3053.08|2589.8|194.1|3052.73|951.2|02.03.06
7|2005|597|F|||||1597||193003.48|151753.41||0|18.03281735|1261.63|0|0|3117.17|2646.8|242.62|3101.25|793.8|02.03.07
8|2005|597|F|||||1597||161624.52|36603.4||0|0|0|0|0|1597.72|1350.8|0|1597|876.2|02.03.08
1|2005|671|F|||||1035||102894.7|49427.05||0|0|0|0|0|931.5|1236.33|0|1035|2468.32|02.03.02
2|2005|671|F|||||1035||94621.77|107038.54||0|17.72109895|1169.55|0|0|2523.98|2187|254.25|2458.8|1682.16|02.03.03
3|2005|671|F|||||1035||102119.12|113553.73||0|16.72027361|1148.85|0|0|2504.4|2155|220.93|2404.78|2061.44|02.03.04
4|2005|671|F|||||1035||140619.58|103524.27||0|14.09739146|765.9|0|0|2339.06|1968|153.18|1954.08|1524.76|02.03.05
5|2005|671|F|||||1320||164827.5|118734.64||0|12.99628326|950.4|0|0|2609.09|2223|228.1|2498.5|2315.86|02.03.06
6|2005|671|F|||||1320||176219.47|139191.6||0|15.5567026|1042.8|0|0|2633.39|2307|160.43|2523.23|1656.76|02.03.07
7|2005|671|F|||||1320||193002.27|156145.36||0|13.59922973|1069.2|0|0|2960.71|2322|205.62|2594.82|2672.57|02.03.08
8|2005|671|F|||||1320||161623.51|39789.68||0|0|0|0|0|1430.64|1282|0|1320|1814.36|02.03.09
1|2005|562|F|||||1597||194887.35|20427.55||0|0|0|0|0|1064.67|1456.1|0|1597|1079.29|02.03.05
2|2005|562|F|||||1597||179218.02|137617.32||0|16.95020621|1229.69|0|0|3041.58|2584.8|267.32|3094.01|1066.7|02.03.05
3|2005|562|F|||||1597||171093.87|71733.86||0|0|0|0|0|1597.92|1304.8|0|1597|1080.1|02.03.05
4|2005|562|F|||||1597||149310.01|113712.39||0|17.02436842|1213.72|0|0|3053.76|2583.8|242.74|3053.46|1022.39|02.03.05
5|2005|562|F|||||1597||175014.02|135379.35||0|17.47354152|1229.69|0|0|3121.96|2648.8|295.13|3121.82|793.8|02.03.05
6|2005|562|F|||||1597||187110.02|167890.08||0|18.99522113|1437.3|0|0|3256.23|2762.8|221.12|3255.42|1055.8|02.03.05
7|2005|562|F|||||1597||204930.02|181974.68||0|18.87426101|1421.33|0|0|3292.52|2792.8|273.33|3291.66|947.2|02.03.05
8|2005|562|F|||||1597||171612.02|27236.77||0|0|0|0|0|1597.24|1348.8|0|1597|826.2|02.03.05
1|2005|513|F|||||1597||181350.82|21660.97||0|0|0|0|0|1064.67|1428.04|0|1597|1654.24|02.03.06
2|2005|513|F|||||1837||166769.86|171411.44||0|19.15110477|1892.11|0|0|4079.87|3358.8|411.33|4140.44|1599.02|02.03.06
3|2005|513|F|||||1837||114168.2|138328.18||0|21.33147923|2222.77|0|0|4487.45|3612.8|427.46|4487.23|1445.68|02.03.06
4|2005|513|F|||||1837||149310.04|118941.73||0|16.78994066|1469.6|0|0|3600.95|3031.8|293.92|3600.52|1551.82|02.03.06
5|2005|513|F|||||1837||175014.05|161865.22||0|18.0423355|1690.04|0|0|3932.81|3253.8|405.61|3932.65|1501.78|02.03.06
6|2005|513|F|||||1837||187110.05|63269.86||0|0|0|0|0|1837.29|1563.8|0|1837|1396.12|02.03.06
7|2005|513|F|||||1837||204930.05|199221.6||0|18.87177521|1781.89|0|0|3962.03|3274.8|342.67|3961.56|1518.97|02.03.06
8|2005|513|F|||||1837||171612.04|17333.58||0|0|0|0|0|1837.01|1526.8|0|1837|1404.92|02.03.06
1|2005|557|F|||||1597||95948.92|30640.42||0|0|0|0|0|1064.67|1435.78|0|1597|2346.65|02.03.07
2|2005|557|F|||||1597||88234.44|83971.97||0|16.86996842|1517.15|0|0|3490.71|2371.8|329.82|3443.97|2105.26|02.03.07
3|2005|557|F|||||1597||95225.69|88318.5||0|15.67937519|1485.21|0|0|3467.1|2995.8|285.62|3367.83|2736.72|02.03.07
4|2005|557|F|||||1597||140619|114768.56||0|15.46099391|1309.54|0|0|3267.63|2835.8|261.91|3168.45|2133.06|02.03.07
5|2005|557|F|||||1597||164826.82|115588.09||0|15.05808252|1117.9|0|0|3093.74|2674.8|268.3|2983.2|1457.52|02.03.07
6|2005|557|F|||||1597||176218.74|130171.15||0|14.49745082|1181.78|0|0|3071.25|2116.8|181.81|2960.59|2230.46|02.03.07
7|2005|557|F|||||1597||193001.48|138565.92||0|13.55366407|1149.84|0|0|3107.67|2690.8|221.12|2967.96|2547.69|02.03.07
8|2005|557|F|||||1597||161622.85|43291.28||0|0|0|0|0|1707.5|1531.8|0|1597|2042.66|02.03.07
1|2005|572|F|||||1597||78055.68|11442.89||0|0|0|0|0|1064.67|1430.46|0|1597|1572|02.03.08
2|2005|572|F|||||1597||71779.85|104758.02||0|22.45673581|2331.62|0|0|4482.25|3697.8|506.87|4435.49|1511.74|02.03.08
3|2005|572|F|||||1597||72233.95|62318.63||0|16.14341026|1373.42|0|0|3334.4|2847.8|264.12|3234.54|2038.54|02.03.08
4|2005|572|F|||||1597||98791.78|79190.4||0|16.49052337|1277.6|0|0|3230.17|2812.8|255.52|3130.12|1487.24|02.03.08
5|2005|572|F|||||1597||115798.97|100798.65||0|15.90034916|1389.39|0|0|3430.3|2940.8|333.45|3319.84|2098.43|02.03.08
6|2005|572|F|||||1597||123802.35|88136.11||0|15.61320527|1133.87|0|0|2539.3|2284.8|162.46|2893.33|1475.59|02.03.08
7|2005|572|F|||||1597||135593.06|65884.72||0|0|0|0|0|1755.46|1578.8|0|1597|1921.81|02.03.08
8|2005|572|F|||||1597||113548.02|57430.55||0|0|0|0|0|1707.11|1530.8|0|1597|1640.24|02.03.08
1|2005|120|F|||||3434||781023.48|380337.21||0|0|0|0|0|2289.33|3386.97|0|3434|4264.1|03.01.00
2|2005|120|F|||||3434||718227.63|585010.32||0|18.32773593|2781.54|0|0|6820.69|5551.6|604.68|6820.22|1536.23|03.01.01
3|2005|120|F|||||3434||697689.1|598217.57||0|16.71036773|2953.24|0|0|6955.77|5567.6|567.93|6955.17|3762.76|03.01.02
4|2005|120|F|||||3434||654848.98|459557.96||0|16.64805955|2403.8|0|0|6319.53|5221.6|480.76|6318.56|1801.8|03.01.03
5|2005|120|F|||||3434||767582.47|539653.97||0|15.5324574|2403.8|0|0|6414.95|5269.6|576.91|6414.71|2646.56|03.01.04
6|2005|120|F|||||3434||820633.53|490985.62||0|0|0|0|0|3434.56|2997.6|0|3434|2913.4|03.01.05
7|2005|120|F|||||3434||898789.1|646544.03||0|16.76880631|2472.48|0|0|6381.99|5245.6|475.48|6381.96|1980.6|03.01.06
8|2005|120|F|||||3434||752661.86|524526.14||0|15.99021881|2403.8|0|0|6194.29|5110.6|356.12|6193.92|2645.1|03.01.07
1|2005|601|F|||||1320||156081.28|109010.6||0|14.52821051|924|0|0|2117.5|2337.07|269.5|2513.5|1333.04|03.01.01
2|2005|601|F|||||1320||143532.03|103930.21||0|16.03433615|950.4|0|0|2477.53|2127|206.61|2477.01|973.26|03.01.01
3|2005|601|F|||||1320||153520.32|110310.53||0|16.07371177|950.4|0|0|2453.26|2065|182.77|2453.17|1006.42|03.01.01
4|2005|601|F|||||1320||130431.88|71212.08||0|0|0|0|0|1320.49|1175|0|1320|705.68|03.01.01
5|2005|601|F|||||1320||152885.97|106194.64||0|0|0|0|0|1320.29|1201|0|1320|1089.39|03.01.01
6|2005|601|F|||||1320||163452.61|50701.08||0|0|0|0|0|1320.09|1201|0|1320|1160.96|03.01.01
7|2005|601|F|||||1320||179019.52|135435.61||0|17.24132005|1003.2|0|0|2518.46|2159|192.92|2516.12|786.34|03.01.01
8|2005|601|F|||||1320||149914.11|105988.97||0|15.86823204|937.2|0|0|2396.83|2067|138.84|2396.04|1114.06|03.01.01
1|2005|619|F|||||1320||157868.1|63481.95||0|0|0|0|0|1100|1440|0|1320|1130.98|03.01.02
2|2005|619|F|||||1320||145175.19|114142.48||0|17.30380558|1042.8|0|0|2589.91|2017|226.7|2589.5|847.42|03.01.02
3|2005|619|F|||||1320||106584.13|116681.53||0|20.82968389|1438.8|0|0|3036.41|2549|276.69|3035.49|836.47|03.01.02
4|2005|619|F|||||1320||130437.49|91454.99||0|16.21929042|924|0|0|2429.45|2084|184.8|2428.8|839.32|03.01.02
5|2005|619|F|||||1320||152892.55|116809.61||0|16.69643021|1003.2|0|0|2564.95|2105|240.77|2563.97|880.53|03.01.02
6|2005|619|F|||||1320||163459.64|99560.77||0|0|0|0|0|1320.53|1047|0|1320|931.92|03.01.02
7|2005|619|F|||||1320||179027.23|127258.66||0|17.28577225|937.2|0|0|2437.78|2087|180.23|2437.43|546.94|03.01.02
8|2005|619|F|||||1320||149920.56|94682.71||0|0|0|0|0|1320.64|1078|0|1320|885.42|03.01.02
1|2005|560|F|||||1320||151329.45|45300.99||0|0|0|0|0|880|1208.52|0|1320|1508.26|03.01.03
2|2005|560|F|||||1320||139162.25|105889.98||0|16.23019963|1003.2|0|0|2541.98|2150|218.09|2541.29|1098.49|03.01.03
3|2005|560|F|||||1320||150188.77|119851.81||0|17.07682306|1056|0|0|2579.51|2167|203.08|2579.08|1025.66|03.01.03
4|2005|560|F|||||1320||128647.25|90845.76||0|15.44091117|937.2|0|0|2445.09|2103|187.44|2444.64|1180.31|03.01.03
5|2005|560|F|||||1320||150794.12|101329.72||0|0|0|0|0|1320.17|1157|0|1320|952.56|03.01.03
6|2005|560|F|||||1320||161216.18|77808.52||0|0|0|0|0|1320.77|1168|0|1320|991.44|03.01.03
7|2005|560|F|||||1320||176570.1|123464.52||0|17.36953114|924|0|0|2422.47|1884|177.69|2421.69|476.28|03.01.03
8|2005|560|F|||||1320||176570.1|129038.71||0|20.06580317|963.6|0|0|0|528|0|2283.6|235|03.01.03
8|2005|179|F|||||1320||140469.77|71430.61||0|0|0|0|0|1320.49|1125|0|1320|1611.12|03.01.03
1|2005|567|F|||||1320||157210.38|53322.07||0|0|0|0|0|880|1238.39|0|1320|1228.73|03.01.04
2|2005|567|F|||||1320||144570.35|105436.09||0|16.43701022|963.6|0|0|2493.87|2130|209.48|2493.08|876.22|03.01.04
3|2005|567|F|||||1320||135536.03|105507.05||0|17.2137931|1029.6|0|0|2547.89|2140|198|2547.6|886.05|03.01.04
4|2005|567|F|||||1320||128647.25|84979.69||0|0|0|0|0|1320.69|1175|0|1320|892.12|03.01.04
5|2005|567|F|||||1320||150794.12|72674.24||0|0|0|0|0|1320.99|1179|0|1320|1038.23|03.01.04
6|2005|567|F|||||1320||161216.18|128925.32||0|17.56738323|1056|0|0|2539.3|2174|162.46|2538.46|934.22|03.01.04
7|2005|567|F|||||1320||176570.1|125624.75||0|16.17049764|937.2|0|0|2438.24|2097|180.23|2437.43|920.88|03.01.04
8|2005|567|F|||||1320||147862.92|114805.76||0|17.24368937|1029.6|0|0|2503.07|2119|152.53|2502.13|966.62|03.01.04
1|2005|552|F|||||1597||158534.52|108958.49||0|14.59343704|1101.93|0|0|2488|2739.84|321.4|3020.33|1510.2|03.01.05
2|2005|552|F|||||1597||145788.02|156517.9||0|20.49002233|1708.79|0|0|3677.34|3052.8|371.48|3677.27|985.08|03.01.05
3|2005|552|F|||||1597||147970.43|147727.57||0|19.94116296|1597|0|0|3501.47|2913.8|307.12|3501.12|1006.32|03.01.05
4|2005|552|F|||||1597||136685.1|121679.84||0|18.50333529|1421.33|0|0|3303|2859.8|284.27|3302.6|1076.28|03.01.05
5|2005|552|F|||||1597||160215.7|142645.76||0|18.17529654|1421.33|0|0|3359.6|2892.8|341.12|3359.45|1101.22|03.01.05
6|2005|552|F|||||1597||171288.92|133989.93||0|17.38782074|1245.66|0|0|3034.48|2616.8|191.64|3034.3|1095.38|03.01.05
7|2005|552|F|||||1597||187602.16|134760.49||0|16.26429335|1149.84|0|0|2968.41|2520.8|221.12|2967.96|1133.8|03.01.05
8|2005|552|F|||||1597||157101.36|124771.44||0|17.55711912|1261.63|0|0|3046.52|2586.8|186.91|3045.54|1094.78|03.01.05
1|2005|499|F|||||3434||832275.54|682513.64||0|14.86092097|2815.88|0|0|5926.51|6122.32|821.3|7071.18|4805.86|03.02.00
2|2005|499|F|||||3434||765358.91|622434.48||0|16.95035686|2781.54|0|0|6820.66|5499.6|604.68|6820.22|2769.48|03.02.00
3|2005|499|F|||||3434||739248.19|581880.85||0|14.90976461|2712.86|0|0|6668.66|5405.6|521.7|6668.56|4858.07|03.02.00
4|2005|499|F|||||3434||770627.65|636946.71||0|17.14333489|2850.22|0|0|6855.09|5656.6|570.04|6854.26|2917.3|03.02.00
5|2005|499|F|||||3434||903292.66|671643.74||0|15.38496001|2541.16|0|0|6585.34|5444.6|609.88|6585.04|3347.09|03.02.00
6|2005|499|F|||||3434||965725.81|739877.55||0|15.79592858|2644.18|0|0|6485.29|5323.6|406.8|6484.98|3769.67|03.02.00
7|2005|499|F|||||3434||1057699.7|773108.84||0|15.00875024|2506.82|0|0|6669.1|5277.6|482.08|6422.9|3856.59|03.02.00
8|2005|499|F|||||3434||903295.05|697759.36||0|15.76774571|2644.18|0|0|6470.07|5361.6|391.73|6469.91|3829.73|03.02.00
1|2005|518|F|||||1597||136825.46|105388.67||0|12.94010064|1229.69|0|0|2653.02|2865.97|358.66|3185.35|3132.24|03.02.01
2|2005|518|F|||||1597||125824.41|98228.09||0|14.96006159|1245.66|0|0|3113.82|2681.8|270.8|3113.46|2099.65|03.02.01
3|2005|518|F|||||1597||115420.29|90855.38||0|14.41729394|1261.63|0|0|3101.68|2617.8|242.62|3101.25|2548.31|03.02.01
4|2005|518|F|||||1597||129048.57|102124.78||0|15.37410738|1261.63|0|0|3111.34|2093.8|252.33|3110.96|1984.28|03.02.01
5|2005|669|F|||||1320||121291.25|35326.5||0|0|0|0|0|0|528|0|1320|0|03.02.01
6|2005|669|F|||||1320||158490.72|111827.97||0|13.97725341|937.2|0|0|0|528|0|2257.2|2190.78|03.02.01
7|2005|669|F|||||1320||173585.08|126254.51||0|9.454594692|963.6|0|0|2545.44|2108|185.31|2468.91|5254.05|03.02.01
8|2005|669|F|||||1320||148244.86|113723.64||0|13.36517271|1016.4|0|0|2487.25|2152|150.58|2486.98|2630.88|03.02.01
1|2005|580|F|||||1320||124081.37|91363.42||0|12.40188822|976.8|0|0|2317.7|2530.57|284.9|2581.7|2712.82|03.02.02
2|2005|580|F|||||1320||114104.98|80036.26||0|11.35029162|924|0|0|2445.72|2079|200.87|2444.87|3251.02|03.02.03
3|2005|580|F|||||1320||123146.07|86370.9||0|12.57235225|924|0|0|2422.1|2034|177.69|2421.69|2506.08|03.02.04
4|2005|580|F|||||1320||123739.63|88457.59||0|11.95658275|937.2|0|0|2444.79|2096|187.44|2444.64|2949.08|03.02.05
5|2005|580|F|||||1320||145049.82|109140.16||0|12.71493375|990|0|0|2547.94|2171|237.6|2547.6|2690.92|03.02.06
6|2005|580|F|||||1320||155074.86|102901||0|0|0|0|0|1320.81|1169|0|1320|3041.62|03.02.07
7|2005|580|F|||||1320||169843.89|124757.3||0|12.63973094|963.6|0|0|3566.02|1951|185.31|2468.91|2685.76|03.02.08
8|2005|580|F|||||1320||145049.82|114029.25||0|13.44185123|1042.8|0|0|2517.9|2148|154.49|2517.29|2723.28|03.02.09
2|2005|693|F|||||1320||176808.73|124739.81||0|13.0859495|937.2|0|0|0|528|0|2257.2|2647.48|03.02.03
3|2005|693|F|||||1320||145528.78|130437.4||0|17.17472828|1188|0|0|0|528|0|2508|1901.14|03.02.03
4|2005|693|F|||||1320||159804.28|146249.94||0|17.51450889|1214.4|0|0|0|528|0|2534.4|1864.88|03.02.03
5|2005|693|F|||||1320||187255.4|144532.07||0|15.98002654|1016.4|0|0|0|528|0|2336.4|1687.64|03.02.03
6|2005|693|F|||||1320||200197.46|168203.28||0|16.86890693|1108.8|0|0|0|528|0|2428.8|1715.44|03.02.03
7|2005|693|F|||||1320||219263.88|173372.12||0|15.35756258|1042.8|0|0|2670.68|2173|200.54|2563.34|1663.46|03.02.03
8|2005|693|F|||||1320||187255.4|161039.58||0|16.26132721|1135.2|0|0|2623.82|2255|168.18|2623.38|1734.22|03.02.03
1|2005|579|F|||||1597||189145.01|151085.47||0|15.64185347|1277.6|0|0|2714.9|2915.85|372.63|3247.23|1673.37|03.02.04
2|2005|579|F|||||1597||173937.37|142728.9||0|16.26216365|1309.54|0|0|3191.97|2747.8|284.68|3191.22|1670.24|03.02.04
3|2005|579|F|||||1597||166628.59|129011.35||0|16.60020411|1229.69|0|0|3064.08|2585.8|236.48|3063.17|1281.34|03.02.04
4|2005|579|F|||||1597||167453.74|129986.62||0|16.63710526|1245.66|0|0|3092.29|2662.8|249.13|3091.79|1303.66|03.02.04
5|2005|579|F|||||1597||198089.93|144886.52||0|16.08138008|1165.81|0|0|3042.99|2606.8|279.79|3042.6|1164.24|03.02.04
6|2005|579|F|||||1597||211780.81|192376.93||0|18.72900949|1453.27|0|0|3514.16|2905.8|223.58|3273.85|1211.76|03.02.04
7|2005|579|F|||||1837||231950.41|165695.08||0|16.40917314|1304.27|0|0|3644.36|2845.8|250.82|3392.09|1164.24|03.02.04
8|2005|579|F|||||1837||198089.93|144388.46||0|16.83603009|1341.01|0|0|3377.28|2902.8|198.67|3376.68|1211.76|03.02.04
1|2005|692|F|||||1320||189956.51|158266.9||0|14.7796409|1095.6|0|0|2603.15|2760.22|319.55|2735.15|1942.6|03.02.05
2|2005|692|F|||||1320||174683.62|142610.23||0|12.45189902|1082.4|0|0|2638.4|2261|235.3|2637.7|3417.25|03.02.05
3|2005|692|F|||||1320||188524.68|146484.8||0|12.5941873|1029.6|0|0|2504.19|2103|198|2547.6|3080|03.02.05
4|2005|692|F|||||1320||190581.43|169659.22||0|14.22927199|1174.8|0|0|2730|2339|234.96|2729.76|2796.7|03.02.05
5|2005|692|F|||||1320||224680.97|191656.01||0|13.69983443|1122|0|0|2711.77|2309|269.28|2711.28|2767.32|03.02.05
6|2005|692|F|||||1320||240209.67|167997.19||0|11.85551666|924|0|0|2386.38|2003|142.15|2386.15|3021.54|03.02.05
7|2005|692|F|||||1320||263086.79|186241.11||0|12.14401779|937.2|0|0|2625.18|2141|180.23|2437.43|2842.52|03.02.05
8|2005|692|F|||||1320||224680.97|165042.56||0|12.95889357|963.6|0|0|2536.1|2196|142.76|2426.36|2583.1|03.02.05
1|2005|800|F|||||3434||820461.61|89734.59||0|0|0|0|0|2289.33|3325.36|0|3434|4948.17|03.03.00
2|2005|800|F|||||3434||754494.85|827569.24||0|21.62332347|3777.4|0|0|8017.23|6472.6|821.17|8032.57|1403.96|03.03.00
3|2005|800|F|||||3434||814277.23|612689.67||0|15.24612232|2575.5|0|0|6604|5343.6|495.29|6504.79|3883.24|03.03.00
4|2005|800|F|||||3434||859878.07|662992.02||0|17.26324394|2644.18|0|0|6706.79|5532.6|528.84|6607.02|2102.78|03.03.00
5|2005|800|F|||||3434||1007907.71|784845.37||0|16.06453354|2678.52|0|0|6865.86|5637.6|642.84|6755.36|3162.78|03.03.00
6|2005|800|F|||||3434||1077568.72|436128.89||0|0|0|0|0|3544.26|3159.6|0|3434|2635.24|03.03.00
7|2005|800|F|||||3434||1222229.58|851019.6||0|15.39916233|2403.8|0|0|6422.92|5319.6|462.27|6300.07|3009.8|03.03.00
8|2005|800|F|||||3434||1023516.63|534782.16||0|0|0|0|0|3544.79|3160.6|0|3434|2272.08|03.03.00
1|2005|704|F|||||1320||91837.38|12409.93||0|0|0|0|0|880|1192.67|0|1320|1061.29|03.03.04
2|2005|704|F|||||1320||84453.47|103331.19||0|21.46782093|1610.4|0|0|3236.6|2713|350.09|3280.49|940.48|03.03.04
3|2005|704|F|||||1320||91145.14|56371.79||0|0|0|0|0|1320.52|1085|0|1320|979.32|03.03.04
4|2005|704|F|||||1320||102088.29|93952.31||0|18.71350797|1214.4|0|0|2778|2341|242.88|2777.28|934.87|03.03.04
5|2005|704|F|||||1320||119662.99|67801.31||0|0|0|0|0|1320.75|1149|0|1320|976.72|03.03.04
6|2005|704|F|||||1320||127933.43|24596.9||0|0|0|0|0|1320.42|1149|0|1320|945.88|03.03.04
7|2005|704|F|||||1320||182152.84|100134.28||0|0|0|0|0|1320.59|1117|0|1320|990.62|03.03.04
8|2005|704|F|||||1320||122030.4|34928.56||0|0|0|0|0|0|528|0|1320|546.94|03.03.04
1|2005|717|F|||||1320||91446.91|2725.55||0|0|0|0|0|880|1206.7|0|1320|2781.89|03.03.05
2|2005|717|F|||||1320||84094.39|94725.49||0|16.51746759|1491.6|0|0|3191.04|2746|324.26|3135.86|2758.72|03.03.06
3|2005|717|F|||||1320||90757.61|87039.69||0|14.10268966|1267.2|0|0|2930.92|2481|243.69|2830.89|3323.74|03.03.07
4|2005|717|F|||||1320||101427.76|73280.02||0|13.21674121|950.4|0|0|2560.1|2213|190.08|2460.48|2269.92|03.03.08
5|2005|717|F|||||1320||118888.75|100299.13||0|12.16469736|1108.8|0|0|2805.66|2405|266.11|2694.91|3725.08|03.03.09
6|2005|717|F|||||1320||96842.42|56325.98||0|0|0|0|0|0|528|0|1320|1381.06|03.03.10
7|2005|717|F|||||1320||139210.98|8488.53||0|0|0|0|0|0|528|0|1320|368.92|03.03.11
1|2005|701|F|||||1320||96563.07|7421.14||0|0|0|0|0|880|1192.67|0|1320|2463.91|03.03.07
2|2005|701|F|||||1320||88799.2|96182.55||0|16.67075952|1425.6|0|0|3111.41|2696|309.91|3055.51|2440.48|03.03.07
3|2005|701|F|||||1320||95835.21|78519.79||0|13.08453694|1082.4|0|0|2709.65|2327|208.15|2610.55|3051.26|03.03.07
4|2005|701|F|||||1320||104409.09|79659.46||0|13.13852553|1003.2|0|0|2623.47|2299|200.64|2523.84|2587.88|03.03.07
5|2005|701|F|||||1320||122383.32|93328.66||0|12.40914556|1003.2|0|0|2674.18|2338|240.77|2563.97|2956.42|03.03.07
6|2005|701|F|||||1320||130841.77|52747.41||0|0|0|0|0|1430.21|1301|0|1320|2251.88|03.03.07
7|2005|701|F|||||1320||143302.89|92441.95||0|0|0|0|0|1430.61|1311|0|1320|2649.27|03.03.07
8|2005|701|F|||||1320||120004.37|60963.43||0|0|0|0|0|1430.51|1311|0|1320|2645.18|03.03.07
1|2005|708|F|||||1320||99300.4|12503.69||0|0|0|0|0|880|1192.67|0|1320|1103.99|03.03.10
2|2005|708|F|||||1320||91316.45|100236.52||0|20.29299053|1452|0|0|3044.44|2575|315.65|3087.65|979.88|03.03.10
3|2005|708|F|||||1320||98551.9|84414.17||0|17.82296669|1135.2|0|0|2674.03|2278|218.31|2673.51|1022.29|03.03.10
4|2005|708|F|||||1320||110184.79|85063.56||0|17.00621085|1016.4|0|0|2539.71|2217|203.28|2539.68|897.28|03.03.10
5|2005|708|F|||||1320||129153.31|91275.27||0|15.32015896|937.2|0|0|2482.78|2157|224.93|2482.13|1153.17|03.03.10
6|2005|708|F|||||1320||138079.67|37988.44||0|0|0|0|0|1320.1|1148|0|1320|1006.68|03.03.10
7|2005|708|F|||||1320||151230.12|124157||0|17.40276862|1082.4|0|0|2611.35|2255|208.15|2610.55|998.6|03.03.10
8|2005|708|F|||||1320||126642.77|95390.31||0|16.83730739|990|0|0|2457.1|2134|146.67|2456.67|966.46|03.03.10
1|2005|715|F|||||1320||77679.06|6416.7||0|0|0|0|0|1100|1457.29|0|1320|2280.38|03.03.11
2|2005|715|F|||||1320||71433.5|63071.57||0|15.80535036|1161.6|0|0|2789.54|2405|252.52|2734.12|1881.17|03.03.12
3|2005|715|F|||||1320||77093.54|55235.98||0|14.24562918|950.4|0|0|2553.09|2165|182.77|2453.17|1765.18|03.03.13
4|2005|715|F|||||1320||88974.33|53705.67||0|0|0|0|0|1419.25|1273|0|1320|2600.78|03.03.14
5|2005|715|F|||||1320||104291.43|73485.54||0|12.83955695|924|0|0|2575.78|2229|221.76|2465.76|2264.99|03.03.15
6|2005|715|F|||||1320||111499.48|35060.57||0|0|0|0|0|1430.12|1311|0|1320|2342.72|03.03.16
7|2005|715|F|||||1320||122118.48|87181.39||0|12.96021772|937.2|0|0|2547.42|2207|180.23|2437.43|2356.5|03.03.17
8|2005|715|F|||||1320||102264.17|71291.26||0|12.90009131|924|0|0|2491.23|2165|136.89|2380.89|2400.96|03.03.18
1|2005|716|F|||||1597||120723.16|32807.95||0|0|0|0|0|1064.67|1427.51|0|1597|2780.44|03.03.12
2|2005|716|F|||||1837||111016.77|204313.59||0|23.27000554|3380.08|0|0|5990.44|4836.8|734.8|5951.88|2621.72|03.03.12
3|2005|716|F|||||1837||119813.18|143275.12||0|18.16336149|2204.4|0|0|4564.61|3631.8|423.92|4465.32|3205.88|03.03.12
4|2005|716|F|||||1837||135851.69|121560.72||0|15.40539598|1634.93|0|0|3898.64|3210.8|326.99|3798.92|3014.87|03.03.12
5|2005|716|F|||||1837||159238.82|151210.61||0|15.37804715|1745.15|0|0|4111.35|3354.8|418.84|4000.99|3346.34|03.03.12
6|2005|716|F|||||1837||170244.52|149670.24||0|15.64820766|1616.56|0|0|3813.01|3138.8|248.7|3702.26|2926.12|03.03.12
7|2005|716|F|||||1837||186458.29|161072.56||0|15.01344712|1579.82|0|0|3830.95|3160.8|303.81|3720.63|3081.44|03.03.12
8|2005|716|F|||||1837||156143.46|131165.73||0|14.83826362|1543.08|0|0|3719.23|3080.8|228.6|3608.68|3181.97|03.03.12
1|2005|723|F|||||1320||86106.1|12969.98||0|0|0|0|0|1100|1450.52|0|1320|2318.25|03.03.13
2|2005|723|F|||||1320||79182.99|59756.42||0|14.47908211|990|0|0|2580.62|2227|215.22|2525.22|1787.01|03.03.13
3|2005|723|F|||||1320||85457.06|35497.6||0|0|0|0|0|1419.71|1230|0|1320|2269.38|03.03.13
4|2005|723|F|||||1320||95794.89|54552.31||0|0|0|0|0|1419.84|1274|0|1320|1700.02|03.03.13
5|2005|723|F|||||1320||112286.16|86570.83||0|13.49797212|1016.4|0|0|2690.73|2333|243.94|2580.34|2369.34|03.03.13
6|2005|723|F|||||1320||120046.76|46846.61||0|0|0|0|0|1430.49|1311|0|1320|1990.62|03.03.13
7|2005|723|F|||||1320||131479.78|99990.5||0|13.41248195|1003.2|0|0|2651.41|2309|192.92|2516.12|2447.36|03.03.13
8|2005|723|F|||||1320||88082.79|28161.23||0|0|0|0|0|0|528|0|1320|1405.86|03.03.13
1|2005|705|F|||||1320||156805.34|2479.65||0|0|0|0|0|880|1210.21|0|1320|1173.19|03.03.14
2|2005|705|F|||||1320||144197.87|105951.91||0|16.34844099|963.6|0|0|2548.88|2196|209.48|2493.08|907.98|03.03.14
3|2005|705|F|||||1320||155623.39|72335.53||0|0|0|0|0|1419.11|1229|0|1320|910.82|03.03.14
4|2005|705|F|||||1320||121147.22|101217.97||0|17.58213878|1108.8|0|0|2750.39|2372|221.76|2650.56|1005.28|03.03.14
5|2005|705|F|||||1320||142002.94|120874.02||0|17.32850647|1122|0|0|2821.39|2418|269.28|2711.28|1052.32|03.03.14
6|2005|705|F|||||1320||151817.4|32892.74||0|0|0|0|0|1430.68|1311|0|1320|1018.28|03.03.14
7|2005|705|F|||||1320||166276.2|157367.87||0|19.04524689|1254|0|0|2925.21|2506|241.15|2815.15|954.02|03.03.14
8|2005|705|F|||||1320||139242.63|110134.37||0|17.33706188|1042.8|0|0|2627.97|2268|154.49|2517.29|980.28|03.03.14
1|2005|899|F|||||3434||935233.99|390286.51||0|0|0|0|0|2289.33|3386.97|0|3434|3672.86|03.04.00
2|2005|899|F|||||3434||860039.29|954816.06||0|21.33257071|3811.74|0|0|7960.22|6411.6|828.64|8074.38|1719.41|03.04.00
3|2005|899|F|||||3434||928176.21|844701.88||0|16.79330405|3124.94|0|0|7160.6|5752.6|600.95|7159.89|4288.47|03.04.00
4|2005|899|F|||||3434||943423.92|766545.53||0|17.08830314|2781.54|0|0|6772.53|5615.6|556.31|6771.85|2733.75|03.04.00
5|2005|899|F|||||3434||1105836.13|785216.08||0|15.20886031|2438.14|0|0|6457.95|5370.6|585.15|6457.29|3116.47|03.04.00
6|2005|899|F|||||3434||1182265.41|777980.5||0|0|0|0|0|3434.76|3058.6|0|3434|3817.05|03.04.00
7|2005|899|F|||||3434||1294862.12|975457.16||0|15.84721208|2575.5|0|0|6542.34|5440.6|495.29|6504.79|3242.49|03.04.00
8|2005|899|F|||||3434||1084340.4|770438.14||0|15.12302413|2438.14|0|0|6233.83|5128.6|361.21|6233.35|3655.34|03.04.00
1|2005|628|F|||||1320||84981.27|83201.7||0|16.54080346|1293.6|0|0|2770.9|2947.95|377.3|2990.9|1838.86|03.04.02
2|2005|628|F|||||1320||78148.61|90401.55||0|19.2035638|1531.2|0|0|3239.97|2805|332.87|3184.07|1605.38|03.04.02
3|2005|628|F|||||1320||84340.71|80301.12||0|15.25786894|1254|0|0|2914.69|2519|241.15|2815.15|2588.41|03.04.02
4|2005|628|F|||||1320||107707.91|80375.42||0|14.58318603|990|0|0|2607.91|2303|198|2508|1772.64|03.04.02
5|2005|628|F|||||1320||126250.03|92676.58||0|13.61147681|963.6|0|0|2624.95|2318|231.26|2514.86|2049.6|03.04.02
6|2005|628|F|||||1320||134975.73|72184.38||0|0|0|0|0|1430.19|1311|0|1320|1719.64|03.04.02
7|2005|628|F|||||1320||147830.57|113362.58||0|14.59277626|1016.4|0|0|2677.84|2367|195.46|2531.86|1901.37|03.04.02
8|2005|628|F|||||1320||123795.93|87422.79||0|14.11063266|937.2|0|0|2505.98|2228|138.84|2396.04|1849.72|03.04.02
1|2005|691|F|||||1320||125970.15|122494.38||0|19.01209564|1280.4|0|0|2533.85|2646.48|373.45|2973.85|786.96|03.04.03
2|2005|691|F|||||1320||115841.89|124280.18||0|20.62783151|1412.4|0|0|2996.1|2565|307.04|3039.44|768.18|03.04.03
3|2005|691|F|||||1320||125020.63|126376.89||0|17.80061231|1333.2|0|0|2910.23|2448|256.38|2909.58|1670.47|03.04.03
4|2005|691|F|||||1320||121303.84|98658.32||0|18.01862531|1069.2|0|0|2603.52|2231|213.84|2603.04|727.78|03.04.03
5|2005|691|F|||||1320||142186.53|104973.14||0|15.68556921|976.8|0|0|2640.36|2277|234.43|2531.23|1164.92|03.04.03
6|2005|691|F|||||1320||152013.67|128055.65||0|18.56310081|1108.8|0|0|2709.38|2330|170.58|2599.38|774.38|03.04.03
7|2005|691|F|||||1320||166491.16|128127.74||0|16.90466924|1016.4|0|0|2641.31|2277|195.46|2531.86|948.82|03.04.03
8|2005|691|F|||||1320||139422.64|136406.31||0|14.66053318|1293.6|0|0|2915.01|2498|191.64|2805.24|3213.21|03.04.03
1|2005|762|F|||||2019||129879.46|1990.71||0|0|0|0|0|1346|1877.64|0|2019|3248.2|03.04.05
2|2005|762|F|||||2019||119436.9|197562.24||0|22.07443425|3331.35|0|0|6107.29|4973.6|724.21|6074.56|2942.32|03.04.05
3|2005|762|F|||||2019||128900.47|138485.98||0|17.19673885|2160.33|0|0|4694.18|3860.6|415.45|4594.78|3372.88|03.04.05
4|2005|762|F|||||2019||130669.85|137901.44||0|17.32850758|2140.14|0|0|4686.82|4040.6|428.03|4587.17|3176.06|03.04.05
5|2005|762|F|||||2019||153164.91|130294.49||0|14.55526361|1716.15|0|0|4257.75|3719.6|411.88|4147.03|3496.52|03.04.05
6|2005|762|F|||||2019||163750.82|124064.88||0|14.49233751|1534.44|0|0|3899.86|3446.6|236.07|3789.51|3008.92|03.04.05
7|2005|762|F|||||2019||179346.14|131202.43||0|13.64264954|1473.87|0|0|3891.7|3286.6|283.44|3776.31|3250.78|03.04.05
8|2005|762|F|||||2019||150187.62|109509.37||0|13.5505349|1473.87|0|0|3821.27|3379.6|218.35|3711.22|3454.4|03.04.05
1|2005|582|F|||||2810||128083.9|29178.3||0|0|0|0|0|1873.33|2721.37|0|2810|1999.44|03.04.06
2|2005|582|F|||||2810||117785.7|112473.84||0|18.88967355|2669.5|0|0|6066.27|5031|580.33|6059.83|2012.4|03.04.06
3|2005|582|F|||||2810||53523.56|53991.58||0|22.68204537|2838.1|0|0|0|1124|0|5648.1|1216.34|03.04.06
3|2005|178|F|||||1320||60214|11359.47||0|0|0|0|0|0|528|0|1320|2831.11|03.04.06
4|2005|178|F|||||1320||105809.35|64654.84||0|12.23857004|805.2|0|0|0|528|0|2125.2|2328.8|03.04.06
5|2005|178|F|||||1320||124024.64|105387.22||0|15.25687851|1122|0|0|0|528|0|2442|2470.06|03.04.06
6|2005|178|F|||||1320||132596.53|79841.33||0|13.28502415|792|0|0|0|528|0|2112|1737.6|03.04.06
7|2005|178|F|||||1320||145224.77|105359.45||0|12.15083376|963.6|0|0|2579.74|2249|185.31|2468.91|2992.5|03.04.06
8|2005|178|F|||||1320||121613.79|96903.07||0|13.48524668|1056|0|0|2643.32|2314|156.44|2532.44|2765.9|03.04.06
1|2005|649|F|||||1597||127590.23|21728.41||0|0|0|0|0|1064.67|1447.99|0|1597|2826.88|03.04.09
2|2005|649|F|||||1597||117331.72|98759.43||0|15.1473886|1341.48|0|0|3177.44|2735.8|291.63|3230.11|2395.96|03.04.09
3|2005|649|F|||||1597||126628.5|91600.99||0|12.56775234|1149.84|0|0|2968.79|2504.8|221.12|2967.96|3213.21|03.04.09
4|2005|649|F|||||1597||116175.56|93762.35||0|14.39920656|1293.57|0|0|3248.93|2810.8|258.71|3149.28|2685.06|03.04.09
5|2005|649|F|||||1597||136175.41|103595.41||0|12.72032515|1213.72|0|0|3212.17|2766.8|291.29|3102.01|3337.56|03.04.09
6|2005|649|F|||||1597||145587.1|109488.32||0|13.93024121|1197.75|0|0|3089.09|2642.8|184.27|2979.02|2640.16|03.04.09
7|2005|649|F|||||1597||159452.54|135490.09||0|13.47379684|1357.45|0|0|3325.81|2862.8|261.05|3215.5|3643.74|03.04.09
8|2005|649|F|||||1597||133528.37|102353.61||0|14.46438864|1229.69|0|0|3119.1|2687.8|182.18|3008.87|2483.76|03.04.09
1|2005|677|F|||||2019||128971.37|42840.53||0|0|0|0|0|1346|1877.64|0|2019|3031.21|03.04.10
2|2005|677|F|||||2019||118601.82|105636.72||0|15.94730116|1796.91|0|0|4238.38|3618.6|390.63|4206.54|2854.72|03.04.10
3|2005|677|F|||||2019||127999.23|94242.3||0|13.36897056|1494.06|0|0|3900.29|3371.6|287.32|3800.38|3574.82|03.04.10
4|2005|677|F|||||2019||130783.68|92648.09||0|13.62703028|1433.49|0|0|3838.98|3390.6|286.7|3739.19|3041.08|03.04.10
5|2005|677|F|||||2019||153298.34|42373.93||0|0|0|0|0|2129.23|1905.6|0|2019|3607.53|03.04.10
6|2005|677|F|||||2019||163893.48|118985.96||0|14.05302481|1473.87|0|0|3830.42|3350.6|226.75|3719.62|3048.68|03.04.10
7|2005|677|F|||||2019||179502.38|128564.16||0|12.30937022|1453.68|0|0|3889.1|3423.6|279.55|3752.23|4305.08|03.04.10
8|2005|677|F|||||2019||150318.46|51779.36||0|0|0|0|0|2129.65|1906.6|0|2019|2930.08|03.04.10
1|2005|736|F|||||1597||124598.22|371.27||0|0|0|0|0|1064.67|1466.5|0|1597|2242.2|03.04.11
2|2005|736|F|||||1597||114580.27|96684.08||0|14.69599702|1341.48|0|0|3177.61|2714.8|291.63|3230.11|2667.98|03.04.12
3|2005|736|F|||||1597||123659.04|91341.02||0|13.73868847|1181.78|0|0|3006.42|2550.8|227.27|3006.05|2589.74|03.04.13
4|2005|736|F|||||1597||116089.26|106425.34||0|16.04138416|1469.24|0|0|3360.71|2904.8|293.85|3360.09|2438.88|03.04.14
5|2005|736|F|||||1597||136074.24|107401.15||0|13.74546223|1261.63|0|0|3162.28|2716.8|302.79|3161.42|2855.68|03.04.15
6|2005|736|F|||||1597||145478.94|43547.03||0|0|0|0|0|1597.3|1338.8|0|1597|2432.88|03.04.16
7|2005|736|F|||||1597||159334.08|114403.47||0|13.44662817|1149.84|0|0|2986.48|2569.8|221.12|2967.96|2615.22|03.04.17
8|2005|736|F|||||1597||133429.17|94844.39||0|13.76928103|1133.87|0|0|2899.81|2493.8|167.98|2898.85|2437.08|03.04.18
1|2005|672|F|||||1320||85159.6|89223.75||0|17.65267783|1386|0|0|2670.25|2828.1|404.25|3110.25|1631|03.04.12
2|2005|672|F|||||1320||78312.6|129018.02||0|22.52885928|2178|0|0|4027.13|3359|473.48|3971.48|1724.64|03.04.12
3|2005|672|F|||||1320||84517.7|155639.23||0|22.6073472|2428.8|0|0|4315.42|3650|467.08|4215.88|2311.65|03.04.12
4|2005|672|F|||||1320||114884.46|92223.73||0|15.2577123|1056|0|0|2686.31|2387|211.2|2587.2|1746.69|03.04.12
5|2005|672|F|||||1320||134662.04|98514.16||0|12.77543553|963.6|0|0|2625.6|2337|231.26|2514.86|2512.88|03.04.12
6|2005|672|F|||||1320||143969.13|103775.88||0|13.73473918|950.4|0|0|2526.86|2260|146.22|2416.62|2086.44|03.04.12
7|2005|672|F|||||1320||157680.48|120195.16||0|13.37421677|1003.2|0|0|2686.33|2396|192.92|2516.12|2468.76|03.04.12
8|2005|672|F|||||1320||132044.42|93171.61||0|13.18904009|937.2|0|0|2506.13|2212|138.84|2396.04|2313.82|03.04.12
1|2005|799|F|||||3434||735422.4|730619.87||0|14.75605797|3399.66|0|0|6680.56|6606.26|991.57|7825.23|7388.62|04.01.00
2|2005|799|F|||||3434||676292.96|789469.71||0|18.88507114|4017.78|0|0|8325.65|6320.6|873.43|8325.21|4624.48|04.01.01
3|2005|799|F|||||3434||621842.72|620113.93||0|14.82133686|3434|0|0|7528.75|5628.6|660.38|7528.38|8112.54|04.01.02
4|2005|799|F|||||3434||616200.9|519562.14||0|16.55348135|2884.56|0|0|6896.16|5284.6|576.91|6895.47|3634.76|04.01.03
5|2005|799|F|||||3434||722281.05|665875.09||0|16.74846658|3159.28|0|0|7352.33|5599.6|758.23|7351.51|4160.08|04.01.04
6|2005|799|F|||||3434||772523.94|686415.88||0|16.41476408|3056.26|0|0|6960.58|4137.6|470.19|6960.45|4698.07|04.01.05
7|2005|799|F|||||3434||846097.65|728391.52||0|15.00141468|2953.24|0|0|7097|5414.6|708.78|7096.02|5494.37|04.01.06
8|2005|799|F|||||3434||708244.33|697724.57||0|17.00327346|3399.66|0|0|7337.7|5478.6|503.65|7337.31|5319.53|04.01.07
1|2005|798|F|||||990||105096.48|51930.1||0|0|0|0|0|0|0|0|990|1369.08|04.01.01
2|2005|798|F|||||990||96646.51|58310.99||0|13.7647206|594|0|0|1713.18|1497|129.13|1713.13|889.12|04.01.01
3|2005|798|F|||||990||104304.3|80014.05||0|16.04720484|762.3|0|0|1899.6|1368|146.6|1898.9|952.56|04.01.01
4|2005|798|F|||||990||64699.99|56806.41||0|20.65375096|871.2|0|0|0|396|0|1861.2|495.72|04.01.01
5|2005|813|F|||||1320||82814.95|69146.6||0|18.50219372|1095.6|0|0|0|528|0|2415.6|1090.26|04.01.01
6|2005|813|F|||||1320||108213.91|76209.85||0|16.67782733|924|0|0|0|528|0|2244|1052.29|04.01.01
7|2005|813|F|||||1320||118520|86681.54||0|15.91759062|963.6|0|0|2515.26|2010|231.26|2514.86|1023.96|04.01.01
8|2005|813|F|||||1320||99250.74|70490.25||0|15.93655307|937.2|0|0|138.84|2228|138.84|2396.04|1088.74|04.01.01
1|2005|776|F|||||1320||71689.79|75092.29||0|17.33917478|1386|0|0|2582.25|2698.21|404.25|3110.25|1772.96|04.01.02
2|2005|776|F|||||1320||65925.78|80020.16||0|18.49801493|1597.2|0|0|3364.07|2862|347.22|3264.42|2105.6|04.01.02
3|2005|776|F|||||1320||71149.41|84433.99||0|18.78484488|1570.8|0|0|3292.92|2806|302.08|3192.88|1976.3|04.01.02
4|2005|776|F|||||1320||86269.08|88373.5||0|17.52933273|1346.4|0|0|3034.97|2630|99.07|2765.47|2149.9|04.01.02
5|2005|776|F|||||1320||101131.64|91406.53||0|15.30052393|1188|0|0|2903.6|2506|285.12|2793.12|2178.2|04.01.02
6|2005|776|F|||||1320||108121.3|98192.25||0|16.06097072|1201.2|0|0|2816.87|2432|184.8|2706|2067|04.01.02
7|2005|776|F|||||1320||118418.57|99642.8||0|16.67313262|1108.8|0|0|2805.02|2381|266.11|2694.91|1260.4|04.01.02
8|2005|776|F|||||1320||99165.8|79899.85||0|15.06445932|1069.2|0|0|2658.39|2309|158.4|2547.6|2002.3|04.01.02
1|2005|772|F|||||1320||95456.84|88829.2||0|13.93593737|1227.6|0|0|2377.65|2562.13|358.05|2905.65|2997.58|04.01.03
2|2005|772|F|||||1320||87781.91|112997.13||0|18.51274028|1702.8|0|0|3492.22|2971|370.17|3392.97|2412.05|04.01.03
3|2005|772|F|||||1320||94737.32|76118.74||0|11.51296244|1056|0|0|2679|2319|203.08|2579.08|4014.11|04.01.03
4|2005|772|F|||||1320||86266.65|76019.15||0|21.40077821|1161.6|0|0|2813.25|2477|232.32|2713.92|0|04.01.03
5|2005|772|F|||||1320||101111.9|107792.57||0|15.84713862|1412.4|0|0|3182.19|2778|338.98|3071.38|2769.89|04.01.03
6|2005|772|F|||||1320||108100.2|94260.49||0|14.10653109|1148.4|0|0|2755.33|2416|176.68|2645.08|2850.75|04.01.03
7|2005|772|F|||||1320||118395.46|109676.02||0|14.50076544|1227.6|0|0|2952.39|2582|294.62|2842.22|2781.32|04.01.03
8|2005|772|F|||||1320||99146.44|125086.36||0|19.12867461|1663.2|0|0|3339.92|2912|246.4|3229.6|2235.6|04.01.03
1|2005|782|F|||||1597||114877.63|181563.57||0|21.14613128|2523.26|0|0|4323.88|4152.57|735.95|4856.21|2220.07|04.01.04
2|2005|782|F|||||1597||105641.24|191625.33||0|24.05036435|2890.57|0|0|5215.7|4260.8|628.38|5115.95|1786.92|04.01.04
3|2005|782|F|||||1597||114011.71|119062.77||0|23.21428571|1660.88|0|0|3676.85|3143.8|319.4|3577.28|0|04.01.04
4|2005|782|F|||||1597||82556.57|101984.01||0|19.54230113|1980.28|0|0|17572.51|3483.8|396.06|3973.34|2186.62|04.01.04
5|2005|782|F|||||1597||121106.23|76870.76||0|0|0|0|0|3193.07|2785.8|287.46|1884.46|2230.88|04.01.04
6|2005|782|F|||||1597||143009.2|110159.28||0|16.18980286|1229.69|0|0|3126.69|2728.8|189.18|3015.87|1563.72|04.01.04
7|2005|782|F|||||1597||156629.13|185205.58||0|19.61949143|1884.46|0|0|4044.52|3386.8|452.27|3933.73|1737.58|04.01.04
8|2005|782|F|||||1597||143009.2|131463.18||0|18.62215992|1469.24|0|0|3394.09|2955.8|217.67|3283.91|1321.92|04.01.04
1|2005|722|F|||||1320||96599.81|89275.4||0|16.73169764|1214.4|0|0|2448.6|2577.21|354.2|2888.6|1480.88|04.01.05
2|2005|722|F|||||1320||88832.99|99528.84||0|19.8399811|1478.4|0|0|3119.95|2647|321.39|3119.79|1212.04|04.01.05
3|2005|722|F|||||1320||95947.42|98465.17||0|19.19720768|1359.6|0|0|2941.55|2452|261.46|2941.06|1200.16|04.01.05
4|2005|722|F|||||1320||92427.86|84938.91||0|18.12456159|1214.4|0|0|2777.97|2357|242.88|2777.28|1145.74|04.01.05
5|2005|722|F|||||1320||108289.53|125273.14||0|19.17300153|1531.2|0|0|3219.07|2708|367.49|3218.69|1548.85|04.01.05
6|2005|722|F|||||1320||115773.9|119100.47||0|19.81901086|1359.6|0|0|2889.65|2434|209.17|2888.77|1082.54|04.01.05
7|2005|722|F|||||1320||126799.99|108781.16||0|16.39547882|1135.2|0|0|2728.3|2296|272.45|2727.65|1468.56|04.01.05
8|2005|722|F|||||1320||106184.55|94184.96||0|17.91599248|1174.8|0|0|2669.62|2246|174.04|2668.84|1219.59|04.01.05
1|2005|797|F|||||1320||93886.99|106516.26||0|18.24542519|1491.6|0|0|3246.65|3293.81|435.05|3246.65|1681.9|04.01.06
2|2005|797|F|||||1320||86338.29|99091.41||0|19.22360933|1518|0|0|3267.92|2807|330|3168|1560.54|04.01.06
3|2005|797|F|||||1320||93179.3|106639.72||0|17.47804211|1504.8|0|0|3213.94|2721|289.38|3114.18|2381.3|04.01.06
4|2005|797|F|||||1320||92430.29|86120.55||0|17.72083194|1227.6|0|0|2892.65|2492|245.52|2793.12|1341.2|04.01.06
5|2005|797|F|||||1320||108355.33|98397.09||0|17.3895923|1201.2|0|0|2919.64|2502|288.29|2809.49|1288.6|04.01.06
6|2005|797|F|||||1320||115844.25|117283.36||0|18.88968548|1333.2|0|0|2968.61|2543|205.11|2858.31|1341.2|04.01.06
7|2005|797|F|||||1320||126877.04|148214.1||0|19.90534521|1544.4|0|0|3345.82|2853|370.66|3235.06|1288.6|04.01.06
8|2005|797|F|||||1320||106249.07|187057.37||0|22.94627301|2323.2|0|0|4097.46|3430|344.18|3987.38|2149.76|04.01.06
1|2005|746|F|||||1320||91217.64|87696.7||0|15.62501927|1267.2|0|0|2516.8|2635.4|369.6|2956.8|2196.47|04.01.07
2|2005|746|F|||||1320||83883.55|96204.96||0|18.78185213|1518|0|0|3168.21|2687|330|3168|1746.27|04.01.07
3|2005|746|F|||||1320||90530.07|100352.97||0|16.86363155|1465.2|0|0|3067.12|2559|281.77|3066.97|2554.58|04.01.07
4|2005|746|F|||||1320||92430.29|82861.29||0|15.4685083|1188|0|0|2745.62|2329|237.6|2745.6|2188.92|04.01.07
5|2005|746|F|||||1320||108322.43|80554.22||0|12.87509523|976.8|0|0|2531.45|2142|234.43|2531.23|2524.28|04.01.07
6|2005|746|F|||||1320||115809.08|95350.33||0|16.75604047|1082.4|0|0|2569.24|2171|166.52|2568.92|1321.92|04.01.07
7|2005|746|F|||||1320||126838.51|100861.55||0|12.9303853|1056|0|0|2629.57|2216|253.44|2629.44|2907.93|04.01.07
8|2005|746|F|||||1320||106216.81|89714.43||0|15.65093668|1108.8|0|0|2594.03|2190|164.27|2593.07|1898.42|04.01.07
1|2005|733|F|||||1320||66520.68|63256.19||0|15.40669245|1254|0|0|2411.75|2543.95|365.75|2939.75|2259.82|04.01.08
2|2005|733|F|||||1320||61172.29|47639.98||0|15.36060726|1029.6|0|0|2574.12|1945|223.83|2573.43|1556|04.01.08
3|2005|177|F|||||1320||31272.29|22800.84||0|21.0982659|963.6|0|0|0|528|0|2283.6|0|04.01.08
4|2005|177|F|||||1320||80110.3|52204.26||0|12.66701115|858|0|0|0|528|0|2178|2417.5|04.01.09
5|2005|177|F|||||1320||93855.31|74257.95||0|17.24035314|1042.8|0|0|0|528|0|2362.8|1323|04.01.10
6|2005|177|F|||||1320||100342.07|86539.12||0|15.28489526|1135.2|0|0|0|528|0|2455.2|2516.54|04.01.11
7|2005|177|F|||||1320||109898.46|75053.1||0|14.50305702|897.6|0|0|2543.22|2168|215.42|2433.02|1323|04.01.12
8|2005|177|F|||||1320||92030.91|50885.65||0|0|0|0|0|1430.2|1311|0|1320|1377|04.01.13
2|2005|779|F|||||3091||429221.19|272566.33||0|0|0|0|0|3091.55|2539.4|0|3091|5777.15|04.02.00
3|2005|779|F|||||3091||584578.91|541493.78||0|14.34660877|2874.63|0|0|11147.04|5094.4|552.81|6518.44|7000.12|04.02.01
4|2005|779|F|||||3091||643768.76|495354.5||0|14.56898794|2380.07|0|0|5947.86|4928.4|476.01|5947.08|4442.39|04.02.02
5|2005|779|F|||||3091||754594.78|561017.88||0|13.77599479|2287.34|0|0|6037.05|5030.4|548.96|5927.3|4749.21|04.02.03
6|2005|779|F|||||3091||691146.89|547392.99||0|14.87631148|2441.89|0|0|6017.77|5016.4|375.68|5908.57|4597.48|04.02.04
7|2005|779|F|||||3091||756970.41|571447.48||0|13.97998147|2318.25|0|0|6075.41|5058.4|556.38|5965.63|4651.38|04.02.05
8|2005|779|F|||||3091||691146.89|526792.84||0|13.50901719|2349.16|0|0|5897.35|4172.4|348.02|5788.18|5813.21|04.02.06
1|2005|791|F|||||990||82309.94|76818.74||0|16.89534502|920.7|0|0|2179.24|2297.12|268.54|2179.24|1090.95|04.02.01
2|2005|791|F|||||990||75692.06|140920.05||0|28.48964941|1841.4|0|0|3298.58|2697|400.3|3231.7|0|04.02.01
3|2005|791|F|||||990||81689.51|147520.18||0|28.65664481|1791.9|0|0|3226.29|2706|344.6|3126.5|0|04.02.02
4|2005|791|F|||||990||100490.4|46247.07||0|0|0|0|0|1089.72|999|0|990|826.2|04.02.03
5|2005|791|F|||||990||117790.01|87592.85||0|13.41203092|732.6|0|0|2339.3|1788|175.82|1898.42|1665.42|04.02.04
6|2005|791|F|||||990||116772.39|93755.73||0|20.79995798|792|0|0|2344.34|1679|121.85|1903.85|0|04.02.05
7|2005|791|F|||||1320||127893.57|69400.03||0|0|0|0|0|1735.02|1013|0|1320|977.3|04.02.06
8|2005|791|F|||||1320||116772.39|101947.44||0|#REF!|1148.4|0|0|2749.39|2135|170.13|2638.53|#REF!|04.02.07
