[THREAD 1996 - 22/12/2016 13:16:18]
  TRANSLATE: LOGIX
  EXECUTE
  STATUS:0
  COMMAND: LOGIX
[THREAD 1996 - 22/12/2016 13:16:18]
  TRANSLATE: SET ISOLATION TO DIRTY READ
  EXECUTE
  4GL SOURCE: POL0972.4GL  LINE: 62 
  STATUS:    0 ROWS AFFECTED:0 SID:22820
  COMMAND: SET ISOLATION TO DIRTY READ
  RUNNING TIME: 0.000
  4GL SOURCE: POL0972.4GL  LINE: 62 
  STATUS:    0 ROWS AFFECTED:0 SID:22820
  NAME_SQL:
  COMMAND: SET ISOLATION TO DIRTY READ
[THREAD 1996 - 22/12/2016 13:16:18]
  TRANSLATE: SET LOCK MODE TO WAIT 3
  EXECUTE
  4GL SOURCE: POL0972.4GL  LINE: 63 
  STATUS:    0 ROWS AFFECTED:0 SID:22820
  COMMAND: SET LOCK MODE TO WAIT 3
  RUNNING TIME: 0.000
  4GL SOURCE: POL0972.4GL  LINE: 63 
  STATUS:    0 ROWS AFFECTED:0 SID:22820
  NAME_SQL:
  COMMAND: SET LOCK MODE TO WAIT 3
[THREAD 1996 - 22/12/2016 13:16:18]
  TRANSLATE: SELECT COD_EMPRESA FROM EMPRESA WHERE COD_EMPRESA=?
  EXECUTE
  RUNNING TIME: 0.000
  4GL SOURCE: LOG1400.4GL  LINE: 141 
  STATUS:    0 ROWS AFFECTED:1 SID:22820
  COMMAND: SELECT COD_EMPRESA FROM EMPRESA WHERE COD_EMPRESA=?
  USE: 1
    T:              CHAR(2) V: '01'
[THREAD 1996 - 22/12/2016 13:16:18]
  TRANSLATE: SELECT PARAMETROS[77, 78] FROM PAR_LOGIX WHERE COD_EMPRESA=?
  EXECUTE
  RUNNING TIME: 0.000
  4GL SOURCE: LOG1400.4GL  LINE: 217 
  STATUS:    0 ROWS AFFECTED:1 SID:22820
  COMMAND: SELECT PARAMETROS[77, 78] FROM PAR_LOGIX WHERE COD_EMPRESA=?
  USE: 1
    T:              CHAR(2) V: '01'
  INTO:1
    T:              CHAR(2) V: '  '
[THREAD 1996 - 22/12/2016 13:16:18]
  TRANSLATE: SET LOCK MODE TO WAIT 
  EXECUTE
  4GL SOURCE: LOG0010.4GL  LINE: 1514 
  STATUS:    0 ROWS AFFECTED:0 SID:22820
  COMMAND: SET LOCK MODE TO WAIT 
  RUNNING TIME: 0.000
  4GL SOURCE: LOG0010.4GL  LINE: 1514 
  STATUS:    0 ROWS AFFECTED:0 SID:22820
  NAME_SQL:
  COMMAND: SET LOCK MODE TO WAIT 
[THREAD 1996 - 22/12/2016 13:16:18]
  TRANSLATE: SET ISOLATION TO DIRTY READ
  EXECUTE
  4GL SOURCE: LOG1400.4GL  LINE: 239 
  STATUS:    0 ROWS AFFECTED:0 SID:22820
  COMMAND: SET ISOLATION TO DIRTY READ
  RUNNING TIME: 0.000
  4GL SOURCE: LOG1400.4GL  LINE: 239 
  STATUS:    0 ROWS AFFECTED:0 SID:22820
  NAME_SQL:
  COMMAND: SET ISOLATION TO DIRTY READ
[THREAD 1996 - 22/12/2016 13:16:18]
  TRANSLATE: SELECT FORM_VERSION,FORM_RELEASE,FORM_MODIFICATION FROM FRM_FORM WHERE FORM_NAME=?
  EXECUTE
  RUNNING TIME: 0.000
  4GL SOURCE: LOG0010.4GL  LINE: 2204 
  STATUS:  100 ROWS AFFECTED:0 SID:22820
  COMMAND: SELECT FORM_VERSION,FORM_RELEASE,FORM_MODIFICATION FROM FRM_FORM WHERE FORM_NAME=?
  USE: 1
    T:             CHAR(15) V: 'pol0972        '
  INTO:3
    T:              CHAR(2) V: 'NULL'
    T:              CHAR(5) V: 'NULL'
    T:             CHAR(10) V: 'NULL'
[LOGIX] Aplicação: POL0972 Versão: ?Ult. Modificação:
[THREAD 1996 - 22/12/2016 13:16:18]
  DECLARE
  RUNNING TIME: 0.000
  4GL SOURCE: SYSTEMKEY.4GL  LINE: 67 
  STATUS:    0 ROWS AFFECTED:0 SID:22820
  NAME_FGL:SYSTEMKEY.CM_ADJUSTSYSTEMKEY
  NAME_SQL:cu0
  COMMAND: SELECT SISTEMAS_LOGIX.COD_SISTEMA FROM SISTEMAS_LOGIX WHERE SISTEMAS_LOGIX.CHAVE_SISTEMA='?' OR SISTEMAS_LOGIX.CHAVE_SISTEMA IS NULL OR SISTEMAS_LOGIX.CHAVE_SISTEMA=' '
[THREAD 1996 - 22/12/2016 13:16:18]
  OPEN 
  RUNNING TIME: 0.000
  4GL SOURCE: SYSTEMKEY.4GL  LINE: 74 
  STATUS:    0 ROWS AFFECTED:1 SID:22820
  NAME_FGL:SYSTEMKEY.CM_ADJUSTSYSTEMKEY
  NAME_SQL:cu0
  COMMAND: SELECT SISTEMAS_LOGIX.COD_SISTEMA FROM SISTEMAS_LOGIX WHERE SISTEMAS_LOGIX.CHAVE_SISTEMA='?' OR SISTEMAS_LOGIX.CHAVE_SISTEMA IS NULL OR SISTEMAS_LOGIX.CHAVE_SISTEMA=' '
[THREAD 1996 - 22/12/2016 13:16:18]
  FETCH
  RUNNING TIME: 0.000
  4GL SOURCE: SYSTEMKEY.4GL  LINE: 74 
  STATUS:    0 ROWS AFFECTED:1 SID:22820
  NAME_FGL:SYSTEMKEY.CM_ADJUSTSYSTEMKEY
  NAME_SQL:cu0
  INTO:1
    T:              INTEGER V: 903
[THREAD 1996 - 22/12/2016 13:16:18]
  FETCH
  RUNNING TIME: 0.000
  4GL SOURCE: SYSTEMKEY.4GL  LINE: 74 
  STATUS:    0 ROWS AFFECTED:1 SID:22820
  NAME_FGL:SYSTEMKEY.CM_ADJUSTSYSTEMKEY
  NAME_SQL:cu0
  INTO:1
    T:              INTEGER V: 930
[THREAD 1996 - 22/12/2016 13:16:18]
  FETCH
  RUNNING TIME: 0.000
  4GL SOURCE: SYSTEMKEY.4GL  LINE: 74 
  STATUS:    0 ROWS AFFECTED:1 SID:22820
  NAME_FGL:SYSTEMKEY.CM_ADJUSTSYSTEMKEY
  NAME_SQL:cu0
  INTO:1
    T:              INTEGER V: 71
[THREAD 1996 - 22/12/2016 13:16:18]
  FETCH
  RUNNING TIME: 0.000
  4GL SOURCE: SYSTEMKEY.4GL  LINE: 74 
  STATUS:    0 ROWS AFFECTED:1 SID:22820
  NAME_FGL:SYSTEMKEY.CM_ADJUSTSYSTEMKEY
  NAME_SQL:cu0
  INTO:1
    T:              INTEGER V: 22
[THREAD 1996 - 22/12/2016 13:16:18]
  FETCH
  RUNNING TIME: 0.000
  4GL SOURCE: SYSTEMKEY.4GL  LINE: 74 
  STATUS:    0 ROWS AFFECTED:1 SID:22820
  NAME_FGL:SYSTEMKEY.CM_ADJUSTSYSTEMKEY
  NAME_SQL:cu0
  INTO:1
    T:              INTEGER V: 304
[THREAD 1996 - 22/12/2016 13:16:18]
  FETCH
  RUNNING TIME: 0.000
  4GL SOURCE: SYSTEMKEY.4GL  LINE: 74 
  STATUS:    0 ROWS AFFECTED:1 SID:22820
  NAME_FGL:SYSTEMKEY.CM_ADJUSTSYSTEMKEY
  NAME_SQL:cu0
  INTO:1
    T:              INTEGER V: 69
[THREAD 1996 - 22/12/2016 13:16:18]
  FETCH
  RUNNING TIME: 0.000
  4GL SOURCE: SYSTEMKEY.4GL  LINE: 74 
  STATUS:    0 ROWS AFFECTED:1 SID:22820
  NAME_FGL:SYSTEMKEY.CM_ADJUSTSYSTEMKEY
  NAME_SQL:cu0
  INTO:1
    T:              INTEGER V: 901
[THREAD 1996 - 22/12/2016 13:16:18]
  FETCH
  RUNNING TIME: 0.000
  4GL SOURCE: SYSTEMKEY.4GL  LINE: 74 
  STATUS:    0 ROWS AFFECTED:1 SID:22820
  NAME_FGL:SYSTEMKEY.CM_ADJUSTSYSTEMKEY
  NAME_SQL:cu0
  INTO:1
    T:              INTEGER V: 631
[THREAD 1996 - 22/12/2016 13:16:18]
  FETCH
  RUNNING TIME: 0.000
  4GL SOURCE: SYSTEMKEY.4GL  LINE: 74 
  STATUS:    0 ROWS AFFECTED:1 SID:22820
  NAME_FGL:SYSTEMKEY.CM_ADJUSTSYSTEMKEY
  NAME_SQL:cu0
  INTO:1
    T:              INTEGER V: 636
[THREAD 1996 - 22/12/2016 13:16:18]
  FETCH
  RUNNING TIME: 0.000
  4GL SOURCE: SYSTEMKEY.4GL  LINE: 74 
  STATUS:    0 ROWS AFFECTED:1 SID:22820
  NAME_FGL:SYSTEMKEY.CM_ADJUSTSYSTEMKEY
  NAME_SQL:cu0
  INTO:1
    T:              INTEGER V: 665
[THREAD 1996 - 22/12/2016 13:16:18]
  FETCH
  RUNNING TIME: 0.000
  4GL SOURCE: SYSTEMKEY.4GL  LINE: 74 
  STATUS:    0 ROWS AFFECTED:1 SID:22820
  NAME_FGL:SYSTEMKEY.CM_ADJUSTSYSTEMKEY
  NAME_SQL:cu0
  INTO:1
    T:              INTEGER V: 902
[THREAD 1996 - 22/12/2016 13:16:18]
  FETCH
  RUNNING TIME: 0.000
  4GL SOURCE: SYSTEMKEY.4GL  LINE: 74 
  STATUS:    0 ROWS AFFECTED:1 SID:22820
  NAME_FGL:SYSTEMKEY.CM_ADJUSTSYSTEMKEY
  NAME_SQL:cu0
  INTO:1
    T:              INTEGER V: 630
[THREAD 1996 - 22/12/2016 13:16:18]
  FETCH
  RUNNING TIME: 0.000
  4GL SOURCE: SYSTEMKEY.4GL  LINE: 74 
  STATUS:    0 ROWS AFFECTED:1 SID:22820
  NAME_FGL:SYSTEMKEY.CM_ADJUSTSYSTEMKEY
  NAME_SQL:cu0
  INTO:1
    T:              INTEGER V: 855
[THREAD 1996 - 22/12/2016 13:16:18]
  FETCH
  RUNNING TIME: 0.000
  4GL SOURCE: SYSTEMKEY.4GL  LINE: 74 
  STATUS:    0 ROWS AFFECTED:1 SID:22820
  NAME_FGL:SYSTEMKEY.CM_ADJUSTSYSTEMKEY
  NAME_SQL:cu0
  INTO:1
    T:              INTEGER V: 600
[THREAD 1996 - 22/12/2016 13:16:18]
  FETCH
  RUNNING TIME: 0.000
  4GL SOURCE: SYSTEMKEY.4GL  LINE: 74 
  STATUS:    0 ROWS AFFECTED:1 SID:22820
  NAME_FGL:SYSTEMKEY.CM_ADJUSTSYSTEMKEY
  NAME_SQL:cu0
  INTO:1
    T:              INTEGER V: 601
[THREAD 1996 - 22/12/2016 13:16:18]
  FETCH
  RUNNING TIME: 0.000
  4GL SOURCE: SYSTEMKEY.4GL  LINE: 74 
  STATUS:    0 ROWS AFFECTED:1 SID:22820
  NAME_FGL:SYSTEMKEY.CM_ADJUSTSYSTEMKEY
  NAME_SQL:cu0
  INTO:1
    T:              INTEGER V: 608
[THREAD 1996 - 22/12/2016 13:16:18]
  FETCH
  RUNNING TIME: 0.000
  4GL SOURCE: SYSTEMKEY.4GL  LINE: 74 
  STATUS:    0 ROWS AFFECTED:1 SID:22820
  NAME_FGL:SYSTEMKEY.CM_ADJUSTSYSTEMKEY
  NAME_SQL:cu0
  INTO:1
    T:              INTEGER V: 616
[THREAD 1996 - 22/12/2016 13:16:18]
  FETCH
  RUNNING TIME: 0.000
  4GL SOURCE: SYSTEMKEY.4GL  LINE: 74 
  STATUS:    0 ROWS AFFECTED:1 SID:22820
  NAME_FGL:SYSTEMKEY.CM_ADJUSTSYSTEMKEY
  NAME_SQL:cu0
  INTO:1
    T:              INTEGER V: 617
[THREAD 1996 - 22/12/2016 13:16:18]
  FETCH
  RUNNING TIME: 0.000
  4GL SOURCE: SYSTEMKEY.4GL  LINE: 74 
  STATUS:    0 ROWS AFFECTED:1 SID:22820
  NAME_FGL:SYSTEMKEY.CM_ADJUSTSYSTEMKEY
  NAME_SQL:cu0
  INTO:1
    T:              INTEGER V: 705
[THREAD 1996 - 22/12/2016 13:16:18]
  FETCH
  RUNNING TIME: 0.000
  4GL SOURCE: SYSTEMKEY.4GL  LINE: 74 
  STATUS:  100 ROWS AFFECTED:0 SID:22820
  NAME_FGL:SYSTEMKEY.CM_ADJUSTSYSTEMKEY
  NAME_SQL:cu0
  COMMAND: SELECT SISTEMAS_LOGIX.COD_SISTEMA FROM SISTEMAS_LOGIX WHERE SISTEMAS_LOGIX.CHAVE_SISTEMA='?' OR SISTEMAS_LOGIX.CHAVE_SISTEMA IS NULL OR SISTEMAS_LOGIX.CHAVE_SISTEMA=' '
  INTO:1
    T:              INTEGER V: 705
[THREAD 1996 - 22/12/2016 13:16:18]
  CLOSE 
  RUNNING TIME: 0.000
  4GL SOURCE: SYSTEMKEY.4GL  LINE: 74 
  STATUS:    0 ROWS AFFECTED:0 SID:22820
  NAME_FGL:SYSTEMKEY.CM_ADJUSTSYSTEMKEY
  NAME_SQL:cu0
[THREAD 1996 - 22/12/2016 13:16:18]
  FREE 
  RUNNING TIME: 0.000
  4GL SOURCE: SYSTEMKEY.4GL  LINE: 92 
  STATUS:    0 ROWS AFFECTED:0 SID:22820
  NAME_FGL:SYSTEMKEY.CM_ADJUSTSYSTEMKEY
  NAME_SQL:cu0
[LOGIX] ERRO: [LICENSE] Chave de sistema VDP inválida no controle de licenças.
[LOGIX] ERRO: [LICENSE] Chave de sistema VDP inválida no controle de licenças.
[THREAD 1996 - 22/12/2016 13:16:19]
  TRANSLATE: SELECT COD_EMPRESA FROM EMPRESA WHERE COD_EMPRESA=?
  EXECUTE
  RUNNING TIME: 0.000
  4GL SOURCE: LOG0010.4GL  LINE: 725 
  STATUS:    0 ROWS AFFECTED:1 SID:22820
  COMMAND: SELECT COD_EMPRESA FROM EMPRESA WHERE COD_EMPRESA=?
  USE: 1
    T:              CHAR(2) V: '01'
[THREAD 1996 - 22/12/2016 13:16:19]
  TRANSLATE: SELECT TABNAME FROM SYSTABLES WHERE TABNAME=?
  EXECUTE
  RUNNING TIME: 0.000
  4GL SOURCE: LOG0150.4GL  LINE: 91 
  STATUS:    0 ROWS AFFECTED:1 SID:22820
  COMMAND: SELECT TABNAME FROM SYSTABLES WHERE TABNAME=?
  USE: 1
    T:             CHAR(50) V: 'log_dados_sessao_logix                            '
[THREAD 1996 - 22/12/2016 13:16:19]
  TRANSLATE: SELECT  DBINFO('sessionid') FROM SYSTABLES WHERE TABID=1
  EXECUTE
  RUNNING TIME: 0.000
  4GL SOURCE: LOG0010.4GL  LINE: 550 
  STATUS:    0 ROWS AFFECTED:1 SID:22820
  COMMAND: SELECT  DBINFO('sessionid') FROM SYSTABLES WHERE TABID=1
  INTO:1
    T:              INTEGER V: 22820
[THREAD 1996 - 22/12/2016 13:16:19]
  TRANSLATE: SELECT  DBINFO('sessionid') FROM SYSTABLES WHERE TABID=1
  EXECUTE
  RUNNING TIME: 0.000
  4GL SOURCE: LOG0010.4GL  LINE: 550 
  STATUS:    0 ROWS AFFECTED:1 SID:22820
  COMMAND: SELECT  DBINFO('sessionid') FROM SYSTABLES WHERE TABID=1
  INTO:1
    T:              INTEGER V: 22820
[THREAD 1996 - 22/12/2016 13:16:19]
  DECLARE
  RUNNING TIME: 0.000
  4GL SOURCE: LOG0010.4GL  LINE: 2041 
  STATUS:    0 ROWS AFFECTED:0 SID:22820
  NAME_FGL:LOG0010.CD_LOG_DADOS_SESSAO_LOGIX
  NAME_SQL:cu0
  COMMAND: SELECT SID, DAT_EXECUCAO FROM LOG_DADOS_SESSAO_LOGIX WHERE USUARIO IN (?,'newlogin') AND PROGRAMA=?
[THREAD 1996 - 22/12/2016 13:16:19]
  OPEN 
  RUNNING TIME: 0.000
  4GL SOURCE: LOG0010.4GL  LINE: 2049 
  STATUS:    0 ROWS AFFECTED:1 SID:22820
  NAME_FGL:LOG0010.CD_LOG_DADOS_SESSAO_LOGIX
  NAME_SQL:cu0
  COMMAND: SELECT SID, DAT_EXECUCAO FROM LOG_DADOS_SESSAO_LOGIX WHERE USUARIO IN (?,'newlogin') AND PROGRAMA=?
  USE: 2
    T:              CHAR(8) V: 'alex    '
    T:             CHAR(15) V: 'pol0972        '
[THREAD 1996 - 22/12/2016 13:16:19]
  FETCH
  RUNNING TIME: 0.000
  4GL SOURCE: LOG0010.4GL  LINE: 2049 
  STATUS:  100 ROWS AFFECTED:0 SID:22820
  NAME_FGL:LOG0010.CD_LOG_DADOS_SESSAO_LOGIX
  NAME_SQL:cu0
  COMMAND: SELECT SID, DAT_EXECUCAO FROM LOG_DADOS_SESSAO_LOGIX WHERE USUARIO IN (?,'newlogin') AND PROGRAMA=?
  INTO:2
    T:              INTEGER V: 0
    T:             DATETIME V: NULL
[THREAD 1996 - 22/12/2016 13:16:19]
  CLOSE 
  RUNNING TIME: 0.000
  4GL SOURCE: LOG0010.4GL  LINE: 2049 
  STATUS:    0 ROWS AFFECTED:0 SID:22820
  NAME_FGL:LOG0010.CD_LOG_DADOS_SESSAO_LOGIX
  NAME_SQL:cu0
[THREAD 1996 - 22/12/2016 13:16:19]
  FREE 
  RUNNING TIME: 0.000
  4GL SOURCE: LOG0010.4GL  LINE: 2065 
  STATUS:    0 ROWS AFFECTED:0 SID:22820
  NAME_FGL:LOG0010.CD_LOG_DADOS_SESSAO_LOGIX
  NAME_SQL:cu0
[THREAD 1996 - 22/12/2016 13:16:19]
  DECLARE
  RUNNING TIME: 0.000
  4GL SOURCE: LOG0010.4GL  LINE: 1756 
  STATUS:    0 ROWS AFFECTED:0 SID:22820
  NAME_FGL:LOG0010.CD_DEL_MESMO_SID
  NAME_SQL:cu0
  COMMAND: SELECT DAT_EXECUCAO FROM LOG_DADOS_SESSAO_LOGIX WHERE SID=?
[THREAD 1996 - 22/12/2016 13:16:19]
  OPEN 
  RUNNING TIME: 0.000
  4GL SOURCE: LOG0010.4GL  LINE: 1761 
  STATUS:    0 ROWS AFFECTED:1 SID:22820
  NAME_FGL:LOG0010.CD_DEL_MESMO_SID
  NAME_SQL:cu0
  COMMAND: SELECT DAT_EXECUCAO FROM LOG_DADOS_SESSAO_LOGIX WHERE SID=?
  USE: 1
    T:              INTEGER V: 22820
[THREAD 1996 - 22/12/2016 13:16:19]
  FETCH
  RUNNING TIME: 0.000
  4GL SOURCE: LOG0010.4GL  LINE: 1761 
  STATUS:  100 ROWS AFFECTED:0 SID:22820
  NAME_FGL:LOG0010.CD_DEL_MESMO_SID
  NAME_SQL:cu0
  COMMAND: SELECT DAT_EXECUCAO FROM LOG_DADOS_SESSAO_LOGIX WHERE SID=?
  INTO:1
    T:             DATETIME V: NULL
[THREAD 1996 - 22/12/2016 13:16:19]
  CLOSE 
  RUNNING TIME: 0.000
  4GL SOURCE: LOG0010.4GL  LINE: 1761 
  STATUS:    0 ROWS AFFECTED:0 SID:22820
  NAME_FGL:LOG0010.CD_DEL_MESMO_SID
  NAME_SQL:cu0
[THREAD 1996 - 22/12/2016 13:16:19]
  FREE 
  RUNNING TIME: 0.000
  4GL SOURCE: LOG0010.4GL  LINE: 1775 
  STATUS:    0 ROWS AFFECTED:0 SID:22820
  NAME_FGL:LOG0010.CD_DEL_MESMO_SID
  NAME_SQL:cu0
[THREAD 1996 - 22/12/2016 13:16:19]
  TRANSLATE: INSERT INTO LOG_DADOS_SESSAO_LOGIX (SID, DAT_EXECUCAO, USUARIO, PROGRAMA, ORIGEM) VALUES(?, ?, ?, ?, ?)
  RUNNING TIME: 0.000
  4GL SOURCE: LOG0010.4GL  LINE: 1782 
  STATUS:    0 ROWS AFFECTED:1 SID:22820
  COMMAND: INSERT INTO LOG_DADOS_SESSAO_LOGIX (SID, DAT_EXECUCAO, USUARIO, PROGRAMA, ORIGEM) VALUES(?, ?, ?, ?, ?)
  USE: 5
    T:              INTEGER V: 22820
    T:             DATETIME V: 2016-12-22 13:16:19                                                                                                                                                                                                                                            
    T:              CHAR(8) V: 'alex    '
    T:             CHAR(15) V: 'pol0972        '
    T:            CHAR(100) V: 'NOTEALEXLOMBARD:192.168.0.17|192.168.0.5|4318|                                                      '
[THREAD 1996 - 22/12/2016 13:16:19]
  TRANSLATE: SELECT 1 FROM USUARIOS WHERE USUARIOS.COD_USUARIO=?
  EXECUTE
  RUNNING TIME: 0.000
  4GL SOURCE: LOGIN.4GL  LINE: 292 
  STATUS:    0 ROWS AFFECTED:1 SID:22820
  COMMAND: SELECT 1 FROM USUARIOS WHERE USUARIOS.COD_USUARIO=?
  USE: 1
    T:              CHAR(8) V: 'alex    '
[THREAD 1996 - 22/12/2016 13:16:19]
  TRANSLATE: SELECT USUARIO,HOR_INICIAL_ACESSO,HOR_FINAL_ACESSO FROM LOG_PAR_LOGIN_USU WHERE USUARIO=?
  EXECUTE
  RUNNING TIME: 0.000
  4GL SOURCE: LOGIN.4GL  LINE: 351 
  STATUS:    0 ROWS AFFECTED:1 SID:22820
  COMMAND: SELECT USUARIO,HOR_INICIAL_ACESSO,HOR_FINAL_ACESSO FROM LOG_PAR_LOGIN_USU WHERE USUARIO=?
  USE: 1
    T:              CHAR(8) V: 'alex    '
  INTO:3
    T:              CHAR(8) V: 'alex    '
    T:             DATETIME V: NULL
    T:             DATETIME V: NULL
[THREAD 1996 - 22/12/2016 13:16:19]
  TRANSLATE: DELETE FROM LOG_USU_EXP_LOGIN WHERE USUARIO=? AND DAT_HOR_LOGIN<?
  RUNNING TIME: 0.000
  4GL SOURCE: LOGIN.4GL  LINE: 414 
  STATUS:    0 ROWS AFFECTED:0 SID:22820
  COMMAND: DELETE FROM LOG_USU_EXP_LOGIN WHERE USUARIO=? AND DAT_HOR_LOGIN<?
  USE: 2
    T:              CHAR(8) V: 'alex    '
    T:             DATETIME V: 2016-12-22 13:16:19                                                                                                                                                                                                                                            
[THREAD 1996 - 22/12/2016 13:16:19]
  TRANSLATE: SELECT 1 FROM LOG_USU_EXP_LOGIN WHERE USUARIO=? AND DAT_HOR_LOGIN>=?
  EXECUTE
  RUNNING TIME: 0.016
  4GL SOURCE: LOGIN.4GL  LINE: 424 
  STATUS:  100 ROWS AFFECTED:0 SID:22820
  COMMAND: SELECT 1 FROM LOG_USU_EXP_LOGIN WHERE USUARIO=? AND DAT_HOR_LOGIN>=?
  USE: 2
    T:              CHAR(8) V: 'alex    '
    T:             DATETIME V: 2016-12-22 13:16:19                                                                                                                                                                                                                                            
[THREAD 1996 - 22/12/2016 13:16:19]
  DECLARE
  RUNNING TIME: 0.000
  4GL SOURCE: LOGIN.4GL  LINE: 449 
  STATUS:    0 ROWS AFFECTED:0 SID:22820
  NAME_FGL:LOGIN.CQ_USUARIO_BLOQUEADO
  NAME_SQL:cu0
  COMMAND: SELECT A.USUARIO, A.SEQUENCIA_BLOQUEIO, A.MOTIVO_BLOQUEIO, C.DES_MOTIVO_BLOQ, A.DAT_HORA_BLOQUEIO, A.USUARIO_BLOQUEIO, A.DAT_INI_BLOQUEIO, A.DAT_FIM_BLOQUEIO FROM LOG_USU_BLOQ A,LOG_BLOQUEIOS B,OUTER LOG_MOTIVOS_BLOQ C WHERE A.USUARIO=? AND A.USUARIO=B.USUARIO AND A.SEQUENCIA_BLOQUEIO=B.SEQUENCIA_BLOQUEIO AND A.DAT_INI_BLOQUEIO<=? AND A.DAT_FIM_BLOQUEIO IS NULL AND C.MOTIVO_BLOQ=A.MOTIVO_BLOQUEIO UNION SELECT A.USUARIO, A.SEQUENCIA_BLOQUEIO, A.MOTIVO_BLOQUEIO, C.DES_MOTIVO_BLOQ, A.DAT_HORA_BLOQUEIO, A.USUARIO_BLOQUEIO, A.DAT_INI_BLOQUEIO, A.DAT_FIM_BLOQUEIO FROM LOG_USU_BLOQ A,LOG_BLOQUEIOS B,OUTER LOG_MOTIVOS_BLOQ C WHERE A.USUARIO=? AND A.USUARIO=B.USUARIO AND A.SEQUENCIA_BLOQUEIO=B.SEQUENCIA_BLOQUEIO AND A.DAT_FIM_BLOQUEIO IS NOT NULL AND ? BETWEEN A.DAT_INI_BLOQUEIO AND A.DAT_FIM_BLOQUEIO AND C.MOTIVO_BLOQ=A.MOTIVO_BLOQUEIO ORDER BY 2
[THREAD 1996 - 22/12/2016 13:16:19]
  OPEN 
  RUNNING TIME: 0.000
  4GL SOURCE: LOGIN.4GL  LINE: 493 
  STATUS:    0 ROWS AFFECTED:1 SID:22820
  NAME_FGL:LOGIN.CQ_USUARIO_BLOQUEADO
  NAME_SQL:cu0
  COMMAND: SELECT A.USUARIO, A.SEQUENCIA_BLOQUEIO, A.MOTIVO_BLOQUEIO, C.DES_MOTIVO_BLOQ, A.DAT_HORA_BLOQUEIO, A.USUARIO_BLOQUEIO, A.DAT_INI_BLOQUEIO, A.DAT_FIM_BLOQUEIO FROM LOG_USU_BLOQ A,LOG_BLOQUEIOS B,OUTER LOG_MOTIVOS_BLOQ C WHERE A.USUARIO=? AND A.USUARIO=B.USUARIO AND A.SEQUENCIA_BLOQUEIO=B.SEQUENCIA_BLOQUEIO AND A.DAT_INI_BLOQUEIO<=? AND A.DAT_FIM_BLOQUEIO IS NULL AND C.MOTIVO_BLOQ=A.MOTIVO_BLOQUEIO UNION SELECT A.USUARIO, A.SEQUENCIA_BLOQUEIO, A.MOTIVO_BLOQUEIO, C.DES_MOTIVO_BLOQ, A.DAT_HORA_BLOQUEIO, A.USUARIO_BLOQUEIO, A.DAT_INI_BLOQUEIO, A.DAT_FIM_BLOQUEIO FROM LOG_USU_BLOQ A,LOG_BLOQUEIOS B,OUTER LOG_MOTIVOS_BLOQ C WHERE A.USUARIO=? AND A.USUARIO=B.USUARIO AND A.SEQUENCIA_BLOQUEIO=B.SEQUENCIA_BLOQUEIO AND A.DAT_FIM_BLOQUEIO IS NOT NULL AND ? BETWEEN A.DAT_INI_BLOQUEIO AND A.DAT_FIM_BLOQUEIO AND C.MOTIVO_BLOQ=A.MOTIVO_BLOQUEIO ORDER BY 2
  USE: 4
    T:              CHAR(8) V: 'alex    '
    T:                 DATE V: 22/12/2016                                                                                                                                                                                                                                                     
    T:              CHAR(8) V: 'alex    '
    T:                 DATE V: 22/12/2016                                                                                                                                                                                                                                                     
[THREAD 1996 - 22/12/2016 13:16:19]
  FETCH
  RUNNING TIME: 0.000
  4GL SOURCE: LOGIN.4GL  LINE: 493 
  STATUS:  100 ROWS AFFECTED:0 SID:22820
  NAME_FGL:LOGIN.CQ_USUARIO_BLOQUEADO
  NAME_SQL:cu0
  COMMAND: SELECT A.USUARIO, A.SEQUENCIA_BLOQUEIO, A.MOTIVO_BLOQUEIO, C.DES_MOTIVO_BLOQ, A.DAT_HORA_BLOQUEIO, A.USUARIO_BLOQUEIO, A.DAT_INI_BLOQUEIO, A.DAT_FIM_BLOQUEIO FROM LOG_USU_BLOQ A,LOG_BLOQUEIOS B,OUTER LOG_MOTIVOS_BLOQ C WHERE A.USUARIO=? AND A.USUARIO=B.USUARIO AND A.SEQUENCIA_BLOQUEIO=B.SEQUENCIA_BLOQUEIO AND A.DAT_INI_BLOQUEIO<=? AND A.DAT_FIM_BLOQUEIO IS NULL AND C.MOTIVO_BLOQ=A.MOTIVO_BLOQUEIO UNION SELECT A.USUARIO, A.SEQUENCIA_BLOQUEIO, A.MOTIVO_BLOQUEIO, C.DES_MOTIVO_BLOQ, A.DAT_HORA_BLOQUEIO, A.USUARIO_BLOQUEIO, A.DAT_INI_BLOQUEIO, A.DAT_FIM_BLOQUEIO FROM LOG_USU_BLOQ A,LOG_BLOQUEIOS B,OUTER LOG_MOTIVOS_BLOQ C WHERE A.USUARIO=? AND A.USUARIO=B.USUARIO AND A.SEQUENCIA_BLOQUEIO=B.SEQUENCIA_BLOQUEIO AND A.DAT_FIM_BLOQUEIO IS NOT NULL AND ? BETWEEN A.DAT_INI_BLOQUEIO AND A.DAT_FIM_BLOQUEIO AND C.MOTIVO_BLOQ=A.MOTIVO_BLOQUEIO ORDER BY 2
  INTO:8
    T:              CHAR(8) V: 'NULL'
    T:              INTEGER V: NULL
    T:              INTEGER V: NULL
    T:             CHAR(76) V: 'NULL'
    T:             DATETIME V: NULL
    T:              CHAR(8) V: 'NULL'
    T:                 DATE V: NULL
    T:                 DATE V: NULL
[THREAD 1996 - 22/12/2016 13:16:19]
  CLOSE 
  RUNNING TIME: 0.000
  4GL SOURCE: LOGIN.4GL  LINE: 493 
  STATUS:    0 ROWS AFFECTED:0 SID:22820
  NAME_FGL:LOGIN.CQ_USUARIO_BLOQUEADO
  NAME_SQL:cu0
[THREAD 1996 - 22/12/2016 13:16:19]
  FREE 
  RUNNING TIME: 0.000
  4GL SOURCE: LOGIN.4GL  LINE: 552 
  STATUS:    0 ROWS AFFECTED:0 SID:22820
  NAME_FGL:LOGIN.CQ_USUARIO_BLOQUEADO
  NAME_SQL:cu0
[THREAD 1996 - 22/12/2016 13:16:19]
  TRANSLATE: SELECT TABNAME FROM SYSTABLES WHERE TABNAME=?
  EXECUTE
  RUNNING TIME: 0.000
  4GL SOURCE: LOG0150.4GL  LINE: 91 
  STATUS:    0 ROWS AFFECTED:1 SID:22820
  COMMAND: SELECT TABNAME FROM SYSTABLES WHERE TABNAME=?
  USE: 1
    T:             CHAR(50) V: 'men_usuario_login                                 '
[THREAD 1996 - 22/12/2016 13:16:19]
  TRANSLATE: SELECT 1 FROM USUARIO_SENHA WHERE COD_USUARIO=?
  EXECUTE
  RUNNING TIME: 0.016
  4GL SOURCE: LOGIN.4GL  LINE: 1021 
  STATUS:    0 ROWS AFFECTED:1 SID:22820
  COMMAND: SELECT 1 FROM USUARIO_SENHA WHERE COD_USUARIO=?
  USE: 1
    T:              CHAR(8) V: 'alex    '
[THREAD 1996 - 22/12/2016 13:16:19]
  TRANSLATE: SELECT 1 FROM USUARIOS WHERE COD_USUARIO=? AND IND_ADMLOG='S'
  EXECUTE
  RUNNING TIME: 0.000
  4GL SOURCE: LOGIN.4GL  LINE: 2664 
  STATUS:    0 ROWS AFFECTED:1 SID:22820
  COMMAND: SELECT 1 FROM USUARIOS WHERE COD_USUARIO=? AND IND_ADMLOG='S'
  USE: 1
    T:              CHAR(8) V: 'alex    '
[THREAD 1996 - 22/12/2016 13:16:19]
  TRANSLATE: SELECT FORM_VERSION,FORM_RELEASE,FORM_MODIFICATION FROM FRM_FORM WHERE FORM_NAME=?
  EXECUTE
  RUNNING TIME: 0.000
  4GL SOURCE: LOG0010.4GL  LINE: 2204 
  STATUS:  100 ROWS AFFECTED:0 SID:22820
  COMMAND: SELECT FORM_VERSION,FORM_RELEASE,FORM_MODIFICATION FROM FRM_FORM WHERE FORM_NAME=?
  USE: 1
    T:             CHAR(15) V: 'liclogix       '
  INTO:3
    T:              CHAR(2) V: 'NULL'
    T:              CHAR(5) V: 'NULL'
    T:             CHAR(10) V: 'NULL'
[LOGIX] Aplicação: LICLOGIX Versão: 12.1.13.55   Liberação: 26/01/16 18:00Ult. Modificação:
[THREAD 1996 - 22/12/2016 13:16:19]
  TRANSLATE: SELECT LOG_VERSAO_PRG.NUM_VERSAO,LOG_VERSAO_PRG.VERSAO_FORMULARIO FROM LOG_VERSAO_PRG WHERE LOG_VERSAO_PRG.NUM_PROGRAMA=?
  EXECUTE
  RUNNING TIME: 0.000
  4GL SOURCE: LOG0010.4GL  LINE: 2295 
  STATUS:  100 ROWS AFFECTED:0 SID:22820
  COMMAND: SELECT LOG_VERSAO_PRG.NUM_VERSAO,LOG_VERSAO_PRG.VERSAO_FORMULARIO FROM LOG_VERSAO_PRG WHERE LOG_VERSAO_PRG.NUM_PROGRAMA=?
  USE: 1
    T:             CHAR(15) V: 'LICLOGIX       '
  INTO:2
    T:             CHAR(12) V: 'NULL'
    T:             CHAR(12) V: 'NULL'
[THREAD 1996 - 22/12/2016 13:16:19]
  TRANSLATE: SELECT NUM_CGC FROM EMPRESA WHERE COD_EMPRESA=?
  EXECUTE
  RUNNING TIME: 0.000
  4GL SOURCE: LICLOGIX.4GL  LINE: 280 
  STATUS:    0 ROWS AFFECTED:1 SID:22820
  COMMAND: SELECT NUM_CGC FROM EMPRESA WHERE COD_EMPRESA=?
  USE: 1
    T:              CHAR(2) V: '01'
  INTO:1
    T:             CHAR(20) V: '044.601.227/0001-68 '
[THREAD 1996 - 22/12/2016 13:16:19]
  TRANSLATE: SELECT NUM_CGC FROM EMPRESA WHERE COD_EMPRESA=?
  EXECUTE
  RUNNING TIME: 0.000
  4GL SOURCE: LICLOGIX.4GL  LINE: 280 
  STATUS:    0 ROWS AFFECTED:1 SID:22820
  COMMAND: SELECT NUM_CGC FROM EMPRESA WHERE COD_EMPRESA=?
  USE: 1
    T:              CHAR(2) V: '01'
  INTO:1
    T:             CHAR(20) V: '044.601.227/0001-68 '
[THREAD 1996 - 22/12/2016 13:16:19]
  TRANSLATE: SELECT EMP_RAZ_SOC.DEN_RAZAO_SOCIAL FROM EMP_RAZ_SOC WHERE EMP_RAZ_SOC.COD_EMPRESA=?
  EXECUTE
  RUNNING TIME: 0.000
  4GL SOURCE: LICLOGIX.4GL  LINE: 330 
  STATUS:    0 ROWS AFFECTED:1 SID:22820
  COMMAND: SELECT EMP_RAZ_SOC.DEN_RAZAO_SOCIAL FROM EMP_RAZ_SOC WHERE EMP_RAZ_SOC.COD_EMPRESA=?
  USE: 1
    T:              CHAR(2) V: '01'
  INTO:1
    T:         VARCHAR(200) V: 'ROVEMAR INDUSTRIA E COM. EIRELI                                                                     '
[THREAD 1996 - 22/12/2016 13:16:19]
  TRANSLATE: SELECT DEN_EMPRESA FROM EMPRESA WHERE EMPRESA.COD_EMPRESA=?
  EXECUTE
  RUNNING TIME: 0.000
  4GL SOURCE: LICLOGIX.4GL  LINE: 370 
  STATUS:    0 ROWS AFFECTED:1 SID:22820
  COMMAND: SELECT DEN_EMPRESA FROM EMPRESA WHERE EMPRESA.COD_EMPRESA=?
  USE: 1
    T:              CHAR(2) V: '01'
  INTO:1
    T:         VARCHAR(200) V: 'ROVEMAR INDUSTRIA E COM. EIRELI     '
[THREAD 1996 - 22/12/2016 13:16:19]
  TRANSLATE: SELECT EMPRESA_RHU.TEX_PARAM[105, 111] FROM EMPRESA_RHU WHERE EMPRESA_RHU.COD_EMPRESA=?
  EXECUTE
  RUNNING TIME: 0.000
  4GL SOURCE: LICLOGIX.4GL  LINE: 410 
  STATUS:    0 ROWS AFFECTED:1 SID:22820
  COMMAND: SELECT EMPRESA_RHU.TEX_PARAM[105, 111] FROM EMPRESA_RHU WHERE EMPRESA_RHU.COD_EMPRESA=?
  USE: 1
    T:              CHAR(2) V: '01'
  INTO:1
    T:          VARCHAR(10) V: '2949299'
[THREAD 1996 - 22/12/2016 13:16:19]
  TRANSLATE: SELECT NUM_CGC FROM EMPRESA WHERE COD_EMPRESA=?
  EXECUTE
  RUNNING TIME: 0.000
  4GL SOURCE: LICLOGIX.4GL  LINE: 280 
  STATUS:    0 ROWS AFFECTED:1 SID:22820
  COMMAND: SELECT NUM_CGC FROM EMPRESA WHERE COD_EMPRESA=?
  USE: 1
    T:              CHAR(2) V: '01'
  INTO:1
    T:             CHAR(20) V: '044.601.227/0001-68 '
[LOGIX] [LICENSE][THREADID 1996] Obtendo licença Cloud (5019) STATUS = 0 (ThreadID 5076 User alex Programa: pol0972 IP 192.168.0.5 Port 4318 FederalID 44601227000168 Full Determinado false)
[THREAD 1996 - 22/12/2016 13:16:19]
  TRANSLATE: SELECT TABNAME FROM SYSTABLES WHERE TABNAME=?
  EXECUTE
  RUNNING TIME: 0.000
  4GL SOURCE: LOG0150.4GL  LINE: 91 
  STATUS:    0 ROWS AFFECTED:1 SID:22820
  COMMAND: SELECT TABNAME FROM SYSTABLES WHERE TABNAME=?
  USE: 1
    T:             CHAR(50) V: 'log_uso_recusa_licenca                            '
[THREAD 1996 - 22/12/2016 13:16:19]
  TRANSLATE: INSERT INTO LOG_USO_MODULO (MODULO, EMPRESA, DAT_USO, QTD_USO) VALUES(?, ?, ?, 1)
  RUNNING TIME: 0.000
  4GL SOURCE: LOGUSO.4GL  LINE: 103 
  STATUS: -268   TRANSACTION: FALSE SID:22820
  ISAM: -100
  MSG: Unique constraint (informix.pk_log_uso_modulo) violated.
  COMMAND: INSERT INTO LOG_USO_MODULO (MODULO, EMPRESA, DAT_USO, QTD_USO) VALUES(?, ?, ?, 1)
  USE: 3
    T:              CHAR(8) V: 'MANCHF  '
    T:              CHAR(2) V: '01'
    T:                 DATE V: 22/12/2016                                                                                                                                                                                                                                                     
[THREAD 1996 - 22/12/2016 13:16:19]
  TRANSLATE: UPDATE LOG_USO_MODULO SET LOG_USO_MODULO.QTD_USO=LOG_USO_MODULO.QTD_USO+1 WHERE LOG_USO_MODULO.DAT_USO=? AND LOG_USO_MODULO.MODULO=? AND LOG_USO_MODULO.EMPRESA=?
  RUNNING TIME: 0.000
  4GL SOURCE: LOGUSO.4GL  LINE: 120 
  STATUS:    0 ROWS AFFECTED:1 SID:22820
  COMMAND: UPDATE LOG_USO_MODULO SET LOG_USO_MODULO.QTD_USO=LOG_USO_MODULO.QTD_USO+1 WHERE LOG_USO_MODULO.DAT_USO=? AND LOG_USO_MODULO.MODULO=? AND LOG_USO_MODULO.EMPRESA=?
  USE: 3
    T:                 DATE V: 22/12/2016                                                                                                                                                                                                                                                     
    T:              CHAR(8) V: 'MANCHF  '
    T:              CHAR(2) V: '01'
[THREAD 1996 - 22/12/2016 13:16:19]
  TRANSLATE: SELECT PROGRAMA FROM LOG_REG_ACS_PROG WHERE PROGRAMA=?
  EXECUTE
  RUNNING TIME: 0.000
  4GL SOURCE: LOG0210.4GL  LINE: 20 
  STATUS:    0 ROWS AFFECTED:1 SID:22820
  COMMAND: SELECT PROGRAMA FROM LOG_REG_ACS_PROG WHERE PROGRAMA=?
  USE: 1
    T:              CHAR(8) V: 'pol0972 '
[THREAD 1996 - 22/12/2016 13:16:19]
  TRANSLATE: UPDATE LOG_REG_ACS_PROG SET DAT_ACESSO=? WHERE PROGRAMA=?
  RUNNING TIME: 0.000
  4GL SOURCE: LOG0210.4GL  LINE: 28 
  STATUS:    0 ROWS AFFECTED:1 SID:22820
  COMMAND: UPDATE LOG_REG_ACS_PROG SET DAT_ACESSO=? WHERE PROGRAMA=?
  USE: 2
    T:             DATETIME V: 2016-12                                                                                                                                                                                                                                                        
    T:              CHAR(8) V: 'pol0972 '
[THREAD 1996 - 22/12/2016 13:16:19]
  TRANSLATE: SELECT IND_REG_ACESSO,IND_PROGRAMAS FROM LOG_PAR_LOGIN_USU WHERE USUARIO=?
  EXECUTE
  RUNNING TIME: 0.000
  4GL SOURCE: LOG0010.4GL  LINE: 588 
  STATUS:    0 ROWS AFFECTED:1 SID:22820
  COMMAND: SELECT IND_REG_ACESSO,IND_PROGRAMAS FROM LOG_PAR_LOGIN_USU WHERE USUARIO=?
  USE: 1
    T:              CHAR(8) V: 'alex    '
  INTO:2
    T:              CHAR(1) V: 'T'
    T:              CHAR(1) V: 'N'
[THREAD 1996 - 22/12/2016 13:16:19]
  TRANSLATE: INSERT INTO LOG_ACS_USU_PROG (USUARIO, EMPRESA, NUM_PROGRAMA, DAT_HOR_ACESSO) VALUES(?, ?, ?, ?)
  RUNNING TIME: 0.016
  4GL SOURCE: LOG0010.4GL  LINE: 673 
  STATUS:    0 ROWS AFFECTED:1 SID:22820
  COMMAND: INSERT INTO LOG_ACS_USU_PROG (USUARIO, EMPRESA, NUM_PROGRAMA, DAT_HOR_ACESSO) VALUES(?, ?, ?, ?)
  USE: 4
    T:              CHAR(8) V: 'alex    '
    T:              CHAR(2) V: '01'
    T:             CHAR(15) V: 'pol0972        '
    T:             DATETIME V: 2016-12-22 13:16:19                                                                                                                                                                                                                                            
[THREAD 1996 - 22/12/2016 13:16:19]
  TRANSLATE: SELECT TABNAME FROM SYSTABLES WHERE TABNAME=?
  EXECUTE
  RUNNING TIME: 0.000
  4GL SOURCE: LOG0150.4GL  LINE: 91 
  STATUS:    0 ROWS AFFECTED:1 SID:22820
  COMMAND: SELECT TABNAME FROM SYSTABLES WHERE TABNAME=?
  USE: 1
    T:             CHAR(50) V: 'log_uso_recusa_licenca                            '
[THREAD 1996 - 22/12/2016 13:16:19]
  TRANSLATE: INSERT INTO LOG_USO_ROTINA (ROTINA, EMPRESA, DAT_USO, QTD_USO) VALUES(?, ?, ?, 1)
  RUNNING TIME: 0.000
  4GL SOURCE: LOGUSO.4GL  LINE: 44 
  STATUS: -268   TRANSACTION: FALSE SID:22820
  ISAM: -100
  MSG: Unique constraint (informix.pk_log_uso_rotina) violated.
  COMMAND: INSERT INTO LOG_USO_ROTINA (ROTINA, EMPRESA, DAT_USO, QTD_USO) VALUES(?, ?, ?, 1)
  USE: 3
    T:             CHAR(20) V: 'POL0972             '
    T:              CHAR(2) V: '01'
    T:                 DATE V: 22/12/2016                                                                                                                                                                                                                                                     
[THREAD 1996 - 22/12/2016 13:16:22]
  TRANSLATE: UPDATE LOG_USO_ROTINA SET LOG_USO_ROTINA.QTD_USO=LOG_USO_ROTINA.QTD_USO+1 WHERE LOG_USO_ROTINA.DAT_USO=? AND LOG_USO_ROTINA.ROTINA=? AND LOG_USO_ROTINA.EMPRESA=?
  RUNNING TIME: 0.000
  4GL SOURCE: LOGUSO.4GL  LINE: 61 
  STATUS:    0 ROWS AFFECTED:1 SID:22820
  COMMAND: UPDATE LOG_USO_ROTINA SET LOG_USO_ROTINA.QTD_USO=LOG_USO_ROTINA.QTD_USO+1 WHERE LOG_USO_ROTINA.DAT_USO=? AND LOG_USO_ROTINA.ROTINA=? AND LOG_USO_ROTINA.EMPRESA=?
  USE: 3
    T:                 DATE V: 22/12/2016                                                                                                                                                                                                                                                     
    T:             CHAR(20) V: 'POL0972             '
    T:              CHAR(2) V: '01'
[THREAD 1996 - 22/12/2016 13:16:22]
  TRANSLATE: SELECT PROCESSANDO,HOR_INI FROM ROVPROC_APONT_MAN912
  EXECUTE
  RUNNING TIME: 0.000
  4GL SOURCE: POL0972.4GL  LINE: 1484 
  STATUS:    0 ROWS AFFECTED:1 SID:22820
  COMMAND: SELECT PROCESSANDO,HOR_INI FROM ROVPROC_APONT_MAN912
  INTO:2
    T:              CHAR(1) V: 'N'
    T:             DATETIME V: 09:32:32                                                                                                                                                                                                                                                       
[THREAD 1996 - 22/12/2016 13:16:22]
  TRANSLATE: LOGIX
  EXECUTE
  STATUS:0
  COMMAND: LOGIX
