[DEBUG][2016-06-01 16:50:32] Empresa = 25 Usuário = adriana [source: LOG0010.4GL line: 1376 function: LOG_APPSETENV()]
[DEBUG][2016-06-01 16:50:32] APPSTART - INICIO [source: LOG0010.4GL line: 65 function: LOG001_ACESSA_USUARIO()]
[THREAD 4143221616 - 01/06/2016 16:50:33]
  TRANSLATE: ?
  EXECUTE
  STATUS:0
  COMMAND: DEFAULT
[THREAD 4143221616 - 01/06/2016 16:50:33]
  TRANSLATE: SELECT /*+FIRST_ROWS */ table_name FROM user_tables WHERE table_name = 'LOG_DADOS_SESSAO_LOGIX'
  PREPARE
  RUNNING TIME: 0.003
  4GL SOURCE: LOG0150.4GL  LINE: 64 
  STATUS:    0 ROWS AFFECTED:0 SID:3458748
  NAME_FGL:VAR_EXISTE_TABELA
  NAME_SQL:cu0
  NATIVE COMMAND:SELECT /*+FIRST_ROWS */TABLE_NAME FROM USER_TABLES  WHERE TABLE_NAME='LOG_DADOS_SESSAO_LOGIX'
  COMMAND: SELECT /*+FIRST_ROWS */ table_name FROM user_tables WHERE table_name = 'LOG_DADOS_SESSAO_LOGIX'
[THREAD 4143221616 - 01/06/2016 16:50:33]
  EXECUTE
  4GL SOURCE: LOG0150.4GL  LINE: 65 
  STATUS:    0 ROWS AFFECTED:1 SID:3458748
  NAME_FGL:LOG0150.VAR_EXISTE_TABELA
  NAME_SQL:cu0
  4GL SOURCE: LOG0150.4GL  LINE: 65 
  STATUS:    0 ROWS AFFECTED:1 SID:3458748
  COMMAND: SELECT /*+FIRST_ROWS */ table_name FROM user_tables WHERE table_name = 'LOG_DADOS_SESSAO_LOGIX'
  RUNNING TIME: 0.004
  4GL SOURCE: LOG0150.4GL  LINE: 65 
  STATUS:    0 ROWS AFFECTED:1 SID:3458748
  NAME_FGL:VAR_EXISTE_TABELA
  NAME_SQL:cu0
  COMMAND: SELECT /*+FIRST_ROWS */ table_name FROM user_tables WHERE table_name = 'LOG_DADOS_SESSAO_LOGIX'
[THREAD 4143221616 - 01/06/2016 16:50:33]
  FREE 
  RUNNING TIME: 0.000
  4GL SOURCE: LOG0150.4GL  LINE: 114 
  STATUS:    0 ROWS AFFECTED:1 SID:3458748
  NAME_FGL:LOG0150.VAR_EXISTE_TABELA
  NAME_SQL:cu0
[THREAD 4143221616 - 01/06/2016 16:50:33]
  TRANSLATE: SELECT  SYS_CONTEXT('USERENV','SESSIONID') FROM DUAL 
  EXECUTE
  RUNNING TIME: 0.000
  4GL SOURCE: LOG0010.4GL  LINE: 477 
  STATUS:    0 ROWS AFFECTED:1 SID:3458748
  COMMAND: SELECT  SYS_CONTEXT('USERENV','SESSIONID') FROM DUAL 
  INTO:1
    T:              INTEGER V: 3458748
[THREAD 4143221616 - 01/06/2016 16:50:33]
  TRANSLATE: SELECT  SYS_CONTEXT('USERENV','SESSIONID') FROM DUAL 
  EXECUTE
  RUNNING TIME: 0.000
  4GL SOURCE: LOG0010.4GL  LINE: 477 
  STATUS:    0 ROWS AFFECTED:1 SID:3458748
  COMMAND: SELECT  SYS_CONTEXT('USERENV','SESSIONID') FROM DUAL 
  INTO:1
    T:              INTEGER V: 3458748
[THREAD 4143221616 - 01/06/2016 16:50:33]
  DECLARE
  RUNNING TIME: 0.003
  4GL SOURCE: LOG0010.4GL  LINE: 2026 
  STATUS:    0 ROWS AFFECTED:0 SID:3458748
  NAME_FGL:LOG0010.CD_LOG_DADOS_SESSAO_LOGIX
  NAME_SQL:cu0
  NATIVE COMMAND:SELECT SID,DAT_EXECUCAO FROM LOG_DADOS_SESSAO_LOGIX  WHERE USUARIO IN (:p1,'newlogin') AND PROGRAMA=:p2
  COMMAND: SELECT SID, DAT_EXECUCAO FROM LOG_DADOS_SESSAO_LOGIX  WHERE USUARIO IN (:p1,'newlogin') AND PROGRAMA=:p2
[THREAD 4143221616 - 01/06/2016 16:50:33]
  OPEN 
  RUNNING TIME: 0.000
  4GL SOURCE: LOG0010.4GL  LINE: 2034 
  STATUS:    0 ROWS AFFECTED:0 SID:3458748
  NAME_FGL:LOG0010.CD_LOG_DADOS_SESSAO_LOGIX
  NAME_SQL:cu0
  COMMAND: SELECT SID, DAT_EXECUCAO FROM LOG_DADOS_SESSAO_LOGIX  WHERE USUARIO IN (:p1,'newlogin') AND PROGRAMA=:p2
  USE: 2
    T:              CHAR(8) V: 'adriana '
    T:             CHAR(15) V: 'pol1304        '
[THREAD 4143221616 - 01/06/2016 16:50:33]
  FETCH
  RUNNING TIME: 0.000
  4GL SOURCE: LOG0010.4GL  LINE: 2034 
  STATUS:  100 ROWS AFFECTED:0 SID:3458748
  NAME_FGL:LOG0010.CD_LOG_DADOS_SESSAO_LOGIX
  NAME_SQL:cu0
  COMMAND: SELECT SID, DAT_EXECUCAO FROM LOG_DADOS_SESSAO_LOGIX  WHERE USUARIO IN (:p1,'newlogin') AND PROGRAMA=:p2
  INTO:2
    T:              INTEGER V: 0
    T:             DATETIME V: NULL
[THREAD 4143221616 - 01/06/2016 16:50:33]
  CLOSE 
  RUNNING TIME: 0.000
  4GL SOURCE: LOG0010.4GL  LINE: 2034 
  STATUS:    0 ROWS AFFECTED:0 SID:3458748
  NAME_FGL:LOG0010.CD_LOG_DADOS_SESSAO_LOGIX
  NAME_SQL:cu0
[THREAD 4143221616 - 01/06/2016 16:50:33]
  FREE 
  RUNNING TIME: 0.000
  4GL SOURCE: LOG0010.4GL  LINE: 2050 
  STATUS:    0 ROWS AFFECTED:0 SID:3458748
  NAME_FGL:LOG0010.CD_LOG_DADOS_SESSAO_LOGIX
  NAME_SQL:cu0
[THREAD 4143221616 - 01/06/2016 16:50:33]
  DECLARE
  RUNNING TIME: 0.002
  4GL SOURCE: LOG0010.4GL  LINE: 1741 
  STATUS:    0 ROWS AFFECTED:0 SID:3458748
  NAME_FGL:LOG0010.CD_DEL_MESMO_SID
  NAME_SQL:cu0
  NATIVE COMMAND:SELECT DAT_EXECUCAO FROM LOG_DADOS_SESSAO_LOGIX  WHERE SID=:p1
  COMMAND: SELECT DAT_EXECUCAO FROM LOG_DADOS_SESSAO_LOGIX  WHERE SID=:p1
[THREAD 4143221616 - 01/06/2016 16:50:33]
  OPEN 
  RUNNING TIME: 0.001
  4GL SOURCE: LOG0010.4GL  LINE: 1746 
  STATUS:    0 ROWS AFFECTED:0 SID:3458748
  NAME_FGL:LOG0010.CD_DEL_MESMO_SID
  NAME_SQL:cu0
  COMMAND: SELECT DAT_EXECUCAO FROM LOG_DADOS_SESSAO_LOGIX  WHERE SID=:p1
  USE: 1
    T:              INTEGER V: 3458748
[THREAD 4143221616 - 01/06/2016 16:50:33]
  FETCH
  RUNNING TIME: 0.000
  4GL SOURCE: LOG0010.4GL  LINE: 1746 
  STATUS:  100 ROWS AFFECTED:0 SID:3458748
  NAME_FGL:LOG0010.CD_DEL_MESMO_SID
  NAME_SQL:cu0
  COMMAND: SELECT DAT_EXECUCAO FROM LOG_DADOS_SESSAO_LOGIX  WHERE SID=:p1
  INTO:1
    T:             DATETIME V: NULL
[THREAD 4143221616 - 01/06/2016 16:50:33]
  CLOSE 
  RUNNING TIME: 0.000
  4GL SOURCE: LOG0010.4GL  LINE: 1746 
  STATUS:    0 ROWS AFFECTED:0 SID:3458748
  NAME_FGL:LOG0010.CD_DEL_MESMO_SID
  NAME_SQL:cu0
[THREAD 4143221616 - 01/06/2016 16:50:33]
  FREE 
  RUNNING TIME: 0.000
  4GL SOURCE: LOG0010.4GL  LINE: 1760 
  STATUS:    0 ROWS AFFECTED:0 SID:3458748
  NAME_FGL:LOG0010.CD_DEL_MESMO_SID
  NAME_SQL:cu0
[THREAD 4143221616 - 01/06/2016 16:50:33]
  TRANSLATE: INSERT INTO LOG_DADOS_SESSAO_LOGIX (SID, DAT_EXECUCAO, USUARIO, PROGRAMA, ORIGEM) VALUES(:p1, :p2, :p3, :p4, :p5)
  RUNNING TIME: 0.002
  4GL SOURCE: LOG0010.4GL  LINE: 1767 
  STATUS:    0 ROWS AFFECTED:1 SID:3458748
  COMMAND: INSERT INTO LOG_DADOS_SESSAO_LOGIX (SID, DAT_EXECUCAO, USUARIO, PROGRAMA, ORIGEM) VALUES(:p1, :p2, :p3, :p4, :p5)
  USE: 5
    T:              INTEGER V: 3458748
    T:             DATETIME V: 2016-06-01 16:50:33                                                                                                                                                                                                                                            
    T:              CHAR(8) V: 'adriana '
    T:             CHAR(15) V: 'pol1304        '
    T:            CHAR(100) V: 'BR250022:10.13.32.104|172.25.1.191|8410|                                                            '
[DEBUG][2016-06-01 16:50:33] [APPLICATION] Aplicação principal = POL1304 [source: APPLICATION.PRW line: 294 function: APPLICATION_SETMAINAPPNAME()]
[DEBUG][2016-06-01 16:50:33] [PRINTFILE] Destino de impressão não detectado [source: LOG0280.4GL line: 3564 function: LOG0280_CHECKFINISHREPORTHANDLER()]
[DEBUG][2016-06-01 16:50:33] [PRINTFILE] Emissão para disco DESATIVADA [source: LOG0280.4GL line: 3533 function: LOG0280_FINISHREPORT_ATIVA_DISCO()]
[DEBUG][2016-06-01 16:50:33] [PRINTFILE] Arquivos para emissão em disco () [source: LOG0280.4GL line: 3571 function: LOG0280_CHECKFINISHREPORTHANDLER()]
[THREAD 4143221616 - 01/06/2016 16:50:33]
  TRANSLATE: SELECT FORM_VERSION,FORM_RELEASE,FORM_MODIFICATION FROM FRM_FORM  WHERE FORM_NAME=:p1
  EXECUTE
  RUNNING TIME: 0.001
  4GL SOURCE: LOG0010.4GL  LINE: 2167 
  STATUS:  100 ROWS AFFECTED:0 SID:3458748
  COMMAND: SELECT FORM_VERSION,FORM_RELEASE,FORM_MODIFICATION FROM FRM_FORM  WHERE FORM_NAME=:p1
  USE: 1
    T:             CHAR(15) V: 'pol1304        '
  INTO:3
    T:              CHAR(2) V: 'NULL'
    T:              CHAR(2) V: 'NULL'
    T:             CHAR(10) V: 'NULL'
[LOGIX] Aplicação: POL1304 Versão: ?Ult. Modificação: 2016-05-26 13:50:38
[THREAD 4143221616 - 01/06/2016 16:50:33]
  DECLARE
  RUNNING TIME: 0.003
  4GL SOURCE: SYSTEMKEY.4GL  LINE: 67 
  STATUS:    0 ROWS AFFECTED:0 SID:3458748
  NAME_FGL:SYSTEMKEY.CM_ADJUSTSYSTEMKEY
  NAME_SQL:cu0
  NATIVE COMMAND:SELECT SISTEMAS_LOGIX.COD_SISTEMA FROM SISTEMAS_LOGIX  WHERE SISTEMAS_LOGIX.CHAVE_SISTEMA='?' OR SISTEMAS_LOGIX.CHAVE_SISTEMA IS NULL OR SISTEMAS_LOGIX.CHAVE_SISTEMA=' '
  COMMAND: SELECT SISTEMAS_LOGIX.COD_SISTEMA FROM SISTEMAS_LOGIX  WHERE SISTEMAS_LOGIX.CHAVE_SISTEMA='?' OR SISTEMAS_LOGIX.CHAVE_SISTEMA IS NULL OR SISTEMAS_LOGIX.CHAVE_SISTEMA=' '
[THREAD 4143221616 - 01/06/2016 16:50:33]
  OPEN 
  RUNNING TIME: 0.001
  4GL SOURCE: SYSTEMKEY.4GL  LINE: 74 
  STATUS:    0 ROWS AFFECTED:0 SID:3458748
  NAME_FGL:SYSTEMKEY.CM_ADJUSTSYSTEMKEY
  NAME_SQL:cu0
  COMMAND: SELECT SISTEMAS_LOGIX.COD_SISTEMA FROM SISTEMAS_LOGIX  WHERE SISTEMAS_LOGIX.CHAVE_SISTEMA='?' OR SISTEMAS_LOGIX.CHAVE_SISTEMA IS NULL OR SISTEMAS_LOGIX.CHAVE_SISTEMA=' '
[THREAD 4143221616 - 01/06/2016 16:50:33]
  FETCH
  RUNNING TIME: 0.000
  4GL SOURCE: SYSTEMKEY.4GL  LINE: 74 
  STATUS:    0 ROWS AFFECTED:1 SID:3458748
  NAME_FGL:SYSTEMKEY.CM_ADJUSTSYSTEMKEY
  NAME_SQL:cu0
  INTO:1
    T:              INTEGER V: 69
[THREAD 4143221616 - 01/06/2016 16:50:33]
  FETCH
  RUNNING TIME: 0.000
  4GL SOURCE: SYSTEMKEY.4GL  LINE: 74 
  STATUS:    0 ROWS AFFECTED:1 SID:3458748
  NAME_FGL:SYSTEMKEY.CM_ADJUSTSYSTEMKEY
  NAME_SQL:cu0
  INTO:1
    T:              INTEGER V: 904
[THREAD 4143221616 - 01/06/2016 16:50:33]
  FETCH
  RUNNING TIME: 0.000
  4GL SOURCE: SYSTEMKEY.4GL  LINE: 74 
  STATUS:    0 ROWS AFFECTED:1 SID:3458748
  NAME_FGL:SYSTEMKEY.CM_ADJUSTSYSTEMKEY
  NAME_SQL:cu0
  INTO:1
    T:              INTEGER V: 400
[THREAD 4143221616 - 01/06/2016 16:50:33]
  FETCH
  RUNNING TIME: 0.000
  4GL SOURCE: SYSTEMKEY.4GL  LINE: 74 
  STATUS:    0 ROWS AFFECTED:1 SID:3458748
  NAME_FGL:SYSTEMKEY.CM_ADJUSTSYSTEMKEY
  NAME_SQL:cu0
  INTO:1
    T:              INTEGER V: 626
[THREAD 4143221616 - 01/06/2016 16:50:33]
  FETCH
  RUNNING TIME: 0.000
  4GL SOURCE: SYSTEMKEY.4GL  LINE: 74 
  STATUS:  100 ROWS AFFECTED:0 SID:3458748
  NAME_FGL:SYSTEMKEY.CM_ADJUSTSYSTEMKEY
  NAME_SQL:cu0
  COMMAND: SELECT SISTEMAS_LOGIX.COD_SISTEMA FROM SISTEMAS_LOGIX  WHERE SISTEMAS_LOGIX.CHAVE_SISTEMA='?' OR SISTEMAS_LOGIX.CHAVE_SISTEMA IS NULL OR SISTEMAS_LOGIX.CHAVE_SISTEMA=' '
  INTO:1
    T:              INTEGER V: 626
[THREAD 4143221616 - 01/06/2016 16:50:33]
  CLOSE 
  RUNNING TIME: 0.000
  4GL SOURCE: SYSTEMKEY.4GL  LINE: 74 
  STATUS:    0 ROWS AFFECTED:0 SID:3458748
  NAME_FGL:SYSTEMKEY.CM_ADJUSTSYSTEMKEY
  NAME_SQL:cu0
[THREAD 4143221616 - 01/06/2016 16:50:33]
  FREE 
  RUNNING TIME: 0.001
  4GL SOURCE: SYSTEMKEY.4GL  LINE: 92 
  STATUS:    0 ROWS AFFECTED:0 SID:3458748
  NAME_FGL:SYSTEMKEY.CM_ADJUSTSYSTEMKEY
  NAME_SQL:cu0
[THREAD 4143221616 - 01/06/2016 16:50:33]
  TRANSLATE: SELECT COD_EMPRESA FROM EMPRESA  WHERE COD_EMPRESA=:p1
  EXECUTE
  RUNNING TIME: 0.002
  4GL SOURCE: LOG0010.4GL  LINE: 710 
  STATUS:    0 ROWS AFFECTED:1 SID:3458748
  COMMAND: SELECT COD_EMPRESA FROM EMPRESA  WHERE COD_EMPRESA=:p1
  USE: 1
    T:              CHAR(2) V: '25'
[THREAD 4143221616 - 01/06/2016 16:50:33]
  TRANSLATE: SELECT 1 FROM USUARIOS  WHERE USUARIOS.COD_USUARIO=:p1
  EXECUTE
  RUNNING TIME: 0.001
  4GL SOURCE: LOGIN.4GL  LINE: 290 
  STATUS:    0 ROWS AFFECTED:1 SID:3458748
  COMMAND: SELECT 1 FROM USUARIOS  WHERE USUARIOS.COD_USUARIO=:p1
  USE: 1
    T:              CHAR(8) V: 'adriana '
[THREAD 4143221616 - 01/06/2016 16:50:33]
  TRANSLATE: SELECT USUARIO,HOR_INICIAL_ACESSO,HOR_FINAL_ACESSO FROM LOG_PAR_LOGIN_USU  WHERE USUARIO=:p1
  EXECUTE
  RUNNING TIME: 0.001
  4GL SOURCE: LOGIN.4GL  LINE: 349 
  STATUS:    0 ROWS AFFECTED:1 SID:3458748
  COMMAND: SELECT USUARIO,HOR_INICIAL_ACESSO,HOR_FINAL_ACESSO FROM LOG_PAR_LOGIN_USU  WHERE USUARIO=:p1
  USE: 1
    T:              CHAR(8) V: 'adriana '
  INTO:3
    T:              CHAR(8) V: 'adriana '
    T:             DATETIME V: NULL
    T:             DATETIME V: NULL
[THREAD 4143221616 - 01/06/2016 16:50:33]
  TRANSLATE: DELETE FROM LOG_USU_EXP_LOGIN  WHERE USUARIO=:p1 AND DAT_HOR_LOGIN<:p2
  RUNNING TIME: 0.000
  4GL SOURCE: LOGIN.4GL  LINE: 412 
  STATUS:    0 ROWS AFFECTED:0 SID:3458748
  COMMAND: DELETE FROM LOG_USU_EXP_LOGIN  WHERE USUARIO=:p1 AND DAT_HOR_LOGIN<:p2
  USE: 2
    T:              CHAR(8) V: 'adriana '
    T:             DATETIME V: 2016-06-01 16:50:33                                                                                                                                                                                                                                            
[THREAD 4143221616 - 01/06/2016 16:50:33]
  TRANSLATE: SELECT 1 FROM LOG_USU_EXP_LOGIN  WHERE USUARIO=:p1 AND DAT_HOR_LOGIN>=:p2
  EXECUTE
  RUNNING TIME: 0.001
  4GL SOURCE: LOGIN.4GL  LINE: 422 
  STATUS:  100 ROWS AFFECTED:0 SID:3458748
  COMMAND: SELECT 1 FROM LOG_USU_EXP_LOGIN  WHERE USUARIO=:p1 AND DAT_HOR_LOGIN>=:p2
  USE: 2
    T:              CHAR(8) V: 'adriana '
    T:             DATETIME V: 2016-06-01 16:50:33                                                                                                                                                                                                                                            
[THREAD 4143221616 - 01/06/2016 16:50:33]
  DECLARE
  RUNNING TIME: 0.002
  4GL SOURCE: LOGIN.4GL  LINE: 447 
  STATUS:    0 ROWS AFFECTED:0 SID:3458748
  NAME_FGL:LOGIN.CQ_USUARIO_BLOQUEADO
  NAME_SQL:cu0
  NATIVE COMMAND:SELECT A.USUARIO,A.SEQUENCIA_BLOQUEIO,A.MOTIVO_BLOQUEIO,C.DES_MOTIVO_BLOQ,A.DAT_HORA_BLOQUEIO,A.USUARIO_BLOQUEIO,A.DAT_INI_BLOQUEIO,A.DAT_FIM_BLOQUEIO FROM LOG_USU_BLOQ A LEFT OUTER JOIN LOG_MOTIVOS_BLOQ C ON (A.MOTIVO_BLOQUEIO=C.MOTIVO_BLOQ), LOG_BLOQUEIOS B  WHERE A.USUARIO=:p1 AND A.USUARIO=B.USUARIO AND A.SEQUENCIA_BLOQUEIO=B.SEQUENCIA_BLOQUEIO AND A.DAT_INI_BLOQUEIO<=:p2 AND A.DAT_FIM_BLOQUEIO IS NULL AND 1=1 UNION SELECT A.USUARIO,A.SEQUENCIA_BLOQUEIO,A.MOTIVO_BLOQUEIO,C.DES_MOTIVO_BLOQ,A.DAT_HORA_BLOQUEIO,A.USUARIO_BLOQUEIO,A.DAT_INI_BLOQUEIO,A.DAT_FIM_BLOQUEIO FROM LOG_USU_BLOQ A LEFT OUTER JOIN LOG_MOTIVOS_BLOQ C ON (A.MOTIVO_BLOQUEIO=C.MOTIVO_BLOQ), LOG_BLOQUEIOS B  WHERE A.USUARIO=:p3 AND A.USUARIO=B.USUARIO AND A.SEQUENCIA_BLOQUEIO=B.SEQUENCIA_BLOQUEIO AND A.DAT_FIM_BLOQUEIO IS NOT NULL AND :p4 BETWEEN A.DAT_INI_BLOQUEIO AND A.DAT_FIM_BLOQUEIO AND 1=1 ORDER BY 2
  COMMAND: SELECT A.USUARIO, A.SEQUENCIA_BLOQUEIO, A.MOTIVO_BLOQUEIO, C.DES_MOTIVO_BLOQ, A.DAT_HORA_BLOQUEIO, A.USUARIO_BLOQUEIO, A.DAT_INI_BLOQUEIO, A.DAT_FIM_BLOQUEIO FROM LOG_USU_BLOQ A LEFT OUTER JOIN LOG_MOTIVOS_BLOQ C ON (A.MOTIVO_BLOQUEIO=C.MOTIVO_BLOQ), LOG_BLOQUEIOS B WHERE A.USUARIO=:p1 AND A.USUARIO=B.USUARIO AND A.SEQUENCIA_BLOQUEIO=B.SEQUENCIA_BLOQUEIO AND A.DAT_INI_BLOQUEIO<=:p2 AND A.DAT_FIM_BLOQUEIO IS NULL AND 1=1 UNION SELECT A.USUARIO, A.SEQUENCIA_BLOQUEIO, A.MOTIVO_BLOQUEIO, C.DES_MOTIVO_BLOQ, A.DAT_HORA_BLOQUEIO, A.USUARIO_BLOQUEIO, A.DAT_INI_BLOQUEIO, A.DAT_FIM_BLOQUEIO FROM LOG_USU_BLOQ A LEFT OUTER JOIN LOG_MOTIVOS_BLOQ C ON (A.MOTIVO_BLOQUEIO=C.MOTIVO_BLOQ), LOG_BLOQUEIOS B WHERE A.USUARIO=:p3 AND A.USUARIO=B.USUARIO AND A.SEQUENCIA_BLOQUEIO=B.SEQUENCIA_BLOQUEIO AND A.DAT_FIM_BLOQUEIO IS NOT NULL AND :p4 BETWEEN A.DAT_INI_BLOQUEIO AND A.DAT_FIM_BLOQUEIO AND 1=1 ORDER BY 2
[THREAD 4143221616 - 01/06/2016 16:50:33]
  OPEN 
  RUNNING TIME: 0.001
  4GL SOURCE: LOGIN.4GL  LINE: 491 
  STATUS:    0 ROWS AFFECTED:0 SID:3458748
  NAME_FGL:LOGIN.CQ_USUARIO_BLOQUEADO
  NAME_SQL:cu0
  COMMAND: SELECT A.USUARIO, A.SEQUENCIA_BLOQUEIO, A.MOTIVO_BLOQUEIO, C.DES_MOTIVO_BLOQ, A.DAT_HORA_BLOQUEIO, A.USUARIO_BLOQUEIO, A.DAT_INI_BLOQUEIO, A.DAT_FIM_BLOQUEIO FROM LOG_USU_BLOQ A LEFT OUTER JOIN LOG_MOTIVOS_BLOQ C ON (A.MOTIVO_BLOQUEIO=C.MOTIVO_BLOQ), LOG_BLOQUEIOS B WHERE A.USUARIO=:p1 AND A.USUARIO=B.USUARIO AND A.SEQUENCIA_BLOQUEIO=B.SEQUENCIA_BLOQUEIO AND A.DAT_INI_BLOQUEIO<=:p2 AND A.DAT_FIM_BLOQUEIO IS NULL AND 1=1 UNION SELECT A.USUARIO, A.SEQUENCIA_BLOQUEIO, A.MOTIVO_BLOQUEIO, C.DES_MOTIVO_BLOQ, A.DAT_HORA_BLOQUEIO, A.USUARIO_BLOQUEIO, A.DAT_INI_BLOQUEIO, A.DAT_FIM_BLOQUEIO FROM LOG_USU_BLOQ A LEFT OUTER JOIN LOG_MOTIVOS_BLOQ C ON (A.MOTIVO_BLOQUEIO=C.MOTIVO_BLOQ), LOG_BLOQUEIOS B WHERE A.USUARIO=:p3 AND A.USUARIO=B.USUARIO AND A.SEQUENCIA_BLOQUEIO=B.SEQUENCIA_BLOQUEIO AND A.DAT_FIM_BLOQUEIO IS NOT NULL AND :p4 BETWEEN A.DAT_INI_BLOQUEIO AND A.DAT_FIM_BLOQUEIO AND 1=1 ORDER BY 2
  USE: 4
    T:              CHAR(8) V: 'adriana '
    T:                 DATE V: 01/06/2016                                                                                                                                                                                                                                                     
    T:              CHAR(8) V: 'adriana '
    T:                 DATE V: 01/06/2016                                                                                                                                                                                                                                                     
[THREAD 4143221616 - 01/06/2016 16:50:33]
  FETCH
  RUNNING TIME: 0.000
  4GL SOURCE: LOGIN.4GL  LINE: 491 
  STATUS:  100 ROWS AFFECTED:0 SID:3458748
  NAME_FGL:LOGIN.CQ_USUARIO_BLOQUEADO
  NAME_SQL:cu0
  COMMAND: SELECT A.USUARIO, A.SEQUENCIA_BLOQUEIO, A.MOTIVO_BLOQUEIO, C.DES_MOTIVO_BLOQ, A.DAT_HORA_BLOQUEIO, A.USUARIO_BLOQUEIO, A.DAT_INI_BLOQUEIO, A.DAT_FIM_BLOQUEIO FROM LOG_USU_BLOQ A LEFT OUTER JOIN LOG_MOTIVOS_BLOQ C ON (A.MOTIVO_BLOQUEIO=C.MOTIVO_BLOQ), LOG_BLOQUEIOS B WHERE A.USUARIO=:p1 AND A.USUARIO=B.USUARIO AND A.SEQUENCIA_BLOQUEIO=B.SEQUENCIA_BLOQUEIO AND A.DAT_INI_BLOQUEIO<=:p2 AND A.DAT_FIM_BLOQUEIO IS NULL AND 1=1 UNION SELECT A.USUARIO, A.SEQUENCIA_BLOQUEIO, A.MOTIVO_BLOQUEIO, C.DES_MOTIVO_BLOQ, A.DAT_HORA_BLOQUEIO, A.USUARIO_BLOQUEIO, A.DAT_INI_BLOQUEIO, A.DAT_FIM_BLOQUEIO FROM LOG_USU_BLOQ A LEFT OUTER JOIN LOG_MOTIVOS_BLOQ C ON (A.MOTIVO_BLOQUEIO=C.MOTIVO_BLOQ), LOG_BLOQUEIOS B WHERE A.USUARIO=:p3 AND A.USUARIO=B.USUARIO AND A.SEQUENCIA_BLOQUEIO=B.SEQUENCIA_BLOQUEIO AND A.DAT_FIM_BLOQUEIO IS NOT NULL AND :p4 BETWEEN A.DAT_INI_BLOQUEIO AND A.DAT_FIM_BLOQUEIO AND 1=1 ORDER BY 2
  INTO:8
    T:              CHAR(8) V: 'NULL'
    T:              INTEGER V: NULL
    T:              INTEGER V: NULL
    T:             CHAR(76) V: 'NULL'
    T:             DATETIME V: NULL
    T:              CHAR(8) V: 'NULL'
    T:                 DATE V: NULL
    T:                 DATE V: NULL
[THREAD 4143221616 - 01/06/2016 16:50:33]
  CLOSE 
  RUNNING TIME: 0.000
  4GL SOURCE: LOGIN.4GL  LINE: 491 
  STATUS:    0 ROWS AFFECTED:0 SID:3458748
  NAME_FGL:LOGIN.CQ_USUARIO_BLOQUEADO
  NAME_SQL:cu0
[THREAD 4143221616 - 01/06/2016 16:50:33]
  FREE 
  RUNNING TIME: 0.000
  4GL SOURCE: LOGIN.4GL  LINE: 550 
  STATUS:    0 ROWS AFFECTED:0 SID:3458748
  NAME_FGL:LOGIN.CQ_USUARIO_BLOQUEADO
  NAME_SQL:cu0
[THREAD 4143221616 - 01/06/2016 16:50:33]
  TRANSLATE: SELECT /*+FIRST_ROWS */ table_name FROM user_tables WHERE table_name = 'MEN_USUARIO_LOGIN'
  PREPARE
  RUNNING TIME: 0.002
  4GL SOURCE: LOG0150.4GL  LINE: 64 
  STATUS:    0 ROWS AFFECTED:0 SID:3458748
  NAME_FGL:VAR_EXISTE_TABELA
  NAME_SQL:cu0
  NATIVE COMMAND:SELECT /*+FIRST_ROWS */TABLE_NAME FROM USER_TABLES  WHERE TABLE_NAME='MEN_USUARIO_LOGIN'
  COMMAND: SELECT /*+FIRST_ROWS */ table_name FROM user_tables WHERE table_name = 'MEN_USUARIO_LOGIN'
[THREAD 4143221616 - 01/06/2016 16:50:33]
  EXECUTE
  4GL SOURCE: LOG0150.4GL  LINE: 65 
  STATUS:    0 ROWS AFFECTED:1 SID:3458748
  NAME_FGL:LOG0150.VAR_EXISTE_TABELA
  NAME_SQL:cu0
  4GL SOURCE: LOG0150.4GL  LINE: 65 
  STATUS:    0 ROWS AFFECTED:1 SID:3458748
  COMMAND: SELECT /*+FIRST_ROWS */ table_name FROM user_tables WHERE table_name = 'MEN_USUARIO_LOGIN'
  RUNNING TIME: 0.002
  4GL SOURCE: LOG0150.4GL  LINE: 65 
  STATUS:    0 ROWS AFFECTED:1 SID:3458748
  NAME_FGL:VAR_EXISTE_TABELA
  NAME_SQL:cu0
  COMMAND: SELECT /*+FIRST_ROWS */ table_name FROM user_tables WHERE table_name = 'MEN_USUARIO_LOGIN'
[THREAD 4143221616 - 01/06/2016 16:50:33]
  FREE 
  RUNNING TIME: 0.000
  4GL SOURCE: LOG0150.4GL  LINE: 114 
  STATUS:    0 ROWS AFFECTED:1 SID:3458748
  NAME_FGL:LOG0150.VAR_EXISTE_TABELA
  NAME_SQL:cu0
[THREAD 4143221616 - 01/06/2016 16:50:33]
  TRANSLATE: SELECT USUARIO_LOGIX FROM MEN_USUARIO_LOGIN  WHERE USU_SIST_OPRC=:p1 AND NOM_MAQUINA=:p2 AND CREDENCIAL=:p3
  EXECUTE
  RUNNING TIME: 0.000
  4GL SOURCE: SIGNON.4GL  LINE: 21 
  STATUS:  100 ROWS AFFECTED:0 SID:3458748
  COMMAND: SELECT USUARIO_LOGIX FROM MEN_USUARIO_LOGIN  WHERE USU_SIST_OPRC=:p1 AND NOM_MAQUINA=:p2 AND CREDENCIAL=:p3
  USE: 3
    T:             CHAR(50) V: 'acosta                                            '
    T:             CHAR(50) V: 'BR250022                                          '
    T:            CHAR(300) V: 'S-1-5-21-472019217-1356559521-612134452-1208                                                                                                                                                                                                                                                                '
  INTO:1
    T:              CHAR(8) V: 'NULL'
[THREAD 4143221616 - 01/06/2016 16:50:33]
  TRANSLATE: SELECT 1 FROM USUARIO_SENHA  WHERE COD_USUARIO=:p1
  EXECUTE
  RUNNING TIME: 0.000
  4GL SOURCE: LOGIN.4GL  LINE: 1015 
  STATUS:    0 ROWS AFFECTED:1 SID:3458748
  COMMAND: SELECT 1 FROM USUARIO_SENHA  WHERE COD_USUARIO=:p1
  USE: 1
    T:              CHAR(8) V: 'adriana '
[THREAD 4143221616 - 01/06/2016 16:50:33]
  TRANSLATE: SELECT 1 FROM USUARIOS  WHERE COD_USUARIO=:p1 AND IND_ADMLOG='S'
  EXECUTE
  RUNNING TIME: 0.001
  4GL SOURCE: LOGIN.4GL  LINE: 2423 
  STATUS:    0 ROWS AFFECTED:1 SID:3458748
  COMMAND: SELECT 1 FROM USUARIOS  WHERE COD_USUARIO=:p1 AND IND_ADMLOG='S'
  USE: 1
    T:              CHAR(8) V: 'adriana '
[LOGIX] ERRO: [LICENSE] Chave de sistema do menu FRT não é válida para esta aplicação [PADRAO]
[LOGIX] [LICENSE] Obtendo licença módulo PADRAO (5047) STATUS = 30 (ThreadID 4126411632 User adriana IP 172.25.1.191 Port 8410)
[THREAD 4143221616 - 01/06/2016 16:50:33]
  TRANSLATE: SELECT LOG_DEFN_PARAMETRO.VAL_PADRAO,LOG_DEFN_PARAMETRO.TIP_CONTEUDO,LOG_DEFN_PARAMETRO.AUTO_INCREMEN FROM LOG_DEFN_PARAMETRO  WHERE LOG_DEFN_PARAMETRO.PARAMETRO=:p1
  EXECUTE
  RUNNING TIME: 0.001
  4GL SOURCE: LOG2250.4GL  LINE: 331 
  STATUS:    0 ROWS AFFECTED:1 SID:3458748
  COMMAND: SELECT LOG_DEFN_PARAMETRO.VAL_PADRAO,LOG_DEFN_PARAMETRO.TIP_CONTEUDO,LOG_DEFN_PARAMETRO.AUTO_INCREMEN FROM LOG_DEFN_PARAMETRO  WHERE LOG_DEFN_PARAMETRO.PARAMETRO=:p1
  USE: 1
    T:             CHAR(30) V: 'emite_mensagem_licenca_adminis'
  INTO:3
    T:            CHAR(500) V: 'N                                                                                                                                                                                                                                                                                                                                                                                                                                                                                                                   '
    T:              CHAR(1) V: 'F'
    T:              CHAR(1) V: 'NULL'
[THREAD 4143221616 - 01/06/2016 16:50:33]
  TRANSLATE: SELECT LOG_VAL_PARAMETRO.VAL_PARAMETRO FROM LOG_VAL_PARAMETRO  WHERE LOG_VAL_PARAMETRO.EMPRESA=:p1 AND LOG_VAL_PARAMETRO.PARAMETRO=:p2
  EXECUTE
  RUNNING TIME: 0.001
  4GL SOURCE: LOG2250.4GL  LINE: 346 
  STATUS:    0 ROWS AFFECTED:1 SID:3458748
  COMMAND: SELECT LOG_VAL_PARAMETRO.VAL_PARAMETRO FROM LOG_VAL_PARAMETRO  WHERE LOG_VAL_PARAMETRO.EMPRESA=:p1 AND LOG_VAL_PARAMETRO.PARAMETRO=:p2
  USE: 2
    T:              CHAR(2) V: '25'
    T:             CHAR(30) V: 'emite_mensagem_licenca_adminis'
  INTO:1
    T:            CHAR(500) V: 'NULL'
[THREAD 4143221616 - 01/06/2016 16:50:33]
  TRANSLATE: SELECT /*+FIRST_ROWS */ table_name FROM user_tables WHERE table_name = 'LOG_USO_RECUSA_LICENCA'
  PREPARE
  RUNNING TIME: 0.003
  4GL SOURCE: LOG0150.4GL  LINE: 64 
  STATUS:    0 ROWS AFFECTED:0 SID:3458748
  NAME_FGL:VAR_EXISTE_TABELA
  NAME_SQL:cu0
  NATIVE COMMAND:SELECT /*+FIRST_ROWS */TABLE_NAME FROM USER_TABLES  WHERE TABLE_NAME='LOG_USO_RECUSA_LICENCA'
  COMMAND: SELECT /*+FIRST_ROWS */ table_name FROM user_tables WHERE table_name = 'LOG_USO_RECUSA_LICENCA'
[THREAD 4143221616 - 01/06/2016 16:50:33]
  EXECUTE
  4GL SOURCE: LOG0150.4GL  LINE: 65 
  STATUS:    0 ROWS AFFECTED:1 SID:3458748
  NAME_FGL:LOG0150.VAR_EXISTE_TABELA
  NAME_SQL:cu0
  4GL SOURCE: LOG0150.4GL  LINE: 65 
  STATUS:    0 ROWS AFFECTED:1 SID:3458748
  COMMAND: SELECT /*+FIRST_ROWS */ table_name FROM user_tables WHERE table_name = 'LOG_USO_RECUSA_LICENCA'
  RUNNING TIME: 0.002
  4GL SOURCE: LOG0150.4GL  LINE: 65 
  STATUS:    0 ROWS AFFECTED:1 SID:3458748
  NAME_FGL:VAR_EXISTE_TABELA
  NAME_SQL:cu0
  COMMAND: SELECT /*+FIRST_ROWS */ table_name FROM user_tables WHERE table_name = 'LOG_USO_RECUSA_LICENCA'
[THREAD 4143221616 - 01/06/2016 16:50:33]
  FREE 
  RUNNING TIME: 0.000
  4GL SOURCE: LOG0150.4GL  LINE: 114 
  STATUS:    0 ROWS AFFECTED:1 SID:3458748
  NAME_FGL:LOG0150.VAR_EXISTE_TABELA
  NAME_SQL:cu0
[THREAD 4143221616 - 01/06/2016 16:50:33]
  TRANSLATE: INSERT INTO LOG_USO_MODULO (MODULO, EMPRESA, DAT_USO, QTD_USO) VALUES(:p1, :p2, :p3, 1)
  RUNNING TIME: 0.016
  4GL SOURCE: LOGUSO.4GL  LINE: 103 
  STATUS: -239   TRANSACTION: FALSE SID:3458748
  NATIVE ERROR : -1 - ORA-00001: UNIQUE CONSTRAINT (LOGIX.PK_LOG_USO_MODULO) VIOLATED
  COMMAND: INSERT INTO LOG_USO_MODULO (MODULO, EMPRESA, DAT_USO, QTD_USO) VALUES(:p1, :p2, :p3, 1)
  USE: 3
    T:              CHAR(8) V: 'PADRAO  '
    T:              CHAR(2) V: '25'
    T:                 DATE V: 01/06/2016                                                                                                                                                                                                                                                     
[THREAD 4143221616 - 01/06/2016 16:50:33]
  TRANSLATE: UPDATE LOG_USO_MODULO SET LOG_USO_MODULO.QTD_USO=LOG_USO_MODULO.QTD_USO+1 WHERE LOG_USO_MODULO.DAT_USO=:p1 AND LOG_USO_MODULO.MODULO=:p2 AND LOG_USO_MODULO.EMPRESA=:p3
  RUNNING TIME: 0.001
  4GL SOURCE: LOGUSO.4GL  LINE: 120 
  STATUS:    0 ROWS AFFECTED:1 SID:3458748
  COMMAND: UPDATE LOG_USO_MODULO SET LOG_USO_MODULO.QTD_USO=LOG_USO_MODULO.QTD_USO+1 WHERE LOG_USO_MODULO.DAT_USO=:p1 AND LOG_USO_MODULO.MODULO=:p2 AND LOG_USO_MODULO.EMPRESA=:p3
  USE: 3
    T:                 DATE V: 01/06/2016                                                                                                                                                                                                                                                     
    T:              CHAR(8) V: 'PADRAO  '
    T:              CHAR(2) V: '25'
[THREAD 4143221616 - 01/06/2016 16:50:33]
  TRANSLATE: SELECT PROGRAMA FROM LOG_REG_ACS_PROG  WHERE PROGRAMA=:p1
  EXECUTE
  RUNNING TIME: 0.001
  4GL SOURCE: LOG0210.4GL  LINE: 20 
  STATUS:    0 ROWS AFFECTED:1 SID:3458748
  COMMAND: SELECT PROGRAMA FROM LOG_REG_ACS_PROG  WHERE PROGRAMA=:p1
  USE: 1
    T:              CHAR(8) V: 'pol1304 '
[THREAD 4143221616 - 01/06/2016 16:50:33]
  TRANSLATE: UPDATE LOG_REG_ACS_PROG SET DAT_ACESSO=:p1 WHERE PROGRAMA=:p2
  RUNNING TIME: 0.001
  4GL SOURCE: LOG0210.4GL  LINE: 28 
  STATUS:    0 ROWS AFFECTED:1 SID:3458748
  COMMAND: UPDATE LOG_REG_ACS_PROG SET DAT_ACESSO=:p1 WHERE PROGRAMA=:p2
  USE: 2
    T:             DATETIME V: 2016-06                                                                                                                                                                                                                                                        
    T:              CHAR(8) V: 'pol1304 '
[THREAD 4143221616 - 01/06/2016 16:50:33]
  TRANSLATE: SELECT IND_REG_ACESSO,IND_PROGRAMAS FROM LOG_PAR_LOGIN_USU  WHERE USUARIO=:p1
  EXECUTE
  RUNNING TIME: 0.001
  4GL SOURCE: LOG0010.4GL  LINE: 573 
  STATUS:    0 ROWS AFFECTED:1 SID:3458748
  COMMAND: SELECT IND_REG_ACESSO,IND_PROGRAMAS FROM LOG_PAR_LOGIN_USU  WHERE USUARIO=:p1
  USE: 1
    T:              CHAR(8) V: 'adriana '
  INTO:2
    T:              CHAR(1) V: 'T'
    T:              CHAR(1) V: 'N'
[THREAD 4143221616 - 01/06/2016 16:50:33]
  TRANSLATE: INSERT INTO LOG_ACS_USU_PROG (USUARIO, EMPRESA, NUM_PROGRAMA, DAT_HOR_ACESSO) VALUES(:p1, :p2, :p3, :p4)
  RUNNING TIME: 0.002
  4GL SOURCE: LOG0010.4GL  LINE: 658 
  STATUS:    0 ROWS AFFECTED:1 SID:3458748
  COMMAND: INSERT INTO LOG_ACS_USU_PROG (USUARIO, EMPRESA, NUM_PROGRAMA, DAT_HOR_ACESSO) VALUES(:p1, :p2, :p3, :p4)
  USE: 4
    T:              CHAR(8) V: 'adriana '
    T:              CHAR(2) V: '25'
    T:             CHAR(15) V: 'pol1304        '
    T:             DATETIME V: 2016-06-01 16:50:33                                                                                                                                                                                                                                            
[THREAD 4143221616 - 01/06/2016 16:50:33]
  TRANSLATE: SELECT /*+FIRST_ROWS */ table_name FROM user_tables WHERE table_name = 'LOG_USO_RECUSA_LICENCA'
  PREPARE
  RUNNING TIME: 0.003
  4GL SOURCE: LOG0150.4GL  LINE: 64 
  STATUS:    0 ROWS AFFECTED:0 SID:3458748
  NAME_FGL:VAR_EXISTE_TABELA
  NAME_SQL:cu0
  NATIVE COMMAND:SELECT /*+FIRST_ROWS */TABLE_NAME FROM USER_TABLES  WHERE TABLE_NAME='LOG_USO_RECUSA_LICENCA'
  COMMAND: SELECT /*+FIRST_ROWS */ table_name FROM user_tables WHERE table_name = 'LOG_USO_RECUSA_LICENCA'
[THREAD 4143221616 - 01/06/2016 16:50:33]
  EXECUTE
  4GL SOURCE: LOG0150.4GL  LINE: 65 
  STATUS:    0 ROWS AFFECTED:1 SID:3458748
  NAME_FGL:LOG0150.VAR_EXISTE_TABELA
  NAME_SQL:cu0
  4GL SOURCE: LOG0150.4GL  LINE: 65 
  STATUS:    0 ROWS AFFECTED:1 SID:3458748
  COMMAND: SELECT /*+FIRST_ROWS */ table_name FROM user_tables WHERE table_name = 'LOG_USO_RECUSA_LICENCA'
  RUNNING TIME: 0.001
  4GL SOURCE: LOG0150.4GL  LINE: 65 
  STATUS:    0 ROWS AFFECTED:1 SID:3458748
  NAME_FGL:VAR_EXISTE_TABELA
  NAME_SQL:cu0
  COMMAND: SELECT /*+FIRST_ROWS */ table_name FROM user_tables WHERE table_name = 'LOG_USO_RECUSA_LICENCA'
[THREAD 4143221616 - 01/06/2016 16:50:33]
  FREE 
  RUNNING TIME: 0.000
  4GL SOURCE: LOG0150.4GL  LINE: 114 
  STATUS:    0 ROWS AFFECTED:1 SID:3458748
  NAME_FGL:LOG0150.VAR_EXISTE_TABELA
  NAME_SQL:cu0
[THREAD 4143221616 - 01/06/2016 16:50:33]
  TRANSLATE: INSERT INTO LOG_USO_ROTINA (ROTINA, EMPRESA, DAT_USO, QTD_USO) VALUES(:p1, :p2, :p3, 1)
  RUNNING TIME: 0.001
  4GL SOURCE: LOGUSO.4GL  LINE: 44 
  STATUS: -239   TRANSACTION: FALSE SID:3458748
  NATIVE ERROR : -1 - ORA-00001: UNIQUE CONSTRAINT (LOGIX.PK_LOG_USO_ROTINA) VIOLATED
  COMMAND: INSERT INTO LOG_USO_ROTINA (ROTINA, EMPRESA, DAT_USO, QTD_USO) VALUES(:p1, :p2, :p3, 1)
  USE: 3
    T:             CHAR(20) V: 'POL1304             '
    T:              CHAR(2) V: '25'
    T:                 DATE V: 01/06/2016                                                                                                                                                                                                                                                     
[THREAD 4143221616 - 01/06/2016 16:50:33]
  TRANSLATE: UPDATE LOG_USO_ROTINA SET LOG_USO_ROTINA.QTD_USO=LOG_USO_ROTINA.QTD_USO+1 WHERE LOG_USO_ROTINA.DAT_USO=:p1 AND LOG_USO_ROTINA.ROTINA=:p2 AND LOG_USO_ROTINA.EMPRESA=:p3
  RUNNING TIME: 0.001
  4GL SOURCE: LOGUSO.4GL  LINE: 61 
  STATUS:    0 ROWS AFFECTED:1 SID:3458748
  COMMAND: UPDATE LOG_USO_ROTINA SET LOG_USO_ROTINA.QTD_USO=LOG_USO_ROTINA.QTD_USO+1 WHERE LOG_USO_ROTINA.DAT_USO=:p1 AND LOG_USO_ROTINA.ROTINA=:p2 AND LOG_USO_ROTINA.EMPRESA=:p3
  USE: 3
    T:                 DATE V: 01/06/2016                                                                                                                                                                                                                                                     
    T:             CHAR(20) V: 'POL1304             '
    T:              CHAR(2) V: '25'
[DEBUG][2016-06-01 16:50:33] APPSTART - FIM [source: LOG0010.4GL line: 291 function: LOG001_ACESSA_USUARIO()]
[THREAD 4143221616 - 01/06/2016 16:50:33]
  TRANSLATE: SELECT NUM_VERSAO,DAT_ALTERACAO FROM LOG_VERSAO_PRG  WHERE NUM_PROGRAMA=:p1
  EXECUTE
  RUNNING TIME: 0.001
  4GL SOURCE: FUNC002.4GL  LINE: 120 
  STATUS:    0 ROWS AFFECTED:1 SID:3458748
  COMMAND: SELECT NUM_VERSAO,DAT_ALTERACAO FROM LOG_VERSAO_PRG  WHERE NUM_PROGRAMA=:p1
  USE: 1
    T:              CHAR(8) V: 'POL1304 '
  INTO:2
    T:             CHAR(18) V: '12.00.00          '
    T:                 DATE V: 31/05/2016                                                                                                                                                                                                                                                     
[THREAD 4143221616 - 01/06/2016 16:50:36]
  TRANSLATE: UPDATE LOG_VERSAO_PRG SET NUM_VERSAO=:p1, DAT_ALTERACAO=:p2 WHERE NUM_PROGRAMA=:p3
  RUNNING TIME: 0.001
  4GL SOURCE: FUNC002.4GL  LINE: 142 
  STATUS:    0 ROWS AFFECTED:1 SID:3458748
  COMMAND: UPDATE LOG_VERSAO_PRG SET NUM_VERSAO=:p1, DAT_ALTERACAO=:p2 WHERE NUM_PROGRAMA=:p3
  USE: 3
    T:              CHAR(9) V: '12.00.00 '
    T:                 DATE V: 31/05/2016                                                                                                                                                                                                                                                     
    T:              CHAR(8) V: 'POL1304 '
[THREAD 4143221616 - 01/06/2016 16:50:36]
  TRANSLATE: SELECT IDIOMA FROM LOG_USUARIOS_COMPL  WHERE USUARIO=:p1
  EXECUTE
  RUNNING TIME: 0.001
  4GL SOURCE: LOG_READ_METADATA.4GL  LINE: 4316 
  STATUS:    0 ROWS AFFECTED:1 SID:3458748
  COMMAND: SELECT IDIOMA FROM LOG_USUARIOS_COMPL  WHERE USUARIO=:p1
  USE: 1
    T:              CHAR(8) V: 'adriana '
  INTO:1
    T:              INTEGER V: 1
[THREAD 4143221616 - 01/06/2016 16:50:36]
  TRANSLATE: SELECT COLUMN_NAME FROM USER_TAB_COLUMNS  WHERE TABLE_NAME=:p1 AND COLUMN_NAME=:p2
  EXECUTE
  RUNNING TIME: 0.001
  4GL SOURCE: LOG0150.4GL  LINE: 134 
  STATUS:  100 ROWS AFFECTED:0 SID:3458748
  COMMAND: SELECT COLUMN_NAME FROM USER_TAB_COLUMNS  WHERE TABLE_NAME=:p1 AND COLUMN_NAME=:p2
  USE: 2
    T:             CHAR(50) V: 'FRM_TABLE                                         '
    T:             CHAR(50) V: 'BRANCH                                            '
[THREAD 4143221616 - 01/06/2016 16:50:36]
  TRANSLATE: SELECT BRANCH FROM FRM_TABLE WHERE 1 = 0
  PREPARE
  RUNNING TIME: 0.003
  4GL SOURCE: LOG0150.4GL  LINE: 184 
  STATUS:    0 ROWS AFFECTED:0 SID:3458748
  NAME_FGL:VAR_LOG0150_COLUNA
  NAME_SQL:cu0
  NATIVE COMMAND:SELECT BRANCH FROM FRM_TABLE  WHERE 1=0
  COMMAND: SELECT BRANCH FROM FRM_TABLE WHERE 1 = 0
[THREAD 4143221616 - 01/06/2016 16:50:36]
  EXECUTE
  RUNNING TIME: 0.001
  4GL SOURCE: LOG0150.4GL  LINE: 185 
  STATUS: -217   TRANSACTION: FALSE SID:3458748
  NATIVE ERROR : -904 - ORA-00904: "BRANCH": INVALID IDENTIFIER
  NAME_FGL:VAR_LOG0150_COLUNA
  NAME_SQL:cu0
  COMMAND: SELECT BRANCH FROM FRM_TABLE WHERE 1 = 0
[THREAD 4143221616 - 01/06/2016 16:50:36]
  FREE 
  RUNNING TIME: 0.000
  4GL SOURCE: LOG0150.4GL  LINE: 195 
  STATUS: -217   TRANSACTION: FALSE SID:3458748
  NATIVE ERROR : -904 - ORA-00904: "BRANCH": INVALID IDENTIFIER
  NAME_FGL:LOG0150.VAR_LOG0150_COLUNA
  NAME_SQL:cu0
[DEBUG][2016-06-01 16:50:36] [DYNAMICRECORD] Criando classe LDynRec1 com atributos table_name^CHAR(050)|column_name^CHAR(050)|filter_name^CHAR(100)|filter_operator^CHAR(010)|filter_value^CHAR(100). [source: DYNAMIC_RECORD.PRW line: 35 function: CREATEDYNRECORD()]
[DEBUG][2016-06-01 16:50:36] [DYNAMICRECORD] Criando classe LDynRec2 com atributos item1^CHAR(100)|item2^CHAR(100)|item3^CHAR(100)|item4^CHAR(100)|item5^CHAR(100)|item6^CHAR(100)|item7^CHAR(100)|item8^CHAR(100)|item9^CHAR(100)|item10^CHAR(100)|item11^CHAR(100)|item12^CHAR(100)|item13^CHAR(100)|item14^CHAR(100)|item15^CHAR(100)|item16^CHAR(100)|item17^CHAR(100)|item18^CHAR(100)|item19^CHAR(100)|item20^CHAR(100)|item21^CHAR(100)|item22^CHAR(100)|item23^CHAR(100)|item24^CHAR(100)|item25^CHAR(100)|item26^CHAR(100)|item27^CHAR(100)|item28^CHAR(100)|item29^CHAR(100)|item30^CHAR(100)|item31^CHAR(100)|item32^CHAR(100)|item33^CHAR(100)|item34^CHAR(100)|item35^CHAR(100)|item36^CHAR(100)|item37^CHAR(100)|item38^CHAR(100)|item39^CHAR(100)|item40^CHAR(100)|item41^CHAR(100)|item42^CHAR(100)|item43^CHAR(100)|item44^CHAR(100)|item45^CHAR(100)|item46^CHAR(100)|item47^CHAR(100)|item48^CHAR(100)|item49^CHAR(100)|item50^CHAR(100)|item51^CHAR(100)|item52^CHAR(100)|item53^CHAR(100)|item54^CHAR(100)|item55^CHAR(100)|item56^CHAR(100)|item57^CHAR(100)|item58^CHAR(100)|item59^CHAR(100)|item60^CHAR(100)|item61^CHAR(100)|item62^CHAR(100)|item63^CHAR(100)|item64^CHAR(100)|item65^CHAR(100)|item66^CHAR(100)|item67^CHAR(100)|item68^CHAR(100)|item69^CHAR(100)|item70^CHAR(100)|item71^CHAR(100)|item72^CHAR(100)|item73^CHAR(100)|item74^CHAR(100)|item75^CHAR(100)|item76^CHAR(100)|item77^CHAR(100)|item78^CHAR(100)|item79^CHAR(100)|item80^CHAR(100)|item81^CHAR(100)|item82^CHAR(100)|item83^CHAR(100)|item84^CHAR(100)|item85^CHAR(100)|item86^CHAR(100)|item87^CHAR(100)|item88^CHAR(100)|item89^CHAR(100)|item90^CHAR(100)|item91^CHAR(100)|item92^CHAR(100)|item93^CHAR(100)|item94^CHAR(100)|item95^CHAR(100)|item96^CHAR(100)|item97^CHAR(100)|item98^CHAR(100)|item99^CHAR(100)|item100^CHAR(100)|operator^CHAR(03). [source: DYNAMIC_RECORD.PRW line: 35 function: CREATEDYNRECORD()]
[DEBUG][2016-06-01 16:50:36] [DYNAMICRECORD] Criando classe LDynRec3 com atributos table_name^CHAR(050)|column_name^CHAR(050)|order_name^CHAR(100)|order_type^CHAR(05). [source: DYNAMIC_RECORD.PRW line: 35 function: CREATEDYNRECORD()]
[THREAD 4143221616 - 01/06/2016 16:50:36]
  DECLARE
  RUNNING TIME: 0.005
  4GL SOURCE: PROFILE.4GL  LINE: 64 
  STATUS:    0 ROWS AFFECTED:0 SID:3458748
  NAME_FGL:PROFILE.CQ_PROFILE_READ
  NAME_SQL:cu0
  NATIVE COMMAND:SELECT FRM_PROFILE_USUARIO_EMPRESA.VALOR,FRM_PROFILE_USUARIO_EMPRESA.SEQUENCIA,1 FROM FRM_PROFILE_USUARIO_EMPRESA  WHERE FRM_PROFILE_USUARIO_EMPRESA.USUARIO=:p1 AND FRM_PROFILE_USUARIO_EMPRESA.EMPRESA=:p2 AND FRM_PROFILE_USUARIO_EMPRESA.CHAVE=:p3 UNION SELECT FRM_PROFILE_USUARIO.VALOR,FRM_PROFILE_USUARIO.SEQUENCIA,2 FROM FRM_PROFILE_USUARIO  WHERE FRM_PROFILE_USUARIO.USUARIO=:p4 AND FRM_PROFILE_USUARIO.CHAVE=:p5 UNION SELECT FRM_PROFILE_EMPRESA.VALOR,FRM_PROFILE_EMPRESA.SEQUENCIA,3 FROM FRM_PROFILE_EMPRESA  WHERE FRM_PROFILE_EMPRESA.EMPRESA=:p6 AND FRM_PROFILE_EMPRESA.CHAVE=:p7 UNION SELECT FRM_PROFILE_GERAL.VALOR,FRM_PROFILE_GERAL.SEQUENCIA,4 FROM FRM_PROFILE_GERAL  WHERE FRM_PROFILE_GERAL.CHAVE=:p8 ORDER BY 3,2
  COMMAND: SELECT FRM_PROFILE_USUARIO_EMPRESA.VALOR, FRM_PROFILE_USUARIO_EMPRESA.SEQUENCIA, 1 FROM FRM_PROFILE_USUARIO_EMPRESA  WHERE FRM_PROFILE_USUARIO_EMPRESA.USUARIO=:p1 AND FRM_PROFILE_USUARIO_EMPRESA.EMPRESA=:p2 AND FRM_PROFILE_USUARIO_EMPRESA.CHAVE=:p3 UNION SELECT FRM_PROFILE_USUARIO.VALOR, FRM_PROFILE_USUARIO.SEQUENCIA, 2 FROM FRM_PROFILE_USUARIO  WHERE FRM_PROFILE_USUARIO.USUARIO=:p4 AND FRM_PROFILE_USUARIO.CHAVE=:p5 UNION SELECT FRM_PROFILE_EMPRESA.VALOR, FRM_PROFILE_EMPRESA.SEQUENCIA, 3 FROM FRM_PROFILE_EMPRESA  WHERE FRM_PROFILE_EMPRESA.EMPRESA=:p6 AND FRM_PROFILE_EMPRESA.CHAVE=:p7 UNION SELECT FRM_PROFILE_GERAL.VALOR, FRM_PROFILE_GERAL.SEQUENCIA, 4 FROM FRM_PROFILE_GERAL  WHERE FRM_PROFILE_GERAL.CHAVE=:p8 ORDER BY 3, 2
[THREAD 4143221616 - 01/06/2016 16:50:36]
  OPEN 
  RUNNING TIME: 0.001
  4GL SOURCE: PROFILE.4GL  LINE: 96 
  STATUS:    0 ROWS AFFECTED:0 SID:3458748
  NAME_FGL:PROFILE.CQ_PROFILE_READ
  NAME_SQL:cu0
  COMMAND: SELECT FRM_PROFILE_USUARIO_EMPRESA.VALOR, FRM_PROFILE_USUARIO_EMPRESA.SEQUENCIA, 1 FROM FRM_PROFILE_USUARIO_EMPRESA  WHERE FRM_PROFILE_USUARIO_EMPRESA.USUARIO=:p1 AND FRM_PROFILE_USUARIO_EMPRESA.EMPRESA=:p2 AND FRM_PROFILE_USUARIO_EMPRESA.CHAVE=:p3 UNION SELECT FRM_PROFILE_USUARIO.VALOR, FRM_PROFILE_USUARIO.SEQUENCIA, 2 FROM FRM_PROFILE_USUARIO  WHERE FRM_PROFILE_USUARIO.USUARIO=:p4 AND FRM_PROFILE_USUARIO.CHAVE=:p5 UNION SELECT FRM_PROFILE_EMPRESA.VALOR, FRM_PROFILE_EMPRESA.SEQUENCIA, 3 FROM FRM_PROFILE_EMPRESA  WHERE FRM_PROFILE_EMPRESA.EMPRESA=:p6 AND FRM_PROFILE_EMPRESA.CHAVE=:p7 UNION SELECT FRM_PROFILE_GERAL.VALOR, FRM_PROFILE_GERAL.SEQUENCIA, 4 FROM FRM_PROFILE_GERAL  WHERE FRM_PROFILE_GERAL.CHAVE=:p8 ORDER BY 3, 2
  USE: 8
    T:              CHAR(8) V: 'adriana '
    T:              CHAR(2) V: '25'
    T:            CHAR(255) V: 'filter_pol1304_filter_flt_cfg                                                                                                                                                                                                                                  '
    T:              CHAR(8) V: 'adriana '
    T:            CHAR(255) V: 'filter_pol1304_filter_flt_cfg                                                                                                                                                                                                                                  '
    T:              CHAR(2) V: '25'
    T:            CHAR(255) V: 'filter_pol1304_filter_flt_cfg                                                                                                                                                                                                                                  '
    T:            CHAR(255) V: 'filter_pol1304_filter_flt_cfg                                                                                                                                                                                                                                  '
[THREAD 4143221616 - 01/06/2016 16:50:36]
  FETCH
  RUNNING TIME: 0.000
  4GL SOURCE: PROFILE.4GL  LINE: 96 
  STATUS:  100 ROWS AFFECTED:0 SID:3458748
  NAME_FGL:PROFILE.CQ_PROFILE_READ
  NAME_SQL:cu0
  COMMAND: SELECT FRM_PROFILE_USUARIO_EMPRESA.VALOR, FRM_PROFILE_USUARIO_EMPRESA.SEQUENCIA, 1 FROM FRM_PROFILE_USUARIO_EMPRESA  WHERE FRM_PROFILE_USUARIO_EMPRESA.USUARIO=:p1 AND FRM_PROFILE_USUARIO_EMPRESA.EMPRESA=:p2 AND FRM_PROFILE_USUARIO_EMPRESA.CHAVE=:p3 UNION SELECT FRM_PROFILE_USUARIO.VALOR, FRM_PROFILE_USUARIO.SEQUENCIA, 2 FROM FRM_PROFILE_USUARIO  WHERE FRM_PROFILE_USUARIO.USUARIO=:p4 AND FRM_PROFILE_USUARIO.CHAVE=:p5 UNION SELECT FRM_PROFILE_EMPRESA.VALOR, FRM_PROFILE_EMPRESA.SEQUENCIA, 3 FROM FRM_PROFILE_EMPRESA  WHERE FRM_PROFILE_EMPRESA.EMPRESA=:p6 AND FRM_PROFILE_EMPRESA.CHAVE=:p7 UNION SELECT FRM_PROFILE_GERAL.VALOR, FRM_PROFILE_GERAL.SEQUENCIA, 4 FROM FRM_PROFILE_GERAL  WHERE FRM_PROFILE_GERAL.CHAVE=:p8 ORDER BY 3, 2
  INTO:3
    T:         VARCHAR(255) V: 'NULL'
    T:              INTEGER V: 0
    T:              INTEGER V: NULL
[THREAD 4143221616 - 01/06/2016 16:50:36]
  CLOSE 
  RUNNING TIME: 0.000
  4GL SOURCE: PROFILE.4GL  LINE: 96 
  STATUS:    0 ROWS AFFECTED:0 SID:3458748
  NAME_FGL:PROFILE.CQ_PROFILE_READ
  NAME_SQL:cu0
[THREAD 4143221616 - 01/06/2016 16:50:36]
  FREE 
  RUNNING TIME: 0.000
  4GL SOURCE: PROFILE.4GL  LINE: 123 
  STATUS:    0 ROWS AFFECTED:0 SID:3458748
  NAME_FGL:PROFILE.CQ_PROFILE_READ
  NAME_SQL:cu0
[THREAD 4143221616 - 01/06/2016 16:50:37]
  DECLARE
  RUNNING TIME: 0.005
  4GL SOURCE: PROFILE.4GL  LINE: 64 
  STATUS:    0 ROWS AFFECTED:0 SID:3458748
  NAME_FGL:PROFILE.CQ_PROFILE_READ
  NAME_SQL:cu0
  NATIVE COMMAND:SELECT FRM_PROFILE_USUARIO_EMPRESA.VALOR,FRM_PROFILE_USUARIO_EMPRESA.SEQUENCIA,1 FROM FRM_PROFILE_USUARIO_EMPRESA  WHERE FRM_PROFILE_USUARIO_EMPRESA.USUARIO=:p1 AND FRM_PROFILE_USUARIO_EMPRESA.EMPRESA=:p2 AND FRM_PROFILE_USUARIO_EMPRESA.CHAVE=:p3 UNION SELECT FRM_PROFILE_USUARIO.VALOR,FRM_PROFILE_USUARIO.SEQUENCIA,2 FROM FRM_PROFILE_USUARIO  WHERE FRM_PROFILE_USUARIO.USUARIO=:p4 AND FRM_PROFILE_USUARIO.CHAVE=:p5 UNION SELECT FRM_PROFILE_EMPRESA.VALOR,FRM_PROFILE_EMPRESA.SEQUENCIA,3 FROM FRM_PROFILE_EMPRESA  WHERE FRM_PROFILE_EMPRESA.EMPRESA=:p6 AND FRM_PROFILE_EMPRESA.CHAVE=:p7 UNION SELECT FRM_PROFILE_GERAL.VALOR,FRM_PROFILE_GERAL.SEQUENCIA,4 FROM FRM_PROFILE_GERAL  WHERE FRM_PROFILE_GERAL.CHAVE=:p8 ORDER BY 3,2
  COMMAND: SELECT FRM_PROFILE_USUARIO_EMPRESA.VALOR, FRM_PROFILE_USUARIO_EMPRESA.SEQUENCIA, 1 FROM FRM_PROFILE_USUARIO_EMPRESA  WHERE FRM_PROFILE_USUARIO_EMPRESA.USUARIO=:p1 AND FRM_PROFILE_USUARIO_EMPRESA.EMPRESA=:p2 AND FRM_PROFILE_USUARIO_EMPRESA.CHAVE=:p3 UNION SELECT FRM_PROFILE_USUARIO.VALOR, FRM_PROFILE_USUARIO.SEQUENCIA, 2 FROM FRM_PROFILE_USUARIO  WHERE FRM_PROFILE_USUARIO.USUARIO=:p4 AND FRM_PROFILE_USUARIO.CHAVE=:p5 UNION SELECT FRM_PROFILE_EMPRESA.VALOR, FRM_PROFILE_EMPRESA.SEQUENCIA, 3 FROM FRM_PROFILE_EMPRESA  WHERE FRM_PROFILE_EMPRESA.EMPRESA=:p6 AND FRM_PROFILE_EMPRESA.CHAVE=:p7 UNION SELECT FRM_PROFILE_GERAL.VALOR, FRM_PROFILE_GERAL.SEQUENCIA, 4 FROM FRM_PROFILE_GERAL  WHERE FRM_PROFILE_GERAL.CHAVE=:p8 ORDER BY 3, 2
[THREAD 4143221616 - 01/06/2016 16:50:37]
  OPEN 
  RUNNING TIME: 0.001
  4GL SOURCE: PROFILE.4GL  LINE: 96 
  STATUS:    0 ROWS AFFECTED:0 SID:3458748
  NAME_FGL:PROFILE.CQ_PROFILE_READ
  NAME_SQL:cu0
  COMMAND: SELECT FRM_PROFILE_USUARIO_EMPRESA.VALOR, FRM_PROFILE_USUARIO_EMPRESA.SEQUENCIA, 1 FROM FRM_PROFILE_USUARIO_EMPRESA  WHERE FRM_PROFILE_USUARIO_EMPRESA.USUARIO=:p1 AND FRM_PROFILE_USUARIO_EMPRESA.EMPRESA=:p2 AND FRM_PROFILE_USUARIO_EMPRESA.CHAVE=:p3 UNION SELECT FRM_PROFILE_USUARIO.VALOR, FRM_PROFILE_USUARIO.SEQUENCIA, 2 FROM FRM_PROFILE_USUARIO  WHERE FRM_PROFILE_USUARIO.USUARIO=:p4 AND FRM_PROFILE_USUARIO.CHAVE=:p5 UNION SELECT FRM_PROFILE_EMPRESA.VALOR, FRM_PROFILE_EMPRESA.SEQUENCIA, 3 FROM FRM_PROFILE_EMPRESA  WHERE FRM_PROFILE_EMPRESA.EMPRESA=:p6 AND FRM_PROFILE_EMPRESA.CHAVE=:p7 UNION SELECT FRM_PROFILE_GERAL.VALOR, FRM_PROFILE_GERAL.SEQUENCIA, 4 FROM FRM_PROFILE_GERAL  WHERE FRM_PROFILE_GERAL.CHAVE=:p8 ORDER BY 3, 2
  USE: 8
    T:              CHAR(8) V: 'adriana '
    T:              CHAR(2) V: '25'
    T:            CHAR(255) V: 'filter_pol1304_filter_flt_in                                                                                                                                                                                                                                   '
    T:              CHAR(8) V: 'adriana '
    T:            CHAR(255) V: 'filter_pol1304_filter_flt_in                                                                                                                                                                                                                                   '
    T:              CHAR(2) V: '25'
    T:            CHAR(255) V: 'filter_pol1304_filter_flt_in                                                                                                                                                                                                                                   '
    T:            CHAR(255) V: 'filter_pol1304_filter_flt_in                                                                                                                                                                                                                                   '
[THREAD 4143221616 - 01/06/2016 16:50:37]
  FETCH
  RUNNING TIME: 0.000
  4GL SOURCE: PROFILE.4GL  LINE: 96 
  STATUS:  100 ROWS AFFECTED:0 SID:3458748
  NAME_FGL:PROFILE.CQ_PROFILE_READ
  NAME_SQL:cu0
  COMMAND: SELECT FRM_PROFILE_USUARIO_EMPRESA.VALOR, FRM_PROFILE_USUARIO_EMPRESA.SEQUENCIA, 1 FROM FRM_PROFILE_USUARIO_EMPRESA  WHERE FRM_PROFILE_USUARIO_EMPRESA.USUARIO=:p1 AND FRM_PROFILE_USUARIO_EMPRESA.EMPRESA=:p2 AND FRM_PROFILE_USUARIO_EMPRESA.CHAVE=:p3 UNION SELECT FRM_PROFILE_USUARIO.VALOR, FRM_PROFILE_USUARIO.SEQUENCIA, 2 FROM FRM_PROFILE_USUARIO  WHERE FRM_PROFILE_USUARIO.USUARIO=:p4 AND FRM_PROFILE_USUARIO.CHAVE=:p5 UNION SELECT FRM_PROFILE_EMPRESA.VALOR, FRM_PROFILE_EMPRESA.SEQUENCIA, 3 FROM FRM_PROFILE_EMPRESA  WHERE FRM_PROFILE_EMPRESA.EMPRESA=:p6 AND FRM_PROFILE_EMPRESA.CHAVE=:p7 UNION SELECT FRM_PROFILE_GERAL.VALOR, FRM_PROFILE_GERAL.SEQUENCIA, 4 FROM FRM_PROFILE_GERAL  WHERE FRM_PROFILE_GERAL.CHAVE=:p8 ORDER BY 3, 2
  INTO:3
    T:         VARCHAR(255) V: 'NULL'
    T:              INTEGER V: 0
    T:              INTEGER V: NULL
[THREAD 4143221616 - 01/06/2016 16:50:37]
  CLOSE 
  RUNNING TIME: 0.000
  4GL SOURCE: PROFILE.4GL  LINE: 96 
  STATUS:    0 ROWS AFFECTED:0 SID:3458748
  NAME_FGL:PROFILE.CQ_PROFILE_READ
  NAME_SQL:cu0
[THREAD 4143221616 - 01/06/2016 16:50:37]
  FREE 
  RUNNING TIME: 0.000
  4GL SOURCE: PROFILE.4GL  LINE: 123 
  STATUS:    0 ROWS AFFECTED:0 SID:3458748
  NAME_FGL:PROFILE.CQ_PROFILE_READ
  NAME_SQL:cu0
[THREAD 4143221616 - 01/06/2016 16:50:46]
  TRANSLATE: SELECT conjunto  FROM frt_conjunto_veiculo_motorista WHERE frt_conjunto_veiculo_motorista.conjunto = '594' ORDER BY 1
  PREPARE
  RUNNING TIME: 0.003
  4GL SOURCE: POL1304.4GL  LINE: 370 
  STATUS:    0 ROWS AFFECTED:0 SID:3458748
  NAME_FGL:VAR_CONJUNTO
  NAME_SQL:cu0
  NATIVE COMMAND:SELECT CONJUNTO FROM FRT_CONJUNTO_VEICULO_MOTORISTA  WHERE FRT_CONJUNTO_VEICULO_MOTORISTA.CONJUNTO='594' ORDER BY 1
  COMMAND: SELECT conjunto  FROM frt_conjunto_veiculo_motorista WHERE frt_conjunto_veiculo_motorista.conjunto = '594' ORDER BY 1
[THREAD 4143221616 - 01/06/2016 16:50:46]
  DECLARE
  PREPARED 
  4GL SOURCE: POL1304.4GL  LINE: 376 
  STATUS:    0 ROWS AFFECTED:0 SID:3458748
  NAME_FGL:POL1304.CQ_CONJUNTO
  NAME_SQL:cu0
[THREAD 4143221616 - 01/06/2016 16:50:46]
  FREE 
[THREAD 4143221616 - 01/06/2016 16:50:46]
  OPEN 
  RUNNING TIME: 0.002
  4GL SOURCE: POL1304.4GL  LINE: 385 
  STATUS:    0 ROWS AFFECTED:0 SID:3458748
  NAME_FGL:POL1304.CQ_CONJUNTO
  NAME_SQL:cu0
  COMMAND: SELECT conjunto  FROM frt_conjunto_veiculo_motorista WHERE frt_conjunto_veiculo_motorista.conjunto = '594' ORDER BY 1
[THREAD 4143221616 - 01/06/2016 16:50:46]
  FETCH
  RUNNING TIME: 0.000
  4GL SOURCE: POL1304.4GL  LINE: 392 
  STATUS:    0 ROWS AFFECTED:1 SID:3458748
  NAME_FGL:POL1304.CQ_CONJUNTO
  NAME_SQL:cu0
  INTO:1
    T:              INTEGER V: 594
[THREAD 4143221616 - 01/06/2016 16:51:08]
  TRANSLATE: SELECT MOTORISTA,VEICULO,VEICULO_NAO_TRACIONADO_1,VEICULO_NAO_TRACIONADO_2,DAT_INCLUSAO,USUARIO_INCLUSAO,PROGRAMA_INCLUSAO,DAT_FIM,USUARIO_FIM,PROGRAMA_FIM,COORDENADOR FROM FRT_CONJUNTO_VEICULO_MOTORISTA  WHERE CONJUNTO=:p1
  EXECUTE
  RUNNING TIME: 0.001
  4GL SOURCE: POL1304.4GL  LINE: 419 
  STATUS:    0 ROWS AFFECTED:1 SID:3458748
  COMMAND: SELECT MOTORISTA,VEICULO,VEICULO_NAO_TRACIONADO_1,VEICULO_NAO_TRACIONADO_2,DAT_INCLUSAO,USUARIO_INCLUSAO,PROGRAMA_INCLUSAO,DAT_FIM,USUARIO_FIM,PROGRAMA_FIM,COORDENADOR FROM FRT_CONJUNTO_VEICULO_MOTORISTA  WHERE CONJUNTO=:p1
  USE: 1
    T:              INTEGER V: 594
  INTO:11
    T:             CHAR(12) V: '10          '
    T:             CHAR(10) V: 'NULL'
    T:             CHAR(10) V: 'EBP-5549  '
    T:             CHAR(10) V: 'NULL'
    T:             DATETIME V: 2016-06-01 16:50:15                                                                                                                                                                                                                                            
    T:              CHAR(8) V: 'adriana '
    T:              CHAR(8) V: 'FRTE0001'
    T:             DATETIME V: NULL
    T:              CHAR(8) V: 'NULL'
    T:              CHAR(8) V: 'NULL'
    T:              CHAR(8) V: 'NULL'
[THREAD 4143221616 - 01/06/2016 16:51:08]
  TRANSLATE: SELECT COUNT (*) FROM FRT_CONJUNTO_VEICULO_MOTORISTA  WHERE VEICULO=:p1 AND MOTORISTA=:p2 AND  to_date(nvl(to_char(DAT_INCLUSAO,'YYYYMMDDHH24MISS'),'19000101000000'),'YYYYMMDDHH24MISS')<=:p3 AND  to_date(nvl(to_char(DAT_FIM,'YYYYMMDDHH24MISS'),'19000101000000'),'YYYYMMDDHH24MISS')>=:p4
  EXECUTE
  RUNNING TIME: 0.001
  4GL SOURCE: POL1304.4GL  LINE: 691 
  STATUS:    0 ROWS AFFECTED:1 SID:3458748
  COMMAND: SELECT COUNT (*) FROM FRT_CONJUNTO_VEICULO_MOTORISTA  WHERE VEICULO=:p1 AND MOTORISTA=:p2 AND  to_date(nvl(to_char(DAT_INCLUSAO,'YYYYMMDDHH24MISS'),'19000101000000'),'YYYYMMDDHH24MISS')<=:p3 AND  to_date(nvl(to_char(DAT_FIM,'YYYYMMDDHH24MISS'),'19000101000000'),'YYYYMMDDHH24MISS')>=:p4
  USE: 4
    T:             CHAR(10) V: 'NULL'
    T:             CHAR(12) V: '10          '
    T:             CHAR(19) V: '2016-06-01 15:00:00'
    T:             CHAR(19) V: '2016-06-01 15:00:00'
  INTO:1
    T:              INTEGER V: 0
[THREAD 4143221616 - 01/06/2016 16:51:08]
  TRANSLATE: BEGIN WORK
  RUNNING TIME: 0.000
  4GL SOURCE: POL1304.4GL  LINE: 668 
  STATUS:    0 ROWS AFFECTED:0 SID:3458748
  COMMAND: BEGIN WORK
[THREAD 4143221616 - 01/06/2016 16:51:08]
  TRANSLATE: UPDATE FRT_CONJUNTO_VEICULO_MOTORISTA SET DAT_INCLUSAO=:p1 WHERE CONJUNTO=:p2
  RUNNING TIME: 0.001
  4GL SOURCE: POL1304.4GL  LINE: 718 
  STATUS:    0 ROWS AFFECTED:1 SID:3458748
  COMMAND: UPDATE FRT_CONJUNTO_VEICULO_MOTORISTA SET DAT_INCLUSAO=:p1 WHERE CONJUNTO=:p2
  USE: 2
    T:             DATETIME V: 2016-06-01 15:00:00                                                                                                                                                                                                                                            
    T:              INTEGER V: 594
[THREAD 4143221616 - 01/06/2016 16:51:08]
  TRANSLATE: INSERT INTO AUDIT_LOGIX VALUES(:p1, :p2, :p3, :p4, :p5, :p6)
  RUNNING TIME: 0.004
  4GL SOURCE: FUNC002.4GL  LINE: 39 
  STATUS:    0 ROWS AFFECTED:1 SID:3458748
  COMMAND: INSERT INTO AUDIT_LOGIX VALUES(:p1, :p2, :p3, :p4, :p5, :p6)
  USE: 6
    T:              CHAR(2) V: '25'
    T:            CHAR(200) V: 'ALTERACAO DA DATA DE INCLUSAO DO CONJUNTO 594 DE 01/06/2016 16:50:15 P/ 01/06/2016 15:00:00                                                                                                             '
    T:             CHAR(10) V: 'POL1304   '
    T:                 DATE V: 01/06/2016                                                                                                                                                                                                                                                     
    T:              CHAR(8) V: '16:51:08'
    T:              CHAR(8) V: 'adriana '
[THREAD 4143221616 - 01/06/2016 16:51:08]
  TRANSLATE: COMMIT WORK
  RUNNING TIME: 0.001
  4GL SOURCE: POL1304.4GL  LINE: 675 
  STATUS:    0 ROWS AFFECTED:0 SID:3458748
  COMMAND: COMMIT WORK
[THREAD 4143221616 - 01/06/2016 16:51:11]
  TRANSLATE: SELECT  SYS_CONTEXT('USERENV','SESSIONID') FROM DUAL 
  EXECUTE
  RUNNING TIME: 0.001
  4GL SOURCE: LOG0010.4GL  LINE: 477 
  STATUS:    0 ROWS AFFECTED:1 SID:3458748
  COMMAND: SELECT  SYS_CONTEXT('USERENV','SESSIONID') FROM DUAL 
  INTO:1
    T:              INTEGER V: 3458748
[THREAD 4143221616 - 01/06/2016 16:51:11]
  DECLARE
  RUNNING TIME: 0.003
  4GL SOURCE: LOG0010.4GL  LINE: 1998 
  STATUS:    0 ROWS AFFECTED:0 SID:3458748
  NAME_FGL:LOG0010.CD_LOG_DADOS_SESSAO_LOGIX
  NAME_SQL:cu1
  NATIVE COMMAND:SELECT SID,DAT_EXECUCAO FROM LOG_DADOS_SESSAO_LOGIX  WHERE USUARIO IN (:p1,'newlogin')
  COMMAND: SELECT SID, DAT_EXECUCAO FROM LOG_DADOS_SESSAO_LOGIX  WHERE USUARIO IN (:p1,'newlogin')
[THREAD 4143221616 - 01/06/2016 16:51:11]
  OPEN 
  RUNNING TIME: 0.001
  4GL SOURCE: LOG0010.4GL  LINE: 2004 
  STATUS:    0 ROWS AFFECTED:0 SID:3458748
  NAME_FGL:LOG0010.CD_LOG_DADOS_SESSAO_LOGIX
  NAME_SQL:cu1
  COMMAND: SELECT SID, DAT_EXECUCAO FROM LOG_DADOS_SESSAO_LOGIX  WHERE USUARIO IN (:p1,'newlogin')
  USE: 1
    T:              CHAR(8) V: 'adriana '
[THREAD 4143221616 - 01/06/2016 16:51:11]
  FETCH
  RUNNING TIME: 0.000
  4GL SOURCE: LOG0010.4GL  LINE: 2004 
  STATUS:    0 ROWS AFFECTED:1 SID:3458748
  NAME_FGL:LOG0010.CD_LOG_DADOS_SESSAO_LOGIX
  NAME_SQL:cu1
  INTO:2
    T:              INTEGER V: 3458736
    T:             DATETIME V: 2016-06-01 16:48:03                                                                                                                                                                                                                                            
[THREAD 4143221616 - 01/06/2016 16:51:11]
  TRANSLATE: SELECT  SYS_CONTEXT('USERENV','OS_USER') FROM DUAL 
  EXECUTE
  RUNNING TIME: 0.001
  4GL SOURCE: LOG0011.4GL  LINE: 211 
  STATUS:    0 ROWS AFFECTED:1 SID:3458748
  COMMAND: SELECT  SYS_CONTEXT('USERENV','OS_USER') FROM DUAL 
  INTO:1
    T:             CHAR(30) V: 'root                          '
[THREAD 4143221616 - 01/06/2016 16:51:11]
  TRANSLATE: SELECT 1 FROM V_SESSAO_ORA  WHERE V_SESSAO_ORA.SID=:p1 AND V_SESSAO_ORA.USUARIO=:p2
  EXECUTE
  RUNNING TIME: 0.005
  4GL SOURCE: LOG0011.4GL  LINE: 78 
  STATUS:    0 ROWS AFFECTED:1 SID:3458748
  COMMAND: SELECT 1 FROM V_SESSAO_ORA  WHERE V_SESSAO_ORA.SID=:p1 AND V_SESSAO_ORA.USUARIO=:p2
  USE: 2
    T:              INTEGER V: 3458736
    T:             CHAR(30) V: 'root                          '
[THREAD 4143221616 - 01/06/2016 16:51:11]
  FETCH
  RUNNING TIME: 0.000
  4GL SOURCE: LOG0010.4GL  LINE: 2004 
  STATUS:    0 ROWS AFFECTED:1 SID:3458748
  NAME_FGL:LOG0010.CD_LOG_DADOS_SESSAO_LOGIX
  NAME_SQL:cu1
  INTO:2
    T:              INTEGER V: 3458748
    T:             DATETIME V: 2016-06-01 16:50:33                                                                                                                                                                                                                                            
[THREAD 4143221616 - 01/06/2016 16:51:11]
  TRANSLATE: DELETE FROM LOG_DADOS_SESSAO_LOGIX  WHERE SID=:p1 AND DAT_EXECUCAO=:p2
  RUNNING TIME: 0.001
  4GL SOURCE: LOG0010.4GL  LINE: 2016 
  STATUS:    0 ROWS AFFECTED:1 SID:3458748
  COMMAND: DELETE FROM LOG_DADOS_SESSAO_LOGIX  WHERE SID=:p1 AND DAT_EXECUCAO=:p2
  USE: 2
    T:              INTEGER V: 3458748
    T:             DATETIME V: 2016-06-01 16:50:33                                                                                                                                                                                                                                            
[THREAD 4143221616 - 01/06/2016 16:51:11]
  FETCH
  RUNNING TIME: 0.000
  4GL SOURCE: LOG0010.4GL  LINE: 2004 
  STATUS:  100 ROWS AFFECTED:0 SID:3458748
  NAME_FGL:LOG0010.CD_LOG_DADOS_SESSAO_LOGIX
  NAME_SQL:cu1
  COMMAND: SELECT SID, DAT_EXECUCAO FROM LOG_DADOS_SESSAO_LOGIX  WHERE USUARIO IN (:p1,'newlogin')
  INTO:2
    T:              INTEGER V: 3458748
    T:             DATETIME V: 2016-06-01 16:50:33                                                                                                                                                                                                                                            
[THREAD 4143221616 - 01/06/2016 16:51:11]
  CLOSE 
  RUNNING TIME: 0.000
  4GL SOURCE: LOG0010.4GL  LINE: 2004 
  STATUS:    0 ROWS AFFECTED:0 SID:3458748
  NAME_FGL:LOG0010.CD_LOG_DADOS_SESSAO_LOGIX
  NAME_SQL:cu1
[THREAD 4143221616 - 01/06/2016 16:51:11]
  FREE 
  RUNNING TIME: 0.000
  4GL SOURCE: LOG0010.4GL  LINE: 2020 
  STATUS:    0 ROWS AFFECTED:0 SID:3458748
  NAME_FGL:LOG0010.CD_LOG_DADOS_SESSAO_LOGIX
  NAME_SQL:cu1
[THREAD 4143221616 - 01/06/2016 16:51:11]
  4GL SOURCE: LOG0010.4GL
  STATUS:    0 ROWS AFFECTED:0 SID:3458748
  NAME_FGL:POL1304.CQ_CONJUNTO
  NAME_SQL:cu0
[THREAD 4143221616 - 01/06/2016 16:51:11]
  RUNNING TIME: 0.000
  4GL SOURCE: LOG0010.4GL
  STATUS:    0 ROWS AFFECTED:0 SID:3458748
  NAME_FGL:POL1304.CQ_CONJUNTO
  NAME_SQL:cu0
[THREAD 4143221616 - 01/06/2016 16:51:11]
  TRANSLATE: CLOSE DATABASE
  EXECUTE
  STATUS:0
  COMMAND: CLOSE DATABASE
