[THREAD 1180] [10/01/2017 16:45:27]
  TRANSLATE: UPDATE LOG_VERSAO_PRG SET NUM_VERSAO=:p1, DAT_ALTERACAO=:p2 WHERE NUM_PROGRAMA=:p3
  RUNNING TIME: 0.000
  4GL SOURCE: FUNC002.4GL  LINE: 142 
  STATUS:    0 ROWS AFFECTED:1 SID:3912300
  COMMAND: UPDATE LOG_VERSAO_PRG SET NUM_VERSAO=:p1, DAT_ALTERACAO=:p2 WHERE NUM_PROGRAMA=:p3
  USE: 3
    T:              CHAR(9) V: '12.00.02 '
    T:                 DATE V: 09/01/2017                                                                                                                                                                                                                                                     
    T:              CHAR(8) V: 'POL1318 '
[THREAD 1180] [10/01/2017 16:45:27]
  DECLARE
  RUNNING TIME: 0.016
  4GL SOURCE: PROFILE.4GL  LINE: 64 
  STATUS:    0 ROWS AFFECTED:0 SID:3912300
  NAME_FGL:PROFILE.CQ_PROFILE_READ
  NAME_SQL:cu0
  NATIVE COMMAND:SELECT FRM_PROFILE_USUARIO_EMPRESA.VALOR,FRM_PROFILE_USUARIO_EMPRESA.SEQUENCIA,1 FROM FRM_PROFILE_USUARIO_EMPRESA  WHERE FRM_PROFILE_USUARIO_EMPRESA.USUARIO=:p1 AND FRM_PROFILE_USUARIO_EMPRESA.EMPRESA=:p2 AND FRM_PROFILE_USUARIO_EMPRESA.CHAVE=:p3 UNION SELECT FRM_PROFILE_USUARIO.VALOR,FRM_PROFILE_USUARIO.SEQUENCIA,2 FROM FRM_PROFILE_USUARIO  WHERE FRM_PROFILE_USUARIO.USUARIO=:p4 AND FRM_PROFILE_USUARIO.CHAVE=:p5 UNION SELECT FRM_PROFILE_EMPRESA.VALOR,FRM_PROFILE_EMPRESA.SEQUENCIA,3 FROM FRM_PROFILE_EMPRESA  WHERE FRM_PROFILE_EMPRESA.EMPRESA=:p6 AND FRM_PROFILE_EMPRESA.CHAVE=:p7 UNION SELECT FRM_PROFILE_GERAL.VALOR,FRM_PROFILE_GERAL.SEQUENCIA,4 FROM FRM_PROFILE_GERAL  WHERE FRM_PROFILE_GERAL.CHAVE=:p8 ORDER BY 3,2
  COMMAND: SELECT FRM_PROFILE_USUARIO_EMPRESA.VALOR, FRM_PROFILE_USUARIO_EMPRESA.SEQUENCIA, 1 FROM FRM_PROFILE_USUARIO_EMPRESA  WHERE FRM_PROFILE_USUARIO_EMPRESA.USUARIO=:p1 AND FRM_PROFILE_USUARIO_EMPRESA.EMPRESA=:p2 AND FRM_PROFILE_USUARIO_EMPRESA.CHAVE=:p3 UNION SELECT FRM_PROFILE_USUARIO.VALOR, FRM_PROFILE_USUARIO.SEQUENCIA, 2 FROM FRM_PROFILE_USUARIO  WHERE FRM_PROFILE_USUARIO.USUARIO=:p4 AND FRM_PROFILE_USUARIO.CHAVE=:p5 UNION SELECT FRM_PROFILE_EMPRESA.VALOR, FRM_PROFILE_EMPRESA.SEQUENCIA, 3 FROM FRM_PROFILE_EMPRESA  WHERE FRM_PROFILE_EMPRESA.EMPRESA=:p6 AND FRM_PROFILE_EMPRESA.CHAVE=:p7 UNION SELECT FRM_PROFILE_GERAL.VALOR, FRM_PROFILE_GERAL.SEQUENCIA, 4 FROM FRM_PROFILE_GERAL  WHERE FRM_PROFILE_GERAL.CHAVE=:p8 ORDER BY 3, 2
[THREAD 1180] [10/01/2017 16:45:27]
  OPEN 
  RUNNING TIME: 0.000
  4GL SOURCE: PROFILE.4GL  LINE: 96 
  STATUS:    0 ROWS AFFECTED:0 SID:3912300
  NAME_FGL:PROFILE.CQ_PROFILE_READ
  NAME_SQL:cu0
  COMMAND: SELECT FRM_PROFILE_USUARIO_EMPRESA.VALOR, FRM_PROFILE_USUARIO_EMPRESA.SEQUENCIA, 1 FROM FRM_PROFILE_USUARIO_EMPRESA  WHERE FRM_PROFILE_USUARIO_EMPRESA.USUARIO=:p1 AND FRM_PROFILE_USUARIO_EMPRESA.EMPRESA=:p2 AND FRM_PROFILE_USUARIO_EMPRESA.CHAVE=:p3 UNION SELECT FRM_PROFILE_USUARIO.VALOR, FRM_PROFILE_USUARIO.SEQUENCIA, 2 FROM FRM_PROFILE_USUARIO  WHERE FRM_PROFILE_USUARIO.USUARIO=:p4 AND FRM_PROFILE_USUARIO.CHAVE=:p5 UNION SELECT FRM_PROFILE_EMPRESA.VALOR, FRM_PROFILE_EMPRESA.SEQUENCIA, 3 FROM FRM_PROFILE_EMPRESA  WHERE FRM_PROFILE_EMPRESA.EMPRESA=:p6 AND FRM_PROFILE_EMPRESA.CHAVE=:p7 UNION SELECT FRM_PROFILE_GERAL.VALOR, FRM_PROFILE_GERAL.SEQUENCIA, 4 FROM FRM_PROFILE_GERAL  WHERE FRM_PROFILE_GERAL.CHAVE=:p8 ORDER BY 3, 2
  USE: 8
    T:              CHAR(8) V: 'bzachary'
    T:              CHAR(2) V: '03'
    T:            CHAR(255) V: 'filter_seleção de previsão_flt_cfg                                                                                                                                                                                                                             '
    T:              CHAR(8) V: 'bzachary'
    T:            CHAR(255) V: 'filter_seleção de previsão_flt_cfg                                                                                                                                                                                                                             '
    T:              CHAR(2) V: '03'
    T:            CHAR(255) V: 'filter_seleção de previsão_flt_cfg                                                                                                                                                                                                                             '
    T:            CHAR(255) V: 'filter_seleção de previsão_flt_cfg                                                                                                                                                                                                                             '
[THREAD 1180] [10/01/2017 16:45:27]
  FETCH
  RUNNING TIME: 0.000
  4GL SOURCE: PROFILE.4GL  LINE: 96 
  STATUS:  100 ROWS AFFECTED:0 SID:3912300
  NAME_FGL:PROFILE.CQ_PROFILE_READ
  NAME_SQL:cu0
  COMMAND: SELECT FRM_PROFILE_USUARIO_EMPRESA.VALOR, FRM_PROFILE_USUARIO_EMPRESA.SEQUENCIA, 1 FROM FRM_PROFILE_USUARIO_EMPRESA  WHERE FRM_PROFILE_USUARIO_EMPRESA.USUARIO=:p1 AND FRM_PROFILE_USUARIO_EMPRESA.EMPRESA=:p2 AND FRM_PROFILE_USUARIO_EMPRESA.CHAVE=:p3 UNION SELECT FRM_PROFILE_USUARIO.VALOR, FRM_PROFILE_USUARIO.SEQUENCIA, 2 FROM FRM_PROFILE_USUARIO  WHERE FRM_PROFILE_USUARIO.USUARIO=:p4 AND FRM_PROFILE_USUARIO.CHAVE=:p5 UNION SELECT FRM_PROFILE_EMPRESA.VALOR, FRM_PROFILE_EMPRESA.SEQUENCIA, 3 FROM FRM_PROFILE_EMPRESA  WHERE FRM_PROFILE_EMPRESA.EMPRESA=:p6 AND FRM_PROFILE_EMPRESA.CHAVE=:p7 UNION SELECT FRM_PROFILE_GERAL.VALOR, FRM_PROFILE_GERAL.SEQUENCIA, 4 FROM FRM_PROFILE_GERAL  WHERE FRM_PROFILE_GERAL.CHAVE=:p8 ORDER BY 3, 2
  INTO:3
    T:         VARCHAR(255) V: 'NULL'
    T:              INTEGER V: 0
    T:              INTEGER V: NULL
[THREAD 1180] [10/01/2017 16:45:27]
  CLOSE 
  RUNNING TIME: 0.000
  4GL SOURCE: PROFILE.4GL  LINE: 96 
  STATUS:    0 ROWS AFFECTED:0 SID:3912300
  NAME_FGL:PROFILE.CQ_PROFILE_READ
  NAME_SQL:cu0
[THREAD 1180] [10/01/2017 16:45:27]
  FREE 
  RUNNING TIME: 0.000
  4GL SOURCE: PROFILE.4GL  LINE: 123 
  STATUS:    0 ROWS AFFECTED:0 SID:3912300
  NAME_FGL:PROFILE.CQ_PROFILE_READ
  NAME_SQL:cu0
[THREAD 1180] [10/01/2017 16:45:27]
  DECLARE
  RUNNING TIME: 0.000
  4GL SOURCE: PROFILE.4GL  LINE: 64 
  STATUS:    0 ROWS AFFECTED:0 SID:3912300
  NAME_FGL:PROFILE.CQ_PROFILE_READ
  NAME_SQL:cu0
  NATIVE COMMAND:SELECT FRM_PROFILE_USUARIO_EMPRESA.VALOR,FRM_PROFILE_USUARIO_EMPRESA.SEQUENCIA,1 FROM FRM_PROFILE_USUARIO_EMPRESA  WHERE FRM_PROFILE_USUARIO_EMPRESA.USUARIO=:p1 AND FRM_PROFILE_USUARIO_EMPRESA.EMPRESA=:p2 AND FRM_PROFILE_USUARIO_EMPRESA.CHAVE=:p3 UNION SELECT FRM_PROFILE_USUARIO.VALOR,FRM_PROFILE_USUARIO.SEQUENCIA,2 FROM FRM_PROFILE_USUARIO  WHERE FRM_PROFILE_USUARIO.USUARIO=:p4 AND FRM_PROFILE_USUARIO.CHAVE=:p5 UNION SELECT FRM_PROFILE_EMPRESA.VALOR,FRM_PROFILE_EMPRESA.SEQUENCIA,3 FROM FRM_PROFILE_EMPRESA  WHERE FRM_PROFILE_EMPRESA.EMPRESA=:p6 AND FRM_PROFILE_EMPRESA.CHAVE=:p7 UNION SELECT FRM_PROFILE_GERAL.VALOR,FRM_PROFILE_GERAL.SEQUENCIA,4 FROM FRM_PROFILE_GERAL  WHERE FRM_PROFILE_GERAL.CHAVE=:p8 ORDER BY 3,2
  COMMAND: SELECT FRM_PROFILE_USUARIO_EMPRESA.VALOR, FRM_PROFILE_USUARIO_EMPRESA.SEQUENCIA, 1 FROM FRM_PROFILE_USUARIO_EMPRESA  WHERE FRM_PROFILE_USUARIO_EMPRESA.USUARIO=:p1 AND FRM_PROFILE_USUARIO_EMPRESA.EMPRESA=:p2 AND FRM_PROFILE_USUARIO_EMPRESA.CHAVE=:p3 UNION SELECT FRM_PROFILE_USUARIO.VALOR, FRM_PROFILE_USUARIO.SEQUENCIA, 2 FROM FRM_PROFILE_USUARIO  WHERE FRM_PROFILE_USUARIO.USUARIO=:p4 AND FRM_PROFILE_USUARIO.CHAVE=:p5 UNION SELECT FRM_PROFILE_EMPRESA.VALOR, FRM_PROFILE_EMPRESA.SEQUENCIA, 3 FROM FRM_PROFILE_EMPRESA  WHERE FRM_PROFILE_EMPRESA.EMPRESA=:p6 AND FRM_PROFILE_EMPRESA.CHAVE=:p7 UNION SELECT FRM_PROFILE_GERAL.VALOR, FRM_PROFILE_GERAL.SEQUENCIA, 4 FROM FRM_PROFILE_GERAL  WHERE FRM_PROFILE_GERAL.CHAVE=:p8 ORDER BY 3, 2
[THREAD 1180] [10/01/2017 16:45:27]
  OPEN 
  RUNNING TIME: 0.000
  4GL SOURCE: PROFILE.4GL  LINE: 96 
  STATUS:    0 ROWS AFFECTED:0 SID:3912300
  NAME_FGL:PROFILE.CQ_PROFILE_READ
  NAME_SQL:cu0
  COMMAND: SELECT FRM_PROFILE_USUARIO_EMPRESA.VALOR, FRM_PROFILE_USUARIO_EMPRESA.SEQUENCIA, 1 FROM FRM_PROFILE_USUARIO_EMPRESA  WHERE FRM_PROFILE_USUARIO_EMPRESA.USUARIO=:p1 AND FRM_PROFILE_USUARIO_EMPRESA.EMPRESA=:p2 AND FRM_PROFILE_USUARIO_EMPRESA.CHAVE=:p3 UNION SELECT FRM_PROFILE_USUARIO.VALOR, FRM_PROFILE_USUARIO.SEQUENCIA, 2 FROM FRM_PROFILE_USUARIO  WHERE FRM_PROFILE_USUARIO.USUARIO=:p4 AND FRM_PROFILE_USUARIO.CHAVE=:p5 UNION SELECT FRM_PROFILE_EMPRESA.VALOR, FRM_PROFILE_EMPRESA.SEQUENCIA, 3 FROM FRM_PROFILE_EMPRESA  WHERE FRM_PROFILE_EMPRESA.EMPRESA=:p6 AND FRM_PROFILE_EMPRESA.CHAVE=:p7 UNION SELECT FRM_PROFILE_GERAL.VALOR, FRM_PROFILE_GERAL.SEQUENCIA, 4 FROM FRM_PROFILE_GERAL  WHERE FRM_PROFILE_GERAL.CHAVE=:p8 ORDER BY 3, 2
  USE: 8
    T:              CHAR(8) V: 'bzachary'
    T:              CHAR(2) V: '03'
    T:            CHAR(255) V: 'filter_seleção de previsão_flt_in                                                                                                                                                                                                                              '
    T:              CHAR(8) V: 'bzachary'
    T:            CHAR(255) V: 'filter_seleção de previsão_flt_in                                                                                                                                                                                                                              '
    T:              CHAR(2) V: '03'
    T:            CHAR(255) V: 'filter_seleção de previsão_flt_in                                                                                                                                                                                                                              '
    T:            CHAR(255) V: 'filter_seleção de previsão_flt_in                                                                                                                                                                                                                              '
[THREAD 1180] [10/01/2017 16:45:27]
  FETCH
  RUNNING TIME: 0.000
  4GL SOURCE: PROFILE.4GL  LINE: 96 
  STATUS:  100 ROWS AFFECTED:0 SID:3912300
  NAME_FGL:PROFILE.CQ_PROFILE_READ
  NAME_SQL:cu0
  COMMAND: SELECT FRM_PROFILE_USUARIO_EMPRESA.VALOR, FRM_PROFILE_USUARIO_EMPRESA.SEQUENCIA, 1 FROM FRM_PROFILE_USUARIO_EMPRESA  WHERE FRM_PROFILE_USUARIO_EMPRESA.USUARIO=:p1 AND FRM_PROFILE_USUARIO_EMPRESA.EMPRESA=:p2 AND FRM_PROFILE_USUARIO_EMPRESA.CHAVE=:p3 UNION SELECT FRM_PROFILE_USUARIO.VALOR, FRM_PROFILE_USUARIO.SEQUENCIA, 2 FROM FRM_PROFILE_USUARIO  WHERE FRM_PROFILE_USUARIO.USUARIO=:p4 AND FRM_PROFILE_USUARIO.CHAVE=:p5 UNION SELECT FRM_PROFILE_EMPRESA.VALOR, FRM_PROFILE_EMPRESA.SEQUENCIA, 3 FROM FRM_PROFILE_EMPRESA  WHERE FRM_PROFILE_EMPRESA.EMPRESA=:p6 AND FRM_PROFILE_EMPRESA.CHAVE=:p7 UNION SELECT FRM_PROFILE_GERAL.VALOR, FRM_PROFILE_GERAL.SEQUENCIA, 4 FROM FRM_PROFILE_GERAL  WHERE FRM_PROFILE_GERAL.CHAVE=:p8 ORDER BY 3, 2
  INTO:3
    T:         VARCHAR(255) V: 'NULL'
    T:              INTEGER V: 0
    T:              INTEGER V: NULL
[THREAD 1180] [10/01/2017 16:45:27]
  CLOSE 
  RUNNING TIME: 0.000
  4GL SOURCE: PROFILE.4GL  LINE: 96 
  STATUS:    0 ROWS AFFECTED:0 SID:3912300
  NAME_FGL:PROFILE.CQ_PROFILE_READ
  NAME_SQL:cu0
[THREAD 1180] [10/01/2017 16:45:27]
  FREE 
  RUNNING TIME: 0.000
  4GL SOURCE: PROFILE.4GL  LINE: 123 
  STATUS:    0 ROWS AFFECTED:0 SID:3912300
  NAME_FGL:PROFILE.CQ_PROFILE_READ
  NAME_SQL:cu0
[THREAD 1180] [10/01/2017 16:45:28]
  TRANSLATE: SELECT num_previsao  FROM previsao_periodo_912  WHERE 1=1 AND cod_emp_orig = '03'  ORDER BY  num_previsao
  PREPARE
  RUNNING TIME: 0.000
  4GL SOURCE: POL1318.4GL  LINE: 531 
  STATUS:    0 ROWS AFFECTED:0 SID:3912300
  NAME_FGL:VAR_PESQUISA
  NAME_SQL:cu0
  NATIVE COMMAND:SELECT NUM_PREVISAO FROM PREVISAO_PERIODO_912  WHERE 1=1 AND COD_EMP_ORIG='03' ORDER BY NUM_PREVISAO
  COMMAND: SELECT num_previsao  FROM previsao_periodo_912  WHERE 1=1 AND cod_emp_orig = '03'  ORDER BY  num_previsao
[THREAD 1180] [10/01/2017 16:45:28]
  DECLARE
  PREPARED 
  4GL SOURCE: POL1318.4GL  LINE: 538 
  STATUS:    0 ROWS AFFECTED:0 SID:3912300
  NAME_FGL:POL1318.CQ_CONS
  NAME_SQL:cu0
[THREAD 1180] [10/01/2017 16:45:28]
  FREE 
[THREAD 1180] [10/01/2017 16:45:28]
  OPEN 
  RUNNING TIME: 0.000
  4GL SOURCE: POL1318.4GL  LINE: 547 
  STATUS:    0 ROWS AFFECTED:0 SID:3912300
  NAME_FGL:POL1318.CQ_CONS
  NAME_SQL:cu0
  COMMAND: SELECT num_previsao  FROM previsao_periodo_912  WHERE 1=1 AND cod_emp_orig = '03'  ORDER BY  num_previsao
[THREAD 1180] [10/01/2017 16:45:28]
  FETCH
  RUNNING TIME: 0.000
  4GL SOURCE: POL1318.4GL  LINE: 556 
  STATUS:    0 ROWS AFFECTED:1 SID:3912300
  NAME_FGL:POL1318.CQ_CONS
  NAME_SQL:cu0
  INTO:1
    T:              INTEGER V: 1
[THREAD 1180] [10/01/2017 16:45:28]
  TRANSLATE: SELECT COD_EMP_ORIG,DAT_INI,DAT_FIM FROM PREVISAO_PERIODO_912  WHERE COD_EMP_ORIG=:p1 AND NUM_PREVISAO=:p2
  EXECUTE
  RUNNING TIME: 0.000
  4GL SOURCE: POL1318.4GL  LINE: 614 
  STATUS:    0 ROWS AFFECTED:1 SID:3912300
  COMMAND: SELECT COD_EMP_ORIG,DAT_INI,DAT_FIM FROM PREVISAO_PERIODO_912  WHERE COD_EMP_ORIG=:p1 AND NUM_PREVISAO=:p2
  USE: 2
    T:              CHAR(2) V: '03'
    T:              INTEGER V: 1
  INTO:3
    T:              CHAR(2) V: '03'
    T:                 DATE V: 01/10/2016                                                                                                                                                                                                                                                     
    T:                 DATE V: 31/10/2016                                                                                                                                                                                                                                                     
[THREAD 1180] [10/01/2017 16:45:28]
  TRANSLATE: SELECT DEN_EMPRESA FROM EMPRESA  WHERE COD_EMPRESA=:p1
  EXECUTE
  RUNNING TIME: 0.000
  4GL SOURCE: POL1318.4GL  LINE: 644 
  STATUS:    0 ROWS AFFECTED:1 SID:3912300
  COMMAND: SELECT DEN_EMPRESA FROM EMPRESA  WHERE COD_EMPRESA=:p1
  USE: 1
    T:              CHAR(2) V: '03'
  INTO:1
    T:             CHAR(36) V: 'AGROPECUARIA RONCADOR SA-TRE        '
[THREAD 1180] [10/01/2017 16:45:28]
  DECLARE
  RUNNING TIME: 0.000
  4GL SOURCE: POL1318.4GL  LINE: 688 
  STATUS:    0 ROWS AFFECTED:0 SID:3912300
  NAME_FGL:POL1318.CQ_ITENS
  NAME_SQL:cu1
  NATIVE COMMAND:SELECT A.NUM_AD,A.NUM_NF,A.DAT_EMIS_NF,A.VAL_TOT_NF,A.COD_FORNECEDOR,A.COD_TIP_DESPESA,A.ORIGEM,A.RATEADO,B.RAZ_SOCIAL,C.NOM_TIP_DESPESA,A.COD_CENT_CUST,A.DAT_VENC,A.COD_MOEDA,A.COD_TIP_AD,A.IES_SUP_CAP FROM PREVISAO_912 A, FORNECEDOR B, TIPO_DESPESA C  WHERE A.NUM_PREVISAO=:p1 AND A.COD_EMP_ORIG=:p2 AND B.COD_FORNECEDOR=A.COD_FORNECEDOR AND C.COD_EMPRESA=A.COD_EMP_ORIG AND C.COD_TIP_DESPESA=A.COD_TIP_DESPESA ORDER BY C.NOM_TIP_DESPESA
  COMMAND: SELECT A.NUM_AD, A.NUM_NF, A.DAT_EMIS_NF, A.VAL_TOT_NF, A.COD_FORNECEDOR, A.COD_TIP_DESPESA, A.ORIGEM, A.RATEADO, B.RAZ_SOCIAL, C.NOM_TIP_DESPESA, A.COD_CENT_CUST, A.DAT_VENC, A.COD_MOEDA, A.COD_TIP_AD, A.IES_SUP_CAP FROM PREVISAO_912 A, FORNECEDOR B, TIPO_DESPESA C  WHERE A.NUM_PREVISAO=:p1 AND A.COD_EMP_ORIG=:p2 AND B.COD_FORNECEDOR=A.COD_FORNECEDOR AND C.COD_EMPRESA=A.COD_EMP_ORIG AND C.COD_TIP_DESPESA=A.COD_TIP_DESPESA ORDER BY C.NOM_TIP_DESPESA
[THREAD 1180] [10/01/2017 16:45:28]
  OPEN 
  RUNNING TIME: 0.000
  4GL SOURCE: POL1318.4GL  LINE: 712 
  STATUS:    0 ROWS AFFECTED:0 SID:3912300
  NAME_FGL:POL1318.CQ_ITENS
  NAME_SQL:cu1
  COMMAND: SELECT A.NUM_AD, A.NUM_NF, A.DAT_EMIS_NF, A.VAL_TOT_NF, A.COD_FORNECEDOR, A.COD_TIP_DESPESA, A.ORIGEM, A.RATEADO, B.RAZ_SOCIAL, C.NOM_TIP_DESPESA, A.COD_CENT_CUST, A.DAT_VENC, A.COD_MOEDA, A.COD_TIP_AD, A.IES_SUP_CAP FROM PREVISAO_912 A, FORNECEDOR B, TIPO_DESPESA C  WHERE A.NUM_PREVISAO=:p1 AND A.COD_EMP_ORIG=:p2 AND B.COD_FORNECEDOR=A.COD_FORNECEDOR AND C.COD_EMPRESA=A.COD_EMP_ORIG AND C.COD_TIP_DESPESA=A.COD_TIP_DESPESA ORDER BY C.NOM_TIP_DESPESA
  USE: 2
    T:              INTEGER V: 1
    T:              CHAR(2) V: '03'
[THREAD 1180] [10/01/2017 16:45:28]
  FETCH
Warning DB: TC_GetIsNull returned string with 15 characters and the number of variables is 10.
[THREAD 1180] [10/01/2017 16:45:28]
  RUNNING TIME: 0.000
  4GL SOURCE: POL1318.4GL  LINE: 712 
  STATUS:    0 ROWS AFFECTED:1 SID:3912300
  NAME_FGL:POL1318.CQ_ITENS
  NAME_SQL:cu1
  INTO:10
    T:              INTEGER V: 8355
    T:              INTEGER V: 4597542
    T:                 DATE V: 14/10/2016                                                                                                                                                                                                                                                     
    T:        DECIMAL(12,2) V: 3295,94
    T:             CHAR(15) V: '002558157000162'
    T:         DECIMAL(4,0) V: 503
    T:              CHAR(3) V: 'SUP'
    T:              CHAR(1) V: 'NULL'
    T:             CHAR(40) V: 'TELEFONICA BRASIL SA                    '
    T:             CHAR(30) V: 'COMUNICACAO                   '
[THREAD 1180] [10/01/2017 16:45:28]
  FETCH
Warning DB: TC_GetIsNull returned string with 15 characters and the number of variables is 10.
[THREAD 1180] [10/01/2017 16:45:28]
  RUNNING TIME: 0.000
  4GL SOURCE: POL1318.4GL  LINE: 712 
  STATUS:    0 ROWS AFFECTED:1 SID:3912300
  NAME_FGL:POL1318.CQ_ITENS
  NAME_SQL:cu1
  INTO:10
    T:              INTEGER V: 8238
    T:              INTEGER V: 3594
    T:                 DATE V: 03/10/2016                                                                                                                                                                                                                                                     
    T:        DECIMAL(12,2) V: 693,72
    T:             CHAR(15) V: '000783573000139'
    T:         DECIMAL(4,0) V: 520
    T:              CHAR(3) V: 'SUP'
    T:              CHAR(1) V: 'NULL'
    T:             CHAR(40) V: 'RICOHLOR COMERCIO E SISTEMAS REPROGRAFIC'
    T:             CHAR(30) V: 'SERVICOS PRESTADOS PESSOA JURI'
[THREAD 1180] [10/01/2017 16:45:28]
  FETCH
Warning DB: TC_GetIsNull returned string with 15 characters and the number of variables is 10.
[THREAD 1180] [10/01/2017 16:45:28]
  RUNNING TIME: 0.000
  4GL SOURCE: POL1318.4GL  LINE: 712 
  STATUS:    0 ROWS AFFECTED:1 SID:3912300
  NAME_FGL:POL1318.CQ_ITENS
  NAME_SQL:cu1
  INTO:10
    T:              INTEGER V: 8239
    T:              INTEGER V: 3272
    T:                 DATE V: 07/10/2016                                                                                                                                                                                                                                                     
    T:        DECIMAL(12,2) V: 4389,29
    T:             CHAR(15) V: '005982069000181'
    T:         DECIMAL(4,0) V: 520
    T:              CHAR(3) V: 'SUP'
    T:              CHAR(1) V: 'NULL'
    T:             CHAR(40) V: 'GATEC S/A - GESTAO AGROINDUSTRIAL       '
    T:             CHAR(30) V: 'SERVICOS PRESTADOS PESSOA JURI'
[THREAD 1180] [10/01/2017 16:45:28]
  FETCH
Warning DB: TC_GetIsNull returned string with 15 characters and the number of variables is 10.
[THREAD 1180] [10/01/2017 16:45:28]
  RUNNING TIME: 0.000
  4GL SOURCE: POL1318.4GL  LINE: 712 
  STATUS:    0 ROWS AFFECTED:1 SID:3912300
  NAME_FGL:POL1318.CQ_ITENS
  NAME_SQL:cu1
  INTO:10
    T:              INTEGER V: 8240
    T:              INTEGER V: 12502
    T:                 DATE V: 05/10/2016                                                                                                                                                                                                                                                     
    T:        DECIMAL(12,2) V: 824,96
    T:             CHAR(15) V: '004120966002329'
    T:         DECIMAL(4,0) V: 520
    T:              CHAR(3) V: 'SUP'
    T:              CHAR(1) V: 'NULL'
    T:             CHAR(40) V: 'IRON MOUNTAIN DO BRASIL LTDA            '
    T:             CHAR(30) V: 'SERVICOS PRESTADOS PESSOA JURI'
[THREAD 1180] [10/01/2017 16:45:28]
  FETCH
Warning DB: TC_GetIsNull returned string with 15 characters and the number of variables is 10.
[THREAD 1180] [10/01/2017 16:45:28]
  RUNNING TIME: 0.000
  4GL SOURCE: POL1318.4GL  LINE: 712 
  STATUS:    0 ROWS AFFECTED:1 SID:3912300
  NAME_FGL:POL1318.CQ_ITENS
  NAME_SQL:cu1
  INTO:10
    T:              INTEGER V: 8255
    T:              INTEGER V: 30548
    T:                 DATE V: 06/10/2016                                                                                                                                                                                                                                                     
    T:        DECIMAL(12,2) V: 573,09
    T:             CHAR(15) V: '010951097000171'
    T:         DECIMAL(4,0) V: 520
    T:              CHAR(3) V: 'SUP'
    T:              CHAR(1) V: 'NULL'
    T:             CHAR(40) V: 'REVISA SERVICOS LTDA EPP                '
    T:             CHAR(30) V: 'SERVICOS PRESTADOS PESSOA JURI'
[THREAD 1180] [10/01/2017 16:45:28]
  FETCH
Warning DB: TC_GetIsNull returned string with 15 characters and the number of variables is 10.
[THREAD 1180] [10/01/2017 16:45:28]
  RUNNING TIME: 0.000
  4GL SOURCE: POL1318.4GL  LINE: 712 
  STATUS:    0 ROWS AFFECTED:1 SID:3912300
  NAME_FGL:POL1318.CQ_ITENS
  NAME_SQL:cu1
  INTO:10
    T:              INTEGER V: 8328
    T:              INTEGER V: 3777
    T:                 DATE V: 20/10/2016                                                                                                                                                                                                                                                     
    T:        DECIMAL(12,2) V: 891,89
    T:             CHAR(15) V: '000783573000139'
    T:         DECIMAL(4,0) V: 520
    T:              CHAR(3) V: 'SUP'
    T:              CHAR(1) V: 'NULL'
    T:             CHAR(40) V: 'RICOHLOR COMERCIO E SISTEMAS REPROGRAFIC'
    T:             CHAR(30) V: 'SERVICOS PRESTADOS PESSOA JURI'
[THREAD 1180] [10/01/2017 16:45:28]
  FETCH
Warning DB: TC_GetIsNull returned string with 15 characters and the number of variables is 10.
[THREAD 1180] [10/01/2017 16:45:28]
  RUNNING TIME: 0.000
  4GL SOURCE: POL1318.4GL  LINE: 712 
  STATUS:    0 ROWS AFFECTED:1 SID:3912300
  NAME_FGL:POL1318.CQ_ITENS
  NAME_SQL:cu1
  INTO:10
    T:              INTEGER V: 8344
    T:              INTEGER V: 3094
    T:                 DATE V: 26/10/2016                                                                                                                                                                                                                                                     
    T:        DECIMAL(12,2) V: 505,50
    T:             CHAR(15) V: '045565686000104'
    T:         DECIMAL(4,0) V: 520
    T:              CHAR(3) V: 'SUP'
    T:              CHAR(1) V: 'NULL'
    T:             CHAR(40) V: 'DECIMO QUARTO TABELIONATO DE NOTAS 
   '
    T:             CHAR(30) V: 'SERVICOS PRESTADOS PESSOA JURI'
[THREAD 1180] [10/01/2017 16:45:28]
  FETCH
Warning DB: TC_GetIsNull returned string with 15 characters and the number of variables is 10.
[THREAD 1180] [10/01/2017 16:45:28]
  RUNNING TIME: 0.000
  4GL SOURCE: POL1318.4GL  LINE: 712 
  STATUS:    0 ROWS AFFECTED:1 SID:3912300
  NAME_FGL:POL1318.CQ_ITENS
  NAME_SQL:cu1
  INTO:10
    T:              INTEGER V: 8345
    T:              INTEGER V: 8825
    T:                 DATE V: 13/10/2016                                                                                                                                                                                                                                                     
    T:        DECIMAL(12,2) V: 520
    T:             CHAR(15) V: '049655814000153'
    T:         DECIMAL(4,0) V: 520
    T:              CHAR(3) V: 'SUP'
    T:              CHAR(1) V: 'NULL'
    T:             CHAR(40) V: 'GRAFICA TABOAO LTDA EPP                 '
    T:             CHAR(30) V: 'SERVICOS PRESTADOS PESSOA JURI'
[THREAD 1180] [10/01/2017 16:45:28]
  FETCH
Warning DB: TC_GetIsNull returned string with 15 characters and the number of variables is 10.
[THREAD 1180] [10/01/2017 16:45:28]
  RUNNING TIME: 0.000
  4GL SOURCE: POL1318.4GL  LINE: 712 
  STATUS:    0 ROWS AFFECTED:1 SID:3912300
  NAME_FGL:POL1318.CQ_ITENS
  NAME_SQL:cu1
  INTO:10
    T:              INTEGER V: 8347
    T:              INTEGER V: 7266
    T:                 DATE V: 14/10/2016                                                                                                                                                                                                                                                     
    T:        DECIMAL(12,2) V: 28000,80
    T:             CHAR(15) V: '002318817000138'
    T:         DECIMAL(4,0) V: 520
    T:              CHAR(3) V: 'SUP'
    T:              CHAR(1) V: 'NULL'
    T:             CHAR(40) V: 'ACEEX PROCESSAMENTO DE DADOS LTDA       '
    T:             CHAR(30) V: 'SERVICOS PRESTADOS PESSOA JURI'
[THREAD 1180] [10/01/2017 16:45:28]
  FETCH
Warning DB: TC_GetIsNull returned string with 15 characters and the number of variables is 10.
[THREAD 1180] [10/01/2017 16:45:28]
  RUNNING TIME: 0.000
  4GL SOURCE: POL1318.4GL  LINE: 712 
  STATUS:    0 ROWS AFFECTED:1 SID:3912300
  NAME_FGL:POL1318.CQ_ITENS
  NAME_SQL:cu1
  INTO:10
    T:              INTEGER V: 8237
    T:              INTEGER V: 483
    T:                 DATE V: 04/10/2016                                                                                                                                                                                                                                                     
    T:        DECIMAL(12,2) V: 1360
    T:             CHAR(15) V: '002504613000191'
    T:         DECIMAL(4,0) V: 520
    T:              CHAR(3) V: 'SUP'
    T:              CHAR(1) V: 'NULL'
    T:             CHAR(40) V: 'MAIA SERVICOS LTDA ME                   '
    T:             CHAR(30) V: 'SERVICOS PRESTADOS PESSOA JURI'
[THREAD 1180] [10/01/2017 16:45:28]
  FETCH
Warning DB: TC_GetIsNull returned string with 15 characters and the number of variables is 10.
[THREAD 1180] [10/01/2017 16:45:28]
  RUNNING TIME: 0.000
  4GL SOURCE: POL1318.4GL  LINE: 712 
  STATUS:    0 ROWS AFFECTED:1 SID:3912300
  NAME_FGL:POL1318.CQ_ITENS
  NAME_SQL:cu1
  INTO:10
    T:              INTEGER V: 8294
    T:              INTEGER V: 11853
    T:                 DATE V: 13/10/2016                                                                                                                                                                                                                                                     
    T:        DECIMAL(12,2) V: 206,88
    T:             CHAR(15) V: '068969989000180'
    T:         DECIMAL(4,0) V: 520
    T:              CHAR(3) V: 'SUP'
    T:              CHAR(1) V: 'NULL'
    T:             CHAR(40) V: 'PALERMO E CASTELO ADVOGADOS             '
    T:             CHAR(30) V: 'SERVICOS PRESTADOS PESSOA JURI'
[THREAD 1180] [10/01/2017 16:45:28]
  FETCH
  RUNNING TIME: 0.000
  4GL SOURCE: POL1318.4GL  LINE: 712 
  STATUS:  100 ROWS AFFECTED:0 SID:3912300
  NAME_FGL:POL1318.CQ_ITENS
  NAME_SQL:cu1
  COMMAND: SELECT A.NUM_AD, A.NUM_NF, A.DAT_EMIS_NF, A.VAL_TOT_NF, A.COD_FORNECEDOR, A.COD_TIP_DESPESA, A.ORIGEM, A.RATEADO, B.RAZ_SOCIAL, C.NOM_TIP_DESPESA, A.COD_CENT_CUST, A.DAT_VENC, A.COD_MOEDA, A.COD_TIP_AD, A.IES_SUP_CAP FROM PREVISAO_912 A, FORNECEDOR B, TIPO_DESPESA C  WHERE A.NUM_PREVISAO=:p1 AND A.COD_EMP_ORIG=:p2 AND B.COD_FORNECEDOR=A.COD_FORNECEDOR AND C.COD_EMPRESA=A.COD_EMP_ORIG AND C.COD_TIP_DESPESA=A.COD_TIP_DESPESA ORDER BY C.NOM_TIP_DESPESA
  INTO:10
    T:              INTEGER V: NULL
    T:              INTEGER V: NULL
    T:                 DATE V: NULL
    T:              DECIMAL V: NULL
    T:             CHAR(15) V: 'NULL'
    T:              DECIMAL V: NULL
    T:              CHAR(3) V: 'NULL'
    T:              CHAR(1) V: 'NULL'
    T:             CHAR(40) V: 'NULL'
    T:             CHAR(30) V: 'NULL'
[THREAD 1180] [10/01/2017 16:45:28]
  CLOSE 
  RUNNING TIME: 0.000
  4GL SOURCE: POL1318.4GL  LINE: 712 
  STATUS:    0 ROWS AFFECTED:0 SID:3912300
  NAME_FGL:POL1318.CQ_ITENS
  NAME_SQL:cu1
[THREAD 1180] [10/01/2017 16:45:28]
  FREE 
  RUNNING TIME: 0.000
  4GL SOURCE: POL1318.4GL  LINE: 747 
  STATUS:    0 ROWS AFFECTED:0 SID:3912300
  NAME_FGL:POL1318.CQ_ITENS
  NAME_SQL:cu1
[THREAD 1180] [10/01/2017 16:45:28]
  DECLARE
  RUNNING TIME: 0.000
  4GL SOURCE: POL1318.4GL  LINE: 770 
  STATUS:    0 ROWS AFFECTED:0 SID:3912300
  NAME_FGL:POL1318.CQ_RATEIO
  NAME_SQL:cu1
  NATIVE COMMAND:SELECT EMPRESA_DEST,PCT_RATEIO,VAL_RATEIO,NUM_TITULO FROM PREVISAO_RATEIO_912  WHERE NUM_PREVISAO=:p1 AND NUM_AD=:p2 ORDER BY EMPRESA_DEST
  COMMAND: SELECT EMPRESA_DEST, PCT_RATEIO, VAL_RATEIO, NUM_TITULO FROM PREVISAO_RATEIO_912  WHERE NUM_PREVISAO=:p1 AND NUM_AD=:p2 ORDER BY EMPRESA_DEST
[THREAD 1180] [10/01/2017 16:45:28]
  OPEN 
  RUNNING TIME: 0.000
  4GL SOURCE: POL1318.4GL  LINE: 780 
  STATUS:    0 ROWS AFFECTED:0 SID:3912300
  NAME_FGL:POL1318.CQ_RATEIO
  NAME_SQL:cu1
  COMMAND: SELECT EMPRESA_DEST, PCT_RATEIO, VAL_RATEIO, NUM_TITULO FROM PREVISAO_RATEIO_912  WHERE NUM_PREVISAO=:p1 AND NUM_AD=:p2 ORDER BY EMPRESA_DEST
  USE: 2
    T:              INTEGER V: 1
    T:              INTEGER V: 8355
[THREAD 1180] [10/01/2017 16:45:28]
  FETCH
  RUNNING TIME: 0.000
  4GL SOURCE: POL1318.4GL  LINE: 780 
  STATUS:    0 ROWS AFFECTED:1 SID:3912300
  NAME_FGL:POL1318.CQ_RATEIO
  NAME_SQL:cu1
  INTO:4
    T:              CHAR(2) V: '01'
    T:         DECIMAL(5,2) V: 35
    T:        DECIMAL(12,2) V: 1153,58
    T:              INTEGER V: NULL
[THREAD 1180] [10/01/2017 16:45:28]
  TRANSLATE: SELECT DEN_EMPRESA FROM EMPRESA  WHERE COD_EMPRESA=:p1
  EXECUTE
  RUNNING TIME: 0.000
  4GL SOURCE: POL1318.4GL  LINE: 644 
  STATUS:    0 ROWS AFFECTED:1 SID:3912300
  COMMAND: SELECT DEN_EMPRESA FROM EMPRESA  WHERE COD_EMPRESA=:p1
  USE: 1
    T:              CHAR(2) V: '01'
  INTO:1
    T:             CHAR(36) V: 'AGROPECUARIA RONCADOR SA-TRE        '
[THREAD 1180] [10/01/2017 16:45:28]
  FETCH
  RUNNING TIME: 0.000
  4GL SOURCE: POL1318.4GL  LINE: 780 
  STATUS:    0 ROWS AFFECTED:1 SID:3912300
  NAME_FGL:POL1318.CQ_RATEIO
  NAME_SQL:cu1
  INTO:4
    T:              CHAR(2) V: '21'
    T:         DECIMAL(5,2) V: 35
    T:        DECIMAL(12,2) V: 1153,58
    T:              INTEGER V: NULL
[THREAD 1180] [10/01/2017 16:45:28]
  TRANSLATE: SELECT DEN_EMPRESA FROM EMPRESA  WHERE COD_EMPRESA=:p1
  EXECUTE
  RUNNING TIME: 0.000
  4GL SOURCE: POL1318.4GL  LINE: 644 
  STATUS:    0 ROWS AFFECTED:1 SID:3912300
  COMMAND: SELECT DEN_EMPRESA FROM EMPRESA  WHERE COD_EMPRESA=:p1
  USE: 1
    T:              CHAR(2) V: '21'
  INTO:1
    T:             CHAR(36) V: 'CALCARIO VALE ARAGUAIA SA-TRE       '
[THREAD 1180] [10/01/2017 16:45:28]
  FETCH
  RUNNING TIME: 0.000
  4GL SOURCE: POL1318.4GL  LINE: 780 
  STATUS:    0 ROWS AFFECTED:1 SID:3912300
  NAME_FGL:POL1318.CQ_RATEIO
  NAME_SQL:cu1
  INTO:4
    T:              CHAR(2) V: '81'
    T:         DECIMAL(5,2) V: 20
    T:        DECIMAL(12,2) V: 659,19
    T:              INTEGER V: NULL
[THREAD 1180] [10/01/2017 16:45:28]
  TRANSLATE: SELECT DEN_EMPRESA FROM EMPRESA  WHERE COD_EMPRESA=:p1
  EXECUTE
  RUNNING TIME: 0.000
  4GL SOURCE: POL1318.4GL  LINE: 644 
  STATUS:    0 ROWS AFFECTED:1 SID:3912300
  COMMAND: SELECT DEN_EMPRESA FROM EMPRESA  WHERE COD_EMPRESA=:p1
  USE: 1
    T:              CHAR(2) V: '81'
  INTO:1
    T:             CHAR(36) V: 'SOARES PENIDO OBRAS C. INV-TRE      '
[THREAD 1180] [10/01/2017 16:45:28]
  FETCH
  RUNNING TIME: 0.000
  4GL SOURCE: POL1318.4GL  LINE: 780 
  STATUS:  100 ROWS AFFECTED:0 SID:3912300
  NAME_FGL:POL1318.CQ_RATEIO
  NAME_SQL:cu1
  COMMAND: SELECT EMPRESA_DEST, PCT_RATEIO, VAL_RATEIO, NUM_TITULO FROM PREVISAO_RATEIO_912  WHERE NUM_PREVISAO=:p1 AND NUM_AD=:p2 ORDER BY EMPRESA_DEST
  INTO:4
    T:              CHAR(2) V: 'NULL'
    T:              DECIMAL V: NULL
    T:              DECIMAL V: NULL
    T:              INTEGER V: 0
[THREAD 1180] [10/01/2017 16:45:28]
  CLOSE 
  RUNNING TIME: 0.000
  4GL SOURCE: POL1318.4GL  LINE: 780 
  STATUS:    0 ROWS AFFECTED:0 SID:3912300
  NAME_FGL:POL1318.CQ_RATEIO
  NAME_SQL:cu1
[THREAD 1180] [10/01/2017 16:45:28]
  FREE 
  RUNNING TIME: 0.000
  4GL SOURCE: POL1318.4GL  LINE: 803 
  STATUS:    0 ROWS AFFECTED:0 SID:3912300
  NAME_FGL:POL1318.CQ_RATEIO
  NAME_SQL:cu1
[THREAD 1180] [10/01/2017 16:45:30]
  TRANSLATE: SELECT  SYS_CONTEXT('USERENV','SESSIONID') FROM DUAL 
  EXECUTE
  RUNNING TIME: 0.000
  4GL SOURCE: LOG0010.4GL  LINE: 492 
  STATUS:    0 ROWS AFFECTED:1 SID:3912300
  COMMAND: SELECT  SYS_CONTEXT('USERENV','SESSIONID') FROM DUAL 
  INTO:1
    T:              INTEGER V: 3912300
[Thread 1180] [LOGIX] BEGIN WORK - SID 3912300
[THREAD 1180] [10/01/2017 16:45:30]
  TRANSLATE: BEGIN WORK
  RUNNING TIME: 0.000
  4GL SOURCE: LOG0850.4GL  LINE: 40 
  STATUS:    0 ROWS AFFECTED:0 SID:3912300
  COMMAND: BEGIN WORK
[THREAD 1180] [10/01/2017 16:45:30]
  DECLARE
  RUNNING TIME: 0.000
  4GL SOURCE: POL1318.4GL  LINE: 966 
  STATUS:    0 ROWS AFFECTED:0 SID:3912300
  NAME_FGL:POL1318.CQ_PRENDE
  NAME_SQL:cu1
  NATIVE COMMAND:SELECT 1 FROM PREVISAO_PERIODO_912  WHERE NUM_PREVISAO=:p1 FOR UPDATE
  COMMAND: SELECT 1 FROM PREVISAO_PERIODO_912  WHERE NUM_PREVISAO=:p1 FOR UPDATE
[THREAD 1180] [10/01/2017 16:45:30]
  OPEN 
  RUNNING TIME: 0.000
  4GL SOURCE: POL1318.4GL  LINE: 972 
  STATUS:    0 ROWS AFFECTED:0 SID:3912300
  NAME_FGL:POL1318.CQ_PRENDE
  NAME_SQL:cu1
  COMMAND: SELECT 1 FROM PREVISAO_PERIODO_912  WHERE NUM_PREVISAO=:p1 FOR UPDATE
  USE: 1
    T:              INTEGER V: 1
[THREAD 1180] [10/01/2017 16:45:31]
  FETCH
  RUNNING TIME: 0.000
  4GL SOURCE: POL1318.4GL  LINE: 980 
  STATUS:    0 ROWS AFFECTED:1 SID:3912300
  NAME_FGL:POL1318.CQ_PRENDE
  NAME_SQL:cu1
[THREAD 1180] [10/01/2017 16:45:31]
  DECLARE
  RUNNING TIME: 0.000
  4GL SOURCE: POL1318.4GL  LINE: 770 
  STATUS:    0 ROWS AFFECTED:0 SID:3912300
  NAME_FGL:POL1318.CQ_RATEIO
  NAME_SQL:cu2
  NATIVE COMMAND:SELECT EMPRESA_DEST,PCT_RATEIO,VAL_RATEIO,NUM_TITULO FROM PREVISAO_RATEIO_912  WHERE NUM_PREVISAO=:p1 AND NUM_AD=:p2 ORDER BY EMPRESA_DEST
  COMMAND: SELECT EMPRESA_DEST, PCT_RATEIO, VAL_RATEIO, NUM_TITULO FROM PREVISAO_RATEIO_912  WHERE NUM_PREVISAO=:p1 AND NUM_AD=:p2 ORDER BY EMPRESA_DEST
[THREAD 1180] [10/01/2017 16:45:31]
  OPEN 
  RUNNING TIME: 0.000
  4GL SOURCE: POL1318.4GL  LINE: 780 
  STATUS:    0 ROWS AFFECTED:0 SID:3912300
  NAME_FGL:POL1318.CQ_RATEIO
  NAME_SQL:cu2
  COMMAND: SELECT EMPRESA_DEST, PCT_RATEIO, VAL_RATEIO, NUM_TITULO FROM PREVISAO_RATEIO_912  WHERE NUM_PREVISAO=:p1 AND NUM_AD=:p2 ORDER BY EMPRESA_DEST
  USE: 2
    T:              INTEGER V: 1
    T:              INTEGER V: 8238
[THREAD 1180] [10/01/2017 16:45:31]
  FETCH
  RUNNING TIME: 0.000
  4GL SOURCE: POL1318.4GL  LINE: 780 
  STATUS:    0 ROWS AFFECTED:1 SID:3912300
  NAME_FGL:POL1318.CQ_RATEIO
  NAME_SQL:cu2
  INTO:4
    T:              CHAR(2) V: '01'
    T:         DECIMAL(5,2) V: 25
    T:        DECIMAL(12,2) V: 173,43
    T:              INTEGER V: NULL
[THREAD 1180] [10/01/2017 16:45:31]
  TRANSLATE: SELECT DEN_EMPRESA FROM EMPRESA  WHERE COD_EMPRESA=:p1
  EXECUTE
  RUNNING TIME: 0.000
  4GL SOURCE: POL1318.4GL  LINE: 644 
  STATUS:    0 ROWS AFFECTED:1 SID:3912300
  COMMAND: SELECT DEN_EMPRESA FROM EMPRESA  WHERE COD_EMPRESA=:p1
  USE: 1
    T:              CHAR(2) V: '01'
  INTO:1
    T:             CHAR(36) V: 'AGROPECUARIA RONCADOR SA-TRE        '
[THREAD 1180] [10/01/2017 16:45:31]
  FETCH
  RUNNING TIME: 0.000
  4GL SOURCE: POL1318.4GL  LINE: 780 
  STATUS:    0 ROWS AFFECTED:1 SID:3912300
  NAME_FGL:POL1318.CQ_RATEIO
  NAME_SQL:cu2
  INTO:4
    T:              CHAR(2) V: '01'
    T:         DECIMAL(5,2) V: 25
    T:        DECIMAL(12,2) V: 173,43
    T:              INTEGER V: NULL
[THREAD 1180] [10/01/2017 16:45:31]
  TRANSLATE: SELECT DEN_EMPRESA FROM EMPRESA  WHERE COD_EMPRESA=:p1
  EXECUTE
  RUNNING TIME: 0.000
  4GL SOURCE: POL1318.4GL  LINE: 644 
  STATUS:    0 ROWS AFFECTED:1 SID:3912300
  COMMAND: SELECT DEN_EMPRESA FROM EMPRESA  WHERE COD_EMPRESA=:p1
  USE: 1
    T:              CHAR(2) V: '01'
  INTO:1
    T:             CHAR(36) V: 'AGROPECUARIA RONCADOR SA-TRE        '
[THREAD 1180] [10/01/2017 16:45:31]
  FETCH
  RUNNING TIME: 0.000
  4GL SOURCE: POL1318.4GL  LINE: 780 
  STATUS:    0 ROWS AFFECTED:1 SID:3912300
  NAME_FGL:POL1318.CQ_RATEIO
  NAME_SQL:cu2
  INTO:4
    T:              CHAR(2) V: '01'
    T:         DECIMAL(5,2) V: 25
    T:        DECIMAL(12,2) V: 173,43
    T:              INTEGER V: NULL
[THREAD 1180] [10/01/2017 16:45:31]
  TRANSLATE: SELECT DEN_EMPRESA FROM EMPRESA  WHERE COD_EMPRESA=:p1
  EXECUTE
  RUNNING TIME: 0.000
  4GL SOURCE: POL1318.4GL  LINE: 644 
  STATUS:    0 ROWS AFFECTED:1 SID:3912300
  COMMAND: SELECT DEN_EMPRESA FROM EMPRESA  WHERE COD_EMPRESA=:p1
  USE: 1
    T:              CHAR(2) V: '01'
  INTO:1
    T:             CHAR(36) V: 'AGROPECUARIA RONCADOR SA-TRE        '
[THREAD 1180] [10/01/2017 16:45:31]
  FETCH
  RUNNING TIME: 0.000
  4GL SOURCE: POL1318.4GL  LINE: 780 
  STATUS:    0 ROWS AFFECTED:1 SID:3912300
  NAME_FGL:POL1318.CQ_RATEIO
  NAME_SQL:cu2
  INTO:4
    T:              CHAR(2) V: '81'
    T:         DECIMAL(5,2) V: 25
    T:        DECIMAL(12,2) V: 173,43
    T:              INTEGER V: NULL
[THREAD 1180] [10/01/2017 16:45:31]
  TRANSLATE: SELECT DEN_EMPRESA FROM EMPRESA  WHERE COD_EMPRESA=:p1
  EXECUTE
  RUNNING TIME: 0.000
  4GL SOURCE: POL1318.4GL  LINE: 644 
  STATUS:    0 ROWS AFFECTED:1 SID:3912300
  COMMAND: SELECT DEN_EMPRESA FROM EMPRESA  WHERE COD_EMPRESA=:p1
  USE: 1
    T:              CHAR(2) V: '81'
  INTO:1
    T:             CHAR(36) V: 'SOARES PENIDO OBRAS C. INV-TRE      '
[THREAD 1180] [10/01/2017 16:45:31]
  FETCH
  RUNNING TIME: 0.000
  4GL SOURCE: POL1318.4GL  LINE: 780 
  STATUS:  100 ROWS AFFECTED:0 SID:3912300
  NAME_FGL:POL1318.CQ_RATEIO
  NAME_SQL:cu2
  COMMAND: SELECT EMPRESA_DEST, PCT_RATEIO, VAL_RATEIO, NUM_TITULO FROM PREVISAO_RATEIO_912  WHERE NUM_PREVISAO=:p1 AND NUM_AD=:p2 ORDER BY EMPRESA_DEST
  INTO:4
    T:              CHAR(2) V: 'NULL'
    T:              DECIMAL V: NULL
    T:              DECIMAL V: NULL
    T:              INTEGER V: 0
[THREAD 1180] [10/01/2017 16:45:31]
  CLOSE 
  RUNNING TIME: 0.000
  4GL SOURCE: POL1318.4GL  LINE: 780 
  STATUS:    0 ROWS AFFECTED:0 SID:3912300
  NAME_FGL:POL1318.CQ_RATEIO
  NAME_SQL:cu2
[THREAD 1180] [10/01/2017 16:45:31]
  FREE 
  RUNNING TIME: 0.000
  4GL SOURCE: POL1318.4GL  LINE: 803 
  STATUS:    0 ROWS AFFECTED:0 SID:3912300
  NAME_FGL:POL1318.CQ_RATEIO
  NAME_SQL:cu2
[THREAD 1180] [10/01/2017 16:45:48]
  TRANSLATE: SELECT NUM_CGC FROM EMPRESA  WHERE COD_EMPRESA=:p1
  EXECUTE
  RUNNING TIME: 0.000
  4GL SOURCE: POL1318.4GL  LINE: 1466 
  STATUS:    0 ROWS AFFECTED:1 SID:3912300
  COMMAND: SELECT NUM_CGC FROM EMPRESA  WHERE COD_EMPRESA=:p1
  USE: 1
    T:              CHAR(2) V: '03'
  INTO:1
    T:             CHAR(19) V: '003.144.060/0003-38'
[THREAD 1180] [10/01/2017 16:45:48]
  TRANSLATE: SELECT COD_FORNECEDOR FROM FORNECEDOR  WHERE NUM_CGC_CPF=:p1
  EXECUTE
  RUNNING TIME: 0.000
  4GL SOURCE: POL1318.4GL  LINE: 1476 
  STATUS:    0 ROWS AFFECTED:1 SID:3912300
  COMMAND: SELECT COD_FORNECEDOR FROM FORNECEDOR  WHERE NUM_CGC_CPF=:p1
  USE: 1
    T:             CHAR(19) V: '003.144.060/0003-38'
  INTO:1
    T:             CHAR(15) V: '003144060000338'
[THREAD 1180] [10/01/2017 16:45:48]
  TRANSLATE: DROP TABLE RATEIO_TMP_912
  EXECUTE
  4GL SOURCE: POL1318.4GL  LINE: 1444 
  STATUS:    0 ROWS AFFECTED:0 SID:3912300
  COMMAND: DROP TABLE RATEIO_TMP_912
  RUNNING TIME: 0.015
  4GL SOURCE: POL1318.4GL  LINE: 1444 
  STATUS:    0 ROWS AFFECTED:0 SID:3912300
  NAME_SQL:
  COMMAND: DROP TABLE RATEIO_TMP_912
  WARNING: DDL COMMAND [DROP TABLE RATEIO_TMP_912] EXECUTED WITHIN A TRANSACTION

[THREAD 1180] [10/01/2017 16:45:48]
  TRANSLATE: CREATE TABLE RATEIO_TMP_912 (EMPRESA_DEST CHAR(2), NUM_AD NUMBER(10), VAL_AD NUMBER(12,2))
  EXECUTE
  4GL SOURCE: POL1318.4GL  LINE: 1446 
  STATUS:    0 ROWS AFFECTED:0 SID:3912300
  COMMAND: CREATE TABLE RATEIO_TMP_912 (EMPRESA_DEST CHAR(2), NUM_AD NUMBER(10), VAL_AD NUMBER(12,2))
  RUNNING TIME: 0.000
  4GL SOURCE: POL1318.4GL  LINE: 1446 
  STATUS:    0 ROWS AFFECTED:0 SID:3912300
  NAME_SQL:
  COMMAND: CREATE TABLE RATEIO_TMP_912 (EMPRESA_DEST CHAR(2), NUM_AD NUMBER(10), VAL_AD NUMBER(12,2))
  WARNING: DDL COMMAND [CREATE TABLE RATEIO_TMP_912 (EMPRESA_DEST CHAR(2), NUM_AD NUMBER(10), VAL_AD NUMBER(12,2))] EXECUTED WITHIN A TRANSACTION

[THREAD 1180] [10/01/2017 16:45:48]
  TRANSLATE: SELECT NUM_AD,SER_NF,SSR_NF,DAT_EMIS_NF,DAT_REC_NF,COD_MOEDA,COD_TIP_AD,IES_SUP_CAP,CND_PGTO FROM AD_MESTRE  WHERE COD_EMPRESA=:p1 AND NUM_AD=:p2
  EXECUTE
  RUNNING TIME: 0.016
  4GL SOURCE: POL1318.4GL  LINE: 1498 
  STATUS:    0 ROWS AFFECTED:1 SID:3912300
  COMMAND: SELECT NUM_AD,SER_NF,SSR_NF,DAT_EMIS_NF,DAT_REC_NF,COD_MOEDA,COD_TIP_AD,IES_SUP_CAP,CND_PGTO FROM AD_MESTRE  WHERE COD_EMPRESA=:p1 AND NUM_AD=:p2
  USE: 2
    T:              CHAR(2) V: '03'
    T:              INTEGER V: 8238
  INTO:9
    T:              INTEGER V: 8238
    T:              CHAR(3) V: '1  '
    T:         DECIMAL(2,0) V: 0
    T:                 DATE V: 03/10/2016                                                                                                                                                                                                                                                     
    T:                 DATE V: 10/10/2016                                                                                                                                                                                                                                                     
    T:              INTEGER V: 1
    T:              INTEGER V: 1
    T:              CHAR(3) V: 'S  '
    T:              INTEGER V: 1
[THREAD 1180] [10/01/2017 16:45:48]
  DECLARE
  RUNNING TIME: 0.000
  4GL SOURCE: POL1318.4GL  LINE: 1529 
  STATUS:    0 ROWS AFFECTED:0 SID:3912300
  NAME_FGL:POL1318.CQ_EMP_RAT
  NAME_SQL:cu2
  NATIVE COMMAND:SELECT EMPRESA_DEST,COD_CENT_CUST,COD_AEN,VAL_RATEIO FROM PREVISAO_RATEIO_912  WHERE NUM_PREVISAO=:p1 AND NUM_AD=:p2 ORDER BY EMPRESA_DEST
  COMMAND: SELECT EMPRESA_DEST, COD_CENT_CUST, COD_AEN, VAL_RATEIO FROM PREVISAO_RATEIO_912  WHERE NUM_PREVISAO=:p1 AND NUM_AD=:p2 ORDER BY EMPRESA_DEST
[THREAD 1180] [10/01/2017 16:45:48]
  OPEN 
  RUNNING TIME: 0.000
  4GL SOURCE: POL1318.4GL  LINE: 1539 
  STATUS:    0 ROWS AFFECTED:0 SID:3912300
  NAME_FGL:POL1318.CQ_EMP_RAT
  NAME_SQL:cu2
  COMMAND: SELECT EMPRESA_DEST, COD_CENT_CUST, COD_AEN, VAL_RATEIO FROM PREVISAO_RATEIO_912  WHERE NUM_PREVISAO=:p1 AND NUM_AD=:p2 ORDER BY EMPRESA_DEST
  USE: 2
    T:              INTEGER V: 1
    T:              INTEGER V: 8238
[THREAD 1180] [10/01/2017 16:45:48]
  FETCH
  RUNNING TIME: 0.000
  4GL SOURCE: POL1318.4GL  LINE: 1539 
  STATUS:    0 ROWS AFFECTED:1 SID:3912300
  NAME_FGL:POL1318.CQ_EMP_RAT
  NAME_SQL:cu2
  INTO:4
    T:              CHAR(2) V: '01'
    T:         DECIMAL(5,0) V: 1303
    T:              CHAR(8) V: '01025703'
    T:        DECIMAL(12,2) V: 173,43
[THREAD 1180] [10/01/2017 16:45:48]
  TRANSLATE: SELECT ULT_NUM_AD FROM PAR_AD  WHERE COD_EMPRESA=:p1
  EXECUTE
  RUNNING TIME: 0.000
  4GL SOURCE: FUNC009.4GL  LINE: 151 
  STATUS:    0 ROWS AFFECTED:1 SID:3912300
  COMMAND: SELECT ULT_NUM_AD FROM PAR_AD  WHERE COD_EMPRESA=:p1
  USE: 1
    T:              CHAR(2) V: '01'
  INTO:1
    T:              INTEGER V: 188600
[THREAD 1180] [10/01/2017 16:45:48]
  TRANSLATE: UPDATE PAR_AD SET ULT_NUM_AD=:p1 WHERE COD_EMPRESA=:p2
  RUNNING TIME: 0.000
  4GL SOURCE: FUNC009.4GL  LINE: 170 
  STATUS:    0 ROWS AFFECTED:1 SID:3912300
  COMMAND: UPDATE PAR_AD SET ULT_NUM_AD=:p1 WHERE COD_EMPRESA=:p2
  USE: 2
    T:              INTEGER V: 188601
    T:              CHAR(2) V: '01'
[THREAD 1180] [10/01/2017 16:45:48]
  TRANSLATE: SELECT COD_EMPRESA_ORIG FROM EMP_ORIG_DESTINO  WHERE COD_EMPRESA_DESTIN=:p1
  EXECUTE
  RUNNING TIME: 0.000
  4GL SOURCE: FUNC009.4GL  LINE: 219 
  STATUS:  100 ROWS AFFECTED:0 SID:3912300
  COMMAND: SELECT COD_EMPRESA_ORIG FROM EMP_ORIG_DESTINO  WHERE COD_EMPRESA_DESTIN=:p1
  USE: 1
    T:              CHAR(2) V: '01'
  INTO:1
    T:              CHAR(2) V: 'NULL'
[THREAD 1180] [10/01/2017 16:45:48]
  TRANSLATE: INSERT INTO AD_MESTRE VALUES(:p1, :p2, :p3, :p4, :p5, :p6, :p7, :p8, :p9, :p10, :p11, :p12, :p13, :p14, :p15, :p16, :p17, :p18, :p19, :p20, :p21, :p22, :p23, :p24, :p25, :p26, :p27, :p28, :p29, :p30)
  RUNNING TIME: 0.000
  4GL SOURCE: FUNC009.4GL  LINE: 269 
  STATUS:    0 ROWS AFFECTED:1 SID:3912300
  COMMAND: INSERT INTO AD_MESTRE VALUES(:p1, :p2, :p3, :p4, :p5, :p6, :p7, :p8, :p9, :p10, :p11, :p12, :p13, :p14, :p15, :p16, :p17, :p18, :p19, :p20, :p21, :p22, :p23, :p24, :p25, :p26, :p27, :p28, :p29, :p30)
  USE: 30
    T:              CHAR(2) V: '01'
    T:         DECIMAL(6,0) V: 188601
    T:         DECIMAL(4,0) V: 520
    T:              CHAR(3) V: '1  '
    T:         DECIMAL(2,0) V: 0
    T:              CHAR(7) V: '8238   '
    T:                 DATE V: 09/01/2017                                                                                                                                                                                                                                                     
    T:                 DATE V: 09/01/2017                                                                                                                                                                                                                                                     
    T:              CHAR(2) V: 'NULL'
    T:              DECIMAL V: NULL
    T:              DECIMAL V: NULL
    T:              DECIMAL V: NULL
    T:                 DATE V: 24/01/2017                                                                                                                                                                                                                                                     
    T:             CHAR(15) V: '003144060000338'
    T:              DECIMAL V: NULL
    T:        DECIMAL(15,2) V: 173,43
    T:        DECIMAL(15,2) V: 173,43
    T:         DECIMAL(2,0) V: 1
    T:              DECIMAL V: NULL
    T:         DECIMAL(2,0) V: 1
    T:             CHAR(40) V: 'NULL'
    T:         DECIMAL(2,0) V: 1
    T:              CHAR(1) V: 'S'
    T:              CHAR(1) V: 'S'
    T:              CHAR(1) V: 'N'
    T:              CHAR(1) V: 'N'
    T:         DECIMAL(3,0) V: 0
    T:              CHAR(1) V: 'N'
    T:         DECIMAL(3,0) V: 0
    T:              CHAR(2) V: '01'
[THREAD 1180] [10/01/2017 16:45:48]
  TRANSLATE: SELECT MAX(NUM_SEQ) FROM AUDIT_CAP  WHERE COD_EMPRESA=:p1 AND NUM_AD_AP=:p2 AND IES_AD_AP=:p3
  EXECUTE
  RUNNING TIME: 0.000
  4GL SOURCE: FUNC009.4GL  LINE: 292 
  STATUS:    0 ROWS AFFECTED:1 SID:3912300
  COMMAND: SELECT MAX(NUM_SEQ) FROM AUDIT_CAP  WHERE COD_EMPRESA=:p1 AND NUM_AD_AP=:p2 AND IES_AD_AP=:p3
  USE: 3
    T:              CHAR(2) V: '01'
    T:              INTEGER V: 188601
    T:              CHAR(1) V: '1'
  INTO:1
    T:              INTEGER V: NULL
[THREAD 1180] [10/01/2017 16:45:49]
  TRANSLATE: INSERT INTO AUDIT_CAP VALUES(:p1, :p2, :p3, :p4, :p5, :p6, :p7, :p8, :p9, :p10, :p11, :p12, :p13, :p14, :p15)
  RUNNING TIME: 0.015
  4GL SOURCE: FUNC009.4GL  LINE: 326 
  STATUS:    0 ROWS AFFECTED:1 SID:3912300
  COMMAND: INSERT INTO AUDIT_CAP VALUES(:p1, :p2, :p3, :p4, :p5, :p6, :p7, :p8, :p9, :p10, :p11, :p12, :p13, :p14, :p15)
  USE: 15
    T:              CHAR(2) V: '01'
    T:              CHAR(2) V: '1 '
    T:              CHAR(8) V: 'bzachary'
    T:         DECIMAL(6,0) V: 188601
    T:              CHAR(1) V: '1'
    T:              CHAR(7) V: '8238   '
    T:              CHAR(3) V: '1  '
    T:         DECIMAL(2,0) V: 0
    T:             CHAR(15) V: '003144060000338'
    T:              CHAR(1) V: 'I'
    T:         DECIMAL(3,0) V: 1
    T:            CHAR(200) V: 'POL1318  - INCLUSAO DA AD No. 188601                                                                                                                                                                    '
    T:                 DATE V: 09/01/2017                                                                                                                                                                                                                                                     
    T:              CHAR(8) V: '17:45:48'
    T:         DECIMAL(3,0) V: 0
[THREAD 1180] [10/01/2017 16:45:49]
  TRANSLATE: INSERT INTO CAP_AD_CENTRO_CUSTO VALUES(:p1, :p2, :p3, :p4)
  RUNNING TIME: 0.000
  4GL SOURCE: FUNC009.4GL  LINE: 615 
  STATUS:    0 ROWS AFFECTED:1 SID:3912300
  COMMAND: INSERT INTO CAP_AD_CENTRO_CUSTO VALUES(:p1, :p2, :p3, :p4)
  USE: 4
    T:              CHAR(2) V: '01'
    T:         DECIMAL(6,0) V: 188601
    T:         DECIMAL(4,0) V: 1303
    T:        DECIMAL(15,0) V: 173
[THREAD 1180] [10/01/2017 16:45:49]
  TRANSLATE: SELECT NUM_CONTA_DEB,NUM_CONTA_CRED,COD_HIST_DEB_AP FROM TIPO_DESPESA  WHERE COD_EMPRESA=:p1 AND COD_TIP_DESPESA=:p2
  EXECUTE
  RUNNING TIME: 0.000
  4GL SOURCE: FUNC009.4GL  LINE: 397 
  STATUS:    0 ROWS AFFECTED:1 SID:3912300
  COMMAND: SELECT NUM_CONTA_DEB,NUM_CONTA_CRED,COD_HIST_DEB_AP FROM TIPO_DESPESA  WHERE COD_EMPRESA=:p1 AND COD_TIP_DESPESA=:p2
  USE: 2
    T:              CHAR(2) V: '01'
    T:         DECIMAL(4,0) V: 520
  INTO:3
    T:             CHAR(23) V: '99980520               '
    T:             CHAR(23) V: '21020101               '
    T:         DECIMAL(3,0) V: 2
[THREAD 1180] [10/01/2017 16:45:49]
  TRANSLATE: INSERT INTO LANC_CONT_CAP VALUES(:p1, :p2, :p3, :p4, :p5, :p6, :p7, :p8, :p9, :p10, :p11, :p12, :p13, :p14, :p15, :p16)
  RUNNING TIME: 0.000
  4GL SOURCE: FUNC009.4GL  LINE: 365 
  STATUS:    0 ROWS AFFECTED:1 SID:3912300
  COMMAND: INSERT INTO LANC_CONT_CAP VALUES(:p1, :p2, :p3, :p4, :p5, :p6, :p7, :p8, :p9, :p10, :p11, :p12, :p13, :p14, :p15, :p16)
  USE: 16
    T:              CHAR(2) V: '01'
    T:         DECIMAL(6,0) V: 188601
    T:              CHAR(1) V: '1'
    T:         DECIMAL(3,0) V: 1
    T:         DECIMAL(4,0) V: 520
    T:              CHAR(1) V: 'D'
    T:              CHAR(1) V: 'A'
    T:              CHAR(1) V: 'D'
    T:             CHAR(23) V: '99980520               '
    T:        DECIMAL(15,2) V: 173,43
    T:             CHAR(50) V: 'RATEIO DA AD8238 DA EMPRESA 03                    '
    T:              CHAR(1) V: 'N'
    T:         DECIMAL(3,0) V: 0
    T:              CHAR(1) V: 'N'
    T:         DECIMAL(3,0) V: 0
    T:                 DATE V: 09/01/2017                                                                                                                                                                                                                                                     
[THREAD 1180] [10/01/2017 16:45:49]
  TRANSLATE: INSERT INTO LANC_CONT_CAP VALUES(:p1, :p2, :p3, :p4, :p5, :p6, :p7, :p8, :p9, :p10, :p11, :p12, :p13, :p14, :p15, :p16)
  RUNNING TIME: 0.000
  4GL SOURCE: FUNC009.4GL  LINE: 377 
  STATUS:    0 ROWS AFFECTED:1 SID:3912300
  COMMAND: INSERT INTO LANC_CONT_CAP VALUES(:p1, :p2, :p3, :p4, :p5, :p6, :p7, :p8, :p9, :p10, :p11, :p12, :p13, :p14, :p15, :p16)
  USE: 16
    T:              CHAR(2) V: '01'
    T:         DECIMAL(6,0) V: 188601
    T:              CHAR(1) V: '1'
    T:         DECIMAL(3,0) V: 2
    T:         DECIMAL(4,0) V: 520
    T:              CHAR(1) V: 'D'
    T:              CHAR(1) V: 'A'
    T:              CHAR(1) V: 'C'
    T:             CHAR(23) V: '21020101               '
    T:        DECIMAL(15,2) V: 173,43
    T:             CHAR(50) V: 'RATEIO DA AD8238 DA EMPRESA 03                    '
    T:              CHAR(1) V: 'N'
    T:         DECIMAL(3,0) V: 0
    T:              CHAR(1) V: 'N'
    T:         DECIMAL(3,0) V: 0
    T:                 DATE V: 09/01/2017                                                                                                                                                                                                                                                     
[THREAD 1180] [10/01/2017 16:45:49]
  TRANSLATE: SELECT PAR_VAL FROM PAR_CAP_PAD  WHERE COD_EMPRESA=:p1 AND COD_PARAMETRO='cod_hist_lanc_anl'
  EXECUTE
  RUNNING TIME: 0.000
  4GL SOURCE: FUNC009.4GL  LINE: 451 
  STATUS:    0 ROWS AFFECTED:1 SID:3912300
  COMMAND: SELECT PAR_VAL FROM PAR_CAP_PAD  WHERE COD_EMPRESA=:p1 AND COD_PARAMETRO='cod_hist_lanc_anl'
  USE: 1
    T:              CHAR(2) V: '01'
  INTO:1
    T:         DECIMAL(3,0) V: 111
[THREAD 1180] [10/01/2017 16:45:49]
  TRANSLATE: SELECT MAX(NUM_RELACIONTO) FROM CTB_LANC_CTBL_CAP  WHERE EMPRESA=:p1 AND PERIODO_CONTAB=:p2 AND SEGMTO_PERIODO=:p3
  EXECUTE
  RUNNING TIME: 0.000
  4GL SOURCE: FUNC009.4GL  LINE: 527 
  STATUS:    0 ROWS AFFECTED:1 SID:3912300
  COMMAND: SELECT MAX(NUM_RELACIONTO) FROM CTB_LANC_CTBL_CAP  WHERE EMPRESA=:p1 AND PERIODO_CONTAB=:p2 AND SEGMTO_PERIODO=:p3
  USE: 3
    T:              CHAR(2) V: '01'
    T:              CHAR(8) V: '2017    '
    T:         DECIMAL(2,0) V: 1
  INTO:1
    T:              DECIMAL V: NULL
[THREAD 1180] [10/01/2017 16:45:49]
  TRANSLATE: SELECT MAX(SEQUENCIA_REGISTRO) FROM CTB_LANC_CTBL_CAP  WHERE EMPRESA=:p1 AND PERIODO_CONTAB=:p2
  EXECUTE
  RUNNING TIME: 0.000
  4GL SOURCE: FUNC009.4GL  LINE: 559 
  STATUS:    0 ROWS AFFECTED:1 SID:3912300
  COMMAND: SELECT MAX(SEQUENCIA_REGISTRO) FROM CTB_LANC_CTBL_CAP  WHERE EMPRESA=:p1 AND PERIODO_CONTAB=:p2
  USE: 2
    T:              CHAR(2) V: '01'
    T:              CHAR(8) V: '2017    '
  INTO:1
    T:              INTEGER V: NULL
[THREAD 1180] [10/01/2017 16:45:49]
  TRANSLATE: INSERT INTO CTB_LANC_CTBL_CAP VALUES(:p1, :p2, :p3, :p4, :p5, :p6, :p7, :p8, :p9, :p10, :p11, :p12, :p13, :p14, :p15, :p16, :p17, :p18, :p19, :p20, :p21, :p22, :p23, :p24, :p25, :p26, :p27, :p28, :p29, :p30, :p31, :p32, :p33, :p34, :p35)
  RUNNING TIME: 0.016
  4GL SOURCE: FUNC009.4GL  LINE: 496 
  STATUS:    0 ROWS AFFECTED:1 SID:3912300
  COMMAND: INSERT INTO CTB_LANC_CTBL_CAP VALUES(:p1, :p2, :p3, :p4, :p5, :p6, :p7, :p8, :p9, :p10, :p11, :p12, :p13, :p14, :p15, :p16, :p17, :p18, :p19, :p20, :p21, :p22, :p23, :p24, :p25, :p26, :p27, :p28, :p29, :p30, :p31, :p32, :p33, :p34, :p35)
  USE: 35
    T:              CHAR(2) V: '01'
    T:              CHAR(8) V: '2017    '
    T:         DECIMAL(2,0) V: 1
    T:             CHAR(10) V: '99980520  '
    T:             CHAR(10) V: '0         '
    T:                 DATE V: 09/01/2017                                                                                                                                                                                                                                                     
    T:                 DATE V: NULL
    T:                 DATE V: NULL
    T:        DECIMAL(17,2) V: 173,43
    T:        DECIMAL(17,2) V: 0
    T:         DECIMAL(3,0) V: 111
    T:            CHAR(200) V: 'RATEIO DA AD8238 DA EMPRESA 03                                                                                                                                                                          '
    T:         DECIMAL(2,0) V: 1
    T:         DECIMAL(2,0) V: 2
    T:         DECIMAL(2,0) V: 57
    T:         DECIMAL(2,0) V: 3
    T:         DECIMAL(6,0) V: 1
    T:         DECIMAL(5,0) V: 0
    T:         DECIMAL(7,0) V: 0
    T:              CHAR(2) V: '01'
    T:              INTEGER V: 1
    T:         DECIMAL(6,0) V: 188601
    T:              CHAR(1) V: '1'
    T:              INTEGER V: 1
    T:         DECIMAL(4,0) V: 520
    T:              CHAR(1) V: 'D'
    T:              CHAR(1) V: 'A'
    T:              CHAR(1) V: 'N'
    T:         DECIMAL(3,0) V: 0
    T:              DECIMAL V: NULL
    T:             CHAR(15) V: 'NULL'
    T:              DECIMAL V: NULL
    T:              CHAR(1) V: 'NULL'
    T:             CHAR(19) V: '003144060000338    '
    T:              CHAR(1) V: 'N'
[THREAD 1180] [10/01/2017 16:45:49]
  TRANSLATE: INSERT INTO CTB_LANC_CTBL_CAP VALUES(:p1, :p2, :p3, :p4, :p5, :p6, :p7, :p8, :p9, :p10, :p11, :p12, :p13, :p14, :p15, :p16, :p17, :p18, :p19, :p20, :p21, :p22, :p23, :p24, :p25, :p26, :p27, :p28, :p29, :p30, :p31, :p32, :p33, :p34, :p35)
  RUNNING TIME: 0.000
  4GL SOURCE: FUNC009.4GL  LINE: 509 
  STATUS:    0 ROWS AFFECTED:1 SID:3912300
  COMMAND: INSERT INTO CTB_LANC_CTBL_CAP VALUES(:p1, :p2, :p3, :p4, :p5, :p6, :p7, :p8, :p9, :p10, :p11, :p12, :p13, :p14, :p15, :p16, :p17, :p18, :p19, :p20, :p21, :p22, :p23, :p24, :p25, :p26, :p27, :p28, :p29, :p30, :p31, :p32, :p33, :p34, :p35)
  USE: 35
    T:              CHAR(2) V: '01'
    T:              CHAR(8) V: '2017    '
    T:         DECIMAL(2,0) V: 1
    T:             CHAR(10) V: '0         '
    T:             CHAR(10) V: '21020101  '
    T:                 DATE V: 09/01/2017                                                                                                                                                                                                                                                     
    T:                 DATE V: NULL
    T:                 DATE V: NULL
    T:        DECIMAL(17,2) V: 173,43
    T:        DECIMAL(17,2) V: 0
    T:         DECIMAL(3,0) V: 111
    T:            CHAR(200) V: 'RATEIO DA AD8238 DA EMPRESA 03                                                                                                                                                                          '
    T:         DECIMAL(2,0) V: 1
    T:         DECIMAL(2,0) V: 2
    T:         DECIMAL(2,0) V: 57
    T:         DECIMAL(2,0) V: 3
    T:         DECIMAL(6,0) V: 1
    T:         DECIMAL(5,0) V: 0
    T:         DECIMAL(7,0) V: 0
    T:              CHAR(2) V: '01'
    T:              INTEGER V: 2
    T:         DECIMAL(6,0) V: 188601
    T:              CHAR(1) V: '1'
    T:              INTEGER V: 2
    T:         DECIMAL(4,0) V: 520
    T:              CHAR(1) V: 'D'
    T:              CHAR(1) V: 'A'
    T:              CHAR(1) V: 'N'
    T:         DECIMAL(3,0) V: 0
    T:              DECIMAL V: NULL
    T:             CHAR(15) V: 'NULL'
    T:              DECIMAL V: NULL
    T:              CHAR(1) V: 'NULL'
    T:             CHAR(19) V: '003144060000338    '
    T:              CHAR(1) V: 'N'
[THREAD 1180] [10/01/2017 16:45:49]
  TRANSLATE: INSERT INTO AD_AEN VALUES(:p1, :p2, :p3, :p4, :p5)
  RUNNING TIME: 0.000
  4GL SOURCE: FUNC009.4GL  LINE: 592 
  STATUS:    0 ROWS AFFECTED:1 SID:3912300
  COMMAND: INSERT INTO AD_AEN VALUES(:p1, :p2, :p3, :p4, :p5)
  USE: 5
    T:              CHAR(2) V: '01'
    T:         DECIMAL(6,0) V: 188601
    T:        DECIMAL(15,2) V: 173,43
    T:              CHAR(3) V: '01 '
    T:              CHAR(4) V: '02  '
[THREAD 1180] [10/01/2017 16:45:49]
  TRANSLATE: SELECT ULT_NUM_AP FROM PAR_AP  WHERE COD_EMPRESA=:p1
  EXECUTE
  RUNNING TIME: 0.000
  4GL SOURCE: FUNC009.4GL  LINE: 806 
  STATUS:    0 ROWS AFFECTED:1 SID:3912300
  COMMAND: SELECT ULT_NUM_AP FROM PAR_AP  WHERE COD_EMPRESA=:p1
  USE: 1
    T:              CHAR(2) V: '01'
  INTO:1
    T:              INTEGER V: 77165
[THREAD 1180] [10/01/2017 16:45:49]
  TRANSLATE: UPDATE PAR_AP SET ULT_NUM_AP=:p1 WHERE COD_EMPRESA=:p2
  RUNNING TIME: 0.000
  4GL SOURCE: FUNC009.4GL  LINE: 825 
  STATUS:    0 ROWS AFFECTED:1 SID:3912300
  COMMAND: UPDATE PAR_AP SET ULT_NUM_AP=:p1 WHERE COD_EMPRESA=:p2
  USE: 2
    T:              INTEGER V: 77166
    T:              CHAR(2) V: '01'
[THREAD 1180] [10/01/2017 16:45:49]
  TRANSLATE: INSERT INTO AP VALUES(:p1, :p2, :p3, :p4, :p5, :p6, :p7, :p8, :p9, :p10, :p11, :p12, :p13, :p14, :p15, :p16, :p17, :p18, :p19, :p20, :p21, :p22, :p23, :p24, :p25, :p26, :p27, :p28, :p29, :p30, :p31, :p32, :p33, :p34, :p35, :p36, :p37, :p38, :p39, :p40, :p41, :p42, :p43, :p44, :p45)
  RUNNING TIME: 0.000
  4GL SOURCE: FUNC009.4GL  LINE: 759 
  STATUS:    0 ROWS AFFECTED:1 SID:3912300
  COMMAND: INSERT INTO AP VALUES(:p1, :p2, :p3, :p4, :p5, :p6, :p7, :p8, :p9, :p10, :p11, :p12, :p13, :p14, :p15, :p16, :p17, :p18, :p19, :p20, :p21, :p22, :p23, :p24, :p25, :p26, :p27, :p28, :p29, :p30, :p31, :p32, :p33, :p34, :p35, :p36, :p37, :p38, :p39, :p40, :p41, :p42, :p43, :p44, :p45)
  USE: 45
    T:              CHAR(2) V: '01'
    T:         DECIMAL(6,0) V: 77166
    T:         DECIMAL(2,0) V: 1
    T:              CHAR(1) V: 'S'
    T:         DECIMAL(3,0) V: 1
    T:              DECIMAL V: NULL
    T:              DECIMAL V: NULL
    T:             CHAR(15) V: 'NULL'
    T:             CHAR(15) V: '003144060000338'
    T:              DECIMAL V: NULL
    T:              CHAR(6) V: 'NULL'
    T:             CHAR(15) V: 'NULL'
    T:              CHAR(7) V: '8238   '
    T:             CHAR(10) V: 'NULL'
    T:             CHAR(30) V: 'NULL'
    T:             CHAR(10) V: 'NULL'
    T:        DECIMAL(15,2) V: 173,43
    T:        DECIMAL(15,2) V: 0
    T:         DECIMAL(2,0) V: 1
    T:        DECIMAL(15,2) V: 0
    T:              DECIMAL V: NULL
    T:              DECIMAL V: NULL
    T:                 DATE V: 10/01/2017                                                                                                                                                                                                                                                     
    T:                 DATE V: 24/01/2017                                                                                                                                                                                                                                                     
    T:                 DATE V: NULL
    T:              DECIMAL V: NULL
    T:                 DATE V: NULL
    T:                 DATE V: NULL
    T:         DECIMAL(2,0) V: 1
    T:              DECIMAL V: NULL
    T:              CHAR(1) V: 'N'
    T:              CHAR(1) V: 'S'
    T:              CHAR(1) V: 'N'
    T:              CHAR(1) V: 'NULL'
    T:              CHAR(1) V: 'N'
    T:              CHAR(1) V: 'N'
    T:         DECIMAL(3,0) V: 0
    T:              CHAR(1) V: 'N'
    T:                 DATE V: NULL
    T:              INTEGER V: 0
    T:              INTEGER V: 0
    T:                 DATE V: NULL
    T:                 DATE V: NULL
    T:              INTEGER V: 0
    T:              CHAR(3) V: 'NULL'
[THREAD 1180] [10/01/2017 16:45:49]
  TRANSLATE: INSERT INTO AP_TIP_DESP VALUES(:p1, :p2, :p3, :p4, :p5, :p6)
  RUNNING TIME: 0.000
  4GL SOURCE: FUNC009.4GL  LINE: 767 
  STATUS:    0 ROWS AFFECTED:1 SID:3912300
  COMMAND: INSERT INTO AP_TIP_DESP VALUES(:p1, :p2, :p3, :p4, :p5, :p6)
  USE: 6
    T:              CHAR(2) V: '01'
    T:         DECIMAL(6,0) V: 77166
    T:             CHAR(23) V: '21020101               '
    T:         DECIMAL(3,0) V: 2
    T:         DECIMAL(4,0) V: 520
    T:        DECIMAL(15,2) V: 173,43
[THREAD 1180] [10/01/2017 16:45:49]
  TRANSLATE: INSERT INTO AD_AP VALUES(:p1, :p2, :p3, :p4)
  RUNNING TIME: 0.000
  4GL SOURCE: FUNC009.4GL  LINE: 780 
  STATUS:    0 ROWS AFFECTED:1 SID:3912300
  COMMAND: INSERT INTO AD_AP VALUES(:p1, :p2, :p3, :p4)
  USE: 4
    T:              CHAR(2) V: '01'
    T:         DECIMAL(6,0) V: 188601
    T:         DECIMAL(6,0) V: 77166
    T:         DECIMAL(3,0) V: 0
[THREAD 1180] [10/01/2017 16:45:49]
  TRANSLATE: SELECT MAX(NUM_SEQ) FROM AUDIT_CAP  WHERE COD_EMPRESA=:p1 AND NUM_AD_AP=:p2 AND IES_AD_AP=:p3
  EXECUTE
  RUNNING TIME: 0.000
  4GL SOURCE: FUNC009.4GL  LINE: 292 
  STATUS:    0 ROWS AFFECTED:1 SID:3912300
  COMMAND: SELECT MAX(NUM_SEQ) FROM AUDIT_CAP  WHERE COD_EMPRESA=:p1 AND NUM_AD_AP=:p2 AND IES_AD_AP=:p3
  USE: 3
    T:              CHAR(2) V: '01'
    T:              INTEGER V: 77166
    T:              CHAR(1) V: '2'
  INTO:1
    T:              INTEGER V: NULL
[THREAD 1180] [10/01/2017 16:45:49]
  TRANSLATE: INSERT INTO AUDIT_CAP VALUES(:p1, :p2, :p3, :p4, :p5, :p6, :p7, :p8, :p9, :p10, :p11, :p12, :p13, :p14, :p15)
  RUNNING TIME: 0.000
  4GL SOURCE: FUNC009.4GL  LINE: 326 
  STATUS:    0 ROWS AFFECTED:1 SID:3912300
  COMMAND: INSERT INTO AUDIT_CAP VALUES(:p1, :p2, :p3, :p4, :p5, :p6, :p7, :p8, :p9, :p10, :p11, :p12, :p13, :p14, :p15)
  USE: 15
    T:              CHAR(2) V: '01'
    T:              CHAR(2) V: '1 '
    T:              CHAR(8) V: 'bzachary'
    T:         DECIMAL(6,0) V: 77166
    T:              CHAR(1) V: '2'
    T:              CHAR(7) V: '8238   '
    T:              CHAR(3) V: '1  '
    T:         DECIMAL(2,0) V: 0
    T:             CHAR(15) V: '003144060000338'
    T:              CHAR(1) V: 'I'
    T:         DECIMAL(3,0) V: 1
    T:            CHAR(200) V: 'POL1318  - INCLUSAO DA AP No. 77166                                                                                                                                                                     '
    T:                 DATE V: 09/01/2017                                                                                                                                                                                                                                                     
    T:              CHAR(8) V: '17:45:49'
    T:         DECIMAL(3,0) V: 0
[THREAD 1180] [10/01/2017 16:45:49]
  TRANSLATE: UPDATE PREVISAO_RATEIO_912 SET NUM_TITULO=:p1 WHERE NUM_PREVISAO=:p2 AND NUM_AD=:p3 AND EMPRESA_DEST=:p4 AND COD_CENT_CUST=:p5
  RUNNING TIME: 0.000
  4GL SOURCE: POL1318.4GL  LINE: 1582 
  STATUS:    0 ROWS AFFECTED:1 SID:3912300
  COMMAND: UPDATE PREVISAO_RATEIO_912 SET NUM_TITULO=:p1 WHERE NUM_PREVISAO=:p2 AND NUM_AD=:p3 AND EMPRESA_DEST=:p4 AND COD_CENT_CUST=:p5
  USE: 5
    T:              INTEGER V: 188601
    T:              INTEGER V: 1
    T:              INTEGER V: 8238
    T:              CHAR(2) V: '01'
    T:         DECIMAL(5,0) V: 1303
[THREAD 1180] [10/01/2017 16:45:49]
  TRANSLATE: INSERT INTO RATEIO_TMP_912 VALUES(:p1, :p2, :p3)
  RUNNING TIME: 0.000
  4GL SOURCE: POL1318.4GL  LINE: 1560 
  STATUS:    0 ROWS AFFECTED:1 SID:3912300
  COMMAND: INSERT INTO RATEIO_TMP_912 VALUES(:p1, :p2, :p3)
  USE: 3
    T:              CHAR(2) V: '01'
    T:              INTEGER V: 188601
    T:        DECIMAL(12,2) V: 173,43
[THREAD 1180] [10/01/2017 16:45:49]
  FETCH
  RUNNING TIME: 0.000
  4GL SOURCE: POL1318.4GL  LINE: 1539 
  STATUS:    0 ROWS AFFECTED:1 SID:3912300
  NAME_FGL:POL1318.CQ_EMP_RAT
  NAME_SQL:cu2
  INTO:4
    T:              CHAR(2) V: '01'
    T:         DECIMAL(5,0) V: 1304
    T:              CHAR(8) V: '01025703'
    T:        DECIMAL(12,2) V: 173,43
[THREAD 1180] [10/01/2017 16:45:49]
  TRANSLATE: SELECT ULT_NUM_AD FROM PAR_AD  WHERE COD_EMPRESA=:p1
  EXECUTE
  RUNNING TIME: 0.000
  4GL SOURCE: FUNC009.4GL  LINE: 151 
  STATUS:    0 ROWS AFFECTED:1 SID:3912300
  COMMAND: SELECT ULT_NUM_AD FROM PAR_AD  WHERE COD_EMPRESA=:p1
  USE: 1
    T:              CHAR(2) V: '01'
  INTO:1
    T:              INTEGER V: 188601
[THREAD 1180] [10/01/2017 16:45:49]
  TRANSLATE: UPDATE PAR_AD SET ULT_NUM_AD=:p1 WHERE COD_EMPRESA=:p2
  RUNNING TIME: 0.000
  4GL SOURCE: FUNC009.4GL  LINE: 170 
  STATUS:    0 ROWS AFFECTED:1 SID:3912300
  COMMAND: UPDATE PAR_AD SET ULT_NUM_AD=:p1 WHERE COD_EMPRESA=:p2
  USE: 2
    T:              INTEGER V: 188602
    T:              CHAR(2) V: '01'
[THREAD 1180] [10/01/2017 16:45:49]
  TRANSLATE: SELECT COD_EMPRESA_ORIG FROM EMP_ORIG_DESTINO  WHERE COD_EMPRESA_DESTIN=:p1
  EXECUTE
  RUNNING TIME: 0.000
  4GL SOURCE: FUNC009.4GL  LINE: 219 
  STATUS:  100 ROWS AFFECTED:0 SID:3912300
  COMMAND: SELECT COD_EMPRESA_ORIG FROM EMP_ORIG_DESTINO  WHERE COD_EMPRESA_DESTIN=:p1
  USE: 1
    T:              CHAR(2) V: '01'
  INTO:1
    T:              CHAR(2) V: 'NULL'

/*-------------------------------------------------------
THREAD ERROR ([1180], bruno.zachary, NTBSPO065)   10/01/2017   16:45:49

 Stack : 
Error : -1 - ORA-00001: unique constraint (LOGIX.IX_AD_M_4) violated
( Server Call : tOracleStmt::ExecStmt Client Call : [ORACLE/TRE] ) in file C:\Advtec9_Phisical\branches\advtec9 - 7.00.131227A\logix\logixsql.cpp at line 41
 on FUNC009_INSERE_AD@FUNC009.4GL(FUNC009.4GL) 20/12/2016 14:11:16 line : 269

[build: 7.00.131227A-20151006]
[environment: LOGIX_TRE_DBG]
[thread: 1180]
[dbthread: 3912300]
[rpodb: SQL]
[localfiles: ADS]
[remark: pol1318         USER: bzachary]
[threadtype: RmtSockThread]
Called from FUNC009_PROCESSA@FUNC009.4GL(FUNC009.4GL) 20/12/2016 14:11:16 line : 111
Called from FUNC009_GERA_AD@FUNC009.4GL(FUNC009.4GL) 20/12/2016 14:11:16 line : 91
Called from POL1318_PROCES_RATEIO@POL1318.4GL(POL1318.4GL) 09/01/2017 11:31:16 line : 1550
Called from POL1318_PROCESSA@POL1318.4GL(POL1318.4GL) 09/01/2017 11:31:16 line : 1426
Called from {|| IF(&("_4GL_POL1318_PROCESSA()") == 0,.F.,.T.) } line : 745
Called from eval line : 305
Called from LPROGRESSPOPUP:INITEVENT(LPROGRESSPOPUP.PRW) 17/08/2016 10:30:06 line : 305
Called from {|| SELF:INITEVENT(),IF(SELF:OPOPUP <> NIL,SELF:OPOPUP:SETPROPERTY("ACTIVATE",0),) }(LPROGRESSPOPUP.PRW) 17/08/2016 10:30:06 line : 241
Called from eval line : 447
Called from {|X| EVAL(X) }(LFORM.PRW) 28/09/2016 08:22:11 line : 447
Called from LPOPUPDIALOG:EXECUTEINITEVENT(LFORM.PRW) 28/09/2016 08:22:11
Called from {|| SELF:EXECUTEINITEVENT() }(LPOPUPDIALOG.PRW) 11/06/2010 15:49:18 line : 56
Called from ::TDIALOG:ACTIVATE
Called from LPOPUPDIALOG:ACTIVATEPOPUPDIALOG(LPOPUPDIALOG.PRW) 11/06/2010 15:49:18 line : 56
Called from LPOPUPDIALOG:SETPROPERTY(LPOPUPDIALOG.PRW) 11/06/2010 15:49:18 line : 34
Called from LPROGRESSPOPUP:INITPROGRESS(LPROGRESSPOPUP.PRW) 17/08/2016 10:30:06 line : 291
Called from LPROGRESSPOPUP:GETPROPERTY(LPROGRESSPOPUP.PRW) 17/08/2016 10:30:06 line : 208
Called from GET_PROPERTY(FREEFORM.PRW) 29/07/2016 10:01:58 line : 356
Called from LOG_PROGRESSPOPUP_START@LPROGRESSPOPUP.4GL(LPROGRESSPOPUP.4GL) 28/09/2016 08:19:44 line : 82
Called from POL1318_GERAR_CONFIRMA@POL1318.4GL(POL1318.4GL) 09/01/2017 11:31:16 line : 1079
Called from {|| IF(&("_4GL_POL1318_GERAR_CONFIRMA()") == 0,.F.,.T.) } line : 745
Called from eval line : 364
Called from LMENUBAR:CONFIRM(LMENUBAR.PRW) 28/09/2016 08:20:58 line : 364
Called from {|| SELF:CONFIRM() }(LMENUBAR.PRW) 28/09/2016 08:20:58 line : 302
Called from eval line : 695
Called from LMENUBUTTON:EXECUTEBLOCK(LCOMPONENT.PRW) 28/03/2016 10:46:30 line : 695
Called from {|X,Y,Z| SELF:EXECUTEBLOCK(SELF:BCLICKEVENT,X,Y,Z) }(LCOMPONENT.PRW) 28/03/2016 10:46:30 line : 301
Called from ::MSDIALOG:ACTIVATE
Called from LDIALOG:ACTIVATE(LDIALOG.PRW) 28/03/2016 10:46:37 line : 162
Called from LDIALOG:SETPROPERTY(LDIALOG.PRW) 28/03/2016 10:46:37 line : 62
Called from SET_PROPERTY(FREEFORM.PRW) 29/07/2016 10:01:58 line : 296
Called from POL1318_MENU@POL1318.4GL(POL1318.4GL) 09/01/2017 11:31:16 line : 241
Called from POL1318@POL1318.4GL(POL1318.4GL) 09/01/2017 11:31:16 line : 166
Called from MENULOGIX110_RUNADVPLPROCESS(MENULOGIX110.PRW) 28/09/2016 08:21:57 line : 2491
-------------------------------------------------------*/
