
translate: LOGIX

EXECUTE
STATUS:0
COMMAND:LOGIX

translate: SET ISOLATION TO DIRTY READ

EXECUTE
  Trace - Running time [0.001]
  4gl source: POL0989.4GL  line=186 
  STATUS:    0 ROWS AFFECTED:0
  COMMAND:SET ISOLATION TO DIRTY READ

translate: SET LOCK MODE TO WAIT 300

EXECUTE
  Trace - Running time [0.001]
  4gl source: POL0989.4GL  line=187 
  STATUS:    0 ROWS AFFECTED:0
  COMMAND:SET LOCK MODE TO WAIT 300

translate: SELECT COD_EMPRESA FROM EMPRESA WHERE COD_EMPRESA=?

EXECUTE
  Trace - Running time [0.002]
  4gl source: LOG1400.4GL  line=140 
  STATUS:    0 ROWS AFFECTED:1
  COMMAND:SELECT COD_EMPRESA FROM EMPRESA WHERE COD_EMPRESA=?
  USE:1
    t:              CHAR(2) v:'01'

translate: SELECT PARAMETROS[77, 78] FROM PAR_LOGIX WHERE COD_EMPRESA=?

EXECUTE
  Trace - Running time [0.002]
  4gl source: LOG1400.4GL  line=216 
  STATUS:    0 ROWS AFFECTED:1
  COMMAND:SELECT PARAMETROS[77, 78] FROM PAR_LOGIX WHERE COD_EMPRESA=?
  USE:1
    t:              CHAR(2) v:'01'
  INTO:1
    t:              CHAR(2) v:'  '
[DEBUG][2013-03-22 11:38:52] APPSTART - INICIO [source: LOG0010.4GL line: 64 function: LOG001_ACESSA_USUARIO()]

translate: SET LOCK MODE TO WAIT 

EXECUTE
  Trace - Running time [0.001]
  4gl source: LOG0010.4GL  line=1356 
  STATUS:    0 ROWS AFFECTED:0
  COMMAND:SET LOCK MODE TO WAIT 

translate: SET TRANSACTION ISOLATION LEVEL READ UNCOMMITTED

PREPARE
  Trace - Running time [0.001]
  4gl source: LOG1400.4GL  line=232 
  STATUS:    0 ROWS AFFECTED:0
  NAME_fgl:VAR_QUERY
  NAME_sql:cu0
  COMMAND:SET TRANSACTION ISOLATION LEVEL READ UNCOMMITTED

EXECUTE
  Trace - Running time [0.002]
  4gl source: LOG1400.4GL  line=233 
  STATUS: -255   TRANSACTION:FALSE
  MSG: Not in transaction.

  COMMAND:SET TRANSACTION ISOLATION LEVEL READ UNCOMMITTED

FREE 
  Trace - Running time [0.000]
  4gl source: LOG1400.4GL  line=0 
  STATUS: -255   TRANSACTION:FALSE
  MSG: Not in transaction.

  NAME_fgl:LOG1400.VAR_QUERY
  NAME_sql:cu0
  COMMAND:

translate: SET ISOLATION TO DIRTY READ

EXECUTE
  Trace - Running time [0.001]
  4gl source: LOG1400.4GL  line=235 
  STATUS:    0 ROWS AFFECTED:0
  COMMAND:SET ISOLATION TO DIRTY READ

translate: SELECT FORM_VERSION,FORM_RELEASE,FORM_MODIFICATION FROM FRM_FORM WHERE FORM_NAME=?

EXECUTE
  Trace - Running time [0.002]
  4gl source: LOG0010.4GL  line=1946 
  STATUS:  100 ROWS AFFECTED:1
  COMMAND:SELECT FORM_VERSION,FORM_RELEASE,FORM_MODIFICATION FROM FRM_FORM WHERE FORM_NAME=?
  USE:1
    t:             CHAR(15) v:'pol0989        '
  INTO:3
    t:              CHAR(2) v:'NULL'
    t:              CHAR(2) v:'NULL'
    t:             CHAR(10) v:'NULL'
[LOGIX] Aplicação: POL0989 Versão: ?  Ult. Modificação: 2012-02-24 18:38:12

translate: SELECT COD_EMPRESA FROM EMPRESA WHERE COD_EMPRESA=?

EXECUTE
  Trace - Running time [0.002]
  4gl source: LOG0010.4GL  line=679 
  STATUS:    0 ROWS AFFECTED:1
  COMMAND:SELECT COD_EMPRESA FROM EMPRESA WHERE COD_EMPRESA=?
  USE:1
    t:              CHAR(2) v:'01'

translate: SELECT TABNAME FROM SYSTABLES WHERE TABNAME=?

EXECUTE
  Trace - Running time [0.001]
  4gl source: LOG0150.4GL  line=91 
  STATUS:    0 ROWS AFFECTED:1
  COMMAND:SELECT TABNAME FROM SYSTABLES WHERE TABNAME=?
  USE:1
    t:             CHAR(50) v:'log_dados_sessao_logix                            '

translate: SELECT  DBINFO('sessionid') FROM SYSTABLES WHERE TABID=1

EXECUTE
  Trace - Running time [0.002]
  4gl source: LOG0010.4GL  line=506 
  STATUS:    0 ROWS AFFECTED:1
  COMMAND:SELECT  DBINFO('sessionid') FROM SYSTABLES WHERE TABID=1
  INTO:1
    t:              INTEGER v:13559

translate: SELECT  DBINFO('sessionid') FROM SYSTABLES WHERE TABID=1

EXECUTE
  Trace - Running time [0.001]
  4gl source: LOG0010.4GL  line=506 
  STATUS:    0 ROWS AFFECTED:1
  COMMAND:SELECT  DBINFO('sessionid') FROM SYSTABLES WHERE TABID=1
  INTO:1
    t:              INTEGER v:13559

DECLARE
  Trace - Running time [0.001]
  4gl source: LOG0010.4GL  line=1805 
  STATUS:    0 ROWS AFFECTED:0
  NAME_fgl:LOG0010.CD_LOG_DADOS_SESSAO_LOGIX
  NAME_sql:cu0
  COMMAND:SELECT SID, DAT_EXECUCAO FROM LOG_DADOS_SESSAO_LOGIX WHERE USUARIO IN (?,'newlogin') AND PROGRAMA=? AND ORIGEM=?

  4gl source: LOG0010.4GL  line=1805 
  STATUS:    0 ROWS AFFECTED:0
  NAME_fgl:LOG0010.CD_LOG_DADOS_SESSAO_LOGIX
  NAME_sql:cu0
  COMMAND:SELECT SID, DAT_EXECUCAO FROM LOG_DADOS_SESSAO_LOGIX WHERE USUARIO IN (?,'newlogin') AND PROGRAMA=? AND ORIGEM=?

OPEN 
  Trace - Running time [0.001]
  4gl source: LOG0010.4GL  line=1813 
  STATUS:    0 ROWS AFFECTED:1
  NAME_fgl:LOG0010.CD_LOG_DADOS_SESSAO_LOGIX
  NAME_sql:cu0
  COMMAND:SELECT SID, DAT_EXECUCAO FROM LOG_DADOS_SESSAO_LOGIX WHERE USUARIO IN (?,'newlogin') AND PROGRAMA=? AND ORIGEM=?
  USE:3
    t:              CHAR(8) v:'admlog  '
    t:             CHAR(15) v:'pol0989        '
    t:            CHAR(100) v:'CPD_8:192.168.2.60                                                                                  '

FETCH
  Trace - Running time [0.000]
  4gl source: LOG0010.4GL  line=1813 
  STATUS:    0 ROWS AFFECTED:0
  NAME_fgl:LOG0010.CD_LOG_DADOS_SESSAO_LOGIX
  NAME_sql:cu0
  COMMAND:
  INTO:2
    t:              INTEGER v:13557
    t:             DATETIME v:2013-03-22 11:38:21                                                                                                                                                                                                                                            

translate: SELECT SID FROM SYSMASTER:SYSSESSIONS WHERE SID=?

EXECUTE
  Trace - Running time [0.004]
  4gl source: LOG0011.4GL  line=122 
  STATUS:    0 ROWS AFFECTED:1
  COMMAND:SELECT SID FROM SYSMASTER:SYSSESSIONS WHERE SID=?
  USE:1
    t:              INTEGER v:13557

FETCH
  Trace - Running time [0.000]
  4gl source: LOG0010.4GL  line=1813 
  STATUS:  100 ROWS AFFECTED:0
  NAME_fgl:LOG0010.CD_LOG_DADOS_SESSAO_LOGIX
  NAME_sql:cu0
  COMMAND:SELECT SID, DAT_EXECUCAO FROM LOG_DADOS_SESSAO_LOGIX WHERE USUARIO IN (?,'newlogin') AND PROGRAMA=? AND ORIGEM=?
  INTO:2
    t:              INTEGER v:13557
    t:             DATETIME v:2013-03-22 11:38:21                                                                                                                                                                                                                                            

CLOSE 
  Trace - Running time [0.000]
  4gl source: LOG0010.4GL  line=0 
  STATUS:    0 ROWS AFFECTED:0
  NAME_fgl:LOG0010.CD_LOG_DADOS_SESSAO_LOGIX
  NAME_sql:cu0
  COMMAND:

FREE 
  Trace - Running time [0.000]
  4gl source: LOG0010.4GL  line=0 
  STATUS:    0 ROWS AFFECTED:0
  NAME_fgl:LOG0010.CD_LOG_DADOS_SESSAO_LOGIX
  NAME_sql:cu0
  COMMAND:

DECLARE
  Trace - Running time [-0.000]
  4gl source: LOG0010.4GL  line=1582 
  STATUS:    0 ROWS AFFECTED:0
  NAME_fgl:LOG0010.CD_DEL_MESMO_SID
  NAME_sql:cu0
  COMMAND:SELECT DAT_EXECUCAO FROM LOG_DADOS_SESSAO_LOGIX WHERE SID=?

  4gl source: LOG0010.4GL  line=1582 
  STATUS:    0 ROWS AFFECTED:0
  NAME_fgl:LOG0010.CD_DEL_MESMO_SID
  NAME_sql:cu0
  COMMAND:SELECT DAT_EXECUCAO FROM LOG_DADOS_SESSAO_LOGIX WHERE SID=?

OPEN 
  Trace - Running time [0.001]
  4gl source: LOG0010.4GL  line=1587 
  STATUS:    0 ROWS AFFECTED:1
  NAME_fgl:LOG0010.CD_DEL_MESMO_SID
  NAME_sql:cu0
  COMMAND:SELECT DAT_EXECUCAO FROM LOG_DADOS_SESSAO_LOGIX WHERE SID=?
  USE:1
    t:              INTEGER v:13559

FETCH
  Trace - Running time [-0.000]
  4gl source: LOG0010.4GL  line=1587 
  STATUS:  100 ROWS AFFECTED:0
  NAME_fgl:LOG0010.CD_DEL_MESMO_SID
  NAME_sql:cu0
  COMMAND:SELECT DAT_EXECUCAO FROM LOG_DADOS_SESSAO_LOGIX WHERE SID=?
  INTO:1
    t:             DATETIME v:NULL

CLOSE 
  Trace - Running time [0.001]
  4gl source: LOG0010.4GL  line=0 
  STATUS:    0 ROWS AFFECTED:0
  NAME_fgl:LOG0010.CD_DEL_MESMO_SID
  NAME_sql:cu0
  COMMAND:

FREE 
  Trace - Running time [-0.000]
  4gl source: LOG0010.4GL  line=0 
  STATUS:    0 ROWS AFFECTED:0
  NAME_fgl:LOG0010.CD_DEL_MESMO_SID
  NAME_sql:cu0
  COMMAND:

translate: INSERT INTO LOG_DADOS_SESSAO_LOGIX (SID, DAT_EXECUCAO, USUARIO, PROGRAMA, ORIGEM) VALUES(?, ?, ?, ?, ?)
  Trace - Running time [0.003]
  4gl source: LOG0010.4GL  line=1608 
  STATUS:    0 ROWS AFFECTED:1
  COMMAND:INSERT INTO LOG_DADOS_SESSAO_LOGIX (SID, DAT_EXECUCAO, USUARIO, PROGRAMA, ORIGEM) VALUES(?, ?, ?, ?, ?)
  USE:5
    t:              INTEGER v:13559
    t:             DATETIME v:2013-03-22 11:38:52                                                                                                                                                                                                                                            
    t:              CHAR(8) v:'admlog  '
    t:             CHAR(15) v:'pol0989        '
    t:            CHAR(100) v:'CPD_8:192.168.2.60                                                                                  '

translate: SELECT 1 FROM USUARIOS WHERE USUARIOS.COD_USUARIO=?

EXECUTE
  Trace - Running time [0.001]
  4gl source: LOGIN.4GL  line=275 
  STATUS:    0 ROWS AFFECTED:1
  COMMAND:SELECT 1 FROM USUARIOS WHERE USUARIOS.COD_USUARIO=?
  USE:1
    t:              CHAR(8) v:'admlog  '

translate: SELECT LOG_PAR_LOGIN_USU.HOR_INICIAL_ACESSO,LOG_PAR_LOGIN_USU.HOR_FINAL_ACESSO FROM LOG_PAR_LOGIN_USU WHERE USUARIO=?

EXECUTE
  Trace - Running time [0.002]
  4gl source: LOGIN.4GL  line=330 
  STATUS:    0 ROWS AFFECTED:1
  COMMAND:SELECT LOG_PAR_LOGIN_USU.HOR_INICIAL_ACESSO,LOG_PAR_LOGIN_USU.HOR_FINAL_ACESSO FROM LOG_PAR_LOGIN_USU WHERE USUARIO=?
  USE:1
    t:              CHAR(8) v:'admlog  '
  INTO:2
    t:             DATETIME v:NULL
    t:             DATETIME v:NULL

translate: DELETE FROM LOG_USU_EXP_LOGIN WHERE USUARIO=? AND DAT_HOR_LOGIN<?
  Trace - Running time [0.004]
  4gl source: LOGIN.4GL  line=406 
  STATUS:    0 ROWS AFFECTED:0
  COMMAND:DELETE FROM LOG_USU_EXP_LOGIN WHERE USUARIO=? AND DAT_HOR_LOGIN<?
  USE:2
    t:              CHAR(8) v:'admlog  '
    t:             DATETIME v:2013-03-22 11:38:52                                                                                                                                                                                                                                            

translate: SELECT 1 FROM LOG_USU_EXP_LOGIN WHERE USUARIO=? AND DAT_HOR_LOGIN>=?

EXECUTE
  Trace - Running time [0.005]
  4gl source: LOGIN.4GL  line=413 
  STATUS:  100 ROWS AFFECTED:1
  COMMAND:SELECT 1 FROM LOG_USU_EXP_LOGIN WHERE USUARIO=? AND DAT_HOR_LOGIN>=?
  USE:2
    t:              CHAR(8) v:'admlog  '
    t:             DATETIME v:2013-03-22 11:38:52                                                                                                                                                                                                                                            

DECLARE
  Trace - Running time [0.002]
  4gl source: LOGIN.4GL  line=433 
  STATUS:    0 ROWS AFFECTED:0
  NAME_fgl:LOGIN.CQ_USUARIO_BLOQUEADO
  NAME_sql:cu0
  COMMAND:SELECT A.SEQUENCIA_BLOQUEIO, A.DAT_INI_BLOQUEIO, A.DAT_FIM_BLOQUEIO, C.DES_MOTIVO_BLOQ FROM LOG_USU_BLOQ A,LOG_BLOQUEIOS B,OUTER LOG_MOTIVOS_BLOQ C WHERE A.USUARIO=? AND A.USUARIO=B.USUARIO AND A.SEQUENCIA_BLOQUEIO=B.SEQUENCIA_BLOQUEIO AND A.DAT_INI_BLOQUEIO<=TODAY AND A.DAT_FIM_BLOQUEIO IS NULL AND C.MOTIVO_BLOQ=A.MOTIVO_BLOQUEIO UNION SELECT A.SEQUENCIA_BLOQUEIO, A.DAT_INI_BLOQUEIO, A.DAT_FIM_BLOQUEIO, C.DES_MOTIVO_BLOQ FROM LOG_USU_BLOQ A,LOG_BLOQUEIOS B,OUTER LOG_MOTIVOS_BLOQ C WHERE A.USUARIO=? AND A.USUARIO=B.USUARIO AND A.SEQUENCIA_BLOQUEIO=B.SEQUENCIA_BLOQUEIO AND TODAY BETWEEN A.DAT_INI_BLOQUEIO AND A.DAT_FIM_BLOQUEIO AND C.MOTIVO_BLOQ=A.MOTIVO_BLOQUEIO ORDER BY 1

  4gl source: LOGIN.4GL  line=433 
  STATUS:    0 ROWS AFFECTED:0
  NAME_fgl:LOGIN.CQ_USUARIO_BLOQUEADO
  NAME_sql:cu0
  COMMAND:SELECT A.SEQUENCIA_BLOQUEIO, A.DAT_INI_BLOQUEIO, A.DAT_FIM_BLOQUEIO, C.DES_MOTIVO_BLOQ FROM LOG_USU_BLOQ A,LOG_BLOQUEIOS B,OUTER LOG_MOTIVOS_BLOQ C WHERE A.USUARIO=? AND A.USUARIO=B.USUARIO AND A.SEQUENCIA_BLOQUEIO=B.SEQUENCIA_BLOQUEIO AND A.DAT_INI_BLOQUEIO<=TODAY AND A.DAT_FIM_BLOQUEIO IS NULL AND C.MOTIVO_BLOQ=A.MOTIVO_BLOQUEIO UNION SELECT A.SEQUENCIA_BLOQUEIO, A.DAT_INI_BLOQUEIO, A.DAT_FIM_BLOQUEIO, C.DES_MOTIVO_BLOQ FROM LOG_USU_BLOQ A,LOG_BLOQUEIOS B,OUTER LOG_MOTIVOS_BLOQ C WHERE A.USUARIO=? AND A.USUARIO=B.USUARIO AND A.SEQUENCIA_BLOQUEIO=B.SEQUENCIA_BLOQUEIO AND TODAY BETWEEN A.DAT_INI_BLOQUEIO AND A.DAT_FIM_BLOQUEIO AND C.MOTIVO_BLOQ=A.MOTIVO_BLOQUEIO ORDER BY 1

OPEN 
  Trace - Running time [0.004]
  4gl source: LOGIN.4GL  line=463 
  STATUS:    0 ROWS AFFECTED:1
  NAME_fgl:LOGIN.CQ_USUARIO_BLOQUEADO
  NAME_sql:cu0
  COMMAND:SELECT A.SEQUENCIA_BLOQUEIO, A.DAT_INI_BLOQUEIO, A.DAT_FIM_BLOQUEIO, C.DES_MOTIVO_BLOQ FROM LOG_USU_BLOQ A,LOG_BLOQUEIOS B,OUTER LOG_MOTIVOS_BLOQ C WHERE A.USUARIO=? AND A.USUARIO=B.USUARIO AND A.SEQUENCIA_BLOQUEIO=B.SEQUENCIA_BLOQUEIO AND A.DAT_INI_BLOQUEIO<=TODAY AND A.DAT_FIM_BLOQUEIO IS NULL AND C.MOTIVO_BLOQ=A.MOTIVO_BLOQUEIO UNION SELECT A.SEQUENCIA_BLOQUEIO, A.DAT_INI_BLOQUEIO, A.DAT_FIM_BLOQUEIO, C.DES_MOTIVO_BLOQ FROM LOG_USU_BLOQ A,LOG_BLOQUEIOS B,OUTER LOG_MOTIVOS_BLOQ C WHERE A.USUARIO=? AND A.USUARIO=B.USUARIO AND A.SEQUENCIA_BLOQUEIO=B.SEQUENCIA_BLOQUEIO AND TODAY BETWEEN A.DAT_INI_BLOQUEIO AND A.DAT_FIM_BLOQUEIO AND C.MOTIVO_BLOQ=A.MOTIVO_BLOQUEIO ORDER BY 1
  USE:2
    t:              CHAR(8) v:'admlog  '
    t:              CHAR(8) v:'admlog  '

FETCH
  Trace - Running time [-0.000]
  4gl source: LOGIN.4GL  line=463 
  STATUS:  100 ROWS AFFECTED:0
  NAME_fgl:LOGIN.CQ_USUARIO_BLOQUEADO
  NAME_sql:cu0
  COMMAND:SELECT A.SEQUENCIA_BLOQUEIO, A.DAT_INI_BLOQUEIO, A.DAT_FIM_BLOQUEIO, C.DES_MOTIVO_BLOQ FROM LOG_USU_BLOQ A,LOG_BLOQUEIOS B,OUTER LOG_MOTIVOS_BLOQ C WHERE A.USUARIO=? AND A.USUARIO=B.USUARIO AND A.SEQUENCIA_BLOQUEIO=B.SEQUENCIA_BLOQUEIO AND A.DAT_INI_BLOQUEIO<=TODAY AND A.DAT_FIM_BLOQUEIO IS NULL AND C.MOTIVO_BLOQ=A.MOTIVO_BLOQUEIO UNION SELECT A.SEQUENCIA_BLOQUEIO, A.DAT_INI_BLOQUEIO, A.DAT_FIM_BLOQUEIO, C.DES_MOTIVO_BLOQ FROM LOG_USU_BLOQ A,LOG_BLOQUEIOS B,OUTER LOG_MOTIVOS_BLOQ C WHERE A.USUARIO=? AND A.USUARIO=B.USUARIO AND A.SEQUENCIA_BLOQUEIO=B.SEQUENCIA_BLOQUEIO AND TODAY BETWEEN A.DAT_INI_BLOQUEIO AND A.DAT_FIM_BLOQUEIO AND C.MOTIVO_BLOQ=A.MOTIVO_BLOQUEIO ORDER BY 1
  INTO:4
    t:              INTEGER v:0
    t:                 DATE v:31/12/1899                                                                                                                                                                                                                                                     
    t:                 DATE v:31/12/1899                                                                                                                                                                                                                                                     
    t:             CHAR(76) v:'NULL'

CLOSE 
  Trace - Running time [-0.000]
  4gl source: LOGIN.4GL  line=0 
  STATUS:    0 ROWS AFFECTED:0
  NAME_fgl:LOGIN.CQ_USUARIO_BLOQUEADO
  NAME_sql:cu0
  COMMAND:

FREE 
  Trace - Running time [0.001]
  4gl source: LOGIN.4GL  line=0 
  STATUS:    0 ROWS AFFECTED:0
  NAME_fgl:LOGIN.CQ_USUARIO_BLOQUEADO
  NAME_sql:cu0
  COMMAND:

translate: SELECT TABNAME FROM SYSTABLES WHERE TABNAME=?

EXECUTE
  Trace - Running time [0.002]
  4gl source: LOG0150.4GL  line=91 
  STATUS:    0 ROWS AFFECTED:1
  COMMAND:SELECT TABNAME FROM SYSTABLES WHERE TABNAME=?
  USE:1
    t:             CHAR(50) v:'men_usuario_login                                 '

translate: SELECT USUARIO_LOGIX FROM MEN_USUARIO_LOGIN WHERE USU_SIST_OPRC=? AND NOM_MAQUINA=? AND CREDENCIAL=?

EXECUTE
  Trace - Running time [0.003]
  4gl source: SIGNON.4GL  line=21 
  STATUS:  100 ROWS AFFECTED:1
  COMMAND:SELECT USUARIO_LOGIX FROM MEN_USUARIO_LOGIN WHERE USU_SIST_OPRC=? AND NOM_MAQUINA=? AND CREDENCIAL=?
  USE:3
    t:             CHAR(50) v:'CPD                                               '
    t:             CHAR(50) v:'CPD_8                                             '
    t:            CHAR(300) v:'S-1-5-21-1060284298-1177238915-839522115-1003                                                                                                                                                                                                                                                               '
  INTO:1
    t:              CHAR(8) v:'NULL'

translate: SELECT 1 FROM USUARIO_SENHA WHERE COD_USUARIO=?

EXECUTE
  Trace - Running time [0.002]
  4gl source: LOGIN.4GL  line=737 
  STATUS:    0 ROWS AFFECTED:1
  COMMAND:SELECT 1 FROM USUARIO_SENHA WHERE COD_USUARIO=?
  USE:1
    t:              CHAR(8) v:'admlog  '

translate: SELECT 1 FROM USUARIOS WHERE COD_USUARIO=? AND IND_ADMLOG='S'

EXECUTE
  Trace - Running time [0.002]
  4gl source: LOGIN.4GL  line=2148 
  STATUS:    0 ROWS AFFECTED:1
  COMMAND:SELECT 1 FROM USUARIOS WHERE COD_USUARIO=? AND IND_ADMLOG='S'
  USE:1
    t:              CHAR(8) v:'admlog  '

translate: SELECT IND_REG_ACESSO,IND_PROGRAMAS FROM LOG_PAR_LOGIN_USU WHERE USUARIO=?

EXECUTE
  Trace - Running time [0.002]
  4gl source: LOG0010.4GL  line=542 
  STATUS:    0 ROWS AFFECTED:1
  COMMAND:SELECT IND_REG_ACESSO,IND_PROGRAMAS FROM LOG_PAR_LOGIN_USU WHERE USUARIO=?
  USE:1
    t:              CHAR(8) v:'admlog  '
  INTO:2
    t:              CHAR(1) v:'U'
    t:              CHAR(1) v:'N'

translate: DELETE FROM LOG_ACS_USU_PROG WHERE USUARIO=? AND EMPRESA=? AND NUM_PROGRAMA=?
  Trace - Running time [0.019]
  4gl source: LOG0010.4GL  line=600 
  STATUS:    0 ROWS AFFECTED:1
  COMMAND:DELETE FROM LOG_ACS_USU_PROG WHERE USUARIO=? AND EMPRESA=? AND NUM_PROGRAMA=?
  USE:3
    t:              CHAR(8) v:'admlog  '
    t:              CHAR(2) v:'01'
    t:             CHAR(15) v:'pol0989        '

translate: INSERT INTO LOG_ACS_USU_PROG (USUARIO, EMPRESA, NUM_PROGRAMA, DAT_HOR_ACESSO) VALUES(?, ?, ?, ?)
  Trace - Running time [0.005]
  4gl source: LOG0010.4GL  line=611 
  STATUS:    0 ROWS AFFECTED:1
  COMMAND:INSERT INTO LOG_ACS_USU_PROG (USUARIO, EMPRESA, NUM_PROGRAMA, DAT_HOR_ACESSO) VALUES(?, ?, ?, ?)
  USE:4
    t:              CHAR(8) v:'admlog  '
    t:              CHAR(2) v:'01'
    t:             CHAR(15) v:'pol0989        '
    t:             DATETIME v:2013-03-22 11:38:52                                                                                                                                                                                                                                            

translate: SELECT TABNAME FROM SYSTABLES WHERE TABNAME=?

EXECUTE
  Trace - Running time [0.002]
  4gl source: LOG0150.4GL  line=91 
  STATUS:    0 ROWS AFFECTED:1
  COMMAND:SELECT TABNAME FROM SYSTABLES WHERE TABNAME=?
  USE:1
    t:             CHAR(50) v:'log_uso_recusa_licenca                            '

translate: INSERT INTO LOG_USO_ROTINA (ROTINA, EMPRESA, DAT_USO, QTD_USO) VALUES(?, ?, ?, 1)
  Trace - Running time [0.002]
  4gl source: LOGUSO.4GL  line=0 
  STATUS: -268   TRANSACTION:FALSE
  ISAM: -100
  MSG: Unique constraint (informix.pk_log_uso_rotina) violated.
  COMMAND:INSERT INTO LOG_USO_ROTINA (ROTINA, EMPRESA, DAT_USO, QTD_USO) VALUES(?, ?, ?, 1)
  USE:3
    t:             CHAR(20) v:'POL0989             '
    t:              CHAR(2) v:'01'
    t:                 DATE v:22/03/2013                                                                                                                                                                                                                                                     

translate: UPDATE LOG_USO_ROTINA SET LOG_USO_ROTINA.QTD_USO=LOG_USO_ROTINA.QTD_USO+1 WHERE LOG_USO_ROTINA.DAT_USO=? AND LOG_USO_ROTINA.ROTINA=? AND LOG_USO_ROTINA.EMPRESA=?
  Trace - Running time [0.002]
  4gl source: LOGUSO.4GL  line=53 
  STATUS:    0 ROWS AFFECTED:1
  COMMAND:UPDATE LOG_USO_ROTINA SET LOG_USO_ROTINA.QTD_USO=LOG_USO_ROTINA.QTD_USO+1 WHERE LOG_USO_ROTINA.DAT_USO=? AND LOG_USO_ROTINA.ROTINA=? AND LOG_USO_ROTINA.EMPRESA=?
  USE:3
    t:                 DATE v:22/03/2013                                                                                                                                                                                                                                                     
    t:             CHAR(20) v:'POL0989             '
    t:              CHAR(2) v:'01'
[DEBUG][2013-03-22 11:38:52] APPSTART - FIM [source: LOG0010.4GL line: 272 function: LOG001_ACESSA_USUARIO()]

translate: DROP TABLE TRIBUTO_TMP

EXECUTE
  Trace - Running time [0.001]
  4gl source: POL0989.4GL  line=313 
  STATUS:    0 ROWS AFFECTED:0
  COMMAND:DROP TABLE TRIBUTO_TMP

translate: CREATE TABLE TRIBUTO_TMP (TRIBUTO_BENEF CHAR(11), TRANS_CONFIG INTEGER)

EXECUTE
  Trace - Running time [0.001]
  4gl source: POL0989.4GL  line=315 
  STATUS:    0 ROWS AFFECTED:0
  COMMAND:CREATE TABLE TRIBUTO_TMP (TRIBUTO_BENEF CHAR(11), TRANS_CONFIG INTEGER)

translate: DROP TABLE CHAVE_TMP

EXECUTE
  Trace - Running time [0.001]
  4gl source: POL0989.4GL  line=325 
  STATUS:    0 ROWS AFFECTED:0
  COMMAND:DROP TABLE CHAVE_TMP

translate: CREATE TABLE CHAVE_TMP (CHAVE CHAR(11))

EXECUTE
  Trace - Running time [0.001]
  4gl source: POL0989.4GL  line=327 
  STATUS:    0 ROWS AFFECTED:0
  COMMAND:CREATE TABLE CHAVE_TMP (CHAVE CHAR(11))

translate: DROP TABLE T_ENTRADA

EXECUTE
  Trace - Running time [0.001]
  4gl source: POL0989.4GL  line=336 
  STATUS:    0 ROWS AFFECTED:0
  COMMAND:DROP TABLE T_ENTRADA

translate: CREATE TABLE T_ENTRADA (ARQUIVO CHAR(80))

EXECUTE
  Trace - Running time [0.001]
  4gl source: POL0989.4GL  line=338 
  STATUS:    0 ROWS AFFECTED:0
  COMMAND:CREATE TABLE T_ENTRADA (ARQUIVO CHAR(80))

translate: DROP TABLE T_CTRL_TRANS

EXECUTE
  Trace - Running time [0.002]
  4gl source: POL0989.4GL  line=348 
  STATUS:    0 ROWS AFFECTED:0
  COMMAND:DROP TABLE T_CTRL_TRANS

translate: CREATE TABLE T_CTRL_TRANS (COD_EMPRESA CHAR(2) NOT NULL, NUM_NFF DEC(6,0) NOT NULL, SER_NFF CHAR(2) NOT NULL, COD_ITEM CHAR(15) NOT NULL, NUM_SEQUENCIA DEC(5,0) NOT NULL, NUM_TRANSAC INTEGER NOT NULL)

EXECUTE
  Trace - Running time [0.001]
  4gl source: POL0989.4GL  line=350 
  STATUS:    0 ROWS AFFECTED:0
  COMMAND:CREATE TABLE T_CTRL_TRANS (COD_EMPRESA CHAR(2) NOT NULL, NUM_NFF DEC(6,0) NOT NULL, SER_NFF CHAR(2) NOT NULL, COD_ITEM CHAR(15) NOT NULL, NUM_SEQUENCIA DEC(5,0) NOT NULL, NUM_TRANSAC INTEGER NOT NULL)

translate: DROP TABLE T_ARQUIVO

EXECUTE
  Trace - Running time [0.002]
  4gl source: POL0989.4GL  line=365 
  STATUS:    0 ROWS AFFECTED:0
  COMMAND:DROP TABLE T_ARQUIVO

translate: CREATE TABLE T_ARQUIVO (COD_ITEM CHAR(20), SEQUENCIA INTEGER, QTD_ITEM DEC(9,2), TOTAL_VAL_ITEM DEC(12,2), DESC_VAL_ITEM DEC(12,2), ACRESC_VAL_ITEM DEC(12,2))

EXECUTE
  Trace - Running time [0.001]
  4gl source: POL0989.4GL  line=367 
  STATUS:    0 ROWS AFFECTED:0
  COMMAND:CREATE TABLE T_ARQUIVO (COD_ITEM CHAR(20), SEQUENCIA INTEGER, QTD_ITEM DEC(9,2), TOTAL_VAL_ITEM DEC(12,2), DESC_VAL_ITEM DEC(12,2), ACRESC_VAL_ITEM DEC(12,2))
