DATABASE LOGIX
SCREEN
{
------------------------------------------------------------------------------
 [a0]              DIGITACAO DOS NUMEROS DE SERIE DOS ITENS   


 Item             Pedido  Seq  O.M.    Serie do Item
 ---------------  ------  ---  ------  --------------------------------------
[a1             ][a2    ][a3 ][a4    ][a5                                    ]
[a1             ][a2    ][a3 ][a4    ][a5                                    ]
[a1             ][a2    ][a3 ][a4    ][a5                                    ]
[a1             ][a2    ][a3 ][a4    ][a5                                    ]
[a1             ][a2    ][a3 ][a4    ][a5                                    ]
[a1             ][a2    ][a3 ][a4    ][a5                                    ] 
[a1             ][a2    ][a3 ][a4    ][a5                                    ]
}
END

TABLES
fat_item_serie

ATTRIBUTES
#
#      The table "fat_item_serie" cannot be found in the database. 
# See error number -2862. 
a0 = fat_item_serie.empresa,        NOENTRY;
#
#      The table "fat_item_serie" is not among the specified tables. 
# See error number -2864. 
a1 = fat_item_serie.item,           NOENTRY, UPSHIFT;
#
#      The table "fat_item_serie" is not among the specified tables. 
# See error number -2864. 
a2 = fat_item_serie.pedido,         NOENTRY;
#
#      The table "fat_item_serie" is not among the specified tables. 
# See error number -2864. 
a3 = fat_item_serie.sequencia,      NOENTRY;
#
#      The table "fat_item_serie" is not among the specified tables. 
# See error number -2864. 
a4 = fat_item_serie.ord_montag,     NOENTRY;
#
#      The table "fat_item_serie" is not among the specified tables. 
# See error number -2864. 
a5 = fat_item_serie.num_serie_item, UPSHIFT;
#
#      The table "fat_item_serie" is not among the specified tables. 
# See error number -2864. 
END 

INSTRUCTIONS
DELIMITERS " "
SCREEN RECORD s_fat_item_serie[07] (item,                               
#
#      The column "item" does not appear in the form specification.
# See error number -2843. 
                                    pedido,
#
#      The column "pedido" does not appear in the form specification.
# See error number -2843. 
                                    sequencia,
#
#      The column "sequencia" does not appear in the form specification.
# See error number -2843. 
                                    ord_montag,
#
#      The column "ord_montag" does not appear in the form specification.
# See error number -2843. 
                                    num_serie_item)
#
#      The column "num_serie_item" does not appear in the form specification.
# See error number -2843. 
END
