[LOGIX] [POL1337][DEBUG] Arquivo de LOG gerado em "c:\Totvs\logix\temp\log\afonso_20180404_135618\pol1337_00000_debug.log".
[LOGIX] Modo Debug FREEFORM ativado
[LOGIX] Modo Debug Framework ativado
[LOGIX] Modo DEBUG SQL ativado
----------------------------------- AMBIENTE -----------------------------------
SERVER BUILD.....: 7.00.131227A-20171108
SERVER SO........: UNKNOW
SERVER INFO......: SERVICE PACK 1
 
CLIENT BUILD.....: 7.00.131227A-20171030
CLIENT TYPE......: SMARTCLIENT 08 E 10 WINDOWS
----------------------------------- EXECUCAO -----------------------------------
PACOTE ERP.......: 12.1.18
PACOTE FRAMEWORK.: 12.1.19.01 - 17/01/2018
 
PROCESSO.........: POL1337
REVISAO..........: 
DATA.............: 
 
USUARIO..........: AFONSO
EMPRESA..........: 01
 
FGLPROFILE.......: C:\totvs\logix\logixprofile.pro
--------------------------------------------------------------------------------
[LOGIX] [THREAD] [EXECUTE] Iniciando sessão ID135618 (pol1337) a partir da sessão pai MAIN_THREAD (MENU).
[DEBUG][2018-04-04 13:56:18] Empresa = 01 Usuário = afonso [source: LOG0010.4GL line: 1452 function: LOG_APPSETENV()]
[LOGIX] [LICENSE] Licença MENU = VDPFAT
[DEBUG][2018-04-04 13:56:19] APPSTART - INICIO [source: LOG0010.4GL line: 95 function: LOG001_ACESSA_USUARIO()]
[DEBUG][2018-04-04 13:56:19] [INITAPP] DBMONEY --> DEFAULT (,) [source: LOG0010.4GL line: 484 function: LOG001_DETERMINA_AMBIENTE()]
[THREAD 7484 - 04/04/2018 13:56:19]
  TRANSLATE: ?
  EXECUTE
  STATUS:0
  COMMAND: DEFAULT
[THREAD 7484 - 04/04/2018 13:56:19]
  TRANSLATE: SET LOCK MODE TO WAIT 
[THREAD 7484 - 04/04/2018 13:56:19]
SQL START: EXECUTE 
[THREAD 7484 - 04/04/2018 13:56:19]
  STATUS:    0 ROWS AFFECTED:0 SID:626225
  COMMAND: SET LOCK MODE TO WAIT 
[THREAD 7484 - 04/04/2018 13:56:19]
  RUNNING TIME: 0.000
[THREAD 7484 - 04/04/2018 13:56:19]
  STATUS:    0 ROWS AFFECTED:0 SID:626225
  NAME_SQL:
  COMMAND: SET LOCK MODE TO WAIT 
[THREAD 7484 - 04/04/2018 13:56:19]
  TRANSLATE: SET ISOLATION TO DIRTY READ
[THREAD 7484 - 04/04/2018 13:56:19]
SQL START: EXECUTE 
[THREAD 7484 - 04/04/2018 13:56:19]
  STATUS:    0 ROWS AFFECTED:0 SID:626225
  COMMAND: SET ISOLATION TO DIRTY READ
[THREAD 7484 - 04/04/2018 13:56:19]
  RUNNING TIME: 0.000
[THREAD 7484 - 04/04/2018 13:56:19]
  STATUS:    0 ROWS AFFECTED:0 SID:626225
  NAME_SQL:
  COMMAND: SET ISOLATION TO DIRTY READ
[THREAD 7484 - 04/04/2018 13:56:19]
  TRANSLATE: SELECT SYSTABLES.TABNAME FROM SYSTABLES WHERE SYSTABLES.TABNAME=?
[THREAD 7484 - 04/04/2018 13:56:19]
SQL START: EXECUTE
[THREAD 7484 - 04/04/2018 13:56:19]
  RUNNING TIME: 0.000
[THREAD 7484 - 04/04/2018 13:56:19]
  STATUS:    0 ROWS AFFECTED:1 SID:626225
  COMMAND: SELECT SYSTABLES.TABNAME FROM SYSTABLES WHERE SYSTABLES.TABNAME=?
[THREAD 7484 - 04/04/2018 13:56:19]
  USE: 1
    T:             CHAR(50) V: 'log_dados_sessao_logix                            '
[THREAD 7484 - 04/04/2018 13:56:19]
  TRANSLATE: SELECT  DBINFO('sessionid') FROM SYSTABLES WHERE TABID=1
[THREAD 7484 - 04/04/2018 13:56:19]
SQL START: EXECUTE
[THREAD 7484 - 04/04/2018 13:56:19]
  RUNNING TIME: 0.000
[THREAD 7484 - 04/04/2018 13:56:19]
  STATUS:    0 ROWS AFFECTED:1 SID:626225
  COMMAND: SELECT  DBINFO('sessionid') FROM SYSTABLES WHERE TABID=1
[THREAD 7484 - 04/04/2018 13:56:19]
  INTO:1
    T:              INTEGER V: 626225
[THREAD 7484 - 04/04/2018 13:56:19]
  TRANSLATE: SELECT  DBINFO('sessionid') FROM SYSTABLES WHERE TABID=1
[THREAD 7484 - 04/04/2018 13:56:19]
SQL START: EXECUTE
[THREAD 7484 - 04/04/2018 13:56:19]
  RUNNING TIME: 0.000
[THREAD 7484 - 04/04/2018 13:56:19]
  STATUS:    0 ROWS AFFECTED:1 SID:626225
  COMMAND: SELECT  DBINFO('sessionid') FROM SYSTABLES WHERE TABID=1
[THREAD 7484 - 04/04/2018 13:56:19]
  INTO:1
    T:              INTEGER V: 626225
[THREAD 7484 - 04/04/2018 13:56:19]
SQL START: DECLARE
[THREAD 7484 - 04/04/2018 13:56:19]
  RUNNING TIME: 0.000
[THREAD 7484 - 04/04/2018 13:56:19]
  STATUS:    0 ROWS AFFECTED:0 SID:626225
  NAME_FGL:LOG0010.CD_LOG_DADOS_SESSAO_LOGIX
  NAME_SQL:cu0
  COMMAND: SELECT SID, DAT_EXECUCAO FROM LOG_DADOS_SESSAO_LOGIX WHERE USUARIO IN (?,'newlogin') AND PROGRAMA=?
[THREAD 7484 - 04/04/2018 13:56:19]
SQL START: OPEN 
[THREAD 7484 - 04/04/2018 13:56:19]
  RUNNING TIME: 0.000
[THREAD 7484 - 04/04/2018 13:56:19]
  STATUS:    0 ROWS AFFECTED:1 SID:626225
  NAME_FGL:LOG0010.CD_LOG_DADOS_SESSAO_LOGIX
  NAME_SQL:cu0
  COMMAND: SELECT SID, DAT_EXECUCAO FROM LOG_DADOS_SESSAO_LOGIX WHERE USUARIO IN (?,'newlogin') AND PROGRAMA=?
[THREAD 7484 - 04/04/2018 13:56:19]
  USE: 2
    T:              CHAR(8) V: 'afonso  '
    T:             CHAR(15) V: 'pol1337        '
[THREAD 7484 - 04/04/2018 13:56:19]
SQL START: FETCH
[THREAD 7484 - 04/04/2018 13:56:19]
  RUNNING TIME: 0.000
[THREAD 7484 - 04/04/2018 13:56:19]
  STATUS:  100 ROWS AFFECTED:0 SID:626225
  NAME_FGL:LOG0010.CD_LOG_DADOS_SESSAO_LOGIX
  NAME_SQL:cu0
  COMMAND: SELECT SID, DAT_EXECUCAO FROM LOG_DADOS_SESSAO_LOGIX WHERE USUARIO IN (?,'newlogin') AND PROGRAMA=?
[THREAD 7484 - 04/04/2018 13:56:19]
  INTO:2
    T:              INTEGER V: 0
    T:             DATETIME V: NULL
[THREAD 7484 - 04/04/2018 13:56:19]
SQL START: CLOSE 
[THREAD 7484 - 04/04/2018 13:56:19]
  RUNNING TIME: 0.000
[THREAD 7484 - 04/04/2018 13:56:19]
  STATUS:    0 ROWS AFFECTED:0 SID:626225
  NAME_FGL:LOG0010.CD_LOG_DADOS_SESSAO_LOGIX
  NAME_SQL:cu0
[THREAD 7484 - 04/04/2018 13:56:19]
SQL START: FREE
[THREAD 7484 - 04/04/2018 13:56:19]
  RUNNING TIME: 0.000
[THREAD 7484 - 04/04/2018 13:56:19]
  STATUS:    0 ROWS AFFECTED:0 SID:626225
  NAME_FGL:LOG0010.CD_LOG_DADOS_SESSAO_LOGIX
  NAME_SQL:cu0
[THREAD 7484 - 04/04/2018 13:56:19]
SQL START: DECLARE
[THREAD 7484 - 04/04/2018 13:56:19]
  RUNNING TIME: 0.000
[THREAD 7484 - 04/04/2018 13:56:19]
  STATUS:    0 ROWS AFFECTED:0 SID:626225
  NAME_FGL:LOG0010.CD_DEL_MESMO_SID
  NAME_SQL:cu0
  COMMAND: SELECT DAT_EXECUCAO FROM LOG_DADOS_SESSAO_LOGIX WHERE SID=?
[THREAD 7484 - 04/04/2018 13:56:19]
SQL START: OPEN 
[THREAD 7484 - 04/04/2018 13:56:19]
  RUNNING TIME: 0.000
[THREAD 7484 - 04/04/2018 13:56:19]
  STATUS:    0 ROWS AFFECTED:1 SID:626225
  NAME_FGL:LOG0010.CD_DEL_MESMO_SID
  NAME_SQL:cu0
  COMMAND: SELECT DAT_EXECUCAO FROM LOG_DADOS_SESSAO_LOGIX WHERE SID=?
[THREAD 7484 - 04/04/2018 13:56:19]
  USE: 1
    T:              INTEGER V: 626225
[THREAD 7484 - 04/04/2018 13:56:19]
SQL START: FETCH
[THREAD 7484 - 04/04/2018 13:56:19]
  RUNNING TIME: 0.000
[THREAD 7484 - 04/04/2018 13:56:19]
  STATUS:  100 ROWS AFFECTED:0 SID:626225
  NAME_FGL:LOG0010.CD_DEL_MESMO_SID
  NAME_SQL:cu0
  COMMAND: SELECT DAT_EXECUCAO FROM LOG_DADOS_SESSAO_LOGIX WHERE SID=?
[THREAD 7484 - 04/04/2018 13:56:19]
  INTO:1
    T:             DATETIME V: NULL
[THREAD 7484 - 04/04/2018 13:56:19]
SQL START: CLOSE 
[THREAD 7484 - 04/04/2018 13:56:19]
  RUNNING TIME: 0.000
[THREAD 7484 - 04/04/2018 13:56:19]
  STATUS:    0 ROWS AFFECTED:0 SID:626225
  NAME_FGL:LOG0010.CD_DEL_MESMO_SID
  NAME_SQL:cu0
[THREAD 7484 - 04/04/2018 13:56:19]
SQL START: FREE
[THREAD 7484 - 04/04/2018 13:56:19]
  RUNNING TIME: 0.000
[THREAD 7484 - 04/04/2018 13:56:19]
  STATUS:    0 ROWS AFFECTED:0 SID:626225
  NAME_FGL:LOG0010.CD_DEL_MESMO_SID
  NAME_SQL:cu0
[THREAD 7484 - 04/04/2018 13:56:19]
  TRANSLATE: INSERT INTO LOG_DADOS_SESSAO_LOGIX (SID, DAT_EXECUCAO, USUARIO, PROGRAMA, ORIGEM) VALUES(?, ?, ?, ?, ?)
[THREAD 7484 - 04/04/2018 13:56:19]
  RUNNING TIME: 0.015
[THREAD 7484 - 04/04/2018 13:56:19]
  STATUS:    0 ROWS AFFECTED:1 SID:626225
  COMMAND: INSERT INTO LOG_DADOS_SESSAO_LOGIX (SID, DAT_EXECUCAO, USUARIO, PROGRAMA, ORIGEM) VALUES(?, ?, ?, ?, ?)
[THREAD 7484 - 04/04/2018 13:56:19]
  USE: 5
    T:              INTEGER V: 626225
    T:             DATETIME V: 2018-04-04 13:56:19                                                                                                                                                                                                                                            
    T:              CHAR(8) V: 'afonso  '
    T:             CHAR(15) V: 'pol1337        '
    T:            CHAR(100) V: 'MIC0088-FISCAL:192.168.160.70|10.0.0.2|4327|                                                        '
[DEBUG][2018-04-04 13:56:19] [APPLICATION] Aplicação principal = POL1337 [source: APPLICATION.PRW line: 297 function: APPLICATION_SETMAINAPPNAME()]
[THREAD 7484 - 04/04/2018 13:56:19]
  TRANSLATE: SET LOCK MODE TO WAIT 
[THREAD 7484 - 04/04/2018 13:56:19]
SQL START: EXECUTE 
[THREAD 7484 - 04/04/2018 13:56:19]
  STATUS:    0 ROWS AFFECTED:0 SID:626225
  COMMAND: SET LOCK MODE TO WAIT 
[THREAD 7484 - 04/04/2018 13:56:19]
  RUNNING TIME: 0.000
[THREAD 7484 - 04/04/2018 13:56:19]
  STATUS:    0 ROWS AFFECTED:0 SID:626225
  NAME_SQL:
  COMMAND: SET LOCK MODE TO WAIT 
[THREAD 7484 - 04/04/2018 13:56:19]
  TRANSLATE: SET ISOLATION TO DIRTY READ
[THREAD 7484 - 04/04/2018 13:56:19]
SQL START: EXECUTE 
[THREAD 7484 - 04/04/2018 13:56:19]
  STATUS:    0 ROWS AFFECTED:0 SID:626225
  COMMAND: SET ISOLATION TO DIRTY READ
[THREAD 7484 - 04/04/2018 13:56:19]
  RUNNING TIME: 0.000
[THREAD 7484 - 04/04/2018 13:56:19]
  STATUS:    0 ROWS AFFECTED:0 SID:626225
  NAME_SQL:
  COMMAND: SET ISOLATION TO DIRTY READ
[DEBUG][2018-04-04 13:56:19] [PRINTFILE] Destino de impressão não detectado [source: LOG0280.4GL line: 3554 function: LOG0280_CHECKFINISHREPORTHANDLER()]
[DEBUG][2018-04-04 13:56:19] [PRINTFILE] Emissão para disco DESATIVADA [source: LOG0280.4GL line: 3412 function: LOG0280_FINISHREPORT_ATIVA_DISCO()]
[DEBUG][2018-04-04 13:56:19] [PRINTFILE] Arquivos para emissão em disco () [source: LOG0280.4GL line: 3561 function: LOG0280_CHECKFINISHREPORTHANDLER()]
[THREAD 7484 - 04/04/2018 13:56:19]
  TRANSLATE: SELECT FORM_VERSION,FORM_RELEASE,FORM_MODIFICATION FROM FRM_FORM WHERE FORM_NAME=?
[THREAD 7484 - 04/04/2018 13:56:19]
SQL START: EXECUTE
[THREAD 7484 - 04/04/2018 13:56:19]
  RUNNING TIME: 0.000
[THREAD 7484 - 04/04/2018 13:56:19]
  STATUS:  100 ROWS AFFECTED:0 SID:626225
  COMMAND: SELECT FORM_VERSION,FORM_RELEASE,FORM_MODIFICATION FROM FRM_FORM WHERE FORM_NAME=?
[THREAD 7484 - 04/04/2018 13:56:19]
  USE: 1
    T:             CHAR(15) V: 'pol1337        '
  INTO:3
    T:              CHAR(2) V: 'NULL'
    T:              CHAR(5) V: 'NULL'
    T:             CHAR(10) V: 'NULL'
[LOGIX] [VERSION] Aplicação: POL1337 Versão: ? Ult. Modificação: 2018-03-19 17:14:54
[THREAD 7484 - 04/04/2018 13:56:19]
SQL START: DECLARE
[THREAD 7484 - 04/04/2018 13:56:19]
  RUNNING TIME: 0.000
[THREAD 7484 - 04/04/2018 13:56:19]
  STATUS:    0 ROWS AFFECTED:0 SID:626225
  NAME_FGL:SYSTEMKEY.CM_ADJUSTSYSTEMKEY
  NAME_SQL:cu0
  COMMAND: SELECT SISTEMAS_LOGIX.COD_SISTEMA FROM SISTEMAS_LOGIX WHERE SISTEMAS_LOGIX.CHAVE_SISTEMA='?' OR SISTEMAS_LOGIX.CHAVE_SISTEMA IS NULL OR SISTEMAS_LOGIX.CHAVE_SISTEMA=' '
[THREAD 7484 - 04/04/2018 13:56:19]
SQL START: OPEN 
[THREAD 7484 - 04/04/2018 13:56:19]
  RUNNING TIME: 0.000
[THREAD 7484 - 04/04/2018 13:56:19]
  STATUS:    0 ROWS AFFECTED:1 SID:626225
  NAME_FGL:SYSTEMKEY.CM_ADJUSTSYSTEMKEY
  NAME_SQL:cu0
  COMMAND: SELECT SISTEMAS_LOGIX.COD_SISTEMA FROM SISTEMAS_LOGIX WHERE SISTEMAS_LOGIX.CHAVE_SISTEMA='?' OR SISTEMAS_LOGIX.CHAVE_SISTEMA IS NULL OR SISTEMAS_LOGIX.CHAVE_SISTEMA=' '
[THREAD 7484 - 04/04/2018 13:56:19]
SQL START: FETCH
[THREAD 7484 - 04/04/2018 13:56:19]
  RUNNING TIME: 0.000
[THREAD 7484 - 04/04/2018 13:56:19]
  STATUS:    0 ROWS AFFECTED:1 SID:626225
  NAME_FGL:SYSTEMKEY.CM_ADJUSTSYSTEMKEY
  NAME_SQL:cu0
[THREAD 7484 - 04/04/2018 13:56:19]
  INTO:1
    T:              INTEGER V: 71
[THREAD 7484 - 04/04/2018 13:56:19]
SQL START: FETCH
[THREAD 7484 - 04/04/2018 13:56:19]
  RUNNING TIME: 0.000
[THREAD 7484 - 04/04/2018 13:56:19]
  STATUS:    0 ROWS AFFECTED:1 SID:626225
  NAME_FGL:SYSTEMKEY.CM_ADJUSTSYSTEMKEY
  NAME_SQL:cu0
[THREAD 7484 - 04/04/2018 13:56:19]
  INTO:1
    T:              INTEGER V: 69
[THREAD 7484 - 04/04/2018 13:56:19]
SQL START: FETCH
[THREAD 7484 - 04/04/2018 13:56:19]
  RUNNING TIME: 0.000
[THREAD 7484 - 04/04/2018 13:56:19]
  STATUS:    0 ROWS AFFECTED:1 SID:626225
  NAME_FGL:SYSTEMKEY.CM_ADJUSTSYSTEMKEY
  NAME_SQL:cu0
[THREAD 7484 - 04/04/2018 13:56:19]
  INTO:1
    T:              INTEGER V: 999
[THREAD 7484 - 04/04/2018 13:56:19]
SQL START: FETCH
[THREAD 7484 - 04/04/2018 13:56:19]
  RUNNING TIME: 0.000
[THREAD 7484 - 04/04/2018 13:56:19]
  STATUS:    0 ROWS AFFECTED:1 SID:626225
  NAME_FGL:SYSTEMKEY.CM_ADJUSTSYSTEMKEY
  NAME_SQL:cu0
[THREAD 7484 - 04/04/2018 13:56:19]
  INTO:1
    T:              INTEGER V: 128
[THREAD 7484 - 04/04/2018 13:56:19]
SQL START: FETCH
[THREAD 7484 - 04/04/2018 13:56:19]
  RUNNING TIME: 0.000
[THREAD 7484 - 04/04/2018 13:56:19]
  STATUS:    0 ROWS AFFECTED:1 SID:626225
  NAME_FGL:SYSTEMKEY.CM_ADJUSTSYSTEMKEY
  NAME_SQL:cu0
[THREAD 7484 - 04/04/2018 13:56:19]
  INTO:1
    T:              INTEGER V: 816
[THREAD 7484 - 04/04/2018 13:56:19]
SQL START: FETCH
[THREAD 7484 - 04/04/2018 13:56:19]
  RUNNING TIME: 0.000
[THREAD 7484 - 04/04/2018 13:56:19]
  STATUS:    0 ROWS AFFECTED:1 SID:626225
  NAME_FGL:SYSTEMKEY.CM_ADJUSTSYSTEMKEY
  NAME_SQL:cu0
[THREAD 7484 - 04/04/2018 13:56:19]
  INTO:1
    T:              INTEGER V: 817
[THREAD 7484 - 04/04/2018 13:56:19]
SQL START: FETCH
[THREAD 7484 - 04/04/2018 13:56:19]
  RUNNING TIME: 0.000
[THREAD 7484 - 04/04/2018 13:56:19]
  STATUS:    0 ROWS AFFECTED:1 SID:626225
  NAME_FGL:SYSTEMKEY.CM_ADJUSTSYSTEMKEY
  NAME_SQL:cu0
[THREAD 7484 - 04/04/2018 13:56:19]
  INTO:1
    T:              INTEGER V: 900
[THREAD 7484 - 04/04/2018 13:56:19]
SQL START: FETCH
[THREAD 7484 - 04/04/2018 13:56:19]
  RUNNING TIME: 0.000
[THREAD 7484 - 04/04/2018 13:56:19]
  STATUS:    0 ROWS AFFECTED:1 SID:626225
  NAME_FGL:SYSTEMKEY.CM_ADJUSTSYSTEMKEY
  NAME_SQL:cu0
[THREAD 7484 - 04/04/2018 13:56:19]
  INTO:1
    T:              INTEGER V: 561
[THREAD 7484 - 04/04/2018 13:56:19]
SQL START: FETCH
[THREAD 7484 - 04/04/2018 13:56:19]
  RUNNING TIME: 0.000
[THREAD 7484 - 04/04/2018 13:56:19]
  STATUS:    0 ROWS AFFECTED:1 SID:626225
  NAME_FGL:SYSTEMKEY.CM_ADJUSTSYSTEMKEY
  NAME_SQL:cu0
[THREAD 7484 - 04/04/2018 13:56:19]
  INTO:1
    T:              INTEGER V: 904
[THREAD 7484 - 04/04/2018 13:56:19]
SQL START: FETCH
[THREAD 7484 - 04/04/2018 13:56:19]
  RUNNING TIME: 0.000
[THREAD 7484 - 04/04/2018 13:56:19]
  STATUS:    0 ROWS AFFECTED:1 SID:626225
  NAME_FGL:SYSTEMKEY.CM_ADJUSTSYSTEMKEY
  NAME_SQL:cu0
[THREAD 7484 - 04/04/2018 13:56:19]
  INTO:1
    T:              INTEGER V: 400
[THREAD 7484 - 04/04/2018 13:56:19]
SQL START: FETCH
[THREAD 7484 - 04/04/2018 13:56:19]
  RUNNING TIME: 0.000
[THREAD 7484 - 04/04/2018 13:56:19]
  STATUS:    0 ROWS AFFECTED:1 SID:626225
  NAME_FGL:SYSTEMKEY.CM_ADJUSTSYSTEMKEY
  NAME_SQL:cu0
[THREAD 7484 - 04/04/2018 13:56:19]
  INTO:1
    T:              INTEGER V: 626
[THREAD 7484 - 04/04/2018 13:56:19]
SQL START: FETCH
[THREAD 7484 - 04/04/2018 13:56:19]
  RUNNING TIME: 0.000
[THREAD 7484 - 04/04/2018 13:56:19]
  STATUS:  100 ROWS AFFECTED:0 SID:626225
  NAME_FGL:SYSTEMKEY.CM_ADJUSTSYSTEMKEY
  NAME_SQL:cu0
  COMMAND: SELECT SISTEMAS_LOGIX.COD_SISTEMA FROM SISTEMAS_LOGIX WHERE SISTEMAS_LOGIX.CHAVE_SISTEMA='?' OR SISTEMAS_LOGIX.CHAVE_SISTEMA IS NULL OR SISTEMAS_LOGIX.CHAVE_SISTEMA=' '
[THREAD 7484 - 04/04/2018 13:56:19]
  INTO:1
    T:              INTEGER V: 626
[THREAD 7484 - 04/04/2018 13:56:19]
SQL START: CLOSE 
[THREAD 7484 - 04/04/2018 13:56:19]
  RUNNING TIME: 0.000
[THREAD 7484 - 04/04/2018 13:56:19]
  STATUS:    0 ROWS AFFECTED:0 SID:626225
  NAME_FGL:SYSTEMKEY.CM_ADJUSTSYSTEMKEY
  NAME_SQL:cu0
[THREAD 7484 - 04/04/2018 13:56:19]
SQL START: FREE
[THREAD 7484 - 04/04/2018 13:56:19]
  RUNNING TIME: 0.000
[THREAD 7484 - 04/04/2018 13:56:19]
  STATUS:    0 ROWS AFFECTED:0 SID:626225
  NAME_FGL:SYSTEMKEY.CM_ADJUSTSYSTEMKEY
  NAME_SQL:cu0
[LOGIX] [LICENSE] [SYSTEMKEY] Carregando licenças SUP 13:56:19
[LOGIX] [LICENSE] [SYSTEMKEY] Carregando licenças FIN 13:56:19
[LOGIX] [LICENSE] [SYSTEMKEY] Carregando licenças CON 13:56:19
[LOGIX] [LICENSE] [SYSTEMKEY] Carregando licenças RHU 13:56:19
[LOGIX] [LICENSE] [SYSTEMKEY] Carregando licenças PRD 13:56:19
[LOGIX] [LICENSE] [SYSTEMKEY] Carregando licenças VDP 13:56:19
[LOGIX] [LICENSE] [SYSTEMKEY] Carregando licenças LOG 13:56:19
[LOGIX] [LICENSE] [SYSTEMKEY] Licenças carregadas 13:56:19
[LOGIX] [LICENSE] [SYSTEMKEY] Aplicação POL1337 - licenças da aplicação = PADRAO
[LOGIX] [LICENSE] [SYSTEMKEY] Aplicação POL1337 - licenças FINAL = PADRAO
[THREAD 7484 - 04/04/2018 13:56:19]
  TRANSLATE: SELECT COD_EMPRESA FROM EMPRESA WHERE COD_EMPRESA=?
[THREAD 7484 - 04/04/2018 13:56:19]
SQL START: EXECUTE
[THREAD 7484 - 04/04/2018 13:56:19]
  RUNNING TIME: 0.000
[THREAD 7484 - 04/04/2018 13:56:19]
  STATUS:    0 ROWS AFFECTED:1 SID:626225
  COMMAND: SELECT COD_EMPRESA FROM EMPRESA WHERE COD_EMPRESA=?
[THREAD 7484 - 04/04/2018 13:56:19]
  USE: 1
    T:              CHAR(2) V: '01'
[THREAD 7484 - 04/04/2018 13:56:19]
  TRANSLATE: SELECT USUARIO,QTD_MAX_PROC_USU,IDIOMA,NIVEL_ACESSO,MANTEM_PESQ_RELAC,CPF_LOGIN,LICENCA_FULL_DETERMINADO,USUARIO_ATENDIMENTO_URA,GRUPO_ATENDIMENTO_URA,UTILIZA_INTEGRACAO_CTI,CONTA_EMAIL,SENHA_EMAIL,CONTA_AD,DOMINIO_REDE,COD_IDM,TIP_AUTENTICACAO FROM LOG_USUARIOS_COMPL WHERE LOG_USUARIOS_COMPL.USUARIO=?
[THREAD 7484 - 04/04/2018 13:56:19]
SQL START: EXECUTE
[THREAD 7484 - 04/04/2018 13:56:19]
  RUNNING TIME: 0.000
[THREAD 7484 - 04/04/2018 13:56:19]
  STATUS:    0 ROWS AFFECTED:1 SID:626225
  COMMAND: SELECT USUARIO,QTD_MAX_PROC_USU,IDIOMA,NIVEL_ACESSO,MANTEM_PESQ_RELAC,CPF_LOGIN,LICENCA_FULL_DETERMINADO,USUARIO_ATENDIMENTO_URA,GRUPO_ATENDIMENTO_URA,UTILIZA_INTEGRACAO_CTI,CONTA_EMAIL,SENHA_EMAIL,CONTA_AD,DOMINIO_REDE,COD_IDM,TIP_AUTENTICACAO FROM LOG_USUARIOS_COMPL WHERE LOG_USUARIOS_COMPL.USUARIO=?
[THREAD 7484 - 04/04/2018 13:56:19]
  USE: 1
    T:              CHAR(8) V: 'afonso  '
  INTO:16
    T:              CHAR(8) V: 'afonso  '
    T:              INTEGER V: 10
    T:              INTEGER V: 1
    T:              INTEGER V: NULL
    T:              CHAR(1) V: 'N'
    T:             CHAR(11) V: 'NULL'
    T:              CHAR(1) V: '0'
    T:             CHAR(20) V: '610                 '
    T:             CHAR(20) V: 'FISCAL              '
    T:              CHAR(1) V: 'N'
    T:             CHAR(25) V: 'NULL'
    T:             CHAR(80) V: 'NULL'
    T:             CHAR(25) V: 'NULL'
    T:             CHAR(20) V: 'NULL'
    T:             CHAR(32) V: 'NULL'
    T:              CHAR(1) V: 'NULL'
[THREAD 7484 - 04/04/2018 13:56:19]
  TRANSLATE: SELECT COD_USUARIO,COD_EMPRESA_PADRAO,COD_IMPRESS_PADRAO,NOM_FUNCIONARIO,NUM_TELEFONE,NUM_RAMAL,NUM_FAX,E_MAIL,QTD_MAX_USUARIOS,IND_ADMLOG,GRUPO_PADRAO,DAT_INCLUSAO FROM USUARIOS WHERE USUARIOS.COD_USUARIO=?
[THREAD 7484 - 04/04/2018 13:56:19]
SQL START: EXECUTE
[THREAD 7484 - 04/04/2018 13:56:19]
  RUNNING TIME: 0.000
[THREAD 7484 - 04/04/2018 13:56:19]
  STATUS:    0 ROWS AFFECTED:1 SID:626225
  COMMAND: SELECT COD_USUARIO,COD_EMPRESA_PADRAO,COD_IMPRESS_PADRAO,NOM_FUNCIONARIO,NUM_TELEFONE,NUM_RAMAL,NUM_FAX,E_MAIL,QTD_MAX_USUARIOS,IND_ADMLOG,GRUPO_PADRAO,DAT_INCLUSAO FROM USUARIOS WHERE USUARIOS.COD_USUARIO=?
[THREAD 7484 - 04/04/2018 13:56:19]
  USE: 1
    T:              CHAR(8) V: 'afonso  '
  INTO:12
    T:              CHAR(8) V: 'afonso  '
    T:              CHAR(2) V: '01'
    T:            CHAR(200) V: 'hp_fisc_ts                                                                                                                                                                                              '
    T:             CHAR(30) V: 'AFONSO HENRIQUE LIMA          '
    T:             CHAR(20) V: '(11) 4061-8899      '
    T:              CHAR(5) V: '8020 '
    T:             CHAR(30) V: '(11) 4061-8883                '
    T:            CHAR(150) V: 'NULL'
    T:              INTEGER V: 3
    T:              CHAR(1) V: 'N'
    T:              CHAR(8) V: 'NULL'
    T:                 DATE V: NULL
[THREAD 7484 - 04/04/2018 13:56:19]
  TRANSLATE: SELECT USUARIO,HOR_INICIAL_ACESSO,HOR_FINAL_ACESSO FROM LOG_PAR_LOGIN_USU WHERE USUARIO=?
[THREAD 7484 - 04/04/2018 13:56:19]
SQL START: EXECUTE
[THREAD 7484 - 04/04/2018 13:56:19]
  RUNNING TIME: 0.000
[THREAD 7484 - 04/04/2018 13:56:19]
  STATUS:    0 ROWS AFFECTED:1 SID:626225
  COMMAND: SELECT USUARIO,HOR_INICIAL_ACESSO,HOR_FINAL_ACESSO FROM LOG_PAR_LOGIN_USU WHERE USUARIO=?
[THREAD 7484 - 04/04/2018 13:56:19]
  USE: 1
    T:              CHAR(8) V: 'afonso  '
  INTO:3
    T:              CHAR(8) V: 'afonso  '
    T:             DATETIME V: NULL
    T:             DATETIME V: NULL
[THREAD 7484 - 04/04/2018 13:56:19]
  TRANSLATE: DELETE FROM LOG_USU_EXP_LOGIN WHERE USUARIO=? AND DAT_HOR_LOGIN<?
[THREAD 7484 - 04/04/2018 13:56:19]
  RUNNING TIME: 0.000
[THREAD 7484 - 04/04/2018 13:56:19]
  STATUS:    0 ROWS AFFECTED:0 SID:626225
  COMMAND: DELETE FROM LOG_USU_EXP_LOGIN WHERE USUARIO=? AND DAT_HOR_LOGIN<?
[THREAD 7484 - 04/04/2018 13:56:19]
  USE: 2
    T:              CHAR(8) V: 'afonso  '
    T:             DATETIME V: 2018-04-04 13:56:19                                                                                                                                                                                                                                            
[THREAD 7484 - 04/04/2018 13:56:19]
  TRANSLATE: SELECT 1 FROM LOG_USU_EXP_LOGIN WHERE USUARIO=? AND DAT_HOR_LOGIN>=?
[THREAD 7484 - 04/04/2018 13:56:19]
SQL START: EXECUTE
[THREAD 7484 - 04/04/2018 13:56:19]
  RUNNING TIME: 0.000
[THREAD 7484 - 04/04/2018 13:56:19]
  STATUS:  100 ROWS AFFECTED:0 SID:626225
  COMMAND: SELECT 1 FROM LOG_USU_EXP_LOGIN WHERE USUARIO=? AND DAT_HOR_LOGIN>=?
[THREAD 7484 - 04/04/2018 13:56:19]
  USE: 2
    T:              CHAR(8) V: 'afonso  '
    T:             DATETIME V: 2018-04-04 13:56:19                                                                                                                                                                                                                                            
[THREAD 7484 - 04/04/2018 13:56:19]
SQL START: DECLARE
[THREAD 7484 - 04/04/2018 13:56:19]
  RUNNING TIME: 0.016
[THREAD 7484 - 04/04/2018 13:56:19]
  STATUS:    0 ROWS AFFECTED:0 SID:626225
  NAME_FGL:LOGIN.CQ_USUARIO_BLOQUEADO
  NAME_SQL:cu0
  COMMAND: SELECT A.USUARIO, A.SEQUENCIA_BLOQUEIO, A.MOTIVO_BLOQUEIO, C.DES_MOTIVO_BLOQ, A.DAT_HORA_BLOQUEIO, A.USUARIO_BLOQUEIO, A.DAT_INI_BLOQUEIO, A.DAT_FIM_BLOQUEIO FROM LOG_USU_BLOQ A,LOG_BLOQUEIOS B,OUTER LOG_MOTIVOS_BLOQ C WHERE A.USUARIO=? AND A.USUARIO=B.USUARIO AND A.SEQUENCIA_BLOQUEIO=B.SEQUENCIA_BLOQUEIO AND A.DAT_INI_BLOQUEIO<=? AND A.DAT_FIM_BLOQUEIO IS NULL AND C.MOTIVO_BLOQ=A.MOTIVO_BLOQUEIO UNION SELECT A.USUARIO, A.SEQUENCIA_BLOQUEIO, A.MOTIVO_BLOQUEIO, C.DES_MOTIVO_BLOQ, A.DAT_HORA_BLOQUEIO, A.USUARIO_BLOQUEIO, A.DAT_INI_BLOQUEIO, A.DAT_FIM_BLOQUEIO FROM LOG_USU_BLOQ A,LOG_BLOQUEIOS B,OUTER LOG_MOTIVOS_BLOQ C WHERE A.USUARIO=? AND A.USUARIO=B.USUARIO AND A.SEQUENCIA_BLOQUEIO=B.SEQUENCIA_BLOQUEIO AND A.DAT_FIM_BLOQUEIO IS NOT NULL AND ? BETWEEN A.DAT_INI_BLOQUEIO AND A.DAT_FIM_BLOQUEIO AND C.MOTIVO_BLOQ=A.MOTIVO_BLOQUEIO ORDER BY 2
[THREAD 7484 - 04/04/2018 13:56:19]
SQL START: OPEN 
[THREAD 7484 - 04/04/2018 13:56:19]
  RUNNING TIME: 0.000
[THREAD 7484 - 04/04/2018 13:56:19]
  STATUS:    0 ROWS AFFECTED:1 SID:626225
  NAME_FGL:LOGIN.CQ_USUARIO_BLOQUEADO
  NAME_SQL:cu0
  COMMAND: SELECT A.USUARIO, A.SEQUENCIA_BLOQUEIO, A.MOTIVO_BLOQUEIO, C.DES_MOTIVO_BLOQ, A.DAT_HORA_BLOQUEIO, A.USUARIO_BLOQUEIO, A.DAT_INI_BLOQUEIO, A.DAT_FIM_BLOQUEIO FROM LOG_USU_BLOQ A,LOG_BLOQUEIOS B,OUTER LOG_MOTIVOS_BLOQ C WHERE A.USUARIO=? AND A.USUARIO=B.USUARIO AND A.SEQUENCIA_BLOQUEIO=B.SEQUENCIA_BLOQUEIO AND A.DAT_INI_BLOQUEIO<=? AND A.DAT_FIM_BLOQUEIO IS NULL AND C.MOTIVO_BLOQ=A.MOTIVO_BLOQUEIO UNION SELECT A.USUARIO, A.SEQUENCIA_BLOQUEIO, A.MOTIVO_BLOQUEIO, C.DES_MOTIVO_BLOQ, A.DAT_HORA_BLOQUEIO, A.USUARIO_BLOQUEIO, A.DAT_INI_BLOQUEIO, A.DAT_FIM_BLOQUEIO FROM LOG_USU_BLOQ A,LOG_BLOQUEIOS B,OUTER LOG_MOTIVOS_BLOQ C WHERE A.USUARIO=? AND A.USUARIO=B.USUARIO AND A.SEQUENCIA_BLOQUEIO=B.SEQUENCIA_BLOQUEIO AND A.DAT_FIM_BLOQUEIO IS NOT NULL AND ? BETWEEN A.DAT_INI_BLOQUEIO AND A.DAT_FIM_BLOQUEIO AND C.MOTIVO_BLOQ=A.MOTIVO_BLOQUEIO ORDER BY 2
[THREAD 7484 - 04/04/2018 13:56:19]
  USE: 4
    T:              CHAR(8) V: 'afonso  '
    T:                 DATE V: 04/04/2018                                                                                                                                                                                                                                                     
    T:              CHAR(8) V: 'afonso  '
    T:                 DATE V: 04/04/2018                                                                                                                                                                                                                                                     
[THREAD 7484 - 04/04/2018 13:56:19]
SQL START: FETCH
[THREAD 7484 - 04/04/2018 13:56:19]
  RUNNING TIME: 0.000
[THREAD 7484 - 04/04/2018 13:56:19]
  STATUS:  100 ROWS AFFECTED:0 SID:626225
  NAME_FGL:LOGIN.CQ_USUARIO_BLOQUEADO
  NAME_SQL:cu0
  COMMAND: SELECT A.USUARIO, A.SEQUENCIA_BLOQUEIO, A.MOTIVO_BLOQUEIO, C.DES_MOTIVO_BLOQ, A.DAT_HORA_BLOQUEIO, A.USUARIO_BLOQUEIO, A.DAT_INI_BLOQUEIO, A.DAT_FIM_BLOQUEIO FROM LOG_USU_BLOQ A,LOG_BLOQUEIOS B,OUTER LOG_MOTIVOS_BLOQ C WHERE A.USUARIO=? AND A.USUARIO=B.USUARIO AND A.SEQUENCIA_BLOQUEIO=B.SEQUENCIA_BLOQUEIO AND A.DAT_INI_BLOQUEIO<=? AND A.DAT_FIM_BLOQUEIO IS NULL AND C.MOTIVO_BLOQ=A.MOTIVO_BLOQUEIO UNION SELECT A.USUARIO, A.SEQUENCIA_BLOQUEIO, A.MOTIVO_BLOQUEIO, C.DES_MOTIVO_BLOQ, A.DAT_HORA_BLOQUEIO, A.USUARIO_BLOQUEIO, A.DAT_INI_BLOQUEIO, A.DAT_FIM_BLOQUEIO FROM LOG_USU_BLOQ A,LOG_BLOQUEIOS B,OUTER LOG_MOTIVOS_BLOQ C WHERE A.USUARIO=? AND A.USUARIO=B.USUARIO AND A.SEQUENCIA_BLOQUEIO=B.SEQUENCIA_BLOQUEIO AND A.DAT_FIM_BLOQUEIO IS NOT NULL AND ? BETWEEN A.DAT_INI_BLOQUEIO AND A.DAT_FIM_BLOQUEIO AND C.MOTIVO_BLOQ=A.MOTIVO_BLOQUEIO ORDER BY 2
[THREAD 7484 - 04/04/2018 13:56:19]
  INTO:8
    T:              CHAR(8) V: 'NULL'
    T:              INTEGER V: NULL
    T:              INTEGER V: NULL
    T:             CHAR(76) V: 'NULL'
    T:             DATETIME V: NULL
    T:              CHAR(8) V: 'NULL'
    T:                 DATE V: NULL
    T:                 DATE V: NULL
[THREAD 7484 - 04/04/2018 13:56:19]
SQL START: CLOSE 
[THREAD 7484 - 04/04/2018 13:56:19]
  RUNNING TIME: 0.000
[THREAD 7484 - 04/04/2018 13:56:19]
  STATUS:    0 ROWS AFFECTED:0 SID:626225
  NAME_FGL:LOGIN.CQ_USUARIO_BLOQUEADO
  NAME_SQL:cu0
[THREAD 7484 - 04/04/2018 13:56:19]
SQL START: FREE
[THREAD 7484 - 04/04/2018 13:56:19]
  RUNNING TIME: 0.000
[THREAD 7484 - 04/04/2018 13:56:19]
  STATUS:    0 ROWS AFFECTED:0 SID:626225
  NAME_FGL:LOGIN.CQ_USUARIO_BLOQUEADO
  NAME_SQL:cu0
[LOGIX] [LOGIN] [SIGNON] Leitura chave profile logix.login.singleSignOn (1)
[LOGIX] [LOGIN] [GETAUTHTYPE] Assume autenticação do servidor (1)
[LOGIX] [LOGIN] [GETAUTHTYPE] Assume autenticação do servidor (1)
[THREAD 7484 - 04/04/2018 13:56:19]
  TRANSLATE: SELECT 1 FROM USUARIO_SENHA WHERE COD_USUARIO=?
[THREAD 7484 - 04/04/2018 13:56:19]
SQL START: EXECUTE
[THREAD 7484 - 04/04/2018 13:56:19]
  RUNNING TIME: 0.000
[THREAD 7484 - 04/04/2018 13:56:19]
  STATUS:    0 ROWS AFFECTED:1 SID:626225
  COMMAND: SELECT 1 FROM USUARIO_SENHA WHERE COD_USUARIO=?
[THREAD 7484 - 04/04/2018 13:56:19]
  USE: 1
    T:              CHAR(8) V: 'afonso  '
[DEBUG][2018-04-04 13:56:19] [PERMISSAO] Checando permissão de acesso do afonso   para aplicação POL1337 na empresa 01 [source: LOG0010.4GL line: 823 function: LOG_EXECUCAO_AUTORIZADA()]
[THREAD 7484 - 04/04/2018 13:56:19]
  TRANSLATE: SELECT NUM_NIVEL_GERAL FROM LOG_USU_NIV_SIST WHERE TRANSACAO=? AND USUARIO=? AND EMPRESA=? AND AREA_APLICACAO=0 AND SISTEMA=0
[THREAD 7484 - 04/04/2018 13:56:19]
SQL START: EXECUTE
[THREAD 7484 - 04/04/2018 13:56:19]
  RUNNING TIME: 0.000
[THREAD 7484 - 04/04/2018 13:56:19]
  STATUS:  100 ROWS AFFECTED:0 SID:626225
  COMMAND: SELECT NUM_NIVEL_GERAL FROM LOG_USU_NIV_SIST WHERE TRANSACAO=? AND USUARIO=? AND EMPRESA=? AND AREA_APLICACAO=0 AND SISTEMA=0
[THREAD 7484 - 04/04/2018 13:56:19]
  USE: 3
    T:             CHAR(15) V: 'POL1337        '
    T:              CHAR(8) V: 'afonso  '
    T:              CHAR(2) V: '01'
  INTO:1
    T:              INTEGER V: NULL
[THREAD 7484 - 04/04/2018 13:56:19]
  TRANSLATE: SELECT MAX(N.NUM_NIVEL_GERAL) FROM LOG_USU_NIV_SIST N,LOG_USU_GRUPOS G WHERE G.USUARIO=? AND N.TRANSACAO=? AND N.USUARIO=G.GRUPO AND N.EMPRESA=? AND N.AREA_APLICACAO=0 AND N.SISTEMA=0
[THREAD 7484 - 04/04/2018 13:56:19]
SQL START: EXECUTE
[THREAD 7484 - 04/04/2018 13:56:19]
  RUNNING TIME: 0.000
[THREAD 7484 - 04/04/2018 13:56:19]
  STATUS:    0 ROWS AFFECTED:1 SID:626225
  COMMAND: SELECT MAX(N.NUM_NIVEL_GERAL) FROM LOG_USU_NIV_SIST N,LOG_USU_GRUPOS G WHERE G.USUARIO=? AND N.TRANSACAO=? AND N.USUARIO=G.GRUPO AND N.EMPRESA=? AND N.AREA_APLICACAO=0 AND N.SISTEMA=0
[THREAD 7484 - 04/04/2018 13:56:19]
  USE: 3
    T:              CHAR(8) V: 'afonso  '
    T:             CHAR(15) V: 'POL1337        '
    T:              CHAR(2) V: '01'
  INTO:1
    T:              INTEGER V: NULL
[THREAD 7484 - 04/04/2018 13:56:19]
  TRANSLATE: SELECT 1 FROM LOG_USU_NIV_SIST WHERE LOG_USU_NIV_SIST.USUARIO=? AND LOG_USU_NIV_SIST.EMPRESA=? AND LOG_USU_NIV_SIST.TRANSACAO IN (?,?) AND LOG_USU_NIV_SIST.NUM_NIVEL_GERAL>0 UNION SELECT 1 FROM LOG_USU_NIV_SIST N,LOG_USU_GRUPOS G WHERE G.USUARIO=? AND N.USUARIO=G.GRUPO AND N.EMPRESA=? AND N.TRANSACAO IN (?,?) AND N.NUM_NIVEL_GERAL>0
[THREAD 7484 - 04/04/2018 13:56:19]
SQL START: EXECUTE
[THREAD 7484 - 04/04/2018 13:56:19]
  RUNNING TIME: 0.000
[THREAD 7484 - 04/04/2018 13:56:19]
  STATUS:    0 ROWS AFFECTED:1 SID:626225
  COMMAND: SELECT 1 FROM LOG_USU_NIV_SIST WHERE LOG_USU_NIV_SIST.USUARIO=? AND LOG_USU_NIV_SIST.EMPRESA=? AND LOG_USU_NIV_SIST.TRANSACAO IN (?,?) AND LOG_USU_NIV_SIST.NUM_NIVEL_GERAL>0 UNION SELECT 1 FROM LOG_USU_NIV_SIST N,LOG_USU_GRUPOS G WHERE G.USUARIO=? AND N.USUARIO=G.GRUPO AND N.EMPRESA=? AND N.TRANSACAO IN (?,?) AND N.NUM_NIVEL_GERAL>0
[THREAD 7484 - 04/04/2018 13:56:19]
  USE: 8
    T:              CHAR(8) V: 'afonso  '
    T:              CHAR(2) V: '01'
    T:             CHAR(15) V: 'POL1337        '
    T:              CHAR(3) V: 'NULL'
    T:              CHAR(8) V: 'afonso  '
    T:              CHAR(2) V: '01'
    T:             CHAR(15) V: 'POL1337        '
    T:              CHAR(3) V: 'NULL'
[DEBUG][2018-04-04 13:56:19] [PERMISSAO] Usuário afonso   com permissão liberada por MENU para aplicação POL1337 na empresa 01 [source: LOG0010.4GL line: 898 function: LOG_EXECUCAO_AUTORIZADA()]
[LOGIX] [LICENSE] [LICENSE] INICIO - Checando consumo de licença...
[LOGIX] [LICENSE] [LICENSE] Licença atual em uso = 0
[THREAD 7484 - 04/04/2018 13:56:19]
  TRANSLATE: SELECT FORM_VERSION,FORM_RELEASE,FORM_MODIFICATION FROM FRM_FORM WHERE FORM_NAME=?
[THREAD 7484 - 04/04/2018 13:56:19]
SQL START: EXECUTE
[THREAD 7484 - 04/04/2018 13:56:19]
  RUNNING TIME: 0.000
[THREAD 7484 - 04/04/2018 13:56:19]
  STATUS:  100 ROWS AFFECTED:0 SID:626225
  COMMAND: SELECT FORM_VERSION,FORM_RELEASE,FORM_MODIFICATION FROM FRM_FORM WHERE FORM_NAME=?
[THREAD 7484 - 04/04/2018 13:56:19]
  USE: 1
    T:             CHAR(15) V: 'liclogix       '
  INTO:3
    T:              CHAR(2) V: 'NULL'
    T:              CHAR(5) V: 'NULL'
    T:             CHAR(10) V: 'NULL'
[LOGIX] [VERSION] Aplicação: LICLOGIX Versão: 12.1.18.55   Liberação: 26/01/16 18:00 Ult. Modificação:
[THREAD 7484 - 04/04/2018 13:56:19]
  TRANSLATE: SELECT LOG_VERSAO_PRG.NUM_VERSAO,LOG_VERSAO_PRG.VERSAO_FORMULARIO FROM LOG_VERSAO_PRG WHERE LOG_VERSAO_PRG.NUM_PROGRAMA=?
[THREAD 7484 - 04/04/2018 13:56:19]
SQL START: EXECUTE
[THREAD 7484 - 04/04/2018 13:56:19]
  RUNNING TIME: 0.000
[THREAD 7484 - 04/04/2018 13:56:19]
  STATUS:  100 ROWS AFFECTED:0 SID:626225
  COMMAND: SELECT LOG_VERSAO_PRG.NUM_VERSAO,LOG_VERSAO_PRG.VERSAO_FORMULARIO FROM LOG_VERSAO_PRG WHERE LOG_VERSAO_PRG.NUM_PROGRAMA=?
[THREAD 7484 - 04/04/2018 13:56:19]
  USE: 1
    T:             CHAR(15) V: 'LICLOGIX       '
  INTO:2
    T:             CHAR(12) V: 'NULL'
    T:             CHAR(12) V: 'NULL'
[LOGIX] [LICENSE] Licença não é corporativa.
[LOGIX] [LICENSE] [GETMENUKEY] Licença menu = VDPFAT
[LOGIX] ERRO: [LICENSE] Chave de sistema do menu VDPFAT não é válida para esta aplicação [PADRAO]
[LOGIX] [LICENSE] Busca de informação (Tipo: fullDeterminado): {"method":"getInfo","information":"fullDeterminado"}
[LOGIX] [LICENSE] Busca de informação (Retorno) : {"method":"getInfo","information":"fullDeterminado","value":"false"}
[THREAD 7484 - 04/04/2018 13:56:19]
  TRANSLATE: SELECT NUM_CGC FROM EMPRESA WHERE COD_EMPRESA=?
[THREAD 7484 - 04/04/2018 13:56:19]
SQL START: EXECUTE
[THREAD 7484 - 04/04/2018 13:56:19]
  RUNNING TIME: 0.000
[THREAD 7484 - 04/04/2018 13:56:19]
  STATUS:    0 ROWS AFFECTED:1 SID:626225
  COMMAND: SELECT NUM_CGC FROM EMPRESA WHERE COD_EMPRESA=?
[THREAD 7484 - 04/04/2018 13:56:19]
  USE: 1
    T:              CHAR(2) V: '01'
  INTO:1
    T:             CHAR(20) V: '061.381.323/0002-48 '
[LOGIX] [LICENSE] Consumo de licença: {"method": "getLicense","version": "1.0","federalId": "61381323000248","userId": "afonso","moduleId": "5047","routine": "pol1337","ownerThread":6428,"ownerClientIP":"10.0.0.2","ownerClientPort":4322,"ownerServerIP":"10.0.0.2","fullDeterminado":false}
[LOGIX] [LICENSE] Consumo de licença (Retorno) : {"method":"getLicense","slotId":"5047","sucessful":true,"uniqueId":"OTY2MA==", "pendent":[{"code": "LS001","description": "Enviar os dados do usuário","info": "afonso"},{"code": "LS003","description": "Enviar os dados de suporte técnico"}]}
[THREAD 7484 - 04/04/2018 13:56:19]
  TRANSLATE: SELECT NUM_CGC FROM EMPRESA WHERE COD_EMPRESA=?
[THREAD 7484 - 04/04/2018 13:56:19]
SQL START: EXECUTE
[THREAD 7484 - 04/04/2018 13:56:19]
  RUNNING TIME: 0.000
[THREAD 7484 - 04/04/2018 13:56:19]
  STATUS:    0 ROWS AFFECTED:1 SID:626225
  COMMAND: SELECT NUM_CGC FROM EMPRESA WHERE COD_EMPRESA=?
[THREAD 7484 - 04/04/2018 13:56:19]
  USE: 1
    T:              CHAR(2) V: '01'
  INTO:1
    T:             CHAR(20) V: '061.381.323/0002-48 '
[LOGIX] [LICENSE][THREADID 7484] Obtendo licença Cloud (5047) STATUS = 0 (ThreadID 6428 User afonso Programa: pol1337 IP 10.0.0.2 Port 4322 FederalID 61381323000248 Full Determinado false)
[LOGIX] [LICENSE] [LICENSESETACTUALSLOT] Slot atual em uso 5047
[THREAD 7484 - 04/04/2018 13:56:19]
  TRANSLATE: SELECT SYSTABLES.TABNAME FROM SYSTABLES WHERE SYSTABLES.TABNAME=?
[THREAD 7484 - 04/04/2018 13:56:19]
SQL START: EXECUTE
[THREAD 7484 - 04/04/2018 13:56:19]
  RUNNING TIME: 0.000
[THREAD 7484 - 04/04/2018 13:56:19]
  STATUS:    0 ROWS AFFECTED:1 SID:626225
  COMMAND: SELECT SYSTABLES.TABNAME FROM SYSTABLES WHERE SYSTABLES.TABNAME=?
[THREAD 7484 - 04/04/2018 13:56:19]
  USE: 1
    T:             CHAR(50) V: 'log_uso_recusa_licenca                            '
[THREAD 7484 - 04/04/2018 13:56:19]
  TRANSLATE: INSERT INTO LOG_USO_MODULO (MODULO, EMPRESA, DAT_USO, QTD_USO) VALUES(?, ?, ?, 1)
[THREAD 7484 - 04/04/2018 13:56:19]
  RUNNING TIME: 0.000
[THREAD 7484 - 04/04/2018 13:56:19]
  STATUS: -268   TRANSACTION: FALSE SID:626225
  ISAM: -100
  MSG: Unique constraint (logix.pk_log_uso_modulo) violated.
[THREAD 7484 - 04/04/2018 13:56:19]
  COMMAND: INSERT INTO LOG_USO_MODULO (MODULO, EMPRESA, DAT_USO, QTD_USO) VALUES(?, ?, ?, 1)
[THREAD 7484 - 04/04/2018 13:56:19]
  USE: 3
    T:              CHAR(8) V: 'PADRAO  '
    T:              CHAR(2) V: '01'
    T:                 DATE V: 04/04/2018                                                                                                                                                                                                                                                     
[THREAD 7484 - 04/04/2018 13:56:19]
  TRANSLATE: UPDATE LOG_USO_MODULO SET LOG_USO_MODULO.QTD_USO=LOG_USO_MODULO.QTD_USO+1 WHERE LOG_USO_MODULO.DAT_USO=? AND LOG_USO_MODULO.MODULO=? AND LOG_USO_MODULO.EMPRESA=?
[THREAD 7484 - 04/04/2018 13:56:19]
  RUNNING TIME: 0.000
[THREAD 7484 - 04/04/2018 13:56:19]
  STATUS:    0 ROWS AFFECTED:1 SID:626225
  COMMAND: UPDATE LOG_USO_MODULO SET LOG_USO_MODULO.QTD_USO=LOG_USO_MODULO.QTD_USO+1 WHERE LOG_USO_MODULO.DAT_USO=? AND LOG_USO_MODULO.MODULO=? AND LOG_USO_MODULO.EMPRESA=?
[THREAD 7484 - 04/04/2018 13:56:19]
  USE: 3
    T:                 DATE V: 04/04/2018                                                                                                                                                                                                                                                     
    T:              CHAR(8) V: 'PADRAO  '
    T:              CHAR(2) V: '01'
[THREAD 7484 - 04/04/2018 13:56:19]
  TRANSLATE: SELECT PROGRAMA FROM LOG_REG_ACS_PROG WHERE PROGRAMA=?
[THREAD 7484 - 04/04/2018 13:56:19]
SQL START: EXECUTE
[THREAD 7484 - 04/04/2018 13:56:19]
  RUNNING TIME: 0.000
[THREAD 7484 - 04/04/2018 13:56:19]
  STATUS:    0 ROWS AFFECTED:1 SID:626225
  COMMAND: SELECT PROGRAMA FROM LOG_REG_ACS_PROG WHERE PROGRAMA=?
[THREAD 7484 - 04/04/2018 13:56:19]
  USE: 1
    T:              CHAR(8) V: 'pol1337 '
[THREAD 7484 - 04/04/2018 13:56:19]
  TRANSLATE: UPDATE LOG_REG_ACS_PROG SET DAT_ACESSO=? WHERE PROGRAMA=?
[THREAD 7484 - 04/04/2018 13:56:19]
  RUNNING TIME: 0.015
[THREAD 7484 - 04/04/2018 13:56:19]
  STATUS:    0 ROWS AFFECTED:1 SID:626225
  COMMAND: UPDATE LOG_REG_ACS_PROG SET DAT_ACESSO=? WHERE PROGRAMA=?
[THREAD 7484 - 04/04/2018 13:56:19]
  USE: 2
    T:             DATETIME V: 2018-04                                                                                                                                                                                                                                                        
    T:              CHAR(8) V: 'pol1337 '
[THREAD 7484 - 04/04/2018 13:56:19]
  TRANSLATE: SELECT IND_REG_ACESSO,IND_PROGRAMAS FROM LOG_PAR_LOGIN_USU WHERE USUARIO=?
[THREAD 7484 - 04/04/2018 13:56:19]
SQL START: EXECUTE
[THREAD 7484 - 04/04/2018 13:56:19]
  RUNNING TIME: 0.000
[THREAD 7484 - 04/04/2018 13:56:19]
  STATUS:    0 ROWS AFFECTED:1 SID:626225
  COMMAND: SELECT IND_REG_ACESSO,IND_PROGRAMAS FROM LOG_PAR_LOGIN_USU WHERE USUARIO=?
[THREAD 7484 - 04/04/2018 13:56:19]
  USE: 1
    T:              CHAR(8) V: 'afonso  '
  INTO:2
    T:              CHAR(1) V: 'U'
    T:              CHAR(1) V: 'N'
[THREAD 7484 - 04/04/2018 13:56:19]
  TRANSLATE: DELETE FROM LOG_ACS_USU_PROG WHERE USUARIO=? AND EMPRESA=? AND NUM_PROGRAMA=?
[THREAD 7484 - 04/04/2018 13:56:19]
  RUNNING TIME: 0.000
[THREAD 7484 - 04/04/2018 13:56:19]
  STATUS:    0 ROWS AFFECTED:1 SID:626225
  COMMAND: DELETE FROM LOG_ACS_USU_PROG WHERE USUARIO=? AND EMPRESA=? AND NUM_PROGRAMA=?
[THREAD 7484 - 04/04/2018 13:56:19]
  USE: 3
    T:              CHAR(8) V: 'afonso  '
    T:              CHAR(2) V: '01'
    T:             CHAR(15) V: 'pol1337        '
[THREAD 7484 - 04/04/2018 13:56:19]
  TRANSLATE: INSERT INTO LOG_ACS_USU_PROG (USUARIO, EMPRESA, NUM_PROGRAMA, DAT_HOR_ACESSO) VALUES(?, ?, ?, ?)
[THREAD 7484 - 04/04/2018 13:56:19]
  RUNNING TIME: 0.000
[THREAD 7484 - 04/04/2018 13:56:19]
  STATUS:    0 ROWS AFFECTED:1 SID:626225
  COMMAND: INSERT INTO LOG_ACS_USU_PROG (USUARIO, EMPRESA, NUM_PROGRAMA, DAT_HOR_ACESSO) VALUES(?, ?, ?, ?)
[THREAD 7484 - 04/04/2018 13:56:19]
  USE: 4
    T:              CHAR(8) V: 'afonso  '
    T:              CHAR(2) V: '01'
    T:             CHAR(15) V: 'pol1337        '
    T:             DATETIME V: 2018-04-04 13:56:19                                                                                                                                                                                                                                            
[THREAD 7484 - 04/04/2018 13:56:19]
  TRANSLATE: SELECT SYSTABLES.TABNAME FROM SYSTABLES WHERE SYSTABLES.TABNAME=?
[THREAD 7484 - 04/04/2018 13:56:19]
SQL START: EXECUTE
[THREAD 7484 - 04/04/2018 13:56:19]
  RUNNING TIME: 0.000
[THREAD 7484 - 04/04/2018 13:56:19]
  STATUS:    0 ROWS AFFECTED:1 SID:626225
  COMMAND: SELECT SYSTABLES.TABNAME FROM SYSTABLES WHERE SYSTABLES.TABNAME=?
[THREAD 7484 - 04/04/2018 13:56:19]
  USE: 1
    T:             CHAR(50) V: 'log_uso_recusa_licenca                            '
[THREAD 7484 - 04/04/2018 13:56:19]
  TRANSLATE: INSERT INTO LOG_USO_ROTINA (ROTINA, EMPRESA, DAT_USO, QTD_USO) VALUES(?, ?, ?, 1)
[THREAD 7484 - 04/04/2018 13:56:19]
  RUNNING TIME: 0.000
[THREAD 7484 - 04/04/2018 13:56:19]
  STATUS: -268   TRANSACTION: FALSE SID:626225
  ISAM: -100
  MSG: Unique constraint (logix.pk_log_uso_rotina) violated.
[THREAD 7484 - 04/04/2018 13:56:19]
  COMMAND: INSERT INTO LOG_USO_ROTINA (ROTINA, EMPRESA, DAT_USO, QTD_USO) VALUES(?, ?, ?, 1)
[THREAD 7484 - 04/04/2018 13:56:19]
  USE: 3
    T:             CHAR(20) V: 'POL1337             '
    T:              CHAR(2) V: '01'
    T:                 DATE V: 04/04/2018                                                                                                                                                                                                                                                     
[THREAD 7484 - 04/04/2018 13:56:19]
  TRANSLATE: UPDATE LOG_USO_ROTINA SET LOG_USO_ROTINA.QTD_USO=LOG_USO_ROTINA.QTD_USO+1 WHERE LOG_USO_ROTINA.DAT_USO=? AND LOG_USO_ROTINA.ROTINA=? AND LOG_USO_ROTINA.EMPRESA=?
[THREAD 7484 - 04/04/2018 13:56:19]
  RUNNING TIME: 0.000
[THREAD 7484 - 04/04/2018 13:56:19]
  STATUS:    0 ROWS AFFECTED:1 SID:626225
  COMMAND: UPDATE LOG_USO_ROTINA SET LOG_USO_ROTINA.QTD_USO=LOG_USO_ROTINA.QTD_USO+1 WHERE LOG_USO_ROTINA.DAT_USO=? AND LOG_USO_ROTINA.ROTINA=? AND LOG_USO_ROTINA.EMPRESA=?
[THREAD 7484 - 04/04/2018 13:56:19]
  USE: 3
    T:                 DATE V: 04/04/2018                                                                                                                                                                                                                                                     
    T:             CHAR(20) V: 'POL1337             '
    T:              CHAR(2) V: '01'
[DEBUG][2018-04-04 13:56:19] APPSTART - FIM [source: LOG0010.4GL line: 350 function: LOG001_ACESSA_USUARIO()]
[THREAD 7484 - 04/04/2018 13:56:19]
  TRANSLATE: SELECT NUM_VERSAO,DAT_ALTERACAO FROM LOG_VERSAO_PRG WHERE NUM_PROGRAMA=?
[THREAD 7484 - 04/04/2018 13:56:19]
SQL START: EXECUTE
[THREAD 7484 - 04/04/2018 13:56:19]
  RUNNING TIME: 0.000
[THREAD 7484 - 04/04/2018 13:56:19]
  STATUS:    0 ROWS AFFECTED:1 SID:626225
  COMMAND: SELECT NUM_VERSAO,DAT_ALTERACAO FROM LOG_VERSAO_PRG WHERE NUM_PROGRAMA=?
[THREAD 7484 - 04/04/2018 13:56:19]
  USE: 1
    T:              CHAR(8) V: 'POL1337 '
  INTO:2
    T:             CHAR(18) V: '12.00.00          '
    T:                 DATE V: 04/04/2018                                                                                                                                                                                                                                                     
[THREAD 7484 - 04/04/2018 13:56:19]
  TRANSLATE: UPDATE LOG_VERSAO_PRG SET NUM_VERSAO=?, DAT_ALTERACAO=? WHERE NUM_PROGRAMA=?
[THREAD 7484 - 04/04/2018 13:56:19]
  RUNNING TIME: 0.000
[THREAD 7484 - 04/04/2018 13:56:19]
  STATUS:    0 ROWS AFFECTED:1 SID:626225
  COMMAND: UPDATE LOG_VERSAO_PRG SET NUM_VERSAO=?, DAT_ALTERACAO=? WHERE NUM_PROGRAMA=?
[THREAD 7484 - 04/04/2018 13:56:19]
  USE: 3
    T:              CHAR(9) V: '12.00.00 '
    T:                 DATE V: 04/04/2018                                                                                                                                                                                                                                                     
    T:              CHAR(8) V: 'POL1337 '
[THREAD 7484 - 04/04/2018 13:56:22]
  TRANSLATE: SELECT T.TABNAME FROM SYSTABLES T,SYSCOLUMNS C WHERE T.TABID=C.TABID AND C.COLNAME=? AND T.TABNAME=?
[THREAD 7484 - 04/04/2018 13:56:22]
SQL START: EXECUTE
[THREAD 7484 - 04/04/2018 13:56:22]
  RUNNING TIME: 0.000
[THREAD 7484 - 04/04/2018 13:56:22]
  STATUS:  100 ROWS AFFECTED:0 SID:626225
  COMMAND: SELECT T.TABNAME FROM SYSTABLES T,SYSCOLUMNS C WHERE T.TABID=C.TABID AND C.COLNAME=? AND T.TABNAME=?
[THREAD 7484 - 04/04/2018 13:56:22]
  USE: 2
    T:             CHAR(50) V: 'branch                                            '
    T:             CHAR(50) V: 'frm_form                                          '
[THREAD 7484 - 04/04/2018 13:56:22]
  TRANSLATE: SELECT branch FROM frm_form WHERE 1 = 0
[THREAD 7484 - 04/04/2018 13:56:22]
SQL START: PREPARE
[THREAD 7484 - 04/04/2018 13:56:22]
  RUNNING TIME: 0.000
[THREAD 7484 - 04/04/2018 13:56:22]
  STATUS: -217   TRANSACTION: FALSE SID:626225
  MSG: Column (branch) not found in any table in the query (or SLV is undefined).
[THREAD 7484 - 04/04/2018 13:56:22]
  NAME_FGL:VAR_LOG0150_COLUNA
  NAME_SQL:cu0
  COMMAND: SELECT branch FROM frm_form WHERE 1 = 0
[THREAD 7484 - 04/04/2018 13:56:22]
SQL START: EXECUTE 
[THREAD 7484 - 04/04/2018 13:56:22]
  RUNNING TIME: 0.000
[THREAD 7484 - 04/04/2018 13:56:22]
  STATUS: -410   TRANSACTION: FALSE SID:626225
  MSG: Prepare statement failed or was not executed.
[THREAD 7484 - 04/04/2018 13:56:22]
  NAME_FGL:VAR_LOG0150_COLUNA
  NAME_SQL:cu0
  COMMAND: SELECT branch FROM frm_form WHERE 1 = 0
[THREAD 7484 - 04/04/2018 13:56:22]
SQL START: FREE
[THREAD 7484 - 04/04/2018 13:56:22]
  RUNNING TIME: 0.000
[THREAD 7484 - 04/04/2018 13:56:22]
  STATUS: -410   TRANSACTION: FALSE SID:626225
  MSG: Prepare statement failed or was not executed.
[THREAD 7484 - 04/04/2018 13:56:22]
  NAME_FGL:LOG0150.VAR_LOG0150_COLUNA
  NAME_SQL:cu0
[THREAD 7484 - 04/04/2018 13:56:22]
  TRANSLATE: SELECT "",Z.ZOOM_NAME,Z.ZOOM_TITLE,Z.ZOOM_LOADER,Z.ZOOM_FILTER,Z.MAX_ROWS,Z.FORM_NAME,Z.ZOOM_TYPE,Z.CAN_FILTER,Z.ZOOM_VERSION,Z.ZOOM_RELEASE,Z.ZOOM_MODIFICATION,Z.ALWAYS_SHOW_FILTER,Z.ZOOM_BEFORE_LOAD,Z.ZOOM_AFTER_LOAD,Z.ZOOM_CONFIRM,Z.ZOOM_CANCEL FROM FRM_ZOOM Z WHERE Z.ZOOM_NAME=?
[THREAD 7484 - 04/04/2018 13:56:22]
SQL START: EXECUTE
[THREAD 7484 - 04/04/2018 13:56:22]
  RUNNING TIME: 0.000
[THREAD 7484 - 04/04/2018 13:56:22]
  STATUS:  100 ROWS AFFECTED:0 SID:626225
  COMMAND: SELECT "",Z.ZOOM_NAME,Z.ZOOM_TITLE,Z.ZOOM_LOADER,Z.ZOOM_FILTER,Z.MAX_ROWS,Z.FORM_NAME,Z.ZOOM_TYPE,Z.CAN_FILTER,Z.ZOOM_VERSION,Z.ZOOM_RELEASE,Z.ZOOM_MODIFICATION,Z.ALWAYS_SHOW_FILTER,Z.ZOOM_BEFORE_LOAD,Z.ZOOM_AFTER_LOAD,Z.ZOOM_CONFIRM,Z.ZOOM_CANCEL FROM FRM_ZOOM Z WHERE Z.ZOOM_NAME=?
[THREAD 7484 - 04/04/2018 13:56:22]
  USE: 1
    T:             CHAR(50) V: 'zoom_cliente                                      '
  INTO:17
    T:            CHAR(500) V: 'NULL'
    T:             CHAR(50) V: 'NULL'
    T:          VARCHAR(50) V: 'NULL'
    T:         VARCHAR(255) V: 'NULL'
    T:           CHAR(4000) V: 'NULL'
    T:              INTEGER V: NULL
    T:             CHAR(50) V: 'NULL'
    T:              INTEGER V: NULL
    T:              CHAR(1) V: 'NULL'
    T:              INTEGER V: NULL
    T:              INTEGER V: NULL
    T:              INTEGER V: NULL
    T:              CHAR(1) V: 'NULL'
    T:         VARCHAR(255) V: 'NULL'
    T:         VARCHAR(255) V: 'NULL'
    T:         VARCHAR(255) V: 'NULL'
    T:         VARCHAR(255) V: 'NULL'
[THREAD 7484 - 04/04/2018 13:56:22]
SQL START: DECLARE
[THREAD 7484 - 04/04/2018 13:56:22]
  RUNNING TIME: 0.000
[THREAD 7484 - 04/04/2018 13:56:22]
  STATUS:    0 ROWS AFFECTED:0 SID:626225
  NAME_FGL:PROFILE.CQ_PROFILE_READ
  NAME_SQL:cu0
  COMMAND: SELECT FRM_PROFILE_USUARIO_EMPRESA.VALOR, FRM_PROFILE_USUARIO_EMPRESA.SEQUENCIA, 1 FROM FRM_PROFILE_USUARIO_EMPRESA WHERE FRM_PROFILE_USUARIO_EMPRESA.USUARIO=? AND FRM_PROFILE_USUARIO_EMPRESA.EMPRESA=? AND FRM_PROFILE_USUARIO_EMPRESA.CHAVE=? UNION SELECT FRM_PROFILE_USUARIO.VALOR, FRM_PROFILE_USUARIO.SEQUENCIA, 2 FROM FRM_PROFILE_USUARIO WHERE FRM_PROFILE_USUARIO.USUARIO=? AND FRM_PROFILE_USUARIO.CHAVE=? UNION SELECT FRM_PROFILE_EMPRESA.VALOR, FRM_PROFILE_EMPRESA.SEQUENCIA, 3 FROM FRM_PROFILE_EMPRESA WHERE FRM_PROFILE_EMPRESA.EMPRESA=? AND FRM_PROFILE_EMPRESA.CHAVE=? UNION SELECT FRM_PROFILE_GERAL.VALOR, FRM_PROFILE_GERAL.SEQUENCIA, 4 FROM FRM_PROFILE_GERAL WHERE FRM_PROFILE_GERAL.CHAVE=? ORDER BY 3, 2
[THREAD 7484 - 04/04/2018 13:56:22]
SQL START: OPEN 
[THREAD 7484 - 04/04/2018 13:56:22]
  RUNNING TIME: 0.000
[THREAD 7484 - 04/04/2018 13:56:22]
  STATUS:    0 ROWS AFFECTED:1 SID:626225
  NAME_FGL:PROFILE.CQ_PROFILE_READ
  NAME_SQL:cu0
  COMMAND: SELECT FRM_PROFILE_USUARIO_EMPRESA.VALOR, FRM_PROFILE_USUARIO_EMPRESA.SEQUENCIA, 1 FROM FRM_PROFILE_USUARIO_EMPRESA WHERE FRM_PROFILE_USUARIO_EMPRESA.USUARIO=? AND FRM_PROFILE_USUARIO_EMPRESA.EMPRESA=? AND FRM_PROFILE_USUARIO_EMPRESA.CHAVE=? UNION SELECT FRM_PROFILE_USUARIO.VALOR, FRM_PROFILE_USUARIO.SEQUENCIA, 2 FROM FRM_PROFILE_USUARIO WHERE FRM_PROFILE_USUARIO.USUARIO=? AND FRM_PROFILE_USUARIO.CHAVE=? UNION SELECT FRM_PROFILE_EMPRESA.VALOR, FRM_PROFILE_EMPRESA.SEQUENCIA, 3 FROM FRM_PROFILE_EMPRESA WHERE FRM_PROFILE_EMPRESA.EMPRESA=? AND FRM_PROFILE_EMPRESA.CHAVE=? UNION SELECT FRM_PROFILE_GERAL.VALOR, FRM_PROFILE_GERAL.SEQUENCIA, 4 FROM FRM_PROFILE_GERAL WHERE FRM_PROFILE_GERAL.CHAVE=? ORDER BY 3, 2
[THREAD 7484 - 04/04/2018 13:56:22]
  USE: 8
    T:              CHAR(8) V: 'afonso  '
    T:              CHAR(2) V: '01'
    T:            CHAR(255) V: 'filter_pol1337_filter_flt_cfg                                                                                                                                                                                                                                  '
    T:              CHAR(8) V: 'afonso  '
    T:            CHAR(255) V: 'filter_pol1337_filter_flt_cfg                                                                                                                                                                                                                                  '
    T:              CHAR(2) V: '01'
    T:            CHAR(255) V: 'filter_pol1337_filter_flt_cfg                                                                                                                                                                                                                                  '
    T:            CHAR(255) V: 'filter_pol1337_filter_flt_cfg                                                                                                                                                                                                                                  '
[THREAD 7484 - 04/04/2018 13:56:22]
SQL START: FETCH
[THREAD 7484 - 04/04/2018 13:56:22]
  RUNNING TIME: 0.000
[THREAD 7484 - 04/04/2018 13:56:22]
  STATUS:  100 ROWS AFFECTED:0 SID:626225
  NAME_FGL:PROFILE.CQ_PROFILE_READ
  NAME_SQL:cu0
  COMMAND: SELECT FRM_PROFILE_USUARIO_EMPRESA.VALOR, FRM_PROFILE_USUARIO_EMPRESA.SEQUENCIA, 1 FROM FRM_PROFILE_USUARIO_EMPRESA WHERE FRM_PROFILE_USUARIO_EMPRESA.USUARIO=? AND FRM_PROFILE_USUARIO_EMPRESA.EMPRESA=? AND FRM_PROFILE_USUARIO_EMPRESA.CHAVE=? UNION SELECT FRM_PROFILE_USUARIO.VALOR, FRM_PROFILE_USUARIO.SEQUENCIA, 2 FROM FRM_PROFILE_USUARIO WHERE FRM_PROFILE_USUARIO.USUARIO=? AND FRM_PROFILE_USUARIO.CHAVE=? UNION SELECT FRM_PROFILE_EMPRESA.VALOR, FRM_PROFILE_EMPRESA.SEQUENCIA, 3 FROM FRM_PROFILE_EMPRESA WHERE FRM_PROFILE_EMPRESA.EMPRESA=? AND FRM_PROFILE_EMPRESA.CHAVE=? UNION SELECT FRM_PROFILE_GERAL.VALOR, FRM_PROFILE_GERAL.SEQUENCIA, 4 FROM FRM_PROFILE_GERAL WHERE FRM_PROFILE_GERAL.CHAVE=? ORDER BY 3, 2
[THREAD 7484 - 04/04/2018 13:56:22]
  INTO:3
    T:         VARCHAR(255) V: 'NULL'
    T:              INTEGER V: 0
    T:              INTEGER V: NULL
[THREAD 7484 - 04/04/2018 13:56:22]
SQL START: CLOSE 
[THREAD 7484 - 04/04/2018 13:56:22]
  RUNNING TIME: 0.000
[THREAD 7484 - 04/04/2018 13:56:22]
  STATUS:    0 ROWS AFFECTED:0 SID:626225
  NAME_FGL:PROFILE.CQ_PROFILE_READ
  NAME_SQL:cu0
[THREAD 7484 - 04/04/2018 13:56:22]
SQL START: FREE
[THREAD 7484 - 04/04/2018 13:56:22]
  RUNNING TIME: 0.000
[THREAD 7484 - 04/04/2018 13:56:22]
  STATUS:    0 ROWS AFFECTED:0 SID:626225
  NAME_FGL:PROFILE.CQ_PROFILE_READ
  NAME_SQL:cu0
[DEBUG][FREEFORM][2018-04-04 13:56:22] [LBROWSEEX] SET_ROWS - 1 linhas
[DEBUG][FREEFORM][2018-04-04 13:56:22] [LBROWSEEX] BeforeChangeRow - Linha: 1
[DEBUG][FREEFORM][2018-04-04 13:56:22] [LBROWSEEX] BeforeChangeRow --> Executado
[DEBUG][FREEFORM][2018-04-04 13:56:22] [LBROWSEEX] SET_ROWS - 1 linhas
[DEBUG][FREEFORM][2018-04-04 13:56:22] [LBROWSEEX] BeforeChangeRow - Linha: 1
[DEBUG][FREEFORM][2018-04-04 13:56:22] [LBROWSEEX] BeforeChangeRow --> Executado
[DEBUG][FREEFORM][2018-04-04 13:56:22] [LBROWSEEX] SET_ROWS - 1 linhas
[DEBUG][FREEFORM][2018-04-04 13:56:22] [LBROWSEEX] BeforeChangeRow - Linha: 1
[DEBUG][FREEFORM][2018-04-04 13:56:22] [LBROWSEEX] BeforeChangeRow --> Executado
[THREAD 7484 - 04/04/2018 13:56:22]
SQL START: DECLARE
[THREAD 7484 - 04/04/2018 13:56:22]
  RUNNING TIME: 0.000
[THREAD 7484 - 04/04/2018 13:56:22]
  STATUS:    0 ROWS AFFECTED:0 SID:626225
  NAME_FGL:PROFILE.CQ_PROFILE_READ
  NAME_SQL:cu0
  COMMAND: SELECT FRM_PROFILE_USUARIO_EMPRESA.VALOR, FRM_PROFILE_USUARIO_EMPRESA.SEQUENCIA, 1 FROM FRM_PROFILE_USUARIO_EMPRESA WHERE FRM_PROFILE_USUARIO_EMPRESA.USUARIO=? AND FRM_PROFILE_USUARIO_EMPRESA.EMPRESA=? AND FRM_PROFILE_USUARIO_EMPRESA.CHAVE=? UNION SELECT FRM_PROFILE_USUARIO.VALOR, FRM_PROFILE_USUARIO.SEQUENCIA, 2 FROM FRM_PROFILE_USUARIO WHERE FRM_PROFILE_USUARIO.USUARIO=? AND FRM_PROFILE_USUARIO.CHAVE=? UNION SELECT FRM_PROFILE_EMPRESA.VALOR, FRM_PROFILE_EMPRESA.SEQUENCIA, 3 FROM FRM_PROFILE_EMPRESA WHERE FRM_PROFILE_EMPRESA.EMPRESA=? AND FRM_PROFILE_EMPRESA.CHAVE=? UNION SELECT FRM_PROFILE_GERAL.VALOR, FRM_PROFILE_GERAL.SEQUENCIA, 4 FROM FRM_PROFILE_GERAL WHERE FRM_PROFILE_GERAL.CHAVE=? ORDER BY 3, 2
[THREAD 7484 - 04/04/2018 13:56:22]
SQL START: OPEN 
[THREAD 7484 - 04/04/2018 13:56:22]
  RUNNING TIME: 0.000
[THREAD 7484 - 04/04/2018 13:56:22]
  STATUS:    0 ROWS AFFECTED:1 SID:626225
  NAME_FGL:PROFILE.CQ_PROFILE_READ
  NAME_SQL:cu0
  COMMAND: SELECT FRM_PROFILE_USUARIO_EMPRESA.VALOR, FRM_PROFILE_USUARIO_EMPRESA.SEQUENCIA, 1 FROM FRM_PROFILE_USUARIO_EMPRESA WHERE FRM_PROFILE_USUARIO_EMPRESA.USUARIO=? AND FRM_PROFILE_USUARIO_EMPRESA.EMPRESA=? AND FRM_PROFILE_USUARIO_EMPRESA.CHAVE=? UNION SELECT FRM_PROFILE_USUARIO.VALOR, FRM_PROFILE_USUARIO.SEQUENCIA, 2 FROM FRM_PROFILE_USUARIO WHERE FRM_PROFILE_USUARIO.USUARIO=? AND FRM_PROFILE_USUARIO.CHAVE=? UNION SELECT FRM_PROFILE_EMPRESA.VALOR, FRM_PROFILE_EMPRESA.SEQUENCIA, 3 FROM FRM_PROFILE_EMPRESA WHERE FRM_PROFILE_EMPRESA.EMPRESA=? AND FRM_PROFILE_EMPRESA.CHAVE=? UNION SELECT FRM_PROFILE_GERAL.VALOR, FRM_PROFILE_GERAL.SEQUENCIA, 4 FROM FRM_PROFILE_GERAL WHERE FRM_PROFILE_GERAL.CHAVE=? ORDER BY 3, 2
[THREAD 7484 - 04/04/2018 13:56:22]
  USE: 8
    T:              CHAR(8) V: 'afonso  '
    T:              CHAR(2) V: '01'
    T:            CHAR(255) V: 'filter_pol1337_filter_flt_in                                                                                                                                                                                                                                   '
    T:              CHAR(8) V: 'afonso  '
    T:            CHAR(255) V: 'filter_pol1337_filter_flt_in                                                                                                                                                                                                                                   '
    T:              CHAR(2) V: '01'
    T:            CHAR(255) V: 'filter_pol1337_filter_flt_in                                                                                                                                                                                                                                   '
    T:            CHAR(255) V: 'filter_pol1337_filter_flt_in                                                                                                                                                                                                                                   '
[THREAD 7484 - 04/04/2018 13:56:22]
SQL START: FETCH
[THREAD 7484 - 04/04/2018 13:56:22]
  RUNNING TIME: 0.015
[THREAD 7484 - 04/04/2018 13:56:22]
  STATUS:  100 ROWS AFFECTED:0 SID:626225
  NAME_FGL:PROFILE.CQ_PROFILE_READ
  NAME_SQL:cu0
  COMMAND: SELECT FRM_PROFILE_USUARIO_EMPRESA.VALOR, FRM_PROFILE_USUARIO_EMPRESA.SEQUENCIA, 1 FROM FRM_PROFILE_USUARIO_EMPRESA WHERE FRM_PROFILE_USUARIO_EMPRESA.USUARIO=? AND FRM_PROFILE_USUARIO_EMPRESA.EMPRESA=? AND FRM_PROFILE_USUARIO_EMPRESA.CHAVE=? UNION SELECT FRM_PROFILE_USUARIO.VALOR, FRM_PROFILE_USUARIO.SEQUENCIA, 2 FROM FRM_PROFILE_USUARIO WHERE FRM_PROFILE_USUARIO.USUARIO=? AND FRM_PROFILE_USUARIO.CHAVE=? UNION SELECT FRM_PROFILE_EMPRESA.VALOR, FRM_PROFILE_EMPRESA.SEQUENCIA, 3 FROM FRM_PROFILE_EMPRESA WHERE FRM_PROFILE_EMPRESA.EMPRESA=? AND FRM_PROFILE_EMPRESA.CHAVE=? UNION SELECT FRM_PROFILE_GERAL.VALOR, FRM_PROFILE_GERAL.SEQUENCIA, 4 FROM FRM_PROFILE_GERAL WHERE FRM_PROFILE_GERAL.CHAVE=? ORDER BY 3, 2
[THREAD 7484 - 04/04/2018 13:56:22]
  INTO:3
    T:         VARCHAR(255) V: 'NULL'
    T:              INTEGER V: 0
    T:              INTEGER V: NULL
[THREAD 7484 - 04/04/2018 13:56:22]
SQL START: CLOSE 
[THREAD 7484 - 04/04/2018 13:56:22]
  RUNNING TIME: 0.000
[THREAD 7484 - 04/04/2018 13:56:22]
  STATUS:    0 ROWS AFFECTED:0 SID:626225
  NAME_FGL:PROFILE.CQ_PROFILE_READ
  NAME_SQL:cu0
[THREAD 7484 - 04/04/2018 13:56:22]
SQL START: FREE
[THREAD 7484 - 04/04/2018 13:56:22]
  RUNNING TIME: 0.000
[THREAD 7484 - 04/04/2018 13:56:22]
  STATUS:    0 ROWS AFFECTED:0 SID:626225
  NAME_FGL:PROFILE.CQ_PROFILE_READ
  NAME_SQL:cu0
[DEBUG][FREEFORM][2018-04-04 13:56:23] [LBROWSEEX] BeforeChangeRow - Linha: 1
[DEBUG][FREEFORM][2018-04-04 13:56:23] [LBROWSEEX] BeforeChangeRow --> Ignorado (nao houve mudanca de linha)
[DEBUG][FREEFORM][2018-04-04 13:56:23] [LBROWSEEX] BeforeChangeRow - Linha: 1
[DEBUG][FREEFORM][2018-04-04 13:56:23] [LBROWSEEX] BeforeChangeRow --> Ignorado (nao houve mudanca de linha)
[DEBUG][FREEFORM][2018-04-04 13:56:23] [LBROWSEEX] BeforeChangeRow - Linha: 1
[DEBUG][FREEFORM][2018-04-04 13:56:23] [LBROWSEEX] BeforeChangeRow --> Ignorado (nao houve mudanca de linha)
[DEBUG][FREEFORM][2018-04-04 13:56:24] [LBROWSEEX] BrowseLostFocus
[DEBUG][FREEFORM][2018-04-04 13:56:24] [LCOMPONENT] ExecuteValidEvent (Inicio)
[DEBUG][FREEFORM][2018-04-04 13:56:24] [LCOMPONENT] Acionando evento LOSTFOCUS após VALID com sucesso
[DEBUG][FREEFORM][2018-04-04 13:56:24] [LCOMPONENT] ExecuteLostFocusEvent (Inicio)
[DEBUG][FREEFORM][2018-04-04 13:56:24] [LCOMPONENT] ExecuteLostFocusEvent (Fim)
[DEBUG][FREEFORM][2018-04-04 13:56:24] [LCOMPONENT] Desativando Teclas de atalho do componente
[DEBUG][FREEFORM][2018-04-04 13:56:24] [LCOMPONENT] ExecuteValidEvent (Fim)
[DEBUG][FREEFORM][2018-04-04 13:56:24] [LCOMPONENT] ExecuteValidEvent (Inicio)
[DEBUG][FREEFORM][2018-04-04 13:56:24] [LCOMPONENT] Acionando evento LOSTFOCUS após VALID com sucesso
[DEBUG][FREEFORM][2018-04-04 13:56:24] [LCOMPONENT] ExecuteLostFocusEvent (Inicio)
[DEBUG][FREEFORM][2018-04-04 13:56:24] [LCOMPONENT] ExecuteLostFocusEvent (Fim)
[DEBUG][FREEFORM][2018-04-04 13:56:24] [LCOMPONENT] Desativando Teclas de atalho do componente
[DEBUG][FREEFORM][2018-04-04 13:56:24] [LCOMPONENT] ExecuteValidEvent (Fim)
[THREAD 7484 - 04/04/2018 13:56:24]
  TRANSLATE: SELECT cod_cliente  FROM cliente_agrupa_970 WHERE 1=1 ORDER BY  cod_cliente
[THREAD 7484 - 04/04/2018 13:56:24]
SQL START: PREPARE
[THREAD 7484 - 04/04/2018 13:56:24]
  RUNNING TIME: 0.000
[THREAD 7484 - 04/04/2018 13:56:24]
  STATUS:    0 ROWS AFFECTED:0 SID:626225
  NAME_FGL:VAR_CONS
  NAME_SQL:cu0
  COMMAND: SELECT cod_cliente  FROM cliente_agrupa_970 WHERE 1=1 ORDER BY  cod_cliente
[THREAD 7484 - 04/04/2018 13:56:24]
SQL START: DECLARE
[THREAD 7484 - 04/04/2018 13:56:24]
SQL START: PREPARED 
[THREAD 7484 - 04/04/2018 13:56:24]
  STATUS:    0 ROWS AFFECTED:0 SID:626225
  NAME_FGL:POL1337.CQ_CONS
  NAME_SQL:cu0
[THREAD 7484 - 04/04/2018 13:56:24]
SQL START: FREE
[THREAD 7484 - 04/04/2018 13:56:24]
SQL START: OPEN 
[THREAD 7484 - 04/04/2018 13:56:24]
  RUNNING TIME: 0.000
[THREAD 7484 - 04/04/2018 13:56:24]
  STATUS:    0 ROWS AFFECTED:1 SID:626225
  NAME_FGL:POL1337.CQ_CONS
  NAME_SQL:cu0
  COMMAND: SELECT cod_cliente  FROM cliente_agrupa_970 WHERE 1=1 ORDER BY  cod_cliente
[THREAD 7484 - 04/04/2018 13:56:24]
SQL START: FETCH
[THREAD 7484 - 04/04/2018 13:56:24]
  RUNNING TIME: 0.000
[THREAD 7484 - 04/04/2018 13:56:24]
  STATUS:  100 ROWS AFFECTED:0 SID:626225
  NAME_FGL:POL1337.CQ_CONS
  NAME_SQL:cu0
  COMMAND: SELECT cod_cliente  FROM cliente_agrupa_970 WHERE 1=1 ORDER BY  cod_cliente
[THREAD 7484 - 04/04/2018 13:56:24]
  INTO:1
    T:             CHAR(15) V: 'NULL'
[LOGIX] [THREAD] [EXECUTE] Sessao ID135618 finalizada.
