[LOGIX] [POL1334][DEBUG] Arquivo de LOG gerado em "c:\Totvs\logix\temp\log\afonso_20180404_134156\pol1334_00000_debug.log".
[LOGIX] Modo Debug FREEFORM ativado
[LOGIX] Modo Debug Framework ativado
[LOGIX] Modo DEBUG SQL ativado
----------------------------------- AMBIENTE -----------------------------------
SERVER BUILD.....: 7.00.131227A-20171108
SERVER SO........: UNKNOW
SERVER INFO......: SERVICE PACK 1
 
CLIENT BUILD.....: 7.00.131227A-20171030
CLIENT TYPE......: SMARTCLIENT 08 E 10 WINDOWS
----------------------------------- EXECUCAO -----------------------------------
PACOTE ERP.......: 12.1.18
PACOTE FRAMEWORK.: 12.1.19.01 - 17/01/2018
 
PROCESSO.........: POL1334
REVISAO..........: 
DATA.............: 
 
USUARIO..........: AFONSO
EMPRESA..........: 01
 
FGLPROFILE.......: C:\totvs\logix\logixprofile.pro
--------------------------------------------------------------------------------
[LOGIX] [THREAD] [EXECUTE] Iniciando sessão ID134156 (pol1334) a partir da sessão pai MAIN_THREAD (MENU).
[DEBUG][2018-04-04 13:41:56] Empresa = 01 Usuário = afonso [source: LOG0010.4GL line: 1452 function: LOG_APPSETENV()]
[LOGIX] [LICENSE] Licença MENU = VDPFAT
[DEBUG][2018-04-04 13:41:57] APPSTART - INICIO [source: LOG0010.4GL line: 95 function: LOG001_ACESSA_USUARIO()]
[DEBUG][2018-04-04 13:41:57] [INITAPP] DBMONEY --> DEFAULT (,) [source: LOG0010.4GL line: 484 function: LOG001_DETERMINA_AMBIENTE()]
[THREAD 7240 - 04/04/2018 13:41:57]
  TRANSLATE: ?
  EXECUTE
  STATUS:0
  COMMAND: DEFAULT
[THREAD 7240 - 04/04/2018 13:41:57]
  TRANSLATE: SET LOCK MODE TO WAIT 
[THREAD 7240 - 04/04/2018 13:41:57]
SQL START: EXECUTE 
[THREAD 7240 - 04/04/2018 13:41:57]
  STATUS:    0 ROWS AFFECTED:0 SID:625964
  COMMAND: SET LOCK MODE TO WAIT 
[THREAD 7240 - 04/04/2018 13:41:57]
  RUNNING TIME: 0.000
[THREAD 7240 - 04/04/2018 13:41:57]
  STATUS:    0 ROWS AFFECTED:0 SID:625964
  NAME_SQL:
  COMMAND: SET LOCK MODE TO WAIT 
[THREAD 7240 - 04/04/2018 13:41:57]
  TRANSLATE: SET ISOLATION TO DIRTY READ
[THREAD 7240 - 04/04/2018 13:41:57]
SQL START: EXECUTE 
[THREAD 7240 - 04/04/2018 13:41:57]
  STATUS:    0 ROWS AFFECTED:0 SID:625964
  COMMAND: SET ISOLATION TO DIRTY READ
[THREAD 7240 - 04/04/2018 13:41:57]
  RUNNING TIME: 0.000
[THREAD 7240 - 04/04/2018 13:41:57]
  STATUS:    0 ROWS AFFECTED:0 SID:625964
  NAME_SQL:
  COMMAND: SET ISOLATION TO DIRTY READ
[THREAD 7240 - 04/04/2018 13:41:57]
  TRANSLATE: SELECT SYSTABLES.TABNAME FROM SYSTABLES WHERE SYSTABLES.TABNAME=?
[THREAD 7240 - 04/04/2018 13:41:57]
SQL START: EXECUTE
[THREAD 7240 - 04/04/2018 13:41:57]
  RUNNING TIME: 0.000
[THREAD 7240 - 04/04/2018 13:41:57]
  STATUS:    0 ROWS AFFECTED:1 SID:625964
  COMMAND: SELECT SYSTABLES.TABNAME FROM SYSTABLES WHERE SYSTABLES.TABNAME=?
[THREAD 7240 - 04/04/2018 13:41:57]
  USE: 1
    T:             CHAR(50) V: 'log_dados_sessao_logix                            '
[THREAD 7240 - 04/04/2018 13:41:57]
  TRANSLATE: SELECT  DBINFO('sessionid') FROM SYSTABLES WHERE TABID=1
[THREAD 7240 - 04/04/2018 13:41:57]
SQL START: EXECUTE
[THREAD 7240 - 04/04/2018 13:41:57]
  RUNNING TIME: 0.000
[THREAD 7240 - 04/04/2018 13:41:57]
  STATUS:    0 ROWS AFFECTED:1 SID:625964
  COMMAND: SELECT  DBINFO('sessionid') FROM SYSTABLES WHERE TABID=1
[THREAD 7240 - 04/04/2018 13:41:57]
  INTO:1
    T:              INTEGER V: 625964
[THREAD 7240 - 04/04/2018 13:41:57]
  TRANSLATE: SELECT  DBINFO('sessionid') FROM SYSTABLES WHERE TABID=1
[THREAD 7240 - 04/04/2018 13:41:57]
SQL START: EXECUTE
[THREAD 7240 - 04/04/2018 13:41:57]
  RUNNING TIME: 0.016
[THREAD 7240 - 04/04/2018 13:41:57]
  STATUS:    0 ROWS AFFECTED:1 SID:625964
  COMMAND: SELECT  DBINFO('sessionid') FROM SYSTABLES WHERE TABID=1
[THREAD 7240 - 04/04/2018 13:41:57]
  INTO:1
    T:              INTEGER V: 625964
[THREAD 7240 - 04/04/2018 13:41:57]
SQL START: DECLARE
[THREAD 7240 - 04/04/2018 13:41:57]
  RUNNING TIME: 0.000
[THREAD 7240 - 04/04/2018 13:41:57]
  STATUS:    0 ROWS AFFECTED:0 SID:625964
  NAME_FGL:LOG0010.CD_LOG_DADOS_SESSAO_LOGIX
  NAME_SQL:cu0
  COMMAND: SELECT SID, DAT_EXECUCAO FROM LOG_DADOS_SESSAO_LOGIX WHERE USUARIO IN (?,'newlogin') AND PROGRAMA=?
[THREAD 7240 - 04/04/2018 13:41:57]
SQL START: OPEN 
[THREAD 7240 - 04/04/2018 13:41:57]
  RUNNING TIME: 0.000
[THREAD 7240 - 04/04/2018 13:41:57]
  STATUS:    0 ROWS AFFECTED:1 SID:625964
  NAME_FGL:LOG0010.CD_LOG_DADOS_SESSAO_LOGIX
  NAME_SQL:cu0
  COMMAND: SELECT SID, DAT_EXECUCAO FROM LOG_DADOS_SESSAO_LOGIX WHERE USUARIO IN (?,'newlogin') AND PROGRAMA=?
[THREAD 7240 - 04/04/2018 13:41:57]
  USE: 2
    T:              CHAR(8) V: 'afonso  '
    T:             CHAR(15) V: 'pol1334        '
[THREAD 7240 - 04/04/2018 13:41:57]
SQL START: FETCH
[THREAD 7240 - 04/04/2018 13:41:57]
  RUNNING TIME: 0.000
[THREAD 7240 - 04/04/2018 13:41:57]
  STATUS:  100 ROWS AFFECTED:0 SID:625964
  NAME_FGL:LOG0010.CD_LOG_DADOS_SESSAO_LOGIX
  NAME_SQL:cu0
  COMMAND: SELECT SID, DAT_EXECUCAO FROM LOG_DADOS_SESSAO_LOGIX WHERE USUARIO IN (?,'newlogin') AND PROGRAMA=?
[THREAD 7240 - 04/04/2018 13:41:57]
  INTO:2
    T:              INTEGER V: 0
    T:             DATETIME V: NULL
[THREAD 7240 - 04/04/2018 13:41:57]
SQL START: CLOSE 
[THREAD 7240 - 04/04/2018 13:41:57]
  RUNNING TIME: 0.000
[THREAD 7240 - 04/04/2018 13:41:57]
  STATUS:    0 ROWS AFFECTED:0 SID:625964
  NAME_FGL:LOG0010.CD_LOG_DADOS_SESSAO_LOGIX
  NAME_SQL:cu0
[THREAD 7240 - 04/04/2018 13:41:57]
SQL START: FREE
[THREAD 7240 - 04/04/2018 13:41:57]
  RUNNING TIME: 0.000
[THREAD 7240 - 04/04/2018 13:41:57]
  STATUS:    0 ROWS AFFECTED:0 SID:625964
  NAME_FGL:LOG0010.CD_LOG_DADOS_SESSAO_LOGIX
  NAME_SQL:cu0
[THREAD 7240 - 04/04/2018 13:41:57]
SQL START: DECLARE
[THREAD 7240 - 04/04/2018 13:41:57]
  RUNNING TIME: 0.000
[THREAD 7240 - 04/04/2018 13:41:57]
  STATUS:    0 ROWS AFFECTED:0 SID:625964
  NAME_FGL:LOG0010.CD_DEL_MESMO_SID
  NAME_SQL:cu0
  COMMAND: SELECT DAT_EXECUCAO FROM LOG_DADOS_SESSAO_LOGIX WHERE SID=?
[THREAD 7240 - 04/04/2018 13:41:57]
SQL START: OPEN 
[THREAD 7240 - 04/04/2018 13:41:57]
  RUNNING TIME: 0.000
[THREAD 7240 - 04/04/2018 13:41:57]
  STATUS:    0 ROWS AFFECTED:1 SID:625964
  NAME_FGL:LOG0010.CD_DEL_MESMO_SID
  NAME_SQL:cu0
  COMMAND: SELECT DAT_EXECUCAO FROM LOG_DADOS_SESSAO_LOGIX WHERE SID=?
[THREAD 7240 - 04/04/2018 13:41:57]
  USE: 1
    T:              INTEGER V: 625964
[THREAD 7240 - 04/04/2018 13:41:57]
SQL START: FETCH
[THREAD 7240 - 04/04/2018 13:41:57]
  RUNNING TIME: 0.000
[THREAD 7240 - 04/04/2018 13:41:57]
  STATUS:  100 ROWS AFFECTED:0 SID:625964
  NAME_FGL:LOG0010.CD_DEL_MESMO_SID
  NAME_SQL:cu0
  COMMAND: SELECT DAT_EXECUCAO FROM LOG_DADOS_SESSAO_LOGIX WHERE SID=?
[THREAD 7240 - 04/04/2018 13:41:57]
  INTO:1
    T:             DATETIME V: NULL
[THREAD 7240 - 04/04/2018 13:41:57]
SQL START: CLOSE 
[THREAD 7240 - 04/04/2018 13:41:57]
  RUNNING TIME: 0.000
[THREAD 7240 - 04/04/2018 13:41:57]
  STATUS:    0 ROWS AFFECTED:0 SID:625964
  NAME_FGL:LOG0010.CD_DEL_MESMO_SID
  NAME_SQL:cu0
[THREAD 7240 - 04/04/2018 13:41:57]
SQL START: FREE
[THREAD 7240 - 04/04/2018 13:41:57]
  RUNNING TIME: 0.000
[THREAD 7240 - 04/04/2018 13:41:57]
  STATUS:    0 ROWS AFFECTED:0 SID:625964
  NAME_FGL:LOG0010.CD_DEL_MESMO_SID
  NAME_SQL:cu0
[THREAD 7240 - 04/04/2018 13:41:57]
  TRANSLATE: INSERT INTO LOG_DADOS_SESSAO_LOGIX (SID, DAT_EXECUCAO, USUARIO, PROGRAMA, ORIGEM) VALUES(?, ?, ?, ?, ?)
[THREAD 7240 - 04/04/2018 13:41:57]
  RUNNING TIME: 0.000
[THREAD 7240 - 04/04/2018 13:41:57]
  STATUS:    0 ROWS AFFECTED:1 SID:625964
  COMMAND: INSERT INTO LOG_DADOS_SESSAO_LOGIX (SID, DAT_EXECUCAO, USUARIO, PROGRAMA, ORIGEM) VALUES(?, ?, ?, ?, ?)
[THREAD 7240 - 04/04/2018 13:41:57]
  USE: 5
    T:              INTEGER V: 625964
    T:             DATETIME V: 2018-04-04 13:41:57                                                                                                                                                                                                                                            
    T:              CHAR(8) V: 'afonso  '
    T:             CHAR(15) V: 'pol1334        '
    T:            CHAR(100) V: 'MIC0088-FISCAL:192.168.160.70|10.0.0.2|4324|                                                        '
[DEBUG][2018-04-04 13:41:57] [APPLICATION] Aplicação principal = POL1334 [source: APPLICATION.PRW line: 297 function: APPLICATION_SETMAINAPPNAME()]
[THREAD 7240 - 04/04/2018 13:41:57]
  TRANSLATE: SET LOCK MODE TO WAIT 
[THREAD 7240 - 04/04/2018 13:41:57]
SQL START: EXECUTE 
[THREAD 7240 - 04/04/2018 13:41:57]
  STATUS:    0 ROWS AFFECTED:0 SID:625964
  COMMAND: SET LOCK MODE TO WAIT 
[THREAD 7240 - 04/04/2018 13:41:57]
  RUNNING TIME: 0.000
[THREAD 7240 - 04/04/2018 13:41:57]
  STATUS:    0 ROWS AFFECTED:0 SID:625964
  NAME_SQL:
  COMMAND: SET LOCK MODE TO WAIT 
[THREAD 7240 - 04/04/2018 13:41:57]
  TRANSLATE: SET ISOLATION TO DIRTY READ
[THREAD 7240 - 04/04/2018 13:41:57]
SQL START: EXECUTE 
[THREAD 7240 - 04/04/2018 13:41:57]
  STATUS:    0 ROWS AFFECTED:0 SID:625964
  COMMAND: SET ISOLATION TO DIRTY READ
[THREAD 7240 - 04/04/2018 13:41:57]
  RUNNING TIME: 0.000
[THREAD 7240 - 04/04/2018 13:41:57]
  STATUS:    0 ROWS AFFECTED:0 SID:625964
  NAME_SQL:
  COMMAND: SET ISOLATION TO DIRTY READ
[DEBUG][2018-04-04 13:41:57] [PRINTFILE] Destino de impressão não detectado [source: LOG0280.4GL line: 3554 function: LOG0280_CHECKFINISHREPORTHANDLER()]
[DEBUG][2018-04-04 13:41:57] [PRINTFILE] Emissão para disco DESATIVADA [source: LOG0280.4GL line: 3412 function: LOG0280_FINISHREPORT_ATIVA_DISCO()]
[DEBUG][2018-04-04 13:41:57] [PRINTFILE] Arquivos para emissão em disco () [source: LOG0280.4GL line: 3561 function: LOG0280_CHECKFINISHREPORTHANDLER()]
[THREAD 7240 - 04/04/2018 13:41:57]
  TRANSLATE: SELECT FORM_VERSION,FORM_RELEASE,FORM_MODIFICATION FROM FRM_FORM WHERE FORM_NAME=?
[THREAD 7240 - 04/04/2018 13:41:57]
SQL START: EXECUTE
[THREAD 7240 - 04/04/2018 13:41:57]
  RUNNING TIME: 0.000
[THREAD 7240 - 04/04/2018 13:41:57]
  STATUS:  100 ROWS AFFECTED:0 SID:625964
  COMMAND: SELECT FORM_VERSION,FORM_RELEASE,FORM_MODIFICATION FROM FRM_FORM WHERE FORM_NAME=?
[THREAD 7240 - 04/04/2018 13:41:57]
  USE: 1
    T:             CHAR(15) V: 'pol1334        '
  INTO:3
    T:              CHAR(2) V: 'NULL'
    T:              CHAR(5) V: 'NULL'
    T:             CHAR(10) V: 'NULL'
[LOGIX] [VERSION] Aplicação: POL1334 Versão: ? Ult. Modificação: 2018-03-23 14:29:42
[THREAD 7240 - 04/04/2018 13:41:57]
SQL START: DECLARE
[THREAD 7240 - 04/04/2018 13:41:57]
  RUNNING TIME: 0.000
[THREAD 7240 - 04/04/2018 13:41:57]
  STATUS:    0 ROWS AFFECTED:0 SID:625964
  NAME_FGL:SYSTEMKEY.CM_ADJUSTSYSTEMKEY
  NAME_SQL:cu0
  COMMAND: SELECT SISTEMAS_LOGIX.COD_SISTEMA FROM SISTEMAS_LOGIX WHERE SISTEMAS_LOGIX.CHAVE_SISTEMA='?' OR SISTEMAS_LOGIX.CHAVE_SISTEMA IS NULL OR SISTEMAS_LOGIX.CHAVE_SISTEMA=' '
[THREAD 7240 - 04/04/2018 13:41:57]
SQL START: OPEN 
[THREAD 7240 - 04/04/2018 13:41:57]
  RUNNING TIME: 0.000
[THREAD 7240 - 04/04/2018 13:41:57]
  STATUS:    0 ROWS AFFECTED:1 SID:625964
  NAME_FGL:SYSTEMKEY.CM_ADJUSTSYSTEMKEY
  NAME_SQL:cu0
  COMMAND: SELECT SISTEMAS_LOGIX.COD_SISTEMA FROM SISTEMAS_LOGIX WHERE SISTEMAS_LOGIX.CHAVE_SISTEMA='?' OR SISTEMAS_LOGIX.CHAVE_SISTEMA IS NULL OR SISTEMAS_LOGIX.CHAVE_SISTEMA=' '
[THREAD 7240 - 04/04/2018 13:41:57]
SQL START: FETCH
[THREAD 7240 - 04/04/2018 13:41:57]
  RUNNING TIME: 0.000
[THREAD 7240 - 04/04/2018 13:41:57]
  STATUS:    0 ROWS AFFECTED:1 SID:625964
  NAME_FGL:SYSTEMKEY.CM_ADJUSTSYSTEMKEY
  NAME_SQL:cu0
[THREAD 7240 - 04/04/2018 13:41:57]
  INTO:1
    T:              INTEGER V: 71
[THREAD 7240 - 04/04/2018 13:41:57]
SQL START: FETCH
[THREAD 7240 - 04/04/2018 13:41:57]
  RUNNING TIME: 0.000
[THREAD 7240 - 04/04/2018 13:41:57]
  STATUS:    0 ROWS AFFECTED:1 SID:625964
  NAME_FGL:SYSTEMKEY.CM_ADJUSTSYSTEMKEY
  NAME_SQL:cu0
[THREAD 7240 - 04/04/2018 13:41:57]
  INTO:1
    T:              INTEGER V: 69
[THREAD 7240 - 04/04/2018 13:41:57]
SQL START: FETCH
[THREAD 7240 - 04/04/2018 13:41:57]
  RUNNING TIME: 0.000
[THREAD 7240 - 04/04/2018 13:41:57]
  STATUS:    0 ROWS AFFECTED:1 SID:625964
  NAME_FGL:SYSTEMKEY.CM_ADJUSTSYSTEMKEY
  NAME_SQL:cu0
[THREAD 7240 - 04/04/2018 13:41:57]
  INTO:1
    T:              INTEGER V: 999
[THREAD 7240 - 04/04/2018 13:41:57]
SQL START: FETCH
[THREAD 7240 - 04/04/2018 13:41:57]
  RUNNING TIME: 0.000
[THREAD 7240 - 04/04/2018 13:41:57]
  STATUS:    0 ROWS AFFECTED:1 SID:625964
  NAME_FGL:SYSTEMKEY.CM_ADJUSTSYSTEMKEY
  NAME_SQL:cu0
[THREAD 7240 - 04/04/2018 13:41:57]
  INTO:1
    T:              INTEGER V: 128
[THREAD 7240 - 04/04/2018 13:41:57]
SQL START: FETCH
[THREAD 7240 - 04/04/2018 13:41:57]
  RUNNING TIME: 0.000
[THREAD 7240 - 04/04/2018 13:41:57]
  STATUS:    0 ROWS AFFECTED:1 SID:625964
  NAME_FGL:SYSTEMKEY.CM_ADJUSTSYSTEMKEY
  NAME_SQL:cu0
[THREAD 7240 - 04/04/2018 13:41:57]
  INTO:1
    T:              INTEGER V: 816
[THREAD 7240 - 04/04/2018 13:41:57]
SQL START: FETCH
[THREAD 7240 - 04/04/2018 13:41:57]
  RUNNING TIME: 0.000
[THREAD 7240 - 04/04/2018 13:41:57]
  STATUS:    0 ROWS AFFECTED:1 SID:625964
  NAME_FGL:SYSTEMKEY.CM_ADJUSTSYSTEMKEY
  NAME_SQL:cu0
[THREAD 7240 - 04/04/2018 13:41:57]
  INTO:1
    T:              INTEGER V: 817
[THREAD 7240 - 04/04/2018 13:41:57]
SQL START: FETCH
[THREAD 7240 - 04/04/2018 13:41:57]
  RUNNING TIME: 0.000
[THREAD 7240 - 04/04/2018 13:41:57]
  STATUS:    0 ROWS AFFECTED:1 SID:625964
  NAME_FGL:SYSTEMKEY.CM_ADJUSTSYSTEMKEY
  NAME_SQL:cu0
[THREAD 7240 - 04/04/2018 13:41:57]
  INTO:1
    T:              INTEGER V: 900
[THREAD 7240 - 04/04/2018 13:41:57]
SQL START: FETCH
[THREAD 7240 - 04/04/2018 13:41:57]
  RUNNING TIME: 0.000
[THREAD 7240 - 04/04/2018 13:41:57]
  STATUS:    0 ROWS AFFECTED:1 SID:625964
  NAME_FGL:SYSTEMKEY.CM_ADJUSTSYSTEMKEY
  NAME_SQL:cu0
[THREAD 7240 - 04/04/2018 13:41:57]
  INTO:1
    T:              INTEGER V: 561
[THREAD 7240 - 04/04/2018 13:41:57]
SQL START: FETCH
[THREAD 7240 - 04/04/2018 13:41:57]
  RUNNING TIME: 0.000
[THREAD 7240 - 04/04/2018 13:41:57]
  STATUS:    0 ROWS AFFECTED:1 SID:625964
  NAME_FGL:SYSTEMKEY.CM_ADJUSTSYSTEMKEY
  NAME_SQL:cu0
[THREAD 7240 - 04/04/2018 13:41:57]
  INTO:1
    T:              INTEGER V: 904
[THREAD 7240 - 04/04/2018 13:41:57]
SQL START: FETCH
[THREAD 7240 - 04/04/2018 13:41:57]
  RUNNING TIME: 0.000
[THREAD 7240 - 04/04/2018 13:41:57]
  STATUS:    0 ROWS AFFECTED:1 SID:625964
  NAME_FGL:SYSTEMKEY.CM_ADJUSTSYSTEMKEY
  NAME_SQL:cu0
[THREAD 7240 - 04/04/2018 13:41:57]
  INTO:1
    T:              INTEGER V: 400
[THREAD 7240 - 04/04/2018 13:41:57]
SQL START: FETCH
[THREAD 7240 - 04/04/2018 13:41:57]
  RUNNING TIME: 0.000
[THREAD 7240 - 04/04/2018 13:41:57]
  STATUS:    0 ROWS AFFECTED:1 SID:625964
  NAME_FGL:SYSTEMKEY.CM_ADJUSTSYSTEMKEY
  NAME_SQL:cu0
[THREAD 7240 - 04/04/2018 13:41:57]
  INTO:1
    T:              INTEGER V: 626
[THREAD 7240 - 04/04/2018 13:41:57]
SQL START: FETCH
[THREAD 7240 - 04/04/2018 13:41:57]
  RUNNING TIME: 0.000
[THREAD 7240 - 04/04/2018 13:41:57]
  STATUS:  100 ROWS AFFECTED:0 SID:625964
  NAME_FGL:SYSTEMKEY.CM_ADJUSTSYSTEMKEY
  NAME_SQL:cu0
  COMMAND: SELECT SISTEMAS_LOGIX.COD_SISTEMA FROM SISTEMAS_LOGIX WHERE SISTEMAS_LOGIX.CHAVE_SISTEMA='?' OR SISTEMAS_LOGIX.CHAVE_SISTEMA IS NULL OR SISTEMAS_LOGIX.CHAVE_SISTEMA=' '
[THREAD 7240 - 04/04/2018 13:41:57]
  INTO:1
    T:              INTEGER V: 626
[THREAD 7240 - 04/04/2018 13:41:57]
SQL START: CLOSE 
[THREAD 7240 - 04/04/2018 13:41:57]
  RUNNING TIME: 0.000
[THREAD 7240 - 04/04/2018 13:41:57]
  STATUS:    0 ROWS AFFECTED:0 SID:625964
  NAME_FGL:SYSTEMKEY.CM_ADJUSTSYSTEMKEY
  NAME_SQL:cu0
[THREAD 7240 - 04/04/2018 13:41:57]
SQL START: FREE
[THREAD 7240 - 04/04/2018 13:41:57]
  RUNNING TIME: 0.000
[THREAD 7240 - 04/04/2018 13:41:57]
  STATUS:    0 ROWS AFFECTED:0 SID:625964
  NAME_FGL:SYSTEMKEY.CM_ADJUSTSYSTEMKEY
  NAME_SQL:cu0
[LOGIX] [LICENSE] [SYSTEMKEY] Carregando licenças SUP 13:41:57
[LOGIX] [LICENSE] [SYSTEMKEY] Carregando licenças FIN 13:41:57
[LOGIX] [LICENSE] [SYSTEMKEY] Carregando licenças CON 13:41:57
[LOGIX] [LICENSE] [SYSTEMKEY] Carregando licenças RHU 13:41:57
[LOGIX] [LICENSE] [SYSTEMKEY] Carregando licenças PRD 13:41:57
[LOGIX] [LICENSE] [SYSTEMKEY] Carregando licenças VDP 13:41:57
[LOGIX] [LICENSE] [SYSTEMKEY] Carregando licenças LOG 13:41:57
[LOGIX] [LICENSE] [SYSTEMKEY] Licenças carregadas 13:41:57
[LOGIX] [LICENSE] [SYSTEMKEY] Aplicação POL1334 - licenças da aplicação = PADRAO
[LOGIX] [LICENSE] [SYSTEMKEY] Aplicação POL1334 - licenças FINAL = PADRAO
[THREAD 7240 - 04/04/2018 13:41:57]
  TRANSLATE: SELECT COD_EMPRESA FROM EMPRESA WHERE COD_EMPRESA=?
[THREAD 7240 - 04/04/2018 13:41:57]
SQL START: EXECUTE
[THREAD 7240 - 04/04/2018 13:41:57]
  RUNNING TIME: 0.000
[THREAD 7240 - 04/04/2018 13:41:57]
  STATUS:    0 ROWS AFFECTED:1 SID:625964
  COMMAND: SELECT COD_EMPRESA FROM EMPRESA WHERE COD_EMPRESA=?
[THREAD 7240 - 04/04/2018 13:41:57]
  USE: 1
    T:              CHAR(2) V: '01'
[THREAD 7240 - 04/04/2018 13:41:57]
  TRANSLATE: SELECT USUARIO,QTD_MAX_PROC_USU,IDIOMA,NIVEL_ACESSO,MANTEM_PESQ_RELAC,CPF_LOGIN,LICENCA_FULL_DETERMINADO,USUARIO_ATENDIMENTO_URA,GRUPO_ATENDIMENTO_URA,UTILIZA_INTEGRACAO_CTI,CONTA_EMAIL,SENHA_EMAIL,CONTA_AD,DOMINIO_REDE,COD_IDM,TIP_AUTENTICACAO FROM LOG_USUARIOS_COMPL WHERE LOG_USUARIOS_COMPL.USUARIO=?
[THREAD 7240 - 04/04/2018 13:41:57]
SQL START: EXECUTE
[THREAD 7240 - 04/04/2018 13:41:57]
  RUNNING TIME: 0.000
[THREAD 7240 - 04/04/2018 13:41:57]
  STATUS:    0 ROWS AFFECTED:1 SID:625964
  COMMAND: SELECT USUARIO,QTD_MAX_PROC_USU,IDIOMA,NIVEL_ACESSO,MANTEM_PESQ_RELAC,CPF_LOGIN,LICENCA_FULL_DETERMINADO,USUARIO_ATENDIMENTO_URA,GRUPO_ATENDIMENTO_URA,UTILIZA_INTEGRACAO_CTI,CONTA_EMAIL,SENHA_EMAIL,CONTA_AD,DOMINIO_REDE,COD_IDM,TIP_AUTENTICACAO FROM LOG_USUARIOS_COMPL WHERE LOG_USUARIOS_COMPL.USUARIO=?
[THREAD 7240 - 04/04/2018 13:41:57]
  USE: 1
    T:              CHAR(8) V: 'afonso  '
  INTO:16
    T:              CHAR(8) V: 'afonso  '
    T:              INTEGER V: 10
    T:              INTEGER V: 1
    T:              INTEGER V: NULL
    T:              CHAR(1) V: 'N'
    T:             CHAR(11) V: 'NULL'
    T:              CHAR(1) V: '0'
    T:             CHAR(20) V: '610                 '
    T:             CHAR(20) V: 'FISCAL              '
    T:              CHAR(1) V: 'N'
    T:             CHAR(25) V: 'NULL'
    T:             CHAR(80) V: 'NULL'
    T:             CHAR(25) V: 'NULL'
    T:             CHAR(20) V: 'NULL'
    T:             CHAR(32) V: 'NULL'
    T:              CHAR(1) V: 'NULL'
[THREAD 7240 - 04/04/2018 13:41:57]
  TRANSLATE: SELECT COD_USUARIO,COD_EMPRESA_PADRAO,COD_IMPRESS_PADRAO,NOM_FUNCIONARIO,NUM_TELEFONE,NUM_RAMAL,NUM_FAX,E_MAIL,QTD_MAX_USUARIOS,IND_ADMLOG,GRUPO_PADRAO,DAT_INCLUSAO FROM USUARIOS WHERE USUARIOS.COD_USUARIO=?
[THREAD 7240 - 04/04/2018 13:41:57]
SQL START: EXECUTE
[THREAD 7240 - 04/04/2018 13:41:57]
  RUNNING TIME: 0.016
[THREAD 7240 - 04/04/2018 13:41:57]
  STATUS:    0 ROWS AFFECTED:1 SID:625964
  COMMAND: SELECT COD_USUARIO,COD_EMPRESA_PADRAO,COD_IMPRESS_PADRAO,NOM_FUNCIONARIO,NUM_TELEFONE,NUM_RAMAL,NUM_FAX,E_MAIL,QTD_MAX_USUARIOS,IND_ADMLOG,GRUPO_PADRAO,DAT_INCLUSAO FROM USUARIOS WHERE USUARIOS.COD_USUARIO=?
[THREAD 7240 - 04/04/2018 13:41:57]
  USE: 1
    T:              CHAR(8) V: 'afonso  '
  INTO:12
    T:              CHAR(8) V: 'afonso  '
    T:              CHAR(2) V: '01'
    T:            CHAR(200) V: 'hp_fisc_ts                                                                                                                                                                                              '
    T:             CHAR(30) V: 'AFONSO HENRIQUE LIMA          '
    T:             CHAR(20) V: '(11) 4061-8899      '
    T:              CHAR(5) V: '8020 '
    T:             CHAR(30) V: '(11) 4061-8883                '
    T:            CHAR(150) V: 'NULL'
    T:              INTEGER V: 3
    T:              CHAR(1) V: 'N'
    T:              CHAR(8) V: 'NULL'
    T:                 DATE V: NULL
[THREAD 7240 - 04/04/2018 13:41:57]
  TRANSLATE: SELECT USUARIO,HOR_INICIAL_ACESSO,HOR_FINAL_ACESSO FROM LOG_PAR_LOGIN_USU WHERE USUARIO=?
[THREAD 7240 - 04/04/2018 13:41:57]
SQL START: EXECUTE
[THREAD 7240 - 04/04/2018 13:41:57]
  RUNNING TIME: 0.000
[THREAD 7240 - 04/04/2018 13:41:57]
  STATUS:    0 ROWS AFFECTED:1 SID:625964
  COMMAND: SELECT USUARIO,HOR_INICIAL_ACESSO,HOR_FINAL_ACESSO FROM LOG_PAR_LOGIN_USU WHERE USUARIO=?
[THREAD 7240 - 04/04/2018 13:41:57]
  USE: 1
    T:              CHAR(8) V: 'afonso  '
  INTO:3
    T:              CHAR(8) V: 'afonso  '
    T:             DATETIME V: NULL
    T:             DATETIME V: NULL
[THREAD 7240 - 04/04/2018 13:41:57]
  TRANSLATE: DELETE FROM LOG_USU_EXP_LOGIN WHERE USUARIO=? AND DAT_HOR_LOGIN<?
[THREAD 7240 - 04/04/2018 13:41:57]
  RUNNING TIME: 0.000
[THREAD 7240 - 04/04/2018 13:41:57]
  STATUS:    0 ROWS AFFECTED:0 SID:625964
  COMMAND: DELETE FROM LOG_USU_EXP_LOGIN WHERE USUARIO=? AND DAT_HOR_LOGIN<?
[THREAD 7240 - 04/04/2018 13:41:57]
  USE: 2
    T:              CHAR(8) V: 'afonso  '
    T:             DATETIME V: 2018-04-04 13:41:57                                                                                                                                                                                                                                            
[THREAD 7240 - 04/04/2018 13:41:57]
  TRANSLATE: SELECT 1 FROM LOG_USU_EXP_LOGIN WHERE USUARIO=? AND DAT_HOR_LOGIN>=?
[THREAD 7240 - 04/04/2018 13:41:57]
SQL START: EXECUTE
[THREAD 7240 - 04/04/2018 13:41:57]
  RUNNING TIME: 0.000
[THREAD 7240 - 04/04/2018 13:41:57]
  STATUS:  100 ROWS AFFECTED:0 SID:625964
  COMMAND: SELECT 1 FROM LOG_USU_EXP_LOGIN WHERE USUARIO=? AND DAT_HOR_LOGIN>=?
[THREAD 7240 - 04/04/2018 13:41:57]
  USE: 2
    T:              CHAR(8) V: 'afonso  '
    T:             DATETIME V: 2018-04-04 13:41:57                                                                                                                                                                                                                                            
[THREAD 7240 - 04/04/2018 13:41:57]
SQL START: DECLARE
[THREAD 7240 - 04/04/2018 13:41:57]
  RUNNING TIME: 0.000
[THREAD 7240 - 04/04/2018 13:41:57]
  STATUS:    0 ROWS AFFECTED:0 SID:625964
  NAME_FGL:LOGIN.CQ_USUARIO_BLOQUEADO
  NAME_SQL:cu0
  COMMAND: SELECT A.USUARIO, A.SEQUENCIA_BLOQUEIO, A.MOTIVO_BLOQUEIO, C.DES_MOTIVO_BLOQ, A.DAT_HORA_BLOQUEIO, A.USUARIO_BLOQUEIO, A.DAT_INI_BLOQUEIO, A.DAT_FIM_BLOQUEIO FROM LOG_USU_BLOQ A,LOG_BLOQUEIOS B,OUTER LOG_MOTIVOS_BLOQ C WHERE A.USUARIO=? AND A.USUARIO=B.USUARIO AND A.SEQUENCIA_BLOQUEIO=B.SEQUENCIA_BLOQUEIO AND A.DAT_INI_BLOQUEIO<=? AND A.DAT_FIM_BLOQUEIO IS NULL AND C.MOTIVO_BLOQ=A.MOTIVO_BLOQUEIO UNION SELECT A.USUARIO, A.SEQUENCIA_BLOQUEIO, A.MOTIVO_BLOQUEIO, C.DES_MOTIVO_BLOQ, A.DAT_HORA_BLOQUEIO, A.USUARIO_BLOQUEIO, A.DAT_INI_BLOQUEIO, A.DAT_FIM_BLOQUEIO FROM LOG_USU_BLOQ A,LOG_BLOQUEIOS B,OUTER LOG_MOTIVOS_BLOQ C WHERE A.USUARIO=? AND A.USUARIO=B.USUARIO AND A.SEQUENCIA_BLOQUEIO=B.SEQUENCIA_BLOQUEIO AND A.DAT_FIM_BLOQUEIO IS NOT NULL AND ? BETWEEN A.DAT_INI_BLOQUEIO AND A.DAT_FIM_BLOQUEIO AND C.MOTIVO_BLOQ=A.MOTIVO_BLOQUEIO ORDER BY 2
[THREAD 7240 - 04/04/2018 13:41:57]
SQL START: OPEN 
[THREAD 7240 - 04/04/2018 13:41:57]
  RUNNING TIME: 0.015
[THREAD 7240 - 04/04/2018 13:41:57]
  STATUS:    0 ROWS AFFECTED:1 SID:625964
  NAME_FGL:LOGIN.CQ_USUARIO_BLOQUEADO
  NAME_SQL:cu0
  COMMAND: SELECT A.USUARIO, A.SEQUENCIA_BLOQUEIO, A.MOTIVO_BLOQUEIO, C.DES_MOTIVO_BLOQ, A.DAT_HORA_BLOQUEIO, A.USUARIO_BLOQUEIO, A.DAT_INI_BLOQUEIO, A.DAT_FIM_BLOQUEIO FROM LOG_USU_BLOQ A,LOG_BLOQUEIOS B,OUTER LOG_MOTIVOS_BLOQ C WHERE A.USUARIO=? AND A.USUARIO=B.USUARIO AND A.SEQUENCIA_BLOQUEIO=B.SEQUENCIA_BLOQUEIO AND A.DAT_INI_BLOQUEIO<=? AND A.DAT_FIM_BLOQUEIO IS NULL AND C.MOTIVO_BLOQ=A.MOTIVO_BLOQUEIO UNION SELECT A.USUARIO, A.SEQUENCIA_BLOQUEIO, A.MOTIVO_BLOQUEIO, C.DES_MOTIVO_BLOQ, A.DAT_HORA_BLOQUEIO, A.USUARIO_BLOQUEIO, A.DAT_INI_BLOQUEIO, A.DAT_FIM_BLOQUEIO FROM LOG_USU_BLOQ A,LOG_BLOQUEIOS B,OUTER LOG_MOTIVOS_BLOQ C WHERE A.USUARIO=? AND A.USUARIO=B.USUARIO AND A.SEQUENCIA_BLOQUEIO=B.SEQUENCIA_BLOQUEIO AND A.DAT_FIM_BLOQUEIO IS NOT NULL AND ? BETWEEN A.DAT_INI_BLOQUEIO AND A.DAT_FIM_BLOQUEIO AND C.MOTIVO_BLOQ=A.MOTIVO_BLOQUEIO ORDER BY 2
[THREAD 7240 - 04/04/2018 13:41:57]
  USE: 4
    T:              CHAR(8) V: 'afonso  '
    T:                 DATE V: 04/04/2018                                                                                                                                                                                                                                                     
    T:              CHAR(8) V: 'afonso  '
    T:                 DATE V: 04/04/2018                                                                                                                                                                                                                                                     
[THREAD 7240 - 04/04/2018 13:41:57]
SQL START: FETCH
[THREAD 7240 - 04/04/2018 13:41:57]
  RUNNING TIME: 0.000
[THREAD 7240 - 04/04/2018 13:41:57]
  STATUS:  100 ROWS AFFECTED:0 SID:625964
  NAME_FGL:LOGIN.CQ_USUARIO_BLOQUEADO
  NAME_SQL:cu0
  COMMAND: SELECT A.USUARIO, A.SEQUENCIA_BLOQUEIO, A.MOTIVO_BLOQUEIO, C.DES_MOTIVO_BLOQ, A.DAT_HORA_BLOQUEIO, A.USUARIO_BLOQUEIO, A.DAT_INI_BLOQUEIO, A.DAT_FIM_BLOQUEIO FROM LOG_USU_BLOQ A,LOG_BLOQUEIOS B,OUTER LOG_MOTIVOS_BLOQ C WHERE A.USUARIO=? AND A.USUARIO=B.USUARIO AND A.SEQUENCIA_BLOQUEIO=B.SEQUENCIA_BLOQUEIO AND A.DAT_INI_BLOQUEIO<=? AND A.DAT_FIM_BLOQUEIO IS NULL AND C.MOTIVO_BLOQ=A.MOTIVO_BLOQUEIO UNION SELECT A.USUARIO, A.SEQUENCIA_BLOQUEIO, A.MOTIVO_BLOQUEIO, C.DES_MOTIVO_BLOQ, A.DAT_HORA_BLOQUEIO, A.USUARIO_BLOQUEIO, A.DAT_INI_BLOQUEIO, A.DAT_FIM_BLOQUEIO FROM LOG_USU_BLOQ A,LOG_BLOQUEIOS B,OUTER LOG_MOTIVOS_BLOQ C WHERE A.USUARIO=? AND A.USUARIO=B.USUARIO AND A.SEQUENCIA_BLOQUEIO=B.SEQUENCIA_BLOQUEIO AND A.DAT_FIM_BLOQUEIO IS NOT NULL AND ? BETWEEN A.DAT_INI_BLOQUEIO AND A.DAT_FIM_BLOQUEIO AND C.MOTIVO_BLOQ=A.MOTIVO_BLOQUEIO ORDER BY 2
[THREAD 7240 - 04/04/2018 13:41:57]
  INTO:8
    T:              CHAR(8) V: 'NULL'
    T:              INTEGER V: NULL
    T:              INTEGER V: NULL
    T:             CHAR(76) V: 'NULL'
    T:             DATETIME V: NULL
    T:              CHAR(8) V: 'NULL'
    T:                 DATE V: NULL
    T:                 DATE V: NULL
[THREAD 7240 - 04/04/2018 13:41:57]
SQL START: CLOSE 
[THREAD 7240 - 04/04/2018 13:41:57]
  RUNNING TIME: 0.000
[THREAD 7240 - 04/04/2018 13:41:57]
  STATUS:    0 ROWS AFFECTED:0 SID:625964
  NAME_FGL:LOGIN.CQ_USUARIO_BLOQUEADO
  NAME_SQL:cu0
[THREAD 7240 - 04/04/2018 13:41:57]
SQL START: FREE
[THREAD 7240 - 04/04/2018 13:41:57]
  RUNNING TIME: 0.000
[THREAD 7240 - 04/04/2018 13:41:57]
  STATUS:    0 ROWS AFFECTED:0 SID:625964
  NAME_FGL:LOGIN.CQ_USUARIO_BLOQUEADO
  NAME_SQL:cu0
[LOGIX] [LOGIN] [SIGNON] Leitura chave profile logix.login.singleSignOn (1)
[LOGIX] [LOGIN] [GETAUTHTYPE] Assume autenticação do servidor (1)
[LOGIX] [LOGIN] [GETAUTHTYPE] Assume autenticação do servidor (1)
[THREAD 7240 - 04/04/2018 13:41:57]
  TRANSLATE: SELECT 1 FROM USUARIO_SENHA WHERE COD_USUARIO=?
[THREAD 7240 - 04/04/2018 13:41:57]
SQL START: EXECUTE
[THREAD 7240 - 04/04/2018 13:41:57]
  RUNNING TIME: 0.000
[THREAD 7240 - 04/04/2018 13:41:57]
  STATUS:    0 ROWS AFFECTED:1 SID:625964
  COMMAND: SELECT 1 FROM USUARIO_SENHA WHERE COD_USUARIO=?
[THREAD 7240 - 04/04/2018 13:41:57]
  USE: 1
    T:              CHAR(8) V: 'afonso  '
[DEBUG][2018-04-04 13:41:57] [PERMISSAO] Checando permissão de acesso do afonso   para aplicação POL1334 na empresa 01 [source: LOG0010.4GL line: 823 function: LOG_EXECUCAO_AUTORIZADA()]
[THREAD 7240 - 04/04/2018 13:41:57]
  TRANSLATE: SELECT NUM_NIVEL_GERAL FROM LOG_USU_NIV_SIST WHERE TRANSACAO=? AND USUARIO=? AND EMPRESA=? AND AREA_APLICACAO=0 AND SISTEMA=0
[THREAD 7240 - 04/04/2018 13:41:57]
SQL START: EXECUTE
[THREAD 7240 - 04/04/2018 13:41:57]
  RUNNING TIME: 0.000
[THREAD 7240 - 04/04/2018 13:41:57]
  STATUS:  100 ROWS AFFECTED:0 SID:625964
  COMMAND: SELECT NUM_NIVEL_GERAL FROM LOG_USU_NIV_SIST WHERE TRANSACAO=? AND USUARIO=? AND EMPRESA=? AND AREA_APLICACAO=0 AND SISTEMA=0
[THREAD 7240 - 04/04/2018 13:41:57]
  USE: 3
    T:             CHAR(15) V: 'POL1334        '
    T:              CHAR(8) V: 'afonso  '
    T:              CHAR(2) V: '01'
  INTO:1
    T:              INTEGER V: NULL
[THREAD 7240 - 04/04/2018 13:41:57]
  TRANSLATE: SELECT MAX(N.NUM_NIVEL_GERAL) FROM LOG_USU_NIV_SIST N,LOG_USU_GRUPOS G WHERE G.USUARIO=? AND N.TRANSACAO=? AND N.USUARIO=G.GRUPO AND N.EMPRESA=? AND N.AREA_APLICACAO=0 AND N.SISTEMA=0
[THREAD 7240 - 04/04/2018 13:41:57]
SQL START: EXECUTE
[THREAD 7240 - 04/04/2018 13:41:57]
  RUNNING TIME: 0.000
[THREAD 7240 - 04/04/2018 13:41:57]
  STATUS:    0 ROWS AFFECTED:1 SID:625964
  COMMAND: SELECT MAX(N.NUM_NIVEL_GERAL) FROM LOG_USU_NIV_SIST N,LOG_USU_GRUPOS G WHERE G.USUARIO=? AND N.TRANSACAO=? AND N.USUARIO=G.GRUPO AND N.EMPRESA=? AND N.AREA_APLICACAO=0 AND N.SISTEMA=0
[THREAD 7240 - 04/04/2018 13:41:57]
  USE: 3
    T:              CHAR(8) V: 'afonso  '
    T:             CHAR(15) V: 'POL1334        '
    T:              CHAR(2) V: '01'
  INTO:1
    T:              INTEGER V: NULL
[THREAD 7240 - 04/04/2018 13:41:57]
  TRANSLATE: SELECT 1 FROM LOG_USU_NIV_SIST WHERE LOG_USU_NIV_SIST.USUARIO=? AND LOG_USU_NIV_SIST.EMPRESA=? AND LOG_USU_NIV_SIST.TRANSACAO IN (?,?) AND LOG_USU_NIV_SIST.NUM_NIVEL_GERAL>0 UNION SELECT 1 FROM LOG_USU_NIV_SIST N,LOG_USU_GRUPOS G WHERE G.USUARIO=? AND N.USUARIO=G.GRUPO AND N.EMPRESA=? AND N.TRANSACAO IN (?,?) AND N.NUM_NIVEL_GERAL>0
[THREAD 7240 - 04/04/2018 13:41:57]
SQL START: EXECUTE
[THREAD 7240 - 04/04/2018 13:41:57]
  RUNNING TIME: 0.000
[THREAD 7240 - 04/04/2018 13:41:57]
  STATUS:    0 ROWS AFFECTED:1 SID:625964
  COMMAND: SELECT 1 FROM LOG_USU_NIV_SIST WHERE LOG_USU_NIV_SIST.USUARIO=? AND LOG_USU_NIV_SIST.EMPRESA=? AND LOG_USU_NIV_SIST.TRANSACAO IN (?,?) AND LOG_USU_NIV_SIST.NUM_NIVEL_GERAL>0 UNION SELECT 1 FROM LOG_USU_NIV_SIST N,LOG_USU_GRUPOS G WHERE G.USUARIO=? AND N.USUARIO=G.GRUPO AND N.EMPRESA=? AND N.TRANSACAO IN (?,?) AND N.NUM_NIVEL_GERAL>0
[THREAD 7240 - 04/04/2018 13:41:57]
  USE: 8
    T:              CHAR(8) V: 'afonso  '
    T:              CHAR(2) V: '01'
    T:             CHAR(15) V: 'POL1334        '
    T:              CHAR(3) V: 'NULL'
    T:              CHAR(8) V: 'afonso  '
    T:              CHAR(2) V: '01'
    T:             CHAR(15) V: 'POL1334        '
    T:              CHAR(3) V: 'NULL'
[DEBUG][2018-04-04 13:41:57] [PERMISSAO] Usuário afonso   com permissão liberada por MENU para aplicação POL1334 na empresa 01 [source: LOG0010.4GL line: 898 function: LOG_EXECUCAO_AUTORIZADA()]
[LOGIX] [LICENSE] [LICENSE] INICIO - Checando consumo de licença...
[LOGIX] [LICENSE] [LICENSE] Licença atual em uso = 0
[THREAD 7240 - 04/04/2018 13:41:57]
  TRANSLATE: SELECT FORM_VERSION,FORM_RELEASE,FORM_MODIFICATION FROM FRM_FORM WHERE FORM_NAME=?
[THREAD 7240 - 04/04/2018 13:41:57]
SQL START: EXECUTE
[THREAD 7240 - 04/04/2018 13:41:57]
  RUNNING TIME: 0.000
[THREAD 7240 - 04/04/2018 13:41:57]
  STATUS:  100 ROWS AFFECTED:0 SID:625964
  COMMAND: SELECT FORM_VERSION,FORM_RELEASE,FORM_MODIFICATION FROM FRM_FORM WHERE FORM_NAME=?
[THREAD 7240 - 04/04/2018 13:41:57]
  USE: 1
    T:             CHAR(15) V: 'liclogix       '
  INTO:3
    T:              CHAR(2) V: 'NULL'
    T:              CHAR(5) V: 'NULL'
    T:             CHAR(10) V: 'NULL'
[LOGIX] [VERSION] Aplicação: LICLOGIX Versão: 12.1.18.55   Liberação: 26/01/16 18:00 Ult. Modificação:
[THREAD 7240 - 04/04/2018 13:41:57]
  TRANSLATE: SELECT LOG_VERSAO_PRG.NUM_VERSAO,LOG_VERSAO_PRG.VERSAO_FORMULARIO FROM LOG_VERSAO_PRG WHERE LOG_VERSAO_PRG.NUM_PROGRAMA=?
[THREAD 7240 - 04/04/2018 13:41:57]
SQL START: EXECUTE
[THREAD 7240 - 04/04/2018 13:41:57]
  RUNNING TIME: 0.000
[THREAD 7240 - 04/04/2018 13:41:57]
  STATUS:  100 ROWS AFFECTED:0 SID:625964
  COMMAND: SELECT LOG_VERSAO_PRG.NUM_VERSAO,LOG_VERSAO_PRG.VERSAO_FORMULARIO FROM LOG_VERSAO_PRG WHERE LOG_VERSAO_PRG.NUM_PROGRAMA=?
[THREAD 7240 - 04/04/2018 13:41:57]
  USE: 1
    T:             CHAR(15) V: 'LICLOGIX       '
  INTO:2
    T:             CHAR(12) V: 'NULL'
    T:             CHAR(12) V: 'NULL'
[LOGIX] [LICENSE] Licença não é corporativa.
[LOGIX] [LICENSE] [GETMENUKEY] Licença menu = VDPFAT
[LOGIX] ERRO: [LICENSE] Chave de sistema do menu VDPFAT não é válida para esta aplicação [PADRAO]
[LOGIX] [LICENSE] Busca de informação (Tipo: fullDeterminado): {"method":"getInfo","information":"fullDeterminado"}
[LOGIX] [LICENSE] Busca de informação (Retorno) : {"method":"getInfo","information":"fullDeterminado","value":"false"}
[THREAD 7240 - 04/04/2018 13:41:57]
  TRANSLATE: SELECT NUM_CGC FROM EMPRESA WHERE COD_EMPRESA=?
[THREAD 7240 - 04/04/2018 13:41:57]
SQL START: EXECUTE
[THREAD 7240 - 04/04/2018 13:41:57]
  RUNNING TIME: 0.000
[THREAD 7240 - 04/04/2018 13:41:57]
  STATUS:    0 ROWS AFFECTED:1 SID:625964
  COMMAND: SELECT NUM_CGC FROM EMPRESA WHERE COD_EMPRESA=?
[THREAD 7240 - 04/04/2018 13:41:57]
  USE: 1
    T:              CHAR(2) V: '01'
  INTO:1
    T:             CHAR(20) V: '061.381.323/0002-48 '
[LOGIX] [LICENSE] Consumo de licença: {"method": "getLicense","version": "1.0","federalId": "61381323000248","userId": "afonso","moduleId": "5047","routine": "pol1334","ownerThread":6428,"ownerClientIP":"10.0.0.2","ownerClientPort":4322,"ownerServerIP":"10.0.0.2","fullDeterminado":false}
[LOGIX] [LICENSE] Consumo de licença (Retorno) : {"method":"getLicense","slotId":"5047","sucessful":true,"uniqueId":"NTAwMA==", "pendent":[{"code": "LS001","description": "Enviar os dados do usuário","info": "afonso"},{"code": "LS003","description": "Enviar os dados de suporte técnico"}]}
[THREAD 7240 - 04/04/2018 13:41:57]
  TRANSLATE: SELECT NUM_CGC FROM EMPRESA WHERE COD_EMPRESA=?
[THREAD 7240 - 04/04/2018 13:41:57]
SQL START: EXECUTE
[THREAD 7240 - 04/04/2018 13:41:57]
  RUNNING TIME: 0.015
[THREAD 7240 - 04/04/2018 13:41:57]
  STATUS:    0 ROWS AFFECTED:1 SID:625964
  COMMAND: SELECT NUM_CGC FROM EMPRESA WHERE COD_EMPRESA=?
[THREAD 7240 - 04/04/2018 13:41:57]
  USE: 1
    T:              CHAR(2) V: '01'
  INTO:1
    T:             CHAR(20) V: '061.381.323/0002-48 '
[LOGIX] [LICENSE][THREADID 7240] Obtendo licença Cloud (5047) STATUS = 0 (ThreadID 6428 User afonso Programa: pol1334 IP 10.0.0.2 Port 4322 FederalID 61381323000248 Full Determinado false)
[LOGIX] [LICENSE] [LICENSESETACTUALSLOT] Slot atual em uso 5047
[THREAD 7240 - 04/04/2018 13:41:57]
  TRANSLATE: SELECT SYSTABLES.TABNAME FROM SYSTABLES WHERE SYSTABLES.TABNAME=?
[THREAD 7240 - 04/04/2018 13:41:57]
SQL START: EXECUTE
[THREAD 7240 - 04/04/2018 13:41:57]
  RUNNING TIME: 0.000
[THREAD 7240 - 04/04/2018 13:41:57]
  STATUS:    0 ROWS AFFECTED:1 SID:625964
  COMMAND: SELECT SYSTABLES.TABNAME FROM SYSTABLES WHERE SYSTABLES.TABNAME=?
[THREAD 7240 - 04/04/2018 13:41:57]
  USE: 1
    T:             CHAR(50) V: 'log_uso_recusa_licenca                            '
[THREAD 7240 - 04/04/2018 13:41:57]
  TRANSLATE: INSERT INTO LOG_USO_MODULO (MODULO, EMPRESA, DAT_USO, QTD_USO) VALUES(?, ?, ?, 1)
[THREAD 7240 - 04/04/2018 13:41:57]
  RUNNING TIME: 0.000
[THREAD 7240 - 04/04/2018 13:41:57]
  STATUS: -268   TRANSACTION: FALSE SID:625964
  ISAM: -100
  MSG: Unique constraint (logix.pk_log_uso_modulo) violated.
[THREAD 7240 - 04/04/2018 13:41:57]
  COMMAND: INSERT INTO LOG_USO_MODULO (MODULO, EMPRESA, DAT_USO, QTD_USO) VALUES(?, ?, ?, 1)
[THREAD 7240 - 04/04/2018 13:41:57]
  USE: 3
    T:              CHAR(8) V: 'PADRAO  '
    T:              CHAR(2) V: '01'
    T:                 DATE V: 04/04/2018                                                                                                                                                                                                                                                     
[THREAD 7240 - 04/04/2018 13:41:57]
  TRANSLATE: UPDATE LOG_USO_MODULO SET LOG_USO_MODULO.QTD_USO=LOG_USO_MODULO.QTD_USO+1 WHERE LOG_USO_MODULO.DAT_USO=? AND LOG_USO_MODULO.MODULO=? AND LOG_USO_MODULO.EMPRESA=?
[THREAD 7240 - 04/04/2018 13:41:57]
  RUNNING TIME: 0.000
[THREAD 7240 - 04/04/2018 13:41:57]
  STATUS:    0 ROWS AFFECTED:1 SID:625964
  COMMAND: UPDATE LOG_USO_MODULO SET LOG_USO_MODULO.QTD_USO=LOG_USO_MODULO.QTD_USO+1 WHERE LOG_USO_MODULO.DAT_USO=? AND LOG_USO_MODULO.MODULO=? AND LOG_USO_MODULO.EMPRESA=?
[THREAD 7240 - 04/04/2018 13:41:57]
  USE: 3
    T:                 DATE V: 04/04/2018                                                                                                                                                                                                                                                     
    T:              CHAR(8) V: 'PADRAO  '
    T:              CHAR(2) V: '01'
[THREAD 7240 - 04/04/2018 13:41:57]
  TRANSLATE: SELECT PROGRAMA FROM LOG_REG_ACS_PROG WHERE PROGRAMA=?
[THREAD 7240 - 04/04/2018 13:41:57]
SQL START: EXECUTE
[THREAD 7240 - 04/04/2018 13:41:57]
  RUNNING TIME: 0.000
[THREAD 7240 - 04/04/2018 13:41:57]
  STATUS:    0 ROWS AFFECTED:1 SID:625964
  COMMAND: SELECT PROGRAMA FROM LOG_REG_ACS_PROG WHERE PROGRAMA=?
[THREAD 7240 - 04/04/2018 13:41:57]
  USE: 1
    T:              CHAR(8) V: 'pol1334 '
[THREAD 7240 - 04/04/2018 13:41:57]
  TRANSLATE: UPDATE LOG_REG_ACS_PROG SET DAT_ACESSO=? WHERE PROGRAMA=?
[THREAD 7240 - 04/04/2018 13:41:57]
  RUNNING TIME: 0.000
[THREAD 7240 - 04/04/2018 13:41:57]
  STATUS:    0 ROWS AFFECTED:1 SID:625964
  COMMAND: UPDATE LOG_REG_ACS_PROG SET DAT_ACESSO=? WHERE PROGRAMA=?
[THREAD 7240 - 04/04/2018 13:41:57]
  USE: 2
    T:             DATETIME V: 2018-04                                                                                                                                                                                                                                                        
    T:              CHAR(8) V: 'pol1334 '
[THREAD 7240 - 04/04/2018 13:41:57]
  TRANSLATE: SELECT IND_REG_ACESSO,IND_PROGRAMAS FROM LOG_PAR_LOGIN_USU WHERE USUARIO=?
[THREAD 7240 - 04/04/2018 13:41:57]
SQL START: EXECUTE
[THREAD 7240 - 04/04/2018 13:41:57]
  RUNNING TIME: 0.000
[THREAD 7240 - 04/04/2018 13:41:57]
  STATUS:    0 ROWS AFFECTED:1 SID:625964
  COMMAND: SELECT IND_REG_ACESSO,IND_PROGRAMAS FROM LOG_PAR_LOGIN_USU WHERE USUARIO=?
[THREAD 7240 - 04/04/2018 13:41:57]
  USE: 1
    T:              CHAR(8) V: 'afonso  '
  INTO:2
    T:              CHAR(1) V: 'U'
    T:              CHAR(1) V: 'N'
[THREAD 7240 - 04/04/2018 13:41:57]
  TRANSLATE: DELETE FROM LOG_ACS_USU_PROG WHERE USUARIO=? AND EMPRESA=? AND NUM_PROGRAMA=?
[THREAD 7240 - 04/04/2018 13:41:57]
  RUNNING TIME: 0.000
[THREAD 7240 - 04/04/2018 13:41:57]
  STATUS:    0 ROWS AFFECTED:1 SID:625964
  COMMAND: DELETE FROM LOG_ACS_USU_PROG WHERE USUARIO=? AND EMPRESA=? AND NUM_PROGRAMA=?
[THREAD 7240 - 04/04/2018 13:41:57]
  USE: 3
    T:              CHAR(8) V: 'afonso  '
    T:              CHAR(2) V: '01'
    T:             CHAR(15) V: 'pol1334        '
[THREAD 7240 - 04/04/2018 13:41:57]
  TRANSLATE: INSERT INTO LOG_ACS_USU_PROG (USUARIO, EMPRESA, NUM_PROGRAMA, DAT_HOR_ACESSO) VALUES(?, ?, ?, ?)
[THREAD 7240 - 04/04/2018 13:41:57]
  RUNNING TIME: 0.000
[THREAD 7240 - 04/04/2018 13:41:57]
  STATUS:    0 ROWS AFFECTED:1 SID:625964
  COMMAND: INSERT INTO LOG_ACS_USU_PROG (USUARIO, EMPRESA, NUM_PROGRAMA, DAT_HOR_ACESSO) VALUES(?, ?, ?, ?)
[THREAD 7240 - 04/04/2018 13:41:57]
  USE: 4
    T:              CHAR(8) V: 'afonso  '
    T:              CHAR(2) V: '01'
    T:             CHAR(15) V: 'pol1334        '
    T:             DATETIME V: 2018-04-04 13:41:57                                                                                                                                                                                                                                            
[THREAD 7240 - 04/04/2018 13:41:57]
  TRANSLATE: SELECT SYSTABLES.TABNAME FROM SYSTABLES WHERE SYSTABLES.TABNAME=?
[THREAD 7240 - 04/04/2018 13:41:57]
SQL START: EXECUTE
[THREAD 7240 - 04/04/2018 13:41:57]
  RUNNING TIME: 0.000
[THREAD 7240 - 04/04/2018 13:41:57]
  STATUS:    0 ROWS AFFECTED:1 SID:625964
  COMMAND: SELECT SYSTABLES.TABNAME FROM SYSTABLES WHERE SYSTABLES.TABNAME=?
[THREAD 7240 - 04/04/2018 13:41:57]
  USE: 1
    T:             CHAR(50) V: 'log_uso_recusa_licenca                            '
[THREAD 7240 - 04/04/2018 13:41:57]
  TRANSLATE: INSERT INTO LOG_USO_ROTINA (ROTINA, EMPRESA, DAT_USO, QTD_USO) VALUES(?, ?, ?, 1)
[THREAD 7240 - 04/04/2018 13:41:57]
  RUNNING TIME: 0.000
[THREAD 7240 - 04/04/2018 13:41:57]
  STATUS: -268   TRANSACTION: FALSE SID:625964
  ISAM: -100
  MSG: Unique constraint (logix.pk_log_uso_rotina) violated.
[THREAD 7240 - 04/04/2018 13:41:57]
  COMMAND: INSERT INTO LOG_USO_ROTINA (ROTINA, EMPRESA, DAT_USO, QTD_USO) VALUES(?, ?, ?, 1)
[THREAD 7240 - 04/04/2018 13:41:57]
  USE: 3
    T:             CHAR(20) V: 'POL1334             '
    T:              CHAR(2) V: '01'
    T:                 DATE V: 04/04/2018                                                                                                                                                                                                                                                     
[THREAD 7240 - 04/04/2018 13:41:57]
  TRANSLATE: UPDATE LOG_USO_ROTINA SET LOG_USO_ROTINA.QTD_USO=LOG_USO_ROTINA.QTD_USO+1 WHERE LOG_USO_ROTINA.DAT_USO=? AND LOG_USO_ROTINA.ROTINA=? AND LOG_USO_ROTINA.EMPRESA=?
[THREAD 7240 - 04/04/2018 13:41:57]
  RUNNING TIME: 0.000
[THREAD 7240 - 04/04/2018 13:41:57]
  STATUS:    0 ROWS AFFECTED:1 SID:625964
  COMMAND: UPDATE LOG_USO_ROTINA SET LOG_USO_ROTINA.QTD_USO=LOG_USO_ROTINA.QTD_USO+1 WHERE LOG_USO_ROTINA.DAT_USO=? AND LOG_USO_ROTINA.ROTINA=? AND LOG_USO_ROTINA.EMPRESA=?
[THREAD 7240 - 04/04/2018 13:41:57]
  USE: 3
    T:                 DATE V: 04/04/2018                                                                                                                                                                                                                                                     
    T:             CHAR(20) V: 'POL1334             '
    T:              CHAR(2) V: '01'
[DEBUG][2018-04-04 13:41:57] APPSTART - FIM [source: LOG0010.4GL line: 350 function: LOG001_ACESSA_USUARIO()]
[THREAD 7240 - 04/04/2018 13:41:57]
  TRANSLATE: SET ISOLATION TO DIRTY READ
[THREAD 7240 - 04/04/2018 13:41:57]
SQL START: EXECUTE 
[THREAD 7240 - 04/04/2018 13:41:57]
  STATUS:    0 ROWS AFFECTED:0 SID:625964
  COMMAND: SET ISOLATION TO DIRTY READ
[THREAD 7240 - 04/04/2018 13:41:57]
  RUNNING TIME: 0.000
[THREAD 7240 - 04/04/2018 13:41:57]
  STATUS:    0 ROWS AFFECTED:0 SID:625964
  NAME_SQL:
  COMMAND: SET ISOLATION TO DIRTY READ
[THREAD 7240 - 04/04/2018 13:41:57]
  TRANSLATE: SET LOCK MODE TO WAIT 30
[THREAD 7240 - 04/04/2018 13:41:57]
SQL START: EXECUTE 
[THREAD 7240 - 04/04/2018 13:41:57]
  STATUS:    0 ROWS AFFECTED:0 SID:625964
  COMMAND: SET LOCK MODE TO WAIT 30
[THREAD 7240 - 04/04/2018 13:41:57]
  RUNNING TIME: 0.000
[THREAD 7240 - 04/04/2018 13:41:57]
  STATUS:    0 ROWS AFFECTED:0 SID:625964
  NAME_SQL:
  COMMAND: SET LOCK MODE TO WAIT 30
[THREAD 7240 - 04/04/2018 13:41:57]
  TRANSLATE: SELECT NUM_VERSAO,DAT_ALTERACAO FROM LOG_VERSAO_PRG WHERE NUM_PROGRAMA=?
[THREAD 7240 - 04/04/2018 13:41:57]
SQL START: EXECUTE
[THREAD 7240 - 04/04/2018 13:41:57]
  RUNNING TIME: 0.000
[THREAD 7240 - 04/04/2018 13:41:57]
  STATUS:    0 ROWS AFFECTED:1 SID:625964
  COMMAND: SELECT NUM_VERSAO,DAT_ALTERACAO FROM LOG_VERSAO_PRG WHERE NUM_PROGRAMA=?
[THREAD 7240 - 04/04/2018 13:41:57]
  USE: 1
    T:              CHAR(8) V: 'POL1334 '
  INTO:2
    T:             CHAR(18) V: '12.00.04          '
    T:                 DATE V: 27/03/2018                                                                                                                                                                                                                                                     
[THREAD 7240 - 04/04/2018 13:41:57]
  TRANSLATE: UPDATE LOG_VERSAO_PRG SET NUM_VERSAO=?, DAT_ALTERACAO=? WHERE NUM_PROGRAMA=?
[THREAD 7240 - 04/04/2018 13:41:57]
  RUNNING TIME: 0.000
[THREAD 7240 - 04/04/2018 13:41:57]
  STATUS:    0 ROWS AFFECTED:1 SID:625964
  COMMAND: UPDATE LOG_VERSAO_PRG SET NUM_VERSAO=?, DAT_ALTERACAO=? WHERE NUM_PROGRAMA=?
[THREAD 7240 - 04/04/2018 13:41:57]
  USE: 3
    T:              CHAR(9) V: '12.00.04 '
    T:                 DATE V: 27/03/2018                                                                                                                                                                                                                                                     
    T:              CHAR(8) V: 'POL1334 '
[DEBUG][FREEFORM][2018-04-04 13:41:58] [LBROWSEEX] SET_ROWS - 1 linhas
[DEBUG][FREEFORM][2018-04-04 13:41:58] [LBROWSEEX] BeforeChangeRow - Linha: 1
[DEBUG][FREEFORM][2018-04-04 13:41:58] [LBROWSEEX] BeforeChangeRow --> Executado
[DEBUG][FREEFORM][2018-04-04 13:41:58] [LBROWSEEX] SET_ROWS - 1 linhas
[DEBUG][FREEFORM][2018-04-04 13:41:58] [LBROWSEEX] BeforeChangeRow - Linha: 1
[DEBUG][FREEFORM][2018-04-04 13:41:58] [LBROWSEEX] BeforeChangeRow --> Executado
[DEBUG][FREEFORM][2018-04-04 13:41:58] [LBROWSEEX] BeforeChangeRow - Linha: 1
[DEBUG][FREEFORM][2018-04-04 13:41:58] [LBROWSEEX] BeforeChangeRow --> Ignorado (nao houve mudanca de linha)
[DEBUG][FREEFORM][2018-04-04 13:41:58] [LBROWSEEX] BeforeChangeRow - Linha: 1
[DEBUG][FREEFORM][2018-04-04 13:41:58] [LBROWSEEX] BeforeChangeRow --> Ignorado (nao houve mudanca de linha)
[DEBUG][FREEFORM][2018-04-04 13:42:04] [LCOMPONENT] ExecuteValidEvent (Inicio)
[DEBUG][FREEFORM][2018-04-04 13:42:04] [LCOMPONENT] Acionando evento VALID
[THREAD 7240 - 04/04/2018 13:42:04]
  TRANSLATE: SELECT cod_cliente FROM clientes  WHERE cod_cliente LIKE '5702%'  ORDER BY cod_cliente
[THREAD 7240 - 04/04/2018 13:42:04]
SQL START: PREPARE
[THREAD 7240 - 04/04/2018 13:42:04]
  RUNNING TIME: 0.000
[THREAD 7240 - 04/04/2018 13:42:04]
  STATUS:    0 ROWS AFFECTED:0 SID:625964
  NAME_FGL:VAR_CLI
  NAME_SQL:cu0
  COMMAND: SELECT cod_cliente FROM clientes  WHERE cod_cliente LIKE '5702%'  ORDER BY cod_cliente
[THREAD 7240 - 04/04/2018 13:42:04]
SQL START: DECLARE
[THREAD 7240 - 04/04/2018 13:42:04]
SQL START: PREPARED 
[THREAD 7240 - 04/04/2018 13:42:04]
  STATUS:    0 ROWS AFFECTED:0 SID:625964
  NAME_FGL:POL1334.CQ_CLI
  NAME_SQL:cu0
[THREAD 7240 - 04/04/2018 13:42:04]
SQL START: FREE
[THREAD 7240 - 04/04/2018 13:42:04]
SQL START: OPEN 
[THREAD 7240 - 04/04/2018 13:42:04]
  RUNNING TIME: 0.000
[THREAD 7240 - 04/04/2018 13:42:04]
  STATUS:    0 ROWS AFFECTED:1 SID:625964
  NAME_FGL:POL1334.CQ_CLI
  NAME_SQL:cu0
  COMMAND: SELECT cod_cliente FROM clientes  WHERE cod_cliente LIKE '5702%'  ORDER BY cod_cliente
[THREAD 7240 - 04/04/2018 13:42:04]
SQL START: FETCH
[THREAD 7240 - 04/04/2018 13:42:04]
  RUNNING TIME: 0.000
[THREAD 7240 - 04/04/2018 13:42:04]
  STATUS:    0 ROWS AFFECTED:1 SID:625964
  NAME_FGL:POL1334.CQ_CLI
  NAME_SQL:cu0
[THREAD 7240 - 04/04/2018 13:42:04]
  INTO:1
    T:             CHAR(15) V: '5702           '
[DEBUG][FREEFORM][2018-04-04 13:42:04] [LCOMPONENT] Status VALID = TRUE
[DEBUG][FREEFORM][2018-04-04 13:42:04] [LCOMPONENT] Acionando evento LOSTFOCUS após VALID com sucesso
[DEBUG][FREEFORM][2018-04-04 13:42:04] [LCOMPONENT] ExecuteLostFocusEvent (Inicio)
[DEBUG][FREEFORM][2018-04-04 13:42:04] [LCOMPONENT] ExecuteLostFocusEvent (Fim)
[DEBUG][FREEFORM][2018-04-04 13:42:04] [LCOMPONENT] Desativando Teclas de atalho do componente
[DEBUG][FREEFORM][2018-04-04 13:42:04] [LCOMPONENT] ExecuteValidEvent (Fim)
[THREAD 7240 - 04/04/2018 13:42:04]
  TRANSLATE: SELECT DISTINCT c.cod_cliente, a.num_om, a.dat_emis, a.qtd_volume_om, a.cod_transpor  FROM ordem_montag_mest a, ordem_montag_item b, pedidos c  WHERE a.cod_empresa = '01'   AND a.num_nff IS NULL   AND b.cod_empresa = a.cod_empresa   AND b.num_om = a.num_om   AND c.cod_empresa = b.cod_empresa   AND c.num_pedido = b.num_pedido   AND c.cod_cliente = '5702' ORDER BY c.cod_cliente, a.num_om
[THREAD 7240 - 04/04/2018 13:42:04]
SQL START: PREPARE
[THREAD 7240 - 04/04/2018 13:42:04]
  RUNNING TIME: 0.000
[THREAD 7240 - 04/04/2018 13:42:04]
  STATUS:    0 ROWS AFFECTED:0 SID:625964
  NAME_FGL:VAR_ORDENS
  NAME_SQL:cu1
  COMMAND: SELECT DISTINCT c.cod_cliente, a.num_om, a.dat_emis, a.qtd_volume_om, a.cod_transpor  FROM ordem_montag_mest a, ordem_montag_item b, pedidos c  WHERE a.cod_empresa = '01'   AND a.num_nff IS NULL   AND b.cod_empresa = a.cod_empresa   AND b.num_om = a.num_om   AND c.cod_empresa = b.cod_empresa   AND c.num_pedido = b.num_pedido   AND c.cod_cliente = '5702' ORDER BY c.cod_cliente, a.num_om
[THREAD 7240 - 04/04/2018 13:42:04]
SQL START: DECLARE
[THREAD 7240 - 04/04/2018 13:42:04]
SQL START: PREPARED 
[THREAD 7240 - 04/04/2018 13:42:04]
  STATUS:    0 ROWS AFFECTED:0 SID:625964
  NAME_FGL:POL1334.CQ_ORDENS
  NAME_SQL:cu1
[THREAD 7240 - 04/04/2018 13:42:04]
SQL START: OPEN 
[THREAD 7240 - 04/04/2018 13:42:04]
  RUNNING TIME: 0.000
[THREAD 7240 - 04/04/2018 13:42:04]
  STATUS:    0 ROWS AFFECTED:1 SID:625964
  NAME_FGL:POL1334.CQ_ORDENS
  NAME_SQL:cu1
  COMMAND: SELECT DISTINCT c.cod_cliente, a.num_om, a.dat_emis, a.qtd_volume_om, a.cod_transpor  FROM ordem_montag_mest a, ordem_montag_item b, pedidos c  WHERE a.cod_empresa = '01'   AND a.num_nff IS NULL   AND b.cod_empresa = a.cod_empresa   AND b.num_om = a.num_om   AND c.cod_empresa = b.cod_empresa   AND c.num_pedido = b.num_pedido   AND c.cod_cliente = '5702' ORDER BY c.cod_cliente, a.num_om
[THREAD 7240 - 04/04/2018 13:42:04]
SQL START: FETCH
[THREAD 7240 - 04/04/2018 13:42:04]
  RUNNING TIME: 0.000
[THREAD 7240 - 04/04/2018 13:42:04]
  STATUS:    0 ROWS AFFECTED:1 SID:625964
  NAME_FGL:POL1334.CQ_ORDENS
  NAME_SQL:cu1
[THREAD 7240 - 04/04/2018 13:42:04]
  INTO:5
    T:             CHAR(15) V: '5702           '
    T:              INTEGER V: 397914
    T:                 DATE V: 04/04/2018                                                                                                                                                                                                                                                     
    T:              INTEGER V: 6
    T:             CHAR(15) V: '5702           '
[THREAD 7240 - 04/04/2018 13:42:04]
  TRANSLATE: SELECT NOM_CLIENTE FROM CLIENTES WHERE COD_CLIENTE=?
[THREAD 7240 - 04/04/2018 13:42:04]
SQL START: EXECUTE
[THREAD 7240 - 04/04/2018 13:42:04]
  RUNNING TIME: 0.000
[THREAD 7240 - 04/04/2018 13:42:04]
  STATUS:    0 ROWS AFFECTED:1 SID:625964
  COMMAND: SELECT NOM_CLIENTE FROM CLIENTES WHERE COD_CLIENTE=?
[THREAD 7240 - 04/04/2018 13:42:04]
  USE: 1
    T:             CHAR(15) V: '5702           '
  INTO:1
    T:             CHAR(36) V: 'HONDA AUTOMOVEIS DO BRASIL LTDA     '
[THREAD 7240 - 04/04/2018 13:42:04]
  TRANSLATE: SELECT NOM_CLIENTE FROM CLIENTES WHERE COD_CLIENTE=?
[THREAD 7240 - 04/04/2018 13:42:04]
SQL START: EXECUTE
[THREAD 7240 - 04/04/2018 13:42:04]
  RUNNING TIME: 0.000
[THREAD 7240 - 04/04/2018 13:42:04]
  STATUS:    0 ROWS AFFECTED:1 SID:625964
  COMMAND: SELECT NOM_CLIENTE FROM CLIENTES WHERE COD_CLIENTE=?
[THREAD 7240 - 04/04/2018 13:42:04]
  USE: 1
    T:             CHAR(15) V: '5702           '
  INTO:1
    T:             CHAR(36) V: 'HONDA AUTOMOVEIS DO BRASIL LTDA     '
[THREAD 7240 - 04/04/2018 13:42:04]
SQL START: FETCH
[THREAD 7240 - 04/04/2018 13:42:04]
  RUNNING TIME: 0.000
[THREAD 7240 - 04/04/2018 13:42:04]
  STATUS:    0 ROWS AFFECTED:1 SID:625964
  NAME_FGL:POL1334.CQ_ORDENS
  NAME_SQL:cu1
[THREAD 7240 - 04/04/2018 13:42:04]
  INTO:5
    T:             CHAR(15) V: '5702           '
    T:              INTEGER V: 397915
    T:                 DATE V: 04/04/2018                                                                                                                                                                                                                                                     
    T:              INTEGER V: 6
    T:             CHAR(15) V: '5702           '
[THREAD 7240 - 04/04/2018 13:42:04]
  TRANSLATE: SELECT NOM_CLIENTE FROM CLIENTES WHERE COD_CLIENTE=?
[THREAD 7240 - 04/04/2018 13:42:04]
SQL START: EXECUTE
[THREAD 7240 - 04/04/2018 13:42:04]
  RUNNING TIME: 0.000
[THREAD 7240 - 04/04/2018 13:42:04]
  STATUS:    0 ROWS AFFECTED:1 SID:625964
  COMMAND: SELECT NOM_CLIENTE FROM CLIENTES WHERE COD_CLIENTE=?
[THREAD 7240 - 04/04/2018 13:42:04]
  USE: 1
    T:             CHAR(15) V: '5702           '
  INTO:1
    T:             CHAR(36) V: 'HONDA AUTOMOVEIS DO BRASIL LTDA     '
[THREAD 7240 - 04/04/2018 13:42:04]
  TRANSLATE: SELECT NOM_CLIENTE FROM CLIENTES WHERE COD_CLIENTE=?
[THREAD 7240 - 04/04/2018 13:42:04]
SQL START: EXECUTE
[THREAD 7240 - 04/04/2018 13:42:04]
  RUNNING TIME: 0.000
[THREAD 7240 - 04/04/2018 13:42:04]
  STATUS:    0 ROWS AFFECTED:1 SID:625964
  COMMAND: SELECT NOM_CLIENTE FROM CLIENTES WHERE COD_CLIENTE=?
[THREAD 7240 - 04/04/2018 13:42:04]
  USE: 1
    T:             CHAR(15) V: '5702           '
  INTO:1
    T:             CHAR(36) V: 'HONDA AUTOMOVEIS DO BRASIL LTDA     '
[THREAD 7240 - 04/04/2018 13:42:04]
SQL START: FETCH
[THREAD 7240 - 04/04/2018 13:42:04]
  RUNNING TIME: 0.000
[THREAD 7240 - 04/04/2018 13:42:04]
  STATUS:    0 ROWS AFFECTED:1 SID:625964
  NAME_FGL:POL1334.CQ_ORDENS
  NAME_SQL:cu1
[THREAD 7240 - 04/04/2018 13:42:04]
  INTO:5
    T:             CHAR(15) V: '5702           '
    T:              INTEGER V: 397916
    T:                 DATE V: 04/04/2018                                                                                                                                                                                                                                                     
    T:              INTEGER V: 9
    T:             CHAR(15) V: '5702           '
[THREAD 7240 - 04/04/2018 13:42:04]
  TRANSLATE: SELECT NOM_CLIENTE FROM CLIENTES WHERE COD_CLIENTE=?
[THREAD 7240 - 04/04/2018 13:42:04]
SQL START: EXECUTE
[THREAD 7240 - 04/04/2018 13:42:04]
  RUNNING TIME: 0.000
[THREAD 7240 - 04/04/2018 13:42:04]
  STATUS:    0 ROWS AFFECTED:1 SID:625964
  COMMAND: SELECT NOM_CLIENTE FROM CLIENTES WHERE COD_CLIENTE=?
[THREAD 7240 - 04/04/2018 13:42:04]
  USE: 1
    T:             CHAR(15) V: '5702           '
  INTO:1
    T:             CHAR(36) V: 'HONDA AUTOMOVEIS DO BRASIL LTDA     '
[THREAD 7240 - 04/04/2018 13:42:04]
  TRANSLATE: SELECT NOM_CLIENTE FROM CLIENTES WHERE COD_CLIENTE=?
[THREAD 7240 - 04/04/2018 13:42:04]
SQL START: EXECUTE
[THREAD 7240 - 04/04/2018 13:42:04]
  RUNNING TIME: 0.000
[THREAD 7240 - 04/04/2018 13:42:04]
  STATUS:    0 ROWS AFFECTED:1 SID:625964
  COMMAND: SELECT NOM_CLIENTE FROM CLIENTES WHERE COD_CLIENTE=?
[THREAD 7240 - 04/04/2018 13:42:04]
  USE: 1
    T:             CHAR(15) V: '5702           '
  INTO:1
    T:             CHAR(36) V: 'HONDA AUTOMOVEIS DO BRASIL LTDA     '
[THREAD 7240 - 04/04/2018 13:42:04]
SQL START: FETCH
[THREAD 7240 - 04/04/2018 13:42:04]
  RUNNING TIME: 0.000
[THREAD 7240 - 04/04/2018 13:42:04]
  STATUS:    0 ROWS AFFECTED:1 SID:625964
  NAME_FGL:POL1334.CQ_ORDENS
  NAME_SQL:cu1
[THREAD 7240 - 04/04/2018 13:42:04]
  INTO:5
    T:             CHAR(15) V: '5702           '
    T:              INTEGER V: 397917
    T:                 DATE V: 04/04/2018                                                                                                                                                                                                                                                     
    T:              INTEGER V: 9
    T:             CHAR(15) V: '5702           '
[THREAD 7240 - 04/04/2018 13:42:04]
  TRANSLATE: SELECT NOM_CLIENTE FROM CLIENTES WHERE COD_CLIENTE=?
[THREAD 7240 - 04/04/2018 13:42:04]
SQL START: EXECUTE
[THREAD 7240 - 04/04/2018 13:42:05]
  RUNNING TIME: 0.016
[THREAD 7240 - 04/04/2018 13:42:05]
  STATUS:    0 ROWS AFFECTED:1 SID:625964
  COMMAND: SELECT NOM_CLIENTE FROM CLIENTES WHERE COD_CLIENTE=?
[THREAD 7240 - 04/04/2018 13:42:05]
  USE: 1
    T:             CHAR(15) V: '5702           '
  INTO:1
    T:             CHAR(36) V: 'HONDA AUTOMOVEIS DO BRASIL LTDA     '
[THREAD 7240 - 04/04/2018 13:42:05]
  TRANSLATE: SELECT NOM_CLIENTE FROM CLIENTES WHERE COD_CLIENTE=?
[THREAD 7240 - 04/04/2018 13:42:05]
SQL START: EXECUTE
[THREAD 7240 - 04/04/2018 13:42:05]
  RUNNING TIME: 0.000
[THREAD 7240 - 04/04/2018 13:42:05]
  STATUS:    0 ROWS AFFECTED:1 SID:625964
  COMMAND: SELECT NOM_CLIENTE FROM CLIENTES WHERE COD_CLIENTE=?
[THREAD 7240 - 04/04/2018 13:42:05]
  USE: 1
    T:             CHAR(15) V: '5702           '
  INTO:1
    T:             CHAR(36) V: 'HONDA AUTOMOVEIS DO BRASIL LTDA     '
[THREAD 7240 - 04/04/2018 13:42:05]
SQL START: FETCH
[THREAD 7240 - 04/04/2018 13:42:05]
  RUNNING TIME: 0.000
[THREAD 7240 - 04/04/2018 13:42:05]
  STATUS:    0 ROWS AFFECTED:1 SID:625964
  NAME_FGL:POL1334.CQ_ORDENS
  NAME_SQL:cu1
[THREAD 7240 - 04/04/2018 13:42:05]
  INTO:5
    T:             CHAR(15) V: '5702           '
    T:              INTEGER V: 397924
    T:                 DATE V: 04/04/2018                                                                                                                                                                                                                                                     
    T:              INTEGER V: 4
    T:             CHAR(15) V: '5702           '
[THREAD 7240 - 04/04/2018 13:42:05]
  TRANSLATE: SELECT NOM_CLIENTE FROM CLIENTES WHERE COD_CLIENTE=?
[THREAD 7240 - 04/04/2018 13:42:05]
SQL START: EXECUTE
[THREAD 7240 - 04/04/2018 13:42:05]
  RUNNING TIME: 0.000
[THREAD 7240 - 04/04/2018 13:42:05]
  STATUS:    0 ROWS AFFECTED:1 SID:625964
  COMMAND: SELECT NOM_CLIENTE FROM CLIENTES WHERE COD_CLIENTE=?
[THREAD 7240 - 04/04/2018 13:42:05]
  USE: 1
    T:             CHAR(15) V: '5702           '
  INTO:1
    T:             CHAR(36) V: 'HONDA AUTOMOVEIS DO BRASIL LTDA     '
[THREAD 7240 - 04/04/2018 13:42:05]
  TRANSLATE: SELECT NOM_CLIENTE FROM CLIENTES WHERE COD_CLIENTE=?
[THREAD 7240 - 04/04/2018 13:42:05]
SQL START: EXECUTE
[THREAD 7240 - 04/04/2018 13:42:05]
  RUNNING TIME: 0.000
[THREAD 7240 - 04/04/2018 13:42:05]
  STATUS:    0 ROWS AFFECTED:1 SID:625964
  COMMAND: SELECT NOM_CLIENTE FROM CLIENTES WHERE COD_CLIENTE=?
[THREAD 7240 - 04/04/2018 13:42:05]
  USE: 1
    T:             CHAR(15) V: '5702           '
  INTO:1
    T:             CHAR(36) V: 'HONDA AUTOMOVEIS DO BRASIL LTDA     '
[THREAD 7240 - 04/04/2018 13:42:05]
SQL START: FETCH
[THREAD 7240 - 04/04/2018 13:42:05]
  RUNNING TIME: 0.000
[THREAD 7240 - 04/04/2018 13:42:05]
  STATUS:  100 ROWS AFFECTED:0 SID:625964
  NAME_FGL:POL1334.CQ_ORDENS
  NAME_SQL:cu1
  COMMAND: SELECT DISTINCT c.cod_cliente, a.num_om, a.dat_emis, a.qtd_volume_om, a.cod_transpor  FROM ordem_montag_mest a, ordem_montag_item b, pedidos c  WHERE a.cod_empresa = '01'   AND a.num_nff IS NULL   AND b.cod_empresa = a.cod_empresa   AND b.num_om = a.num_om   AND c.cod_empresa = b.cod_empresa   AND c.num_pedido = b.num_pedido   AND c.cod_cliente = '5702' ORDER BY c.cod_cliente, a.num_om
[THREAD 7240 - 04/04/2018 13:42:05]
  INTO:5
    T:             CHAR(15) V: 'NULL'
    T:              INTEGER V: NULL
    T:                 DATE V: NULL
    T:              INTEGER V: NULL
    T:             CHAR(15) V: 'NULL'
[THREAD 7240 - 04/04/2018 13:42:05]
SQL START: CLOSE 
[THREAD 7240 - 04/04/2018 13:42:05]
  RUNNING TIME: 0.000
[THREAD 7240 - 04/04/2018 13:42:05]
  STATUS:    0 ROWS AFFECTED:0 SID:625964
  NAME_FGL:POL1334.CQ_ORDENS
  NAME_SQL:cu1
[THREAD 7240 - 04/04/2018 13:42:05]
SQL START: DECLARE
[THREAD 7240 - 04/04/2018 13:42:05]
  RUNNING TIME: 0.016
[THREAD 7240 - 04/04/2018 13:42:05]
  STATUS:    0 ROWS AFFECTED:0 SID:625964
  NAME_FGL:POL1334.CQ_OM_ITEM
  NAME_SQL:cu2
  COMMAND: SELECT NUM_PEDIDO, NUM_SEQUENCIA, COD_ITEM, QTD_RESERVADA, QTD_VOLUME_ITEM FROM ORDEM_MONTAG_ITEM WHERE COD_EMPRESA=? AND NUM_OM=?
[THREAD 7240 - 04/04/2018 13:42:05]
SQL START: OPEN 
[THREAD 7240 - 04/04/2018 13:42:05]
  RUNNING TIME: 0.000
[THREAD 7240 - 04/04/2018 13:42:05]
  STATUS:    0 ROWS AFFECTED:1 SID:625964
  NAME_FGL:POL1334.CQ_OM_ITEM
  NAME_SQL:cu2
  COMMAND: SELECT NUM_PEDIDO, NUM_SEQUENCIA, COD_ITEM, QTD_RESERVADA, QTD_VOLUME_ITEM FROM ORDEM_MONTAG_ITEM WHERE COD_EMPRESA=? AND NUM_OM=?
[THREAD 7240 - 04/04/2018 13:42:05]
  USE: 2
    T:              CHAR(2) V: '01'
    T:              INTEGER V: 397914
[THREAD 7240 - 04/04/2018 13:42:05]
SQL START: FETCH
[THREAD 7240 - 04/04/2018 13:42:05]
  RUNNING TIME: 0.000
[THREAD 7240 - 04/04/2018 13:42:05]
  STATUS:    0 ROWS AFFECTED:1 SID:625964
  NAME_FGL:POL1334.CQ_OM_ITEM
  NAME_SQL:cu2
[THREAD 7240 - 04/04/2018 13:42:05]
  INTO:5
    T:              INTEGER V: 35693
    T:         DECIMAL(5,0) V: 229
    T:             CHAR(15) V: '570002006500   '
    T:        DECIMAL(10,3) V: 180
    T:              INTEGER V: 6
[THREAD 7240 - 04/04/2018 13:42:05]
  TRANSLATE: SELECT DEN_ITEM_REDUZ FROM ITEM WHERE COD_EMPRESA=? AND COD_ITEM=?
[THREAD 7240 - 04/04/2018 13:42:05]
SQL START: EXECUTE
[THREAD 7240 - 04/04/2018 13:42:05]
  RUNNING TIME: 0.000
[THREAD 7240 - 04/04/2018 13:42:05]
  STATUS:    0 ROWS AFFECTED:1 SID:625964
  COMMAND: SELECT DEN_ITEM_REDUZ FROM ITEM WHERE COD_EMPRESA=? AND COD_ITEM=?
[THREAD 7240 - 04/04/2018 13:42:05]
  USE: 2
    T:              CHAR(2) V: '01'
    T:             CHAR(15) V: '570002006500   '
  INTO:1
    T:             CHAR(18) V: 'REF.ASS.(EST.02.ES'
[THREAD 7240 - 04/04/2018 13:42:05]
  TRANSLATE: SELECT COD_EMBAL_INT FROM ORDEM_MONTAG_EMBAL WHERE COD_EMPRESA=? AND NUM_OM=? AND COD_ITEM=?
[THREAD 7240 - 04/04/2018 13:42:05]
SQL START: EXECUTE
[THREAD 7240 - 04/04/2018 13:42:05]
  RUNNING TIME: 0.000
[THREAD 7240 - 04/04/2018 13:42:05]
  STATUS:    0 ROWS AFFECTED:1 SID:625964
  COMMAND: SELECT COD_EMBAL_INT FROM ORDEM_MONTAG_EMBAL WHERE COD_EMPRESA=? AND NUM_OM=? AND COD_ITEM=?
[THREAD 7240 - 04/04/2018 13:42:05]
  USE: 3
    T:              CHAR(2) V: '01'
    T:              INTEGER V: 397914
    T:             CHAR(15) V: '570002006500   '
  INTO:1
    T:              CHAR(3) V: '750'
[THREAD 7240 - 04/04/2018 13:42:05]
SQL START: FETCH
[THREAD 7240 - 04/04/2018 13:42:05]
  RUNNING TIME: 0.000
[THREAD 7240 - 04/04/2018 13:42:05]
  STATUS:  100 ROWS AFFECTED:0 SID:625964
  NAME_FGL:POL1334.CQ_OM_ITEM
  NAME_SQL:cu2
  COMMAND: SELECT NUM_PEDIDO, NUM_SEQUENCIA, COD_ITEM, QTD_RESERVADA, QTD_VOLUME_ITEM FROM ORDEM_MONTAG_ITEM WHERE COD_EMPRESA=? AND NUM_OM=?
[THREAD 7240 - 04/04/2018 13:42:05]
  INTO:5
    T:              INTEGER V: NULL
    T:              DECIMAL V: NULL
    T:             CHAR(15) V: 'NULL'
    T:              DECIMAL V: NULL
    T:              INTEGER V: NULL
[THREAD 7240 - 04/04/2018 13:42:05]
SQL START: CLOSE 
[THREAD 7240 - 04/04/2018 13:42:05]
  RUNNING TIME: 0.000
[THREAD 7240 - 04/04/2018 13:42:05]
  STATUS:    0 ROWS AFFECTED:0 SID:625964
  NAME_FGL:POL1334.CQ_OM_ITEM
  NAME_SQL:cu2
[DEBUG][FREEFORM][2018-04-04 13:43:26] [LBROWSEEX] BrowseGotFocus
[DEBUG][FREEFORM][2018-04-04 13:43:26] [LBROWSEEX] BeforeChangeRow - Linha: 1
[DEBUG][FREEFORM][2018-04-04 13:43:26] [LBROWSEEX] BeforeChangeRow --> Executado
[DEBUG][FREEFORM][2018-04-04 13:43:26] [LBROWSEEX] headerClick
[DEBUG][FREEFORM][2018-04-04 13:43:26] [LBROWSEEX] headerClick (COLUMN)
[DEBUG][FREEFORM][2018-04-04 13:43:26] [LBROWSEEX] headerClick (COLUMN) --> Executado
[DEBUG][FREEFORM][2018-04-04 13:43:27] [LBROWSEEX] headerClick
[DEBUG][FREEFORM][2018-04-04 13:43:27] [LBROWSEEX] headerClick (COLUMN)
[DEBUG][FREEFORM][2018-04-04 13:43:27] [LBROWSEEX] headerClick (COLUMN) --> Executado
[DEBUG][FREEFORM][2018-04-04 13:43:27] [LBROWSEEX] headerClick
[DEBUG][FREEFORM][2018-04-04 13:43:27] [LBROWSEEX] headerClick (COLUMN)
[DEBUG][FREEFORM][2018-04-04 13:43:27] [LBROWSEEX] headerClick (COLUMN) --> Executado
[THREAD 7240 - 04/04/2018 13:43:29]
  TRANSLATE: DROP TABLE OM_SELECT_912
[THREAD 7240 - 04/04/2018 13:43:29]
SQL START: EXECUTE 
[THREAD 7240 - 04/04/2018 13:43:29]
  STATUS: -206   TRANSACTION: FALSE SID:625964
  MSG: The specified table (om_select_912) is not in the database.
[THREAD 7240 - 04/04/2018 13:43:29]
  COMMAND: DROP TABLE OM_SELECT_912
[THREAD 7240 - 04/04/2018 13:43:29]
  RUNNING TIME: 0.000
[THREAD 7240 - 04/04/2018 13:43:29]
  STATUS: -206   TRANSACTION: FALSE SID:625964
  MSG: The specified table (om_select_912) is not in the database.
[THREAD 7240 - 04/04/2018 13:43:29]
  NAME_SQL:
  COMMAND: DROP TABLE OM_SELECT_912
[THREAD 7240 - 04/04/2018 13:43:29]
  TRANSLATE: CREATE TEMP TABLE OM_SELECT_912 (COD_CLIENTE CHAR(15), NUM_OM INTEGER, COD_TRANSPOR CHAR(15))
[THREAD 7240 - 04/04/2018 13:43:29]
SQL START: EXECUTE 
[THREAD 7240 - 04/04/2018 13:43:29]
  STATUS:    0 ROWS AFFECTED:0 SID:625964
  COMMAND: CREATE TEMP TABLE OM_SELECT_912 (COD_CLIENTE CHAR(15), NUM_OM INTEGER, COD_TRANSPOR CHAR(15))
[THREAD 7240 - 04/04/2018 13:43:29]
  RUNNING TIME: 0.000
[THREAD 7240 - 04/04/2018 13:43:29]
  STATUS:    0 ROWS AFFECTED:0 SID:625964
  NAME_SQL:
  COMMAND: CREATE TEMP TABLE OM_SELECT_912 (COD_CLIENTE CHAR(15), NUM_OM INTEGER, COD_TRANSPOR CHAR(15))
[THREAD 7240 - 04/04/2018 13:43:29]
  TRANSLATE: CREATE INDEX IX_OM_SELECT_912 ON OM_SELECT_912 (COD_CLIENTE)
[THREAD 7240 - 04/04/2018 13:43:29]
SQL START: EXECUTE 
[THREAD 7240 - 04/04/2018 13:43:29]
  STATUS:    0 ROWS AFFECTED:0 SID:625964
  COMMAND: CREATE INDEX IX_OM_SELECT_912 ON OM_SELECT_912 (COD_CLIENTE)
[THREAD 7240 - 04/04/2018 13:43:29]
  RUNNING TIME: 0.000
[THREAD 7240 - 04/04/2018 13:43:29]
  STATUS:    0 ROWS AFFECTED:0 SID:625964
  NAME_SQL:
  COMMAND: CREATE INDEX IX_OM_SELECT_912 ON OM_SELECT_912 (COD_CLIENTE)
[THREAD 7240 - 04/04/2018 13:43:29]
  TRANSLATE: SELECT MAX(NUM_SOLICIT) FROM NUM_SOLICIT_970 WHERE COD_EMPRESA=?
[THREAD 7240 - 04/04/2018 13:43:29]
SQL START: EXECUTE
[THREAD 7240 - 04/04/2018 13:43:29]
  RUNNING TIME: 0.016
[THREAD 7240 - 04/04/2018 13:43:29]
  STATUS:    0 ROWS AFFECTED:1 SID:625964
  COMMAND: SELECT MAX(NUM_SOLICIT) FROM NUM_SOLICIT_970 WHERE COD_EMPRESA=?
[THREAD 7240 - 04/04/2018 13:43:29]
  USE: 1
    T:              CHAR(2) V: '01'
  INTO:1
    T:              INTEGER V: NULL
[DEBUG][FREEFORM][2018-04-04 13:43:29] [LBROWSEEX] BrowseLostFocus
[DEBUG][FREEFORM][2018-04-04 13:43:29] [LCOMPONENT] ExecuteValidEvent (Inicio)
[DEBUG][FREEFORM][2018-04-04 13:43:29] [LCOMPONENT] Acionando evento LOSTFOCUS após VALID com sucesso
[DEBUG][FREEFORM][2018-04-04 13:43:29] [LCOMPONENT] ExecuteLostFocusEvent (Inicio)
[DEBUG][FREEFORM][2018-04-04 13:43:29] [LCOMPONENT] ExecuteLostFocusEvent (Fim)
[DEBUG][FREEFORM][2018-04-04 13:43:29] [LCOMPONENT] Desativando Teclas de atalho do componente
[DEBUG][FREEFORM][2018-04-04 13:43:29] [LCOMPONENT] ExecuteValidEvent (Fim)
[DEBUG][FREEFORM][2018-04-04 13:43:31] [LBROWSEEX] BrowseGotFocus
[DEBUG][FREEFORM][2018-04-04 13:43:31] [LBROWSEEX] BeforeChangeRow - Linha: 1
[DEBUG][FREEFORM][2018-04-04 13:43:31] [LBROWSEEX] BeforeChangeRow --> Ignorado (nao houve mudanca de linha)
[DEBUG][FREEFORM][2018-04-04 13:43:31] [LCOMPONENT] ExecuteValidEvent (Inicio)
[DEBUG][FREEFORM][2018-04-04 13:43:31] [LCOMPONENT] Acionando evento VALID
[DEBUG][FREEFORM][2018-04-04 13:43:31] [LCOMPONENT] Status VALID = TRUE
[DEBUG][FREEFORM][2018-04-04 13:43:31] [LCOMPONENT] Acionando evento LOSTFOCUS após VALID com sucesso
[DEBUG][FREEFORM][2018-04-04 13:43:31] [LCOMPONENT] ExecuteLostFocusEvent (Inicio)
[DEBUG][FREEFORM][2018-04-04 13:43:31] [LCOMPONENT] ExecuteLostFocusEvent (Fim)
[DEBUG][FREEFORM][2018-04-04 13:43:31] [LCOMPONENT] Desativando Teclas de atalho do componente
[DEBUG][FREEFORM][2018-04-04 13:43:31] [LCOMPONENT] ExecuteValidEvent (Fim)
[DEBUG][FREEFORM][2018-04-04 13:43:31] [LBROWSEEX] headerClick
[DEBUG][FREEFORM][2018-04-04 13:43:31] [LBROWSEEX] headerClick (COLUMN)
[DEBUG][FREEFORM][2018-04-04 13:43:31] [LBROWSEEX] headerClick (COLUMN) --> Executado
[DEBUG][FREEFORM][2018-04-04 13:43:31] [LBROWSEEX] headerClick
[DEBUG][FREEFORM][2018-04-04 13:43:31] [LBROWSEEX] headerClick (COLUMN)
[DEBUG][FREEFORM][2018-04-04 13:43:31] [LBROWSEEX] headerClick (COLUMN) --> Executado
[DEBUG][FREEFORM][2018-04-04 13:43:42] [LBROWSEEX] BrowseLostFocus
[DEBUG][FREEFORM][2018-04-04 13:43:42] [LCOMPONENT] ExecuteValidEvent (Inicio)
[DEBUG][FREEFORM][2018-04-04 13:43:42] [LCOMPONENT] Acionando evento LOSTFOCUS após VALID com sucesso
[DEBUG][FREEFORM][2018-04-04 13:43:42] [LCOMPONENT] ExecuteLostFocusEvent (Inicio)
[DEBUG][FREEFORM][2018-04-04 13:43:42] [LCOMPONENT] ExecuteLostFocusEvent (Fim)
[DEBUG][FREEFORM][2018-04-04 13:43:42] [LCOMPONENT] Desativando Teclas de atalho do componente
[DEBUG][FREEFORM][2018-04-04 13:43:42] [LCOMPONENT] ExecuteValidEvent (Fim)
[THREAD 7240 - 04/04/2018 13:43:42]
  TRANSLATE: DELETE FROM OM_SELECT_912
[THREAD 7240 - 04/04/2018 13:43:42]
  RUNNING TIME: 0.000
[THREAD 7240 - 04/04/2018 13:43:42]
  STATUS:    0 ROWS AFFECTED:0 SID:625964
  COMMAND: DELETE FROM OM_SELECT_912
[THREAD 7240 - 04/04/2018 13:43:42]
  TRANSLATE: INSERT INTO OM_SELECT_912 VALUES(?, ?, ?)
[THREAD 7240 - 04/04/2018 13:43:42]
  RUNNING TIME: 0.000
[THREAD 7240 - 04/04/2018 13:43:42]
  STATUS:    0 ROWS AFFECTED:1 SID:625964
  COMMAND: INSERT INTO OM_SELECT_912 VALUES(?, ?, ?)
[THREAD 7240 - 04/04/2018 13:43:42]
  USE: 3
    T:             CHAR(15) V: '5702           '
    T:              INTEGER V: 397914
    T:             CHAR(15) V: '5702           '
[THREAD 7240 - 04/04/2018 13:43:42]
  TRANSLATE: INSERT INTO OM_SELECT_912 VALUES(?, ?, ?)
[THREAD 7240 - 04/04/2018 13:43:42]
  RUNNING TIME: 0.000
[THREAD 7240 - 04/04/2018 13:43:42]
  STATUS:    0 ROWS AFFECTED:1 SID:625964
  COMMAND: INSERT INTO OM_SELECT_912 VALUES(?, ?, ?)
[THREAD 7240 - 04/04/2018 13:43:42]
  USE: 3
    T:             CHAR(15) V: '5702           '
    T:              INTEGER V: 397915
    T:             CHAR(15) V: '5702           '
[THREAD 7240 - 04/04/2018 13:43:42]
  TRANSLATE: INSERT INTO OM_SELECT_912 VALUES(?, ?, ?)
[THREAD 7240 - 04/04/2018 13:43:42]
  RUNNING TIME: 0.000
[THREAD 7240 - 04/04/2018 13:43:42]
  STATUS:    0 ROWS AFFECTED:1 SID:625964
  COMMAND: INSERT INTO OM_SELECT_912 VALUES(?, ?, ?)
[THREAD 7240 - 04/04/2018 13:43:42]
  USE: 3
    T:             CHAR(15) V: '5702           '
    T:              INTEGER V: 397916
    T:             CHAR(15) V: '5702           '
[THREAD 7240 - 04/04/2018 13:43:42]
  TRANSLATE: INSERT INTO OM_SELECT_912 VALUES(?, ?, ?)
[THREAD 7240 - 04/04/2018 13:43:42]
  RUNNING TIME: 0.000
[THREAD 7240 - 04/04/2018 13:43:42]
  STATUS:    0 ROWS AFFECTED:1 SID:625964
  COMMAND: INSERT INTO OM_SELECT_912 VALUES(?, ?, ?)
[THREAD 7240 - 04/04/2018 13:43:42]
  USE: 3
    T:             CHAR(15) V: '5702           '
    T:              INTEGER V: 397917
    T:             CHAR(15) V: '5702           '
[THREAD 7240 - 04/04/2018 13:43:42]
  TRANSLATE: INSERT INTO OM_SELECT_912 VALUES(?, ?, ?)
[THREAD 7240 - 04/04/2018 13:43:42]
  RUNNING TIME: 0.000
[THREAD 7240 - 04/04/2018 13:43:42]
  STATUS:    0 ROWS AFFECTED:1 SID:625964
  COMMAND: INSERT INTO OM_SELECT_912 VALUES(?, ?, ?)
[THREAD 7240 - 04/04/2018 13:43:42]
  USE: 3
    T:             CHAR(15) V: '5702           '
    T:              INTEGER V: 397924
    T:             CHAR(15) V: '5702           '
[THREAD 7240 - 04/04/2018 13:43:42]
  TRANSLATE: SELECT COUNT (DISTINCT COD_TRANSPOR) FROM OM_SELECT_912
[THREAD 7240 - 04/04/2018 13:43:42]
SQL START: EXECUTE
[THREAD 7240 - 04/04/2018 13:43:42]
  RUNNING TIME: 0.000
[THREAD 7240 - 04/04/2018 13:43:42]
  STATUS:    0 ROWS AFFECTED:1 SID:625964
  COMMAND: SELECT COUNT (DISTINCT COD_TRANSPOR) FROM OM_SELECT_912
[THREAD 7240 - 04/04/2018 13:43:42]
  INTO:1
    T:              INTEGER V: 1
[DEBUG][FREEFORM][2018-04-04 13:43:46] [LCOMPONENT] ExecuteValidEvent (Inicio)
[DEBUG][FREEFORM][2018-04-04 13:43:46] [LCOMPONENT] Acionando evento VALID
[THREAD 7240 - 04/04/2018 13:43:46]
  TRANSLATE: SELECT DISTINCT TRANS_SOLIC_FATURA FROM FAT_SOLIC_MESTRE WHERE EMPRESA=? AND SOLICITACAO_FATURA=?
[THREAD 7240 - 04/04/2018 13:43:46]
SQL START: EXECUTE
[THREAD 7240 - 04/04/2018 13:43:46]
  RUNNING TIME: 0.000
[THREAD 7240 - 04/04/2018 13:43:46]
  STATUS:  100 ROWS AFFECTED:0 SID:625964
  COMMAND: SELECT DISTINCT TRANS_SOLIC_FATURA FROM FAT_SOLIC_MESTRE WHERE EMPRESA=? AND SOLICITACAO_FATURA=?
[THREAD 7240 - 04/04/2018 13:43:46]
  USE: 2
    T:              CHAR(2) V: '01'
    T:              INTEGER V: 1
  INTO:1
    T:              INTEGER V: 0
[DEBUG][FREEFORM][2018-04-04 13:43:46] [LCOMPONENT] Status VALID = FALSE
[DEBUG][FREEFORM][2018-04-04 13:43:46] [LCOMPONENT] ExecuteValidEvent (Fim)
[LOGIX] [THREAD] [EXECUTE] Sessao ID134156 finalizada.
