[LOGIX] [ESP0197][DEBUG] Arquivo de LOG gerado em "/totvs/logix/temp/log/admlog_20200123_144312/esp0197_00000_debug.log".
[LOGIX] Modo Debug FREEFORM ativado
[LOGIX] Modo Debug Framework ativado
[LOGIX] Modo DEBUG SQL ativado
----------------------------------- AMBIENTE -----------------------------------
SERVER BUILD.....: 7.00.131227A-20180425 - 13.1.3.34       
SERVER SO........: LINUX
SERVER INFO......: LINUX VERSION 2.6.32-71.EL6.X86_64 (MOCKBUILD@X86-007.BUILD.BOS.REDHAT.COM) (GCC VERSION 4.4.4 20100
 
CLIENT BUILD.....: 7.00.131227A-20180507
CLIENT TYPE......: SMARTCLIENT 08 E 10 WINDOWS
----------------------------------- EXECUCAO -----------------------------------
PACOTE ERP.......: 12.1.27
PACOTE FRAMEWORK.: 12.1.27.00 - 06/01/2020
 
PROCESSO.........: ESP0197
REVISAO..........: 
DATA.............: 
 
USUARIO..........: ADMLOG
EMPRESA..........: 01
 
FGLPROFILE.......: /totvs/logix/logixprofile.pro
--------------------------------------------------------------------------------
[LOGIX] [THREAD] [EXECUTE] Iniciando sessão ID144312 (esp0197) a partir da sessão pai MAIN_THREAD (MENU).
[LOGIX] ERRO: [LICENSE] Chave de sistema ? inválida no controle de licenças.
[LOGIX] ERRO: [LICENSE] Chave de sistema ? inválida no controle de licenças.
[LOGIX] [THREAD] THREAD MEMORY BEFORE RUNNING ESP0197 PROCESS: 3MB
[THREAD 24875 - 23/01/2020 14:43:12]
  TRANSLATE: LOGIX
  EXECUTE
  STATUS:0
  COMMAND: LOGIX
[THREAD 24875 - 23/01/2020 14:43:12]
  TRANSLATE: SET ISOLATION TO DIRTY READ
  EXECUTE
  4GL SOURCE: ESP0197.4GL  LINE: 160 
  STATUS:    0 ROWS AFFECTED:0 SID:830
  COMMAND: SET ISOLATION TO DIRTY READ
  RUNNING TIME: 0.001
  4GL SOURCE: ESP0197.4GL  LINE: 160 
  STATUS:    0 ROWS AFFECTED:0 SID:830
  NAME_SQL:
  COMMAND: SET ISOLATION TO DIRTY READ
[THREAD 24875 - 23/01/2020 14:43:12]
  TRANSLATE: SET LOCK MODE TO WAIT 180
  EXECUTE
  4GL SOURCE: ESP0197.4GL  LINE: 161 
  STATUS:    0 ROWS AFFECTED:0 SID:830
  COMMAND: SET LOCK MODE TO WAIT 180
  RUNNING TIME: 0.000
  4GL SOURCE: ESP0197.4GL  LINE: 161 
  STATUS:    0 ROWS AFFECTED:0 SID:830
  NAME_SQL:
  COMMAND: SET LOCK MODE TO WAIT 180
[THREAD 24875 - 23/01/2020 14:43:12]
  TRANSLATE: SELECT COD_EMPRESA FROM EMPRESA WHERE COD_EMPRESA=?
  EXECUTE
  RUNNING TIME: 0.001
  4GL SOURCE: LOG1400.4GL  LINE: 141 
  STATUS:    0 ROWS AFFECTED:1 SID:830
  COMMAND: SELECT COD_EMPRESA FROM EMPRESA WHERE COD_EMPRESA=?
  USE: 1
    T:              CHAR(2) V: '01'
[THREAD 24875 - 23/01/2020 14:43:12]
  TRANSLATE: SELECT PARAMETROS[77, 78] FROM PAR_LOGIX WHERE COD_EMPRESA=?
  EXECUTE
  RUNNING TIME: 0.001
  4GL SOURCE: LOG1400.4GL  LINE: 217 
  STATUS:    0 ROWS AFFECTED:1 SID:830
  COMMAND: SELECT PARAMETROS[77, 78] FROM PAR_LOGIX WHERE COD_EMPRESA=?
  USE: 1
    T:              CHAR(2) V: '01'
  INTO:1
    T:              CHAR(2) V: '  '
[THREAD 24875 - 23/01/2020 14:43:12]
  TRANSLATE: SELECT SID,                   DBINFO('UTC_TO_DATETIME',CONNECTED),                   USERNAME,                   DBINFO('VERSION','FULL'),                   DBINFO('DBNAME')                            FROM SYSMASTER:SYSSESSIONS            WHERE SID = DBINFO('SESSIONID')
  SQLBLOCK
  RUNNING TIME: 0.002
  4GL SOURCE: DBINFO.4GL
  STATUS:    0 ROWS AFFECTED:1 SID:830
  COMMAND: SELECT SID,                   DBINFO('UTC_TO_DATETIME',CONNECTED),                   USERNAME,                   DBINFO('VERSION','FULL'),                   DBINFO('DBNAME')                            FROM SYSMASTER:SYSSESSIONS            WHERE SID = DBINFO('SESSIONID')
  INTO:5
    T:        DECIMAL(10,0) V: 830
    T:             DATETIME V: 2020-01-23 14:43:12                                                                                                                                                                                                                                            
    T:             CHAR(50) V: 'informix                                          '
    T:            CHAR(200) V: 'IBM Informix Dynamic Server Version 11.70.FC2GE                                                                                                                                                         '
    T:            CHAR(100) V: 'logix                                                                                               '
[THREAD 24875 - 23/01/2020 14:43:12]
  TRANSLATE: SET LOCK MODE TO WAIT 
  EXECUTE
  4GL SOURCE: LOG0010.4GL  LINE: 1622 
  STATUS:    0 ROWS AFFECTED:0 SID:830
  COMMAND: SET LOCK MODE TO WAIT 
  RUNNING TIME: 0.000
  4GL SOURCE: LOG0010.4GL  LINE: 1622 
  STATUS:    0 ROWS AFFECTED:0 SID:830
  NAME_SQL:
  COMMAND: SET LOCK MODE TO WAIT 
[THREAD 24875 - 23/01/2020 14:43:12]
  TRANSLATE: SET ISOLATION TO DIRTY READ
  EXECUTE
  4GL SOURCE: LOG1400.4GL  LINE: 239 
  STATUS:    0 ROWS AFFECTED:0 SID:830
  COMMAND: SET ISOLATION TO DIRTY READ
  RUNNING TIME: 0.000
  4GL SOURCE: LOG1400.4GL  LINE: 239 
  STATUS:    0 ROWS AFFECTED:0 SID:830
  NAME_SQL:
  COMMAND: SET ISOLATION TO DIRTY READ
[THREAD 24875 - 23/01/2020 14:43:12]
  TRANSLATE: SELECT FORM_VERSION,FORM_RELEASE,FORM_MODIFICATION FROM FRM_FORM WHERE FORM_NAME=?
  EXECUTE
  RUNNING TIME: 0.001
  4GL SOURCE: LOG0010.4GL  LINE: 2427 
  STATUS:  100 ROWS AFFECTED:0 SID:830
  COMMAND: SELECT FORM_VERSION,FORM_RELEASE,FORM_MODIFICATION FROM FRM_FORM WHERE FORM_NAME=?
  USE: 1
    T:             CHAR(15) V: 'esp0197        '
  INTO:3
    T:              CHAR(2) V: 'NULL'
    T:              CHAR(5) V: 'NULL'
    T:             CHAR(10) V: 'NULL'
[LOGIX] [VERSION] Aplicação: ESP0197 Versão: ? Ult. Modificação: 2019-11-14 11:06:21
[THREAD 24875 - 23/01/2020 14:43:12]
  DECLARE
  RUNNING TIME: 0.001
  4GL SOURCE: SYSTEMKEY.4GL  LINE: 67 
  STATUS:    0 ROWS AFFECTED:0 SID:830
  NAME_FGL:SYSTEMKEY.CM_ADJUSTSYSTEMKEY
  NAME_SQL:cu0
  COMMAND: SELECT SISTEMAS_LOGIX.COD_SISTEMA FROM SISTEMAS_LOGIX WHERE SISTEMAS_LOGIX.CHAVE_SISTEMA='?' OR SISTEMAS_LOGIX.CHAVE_SISTEMA IS NULL OR SISTEMAS_LOGIX.CHAVE_SISTEMA=' '
[THREAD 24875 - 23/01/2020 14:43:12]
  OPEN 
  RUNNING TIME: 0.001
  4GL SOURCE: SYSTEMKEY.4GL  LINE: 74 
  STATUS:    0 ROWS AFFECTED:1 SID:830
  NAME_FGL:SYSTEMKEY.CM_ADJUSTSYSTEMKEY
  NAME_SQL:cu0
  COMMAND: SELECT SISTEMAS_LOGIX.COD_SISTEMA FROM SISTEMAS_LOGIX WHERE SISTEMAS_LOGIX.CHAVE_SISTEMA='?' OR SISTEMAS_LOGIX.CHAVE_SISTEMA IS NULL OR SISTEMAS_LOGIX.CHAVE_SISTEMA=' '
[THREAD 24875 - 23/01/2020 14:43:12]
  FETCH
  RUNNING TIME: 0.000
  4GL SOURCE: SYSTEMKEY.4GL  LINE: 74 
  STATUS:    0 ROWS AFFECTED:1 SID:830
  NAME_FGL:SYSTEMKEY.CM_ADJUSTSYSTEMKEY
  NAME_SQL:cu0
  INTO:1
    T:              INTEGER V: 71
[THREAD 24875 - 23/01/2020 14:43:12]
  FETCH
  RUNNING TIME: 0.000
  4GL SOURCE: SYSTEMKEY.4GL  LINE: 74 
  STATUS:    0 ROWS AFFECTED:1 SID:830
  NAME_FGL:SYSTEMKEY.CM_ADJUSTSYSTEMKEY
  NAME_SQL:cu0
  INTO:1
    T:              INTEGER V: 69
[THREAD 24875 - 23/01/2020 14:43:12]
  FETCH
  RUNNING TIME: 0.000
  4GL SOURCE: SYSTEMKEY.4GL  LINE: 74 
  STATUS:    0 ROWS AFFECTED:1 SID:830
  NAME_FGL:SYSTEMKEY.CM_ADJUSTSYSTEMKEY
  NAME_SQL:cu0
  INTO:1
    T:              INTEGER V: 631
[THREAD 24875 - 23/01/2020 14:43:12]
  FETCH
  RUNNING TIME: 0.000
  4GL SOURCE: SYSTEMKEY.4GL  LINE: 74 
  STATUS:    0 ROWS AFFECTED:1 SID:830
  NAME_FGL:SYSTEMKEY.CM_ADJUSTSYSTEMKEY
  NAME_SQL:cu0
  INTO:1
    T:              INTEGER V: 636
[THREAD 24875 - 23/01/2020 14:43:12]
  FETCH
  RUNNING TIME: 0.000
  4GL SOURCE: SYSTEMKEY.4GL  LINE: 74 
  STATUS:    0 ROWS AFFECTED:1 SID:830
  NAME_FGL:SYSTEMKEY.CM_ADJUSTSYSTEMKEY
  NAME_SQL:cu0
  INTO:1
    T:              INTEGER V: 665
[THREAD 24875 - 23/01/2020 14:43:12]
  FETCH
  RUNNING TIME: 0.000
  4GL SOURCE: SYSTEMKEY.4GL  LINE: 74 
  STATUS:    0 ROWS AFFECTED:1 SID:830
  NAME_FGL:SYSTEMKEY.CM_ADJUSTSYSTEMKEY
  NAME_SQL:cu0
  INTO:1
    T:              INTEGER V: 900
[THREAD 24875 - 23/01/2020 14:43:12]
  FETCH
  RUNNING TIME: 0.000
  4GL SOURCE: SYSTEMKEY.4GL  LINE: 74 
  STATUS:    0 ROWS AFFECTED:1 SID:830
  NAME_FGL:SYSTEMKEY.CM_ADJUSTSYSTEMKEY
  NAME_SQL:cu0
  INTO:1
    T:              INTEGER V: 210
[THREAD 24875 - 23/01/2020 14:43:12]
  FETCH
  RUNNING TIME: 0.000
  4GL SOURCE: SYSTEMKEY.4GL  LINE: 74 
  STATUS:    0 ROWS AFFECTED:1 SID:830
  NAME_FGL:SYSTEMKEY.CM_ADJUSTSYSTEMKEY
  NAME_SQL:cu0
  INTO:1
    T:              INTEGER V: 220
[THREAD 24875 - 23/01/2020 14:43:12]
  FETCH
  RUNNING TIME: 0.000
  4GL SOURCE: SYSTEMKEY.4GL  LINE: 74 
  STATUS:    0 ROWS AFFECTED:1 SID:830
  NAME_FGL:SYSTEMKEY.CM_ADJUSTSYSTEMKEY
  NAME_SQL:cu0
  INTO:1
    T:              INTEGER V: 630
[THREAD 24875 - 23/01/2020 14:43:12]
  FETCH
  RUNNING TIME: 0.000
  4GL SOURCE: SYSTEMKEY.4GL  LINE: 74 
  STATUS:    0 ROWS AFFECTED:1 SID:830
  NAME_FGL:SYSTEMKEY.CM_ADJUSTSYSTEMKEY
  NAME_SQL:cu0
  INTO:1
    T:              INTEGER V: 600
[THREAD 24875 - 23/01/2020 14:43:12]
  FETCH
  RUNNING TIME: 0.000
  4GL SOURCE: SYSTEMKEY.4GL  LINE: 74 
  STATUS:    0 ROWS AFFECTED:1 SID:830
  NAME_FGL:SYSTEMKEY.CM_ADJUSTSYSTEMKEY
  NAME_SQL:cu0
  INTO:1
    T:              INTEGER V: 601
[THREAD 24875 - 23/01/2020 14:43:12]
  FETCH
  RUNNING TIME: 0.000
  4GL SOURCE: SYSTEMKEY.4GL  LINE: 74 
  STATUS:    0 ROWS AFFECTED:1 SID:830
  NAME_FGL:SYSTEMKEY.CM_ADJUSTSYSTEMKEY
  NAME_SQL:cu0
  INTO:1
    T:              INTEGER V: 608
[THREAD 24875 - 23/01/2020 14:43:12]
  FETCH
  RUNNING TIME: 0.001
  4GL SOURCE: SYSTEMKEY.4GL  LINE: 74 
  STATUS:    0 ROWS AFFECTED:1 SID:830
  NAME_FGL:SYSTEMKEY.CM_ADJUSTSYSTEMKEY
  NAME_SQL:cu0
  INTO:1
    T:              INTEGER V: 616
[THREAD 24875 - 23/01/2020 14:43:12]
  FETCH
  RUNNING TIME: 0.000
  4GL SOURCE: SYSTEMKEY.4GL  LINE: 74 
  STATUS:    0 ROWS AFFECTED:1 SID:830
  NAME_FGL:SYSTEMKEY.CM_ADJUSTSYSTEMKEY
  NAME_SQL:cu0
  INTO:1
    T:              INTEGER V: 617
[THREAD 24875 - 23/01/2020 14:43:12]
  FETCH
  RUNNING TIME: 0.000
  4GL SOURCE: SYSTEMKEY.4GL  LINE: 74 
  STATUS:    0 ROWS AFFECTED:1 SID:830
  NAME_FGL:SYSTEMKEY.CM_ADJUSTSYSTEMKEY
  NAME_SQL:cu0
  INTO:1
    T:              INTEGER V: 705
[THREAD 24875 - 23/01/2020 14:43:12]
  FETCH
  RUNNING TIME: 0.000
  4GL SOURCE: SYSTEMKEY.4GL  LINE: 74 
  STATUS:    0 ROWS AFFECTED:1 SID:830
  NAME_FGL:SYSTEMKEY.CM_ADJUSTSYSTEMKEY
  NAME_SQL:cu0
  INTO:1
    T:              INTEGER V: 902
[THREAD 24875 - 23/01/2020 14:43:12]
  FETCH
  RUNNING TIME: 0.000
  4GL SOURCE: SYSTEMKEY.4GL  LINE: 74 
  STATUS:    0 ROWS AFFECTED:1 SID:830
  NAME_FGL:SYSTEMKEY.CM_ADJUSTSYSTEMKEY
  NAME_SQL:cu0
  INTO:1
    T:              INTEGER V: 564
[THREAD 24875 - 23/01/2020 14:43:12]
  FETCH
  RUNNING TIME: 0.000
  4GL SOURCE: SYSTEMKEY.4GL  LINE: 74 
  STATUS:    0 ROWS AFFECTED:1 SID:830
  NAME_FGL:SYSTEMKEY.CM_ADJUSTSYSTEMKEY
  NAME_SQL:cu0
  INTO:1
    T:              INTEGER V: 543
[THREAD 24875 - 23/01/2020 14:43:12]
  FETCH
  RUNNING TIME: 0.000
  4GL SOURCE: SYSTEMKEY.4GL  LINE: 74 
  STATUS:    0 ROWS AFFECTED:1 SID:830
  NAME_FGL:SYSTEMKEY.CM_ADJUSTSYSTEMKEY
  NAME_SQL:cu0
  INTO:1
    T:              INTEGER V: 930
[THREAD 24875 - 23/01/2020 14:43:12]
  FETCH
  RUNNING TIME: 0.000
  4GL SOURCE: SYSTEMKEY.4GL  LINE: 74 
  STATUS:    0 ROWS AFFECTED:1 SID:830
  NAME_FGL:SYSTEMKEY.CM_ADJUSTSYSTEMKEY
  NAME_SQL:cu0
  INTO:1
    T:              INTEGER V: 990
[THREAD 24875 - 23/01/2020 14:43:12]
  FETCH
  RUNNING TIME: 0.000
  4GL SOURCE: SYSTEMKEY.4GL  LINE: 74 
  STATUS:  100 ROWS AFFECTED:0 SID:830
  NAME_FGL:SYSTEMKEY.CM_ADJUSTSYSTEMKEY
  NAME_SQL:cu0
  COMMAND: SELECT SISTEMAS_LOGIX.COD_SISTEMA FROM SISTEMAS_LOGIX WHERE SISTEMAS_LOGIX.CHAVE_SISTEMA='?' OR SISTEMAS_LOGIX.CHAVE_SISTEMA IS NULL OR SISTEMAS_LOGIX.CHAVE_SISTEMA=' '
  INTO:1
    T:              INTEGER V: 990
[THREAD 24875 - 23/01/2020 14:43:12]
  CLOSE 
  RUNNING TIME: 0.000
  4GL SOURCE: SYSTEMKEY.4GL  LINE: 74 
  STATUS:    0 ROWS AFFECTED:0 SID:830
  NAME_FGL:SYSTEMKEY.CM_ADJUSTSYSTEMKEY
  NAME_SQL:cu0
[THREAD 24875 - 23/01/2020 14:43:12]
  FREE 
  RUNNING TIME: 0.000
  4GL SOURCE: SYSTEMKEY.4GL  LINE: 92 
  STATUS:    0 ROWS AFFECTED:0 SID:830
  NAME_FGL:SYSTEMKEY.CM_ADJUSTSYSTEMKEY
  NAME_SQL:cu0
[LOGIX] ERRO: [LICENSE] Chave de sistema ESPEC999 inválida no controle de licenças.
[LOGIX] ERRO: [LICENSE] Chave de sistema ESPEC999 inválida no controle de licenças.
[THREAD 24875 - 23/01/2020 14:43:12]
  TRANSLATE: SELECT COD_EMPRESA FROM EMPRESA WHERE COD_EMPRESA=?
  EXECUTE
  RUNNING TIME: 0.002
  4GL SOURCE: LOG0010.4GL  LINE: 724 
  STATUS:    0 ROWS AFFECTED:1 SID:830
  COMMAND: SELECT COD_EMPRESA FROM EMPRESA WHERE COD_EMPRESA=?
  USE: 1
    T:              CHAR(2) V: '01'
[THREAD 24875 - 23/01/2020 14:43:12]
  TRANSLATE: DELETE FROM log_dados_sessao_logix WHERE log_dados_sessao_logix.usuario IN ('admlog','newlogin') AND NOT  EXISTS (SELECT 1 FROM sysmaster:syssessions ss WHERE ss.sid = log_dados_sessao_logix.sid)
  PREPARE
  RUNNING TIME: 0.001
  4GL SOURCE: LOG0010.4GL  LINE: 2161 
  STATUS:    0 ROWS AFFECTED:0 SID:830
  NAME_FGL:STMT_LOG0010_DELSESSION
  NAME_SQL:cu0
  COMMAND: DELETE FROM log_dados_sessao_logix WHERE log_dados_sessao_logix.usuario IN ('admlog','newlogin') AND NOT  EXISTS (SELECT 1 FROM sysmaster:syssessions ss WHERE ss.sid = log_dados_sessao_logix.sid)
[THREAD 24875 - 23/01/2020 14:43:12]
  EXECUTE
  4GL SOURCE: LOG0010.4GL  LINE: 2162 
  STATUS:    0 ROWS AFFECTED:0 SID:830
  COMMAND: DELETE FROM log_dados_sessao_logix WHERE log_dados_sessao_logix.usuario IN ('admlog','newlogin') AND NOT  EXISTS (SELECT 1 FROM sysmaster:syssessions ss WHERE ss.sid = log_dados_sessao_logix.sid)
  RUNNING TIME: 0.004
  4GL SOURCE: LOG0010.4GL  LINE: 2162 
  STATUS:    0 ROWS AFFECTED:0 SID:830
  NAME_FGL:STMT_LOG0010_DELSESSION
  NAME_SQL:cu0
  COMMAND: DELETE FROM log_dados_sessao_logix WHERE log_dados_sessao_logix.usuario IN ('admlog','newlogin') AND NOT  EXISTS (SELECT 1 FROM sysmaster:syssessions ss WHERE ss.sid = log_dados_sessao_logix.sid)
[THREAD 24875 - 23/01/2020 14:43:12]
  TRANSLATE: INSERT INTO LOG_DADOS_SESSAO_LOGIX (SID, DAT_EXECUCAO, USUARIO, PROGRAMA, ORIGEM) VALUES(?, ?, ?, ?, ?)
  RUNNING TIME: 0.002
  4GL SOURCE: LOG0010.4GL  LINE: 1883 
  STATUS:    0 ROWS AFFECTED:1 SID:830
  COMMAND: INSERT INTO LOG_DADOS_SESSAO_LOGIX (SID, DAT_EXECUCAO, USUARIO, PROGRAMA, ORIGEM) VALUES(?, ?, ?, ?, ?)
  USE: 5
    T:              INTEGER V: 830
    T:             DATETIME V: 2020-01-23 14:43:12                                                                                                                                                                                                                                            
    T:              CHAR(8) V: 'admlog  '
    T:             CHAR(15) V: 'esp0197        '
    T:            CHAR(100) V: 'DESKTOP-7K52SOV:192.168.0.56|192.168.0.99|4322|24875|                                               '
[THREAD 24875 - 23/01/2020 14:43:12]
  TRANSLATE: SELECT USUARIO,QTD_MAX_PROC_USU,IDIOMA,NIVEL_ACESSO,MANTEM_PESQ_RELAC,CPF_LOGIN,LICENCA_FULL_DETERMINADO,USUARIO_ATENDIMENTO_URA,GRUPO_ATENDIMENTO_URA,UTILIZA_INTEGRACAO_CTI,CONTA_EMAIL,SENHA_EMAIL,CONTA_AD,DOMINIO_REDE,COD_IDM,TIP_AUTENTICACAO FROM LOG_USUARIOS_COMPL WHERE LOG_USUARIOS_COMPL.USUARIO=?
  EXECUTE
  RUNNING TIME: 0.001
  4GL SOURCE: LOGM21.4GL  LINE: 370 
  STATUS:    0 ROWS AFFECTED:1 SID:830
  COMMAND: SELECT USUARIO,QTD_MAX_PROC_USU,IDIOMA,NIVEL_ACESSO,MANTEM_PESQ_RELAC,CPF_LOGIN,LICENCA_FULL_DETERMINADO,USUARIO_ATENDIMENTO_URA,GRUPO_ATENDIMENTO_URA,UTILIZA_INTEGRACAO_CTI,CONTA_EMAIL,SENHA_EMAIL,CONTA_AD,DOMINIO_REDE,COD_IDM,TIP_AUTENTICACAO FROM LOG_USUARIOS_COMPL WHERE LOG_USUARIOS_COMPL.USUARIO=?
  USE: 1
    T:              CHAR(8) V: 'admlog  '
  INTO:16
    T:              CHAR(8) V: 'admlog  '
    T:              INTEGER V: 10
    T:              INTEGER V: 1
    T:              INTEGER V: 0
    T:              CHAR(1) V: 'N'
    T:             CHAR(11) V: 'NULL'
    T:              CHAR(1) V: '1'
    T:             CHAR(20) V: 'NULL'
    T:             CHAR(20) V: 'NULL'
    T:              CHAR(1) V: 'N'
    T:             CHAR(25) V: 'NULL'
    T:             CHAR(80) V: 'NULL'
    T:             CHAR(25) V: 'NULL'
    T:             CHAR(20) V: 'NULL'
    T:             CHAR(32) V: 'NULL'
    T:              CHAR(1) V: 'NULL'
[THREAD 24875 - 23/01/2020 14:43:12]
  TRANSLATE: SELECT COD_USUARIO,COD_EMPRESA_PADRAO,COD_IMPRESS_PADRAO,NOM_FUNCIONARIO,NUM_TELEFONE,NUM_RAMAL,NUM_FAX,E_MAIL,QTD_MAX_USUARIOS,IND_ADMLOG,GRUPO_PADRAO,DAT_INCLUSAO FROM USUARIOS WHERE USUARIOS.COD_USUARIO=?
  EXECUTE
  RUNNING TIME: 0.001
  4GL SOURCE: MENM1.4GL  LINE: 213 
  STATUS:    0 ROWS AFFECTED:1 SID:830
  COMMAND: SELECT COD_USUARIO,COD_EMPRESA_PADRAO,COD_IMPRESS_PADRAO,NOM_FUNCIONARIO,NUM_TELEFONE,NUM_RAMAL,NUM_FAX,E_MAIL,QTD_MAX_USUARIOS,IND_ADMLOG,GRUPO_PADRAO,DAT_INCLUSAO FROM USUARIOS WHERE USUARIOS.COD_USUARIO=?
  USE: 1
    T:              CHAR(8) V: 'admlog  '
  INTO:12
    T:              CHAR(8) V: 'admlog  '
    T:              CHAR(2) V: '01'
    T:            CHAR(200) V: 'padrao                                                                                                                                                                                                  '
    T:             CHAR(30) V: 'ADMINISTRADOR LOGIX           '
    T:             CHAR(20) V: 'NULL'
    T:              CHAR(5) V: 'NULL'
    T:             CHAR(30) V: 'NULL'
    T:            CHAR(150) V: 'mtomaz@maxdel.ind.br                                                                                                                                  '
    T:              INTEGER V: 5
    T:              CHAR(1) V: 'S'
    T:              CHAR(8) V: 'NULL'
    T:                 DATE V: NULL
[THREAD 24875 - 23/01/2020 14:43:12]
  TRANSLATE: SELECT USUARIO,HOR_INICIAL_ACESSO,HOR_FINAL_ACESSO FROM LOG_PAR_LOGIN_USU WHERE USUARIO=?
  EXECUTE
  RUNNING TIME: 0.001
  4GL SOURCE: LOGIN.4GL  LINE: 424 
  STATUS:    0 ROWS AFFECTED:1 SID:830
  COMMAND: SELECT USUARIO,HOR_INICIAL_ACESSO,HOR_FINAL_ACESSO FROM LOG_PAR_LOGIN_USU WHERE USUARIO=?
  USE: 1
    T:              CHAR(8) V: 'admlog  '
  INTO:3
    T:              CHAR(8) V: 'admlog  '
    T:             DATETIME V: NULL
    T:             DATETIME V: NULL
[THREAD 24875 - 23/01/2020 14:43:12]
  TRANSLATE: DELETE FROM LOG_USU_EXP_LOGIN WHERE USUARIO=? AND DAT_HOR_LOGIN<?
  RUNNING TIME: 0.001
  4GL SOURCE: LOGIN.4GL  LINE: 487 
  STATUS:    0 ROWS AFFECTED:0 SID:830
  COMMAND: DELETE FROM LOG_USU_EXP_LOGIN WHERE USUARIO=? AND DAT_HOR_LOGIN<?
  USE: 2
    T:              CHAR(8) V: 'admlog  '
    T:             DATETIME V: 2020-01-23 14:43:12                                                                                                                                                                                                                                            
[THREAD 24875 - 23/01/2020 14:43:12]
  TRANSLATE: SELECT 1 FROM LOG_USU_EXP_LOGIN WHERE USUARIO=? AND DAT_HOR_LOGIN>=?
  EXECUTE
  RUNNING TIME: 0.001
  4GL SOURCE: LOGIN.4GL  LINE: 497 
  STATUS:  100 ROWS AFFECTED:0 SID:830
  COMMAND: SELECT 1 FROM LOG_USU_EXP_LOGIN WHERE USUARIO=? AND DAT_HOR_LOGIN>=?
  USE: 2
    T:              CHAR(8) V: 'admlog  '
    T:             DATETIME V: 2020-01-23 14:43:12                                                                                                                                                                                                                                            
[THREAD 24875 - 23/01/2020 14:43:12]
  DECLARE
  RUNNING TIME: 0.002
  4GL SOURCE: LOGIN.4GL  LINE: 522 
  STATUS:    0 ROWS AFFECTED:0 SID:830
  NAME_FGL:LOGIN.CQ_USUARIO_BLOQUEADO
  NAME_SQL:cu1
  COMMAND: SELECT A.USUARIO, A.SEQUENCIA_BLOQUEIO, A.MOTIVO_BLOQUEIO, C.DES_MOTIVO_BLOQ, A.DAT_HORA_BLOQUEIO, A.USUARIO_BLOQUEIO, A.DAT_INI_BLOQUEIO, A.DAT_FIM_BLOQUEIO FROM LOG_USU_BLOQ A,LOG_BLOQUEIOS B,OUTER LOG_MOTIVOS_BLOQ C WHERE A.USUARIO=? AND A.USUARIO=B.USUARIO AND A.SEQUENCIA_BLOQUEIO=B.SEQUENCIA_BLOQUEIO AND A.DAT_INI_BLOQUEIO<=? AND A.DAT_FIM_BLOQUEIO IS NULL AND C.MOTIVO_BLOQ=A.MOTIVO_BLOQUEIO UNION SELECT A.USUARIO, A.SEQUENCIA_BLOQUEIO, A.MOTIVO_BLOQUEIO, C.DES_MOTIVO_BLOQ, A.DAT_HORA_BLOQUEIO, A.USUARIO_BLOQUEIO, A.DAT_INI_BLOQUEIO, A.DAT_FIM_BLOQUEIO FROM LOG_USU_BLOQ A,LOG_BLOQUEIOS B,OUTER LOG_MOTIVOS_BLOQ C WHERE A.USUARIO=? AND A.USUARIO=B.USUARIO AND A.SEQUENCIA_BLOQUEIO=B.SEQUENCIA_BLOQUEIO AND A.DAT_FIM_BLOQUEIO IS NOT NULL AND ? BETWEEN A.DAT_INI_BLOQUEIO AND A.DAT_FIM_BLOQUEIO AND C.MOTIVO_BLOQ=A.MOTIVO_BLOQUEIO ORDER BY 2
[THREAD 24875 - 23/01/2020 14:43:12]
  OPEN 
  RUNNING TIME: 0.003
  4GL SOURCE: LOGIN.4GL  LINE: 566 
  STATUS:    0 ROWS AFFECTED:1 SID:830
  NAME_FGL:LOGIN.CQ_USUARIO_BLOQUEADO
  NAME_SQL:cu1
  COMMAND: SELECT A.USUARIO, A.SEQUENCIA_BLOQUEIO, A.MOTIVO_BLOQUEIO, C.DES_MOTIVO_BLOQ, A.DAT_HORA_BLOQUEIO, A.USUARIO_BLOQUEIO, A.DAT_INI_BLOQUEIO, A.DAT_FIM_BLOQUEIO FROM LOG_USU_BLOQ A,LOG_BLOQUEIOS B,OUTER LOG_MOTIVOS_BLOQ C WHERE A.USUARIO=? AND A.USUARIO=B.USUARIO AND A.SEQUENCIA_BLOQUEIO=B.SEQUENCIA_BLOQUEIO AND A.DAT_INI_BLOQUEIO<=? AND A.DAT_FIM_BLOQUEIO IS NULL AND C.MOTIVO_BLOQ=A.MOTIVO_BLOQUEIO UNION SELECT A.USUARIO, A.SEQUENCIA_BLOQUEIO, A.MOTIVO_BLOQUEIO, C.DES_MOTIVO_BLOQ, A.DAT_HORA_BLOQUEIO, A.USUARIO_BLOQUEIO, A.DAT_INI_BLOQUEIO, A.DAT_FIM_BLOQUEIO FROM LOG_USU_BLOQ A,LOG_BLOQUEIOS B,OUTER LOG_MOTIVOS_BLOQ C WHERE A.USUARIO=? AND A.USUARIO=B.USUARIO AND A.SEQUENCIA_BLOQUEIO=B.SEQUENCIA_BLOQUEIO AND A.DAT_FIM_BLOQUEIO IS NOT NULL AND ? BETWEEN A.DAT_INI_BLOQUEIO AND A.DAT_FIM_BLOQUEIO AND C.MOTIVO_BLOQ=A.MOTIVO_BLOQUEIO ORDER BY 2
  USE: 4
    T:              CHAR(8) V: 'admlog  '
    T:                 DATE V: 23/01/2020                                                                                                                                                                                                                                                     
    T:              CHAR(8) V: 'admlog  '
    T:                 DATE V: 23/01/2020                                                                                                                                                                                                                                                     
[THREAD 24875 - 23/01/2020 14:43:12]
  FETCH
  RUNNING TIME: 0.000
  4GL SOURCE: LOGIN.4GL  LINE: 566 
  STATUS:  100 ROWS AFFECTED:0 SID:830
  NAME_FGL:LOGIN.CQ_USUARIO_BLOQUEADO
  NAME_SQL:cu1
  COMMAND: SELECT A.USUARIO, A.SEQUENCIA_BLOQUEIO, A.MOTIVO_BLOQUEIO, C.DES_MOTIVO_BLOQ, A.DAT_HORA_BLOQUEIO, A.USUARIO_BLOQUEIO, A.DAT_INI_BLOQUEIO, A.DAT_FIM_BLOQUEIO FROM LOG_USU_BLOQ A,LOG_BLOQUEIOS B,OUTER LOG_MOTIVOS_BLOQ C WHERE A.USUARIO=? AND A.USUARIO=B.USUARIO AND A.SEQUENCIA_BLOQUEIO=B.SEQUENCIA_BLOQUEIO AND A.DAT_INI_BLOQUEIO<=? AND A.DAT_FIM_BLOQUEIO IS NULL AND C.MOTIVO_BLOQ=A.MOTIVO_BLOQUEIO UNION SELECT A.USUARIO, A.SEQUENCIA_BLOQUEIO, A.MOTIVO_BLOQUEIO, C.DES_MOTIVO_BLOQ, A.DAT_HORA_BLOQUEIO, A.USUARIO_BLOQUEIO, A.DAT_INI_BLOQUEIO, A.DAT_FIM_BLOQUEIO FROM LOG_USU_BLOQ A,LOG_BLOQUEIOS B,OUTER LOG_MOTIVOS_BLOQ C WHERE A.USUARIO=? AND A.USUARIO=B.USUARIO AND A.SEQUENCIA_BLOQUEIO=B.SEQUENCIA_BLOQUEIO AND A.DAT_FIM_BLOQUEIO IS NOT NULL AND ? BETWEEN A.DAT_INI_BLOQUEIO AND A.DAT_FIM_BLOQUEIO AND C.MOTIVO_BLOQ=A.MOTIVO_BLOQUEIO ORDER BY 2
  INTO:8
    T:              CHAR(8) V: 'NULL'
    T:              INTEGER V: NULL
    T:              INTEGER V: NULL
    T:             CHAR(76) V: 'NULL'
    T:             DATETIME V: NULL
    T:              CHAR(8) V: 'NULL'
    T:                 DATE V: NULL
    T:                 DATE V: NULL
[THREAD 24875 - 23/01/2020 14:43:12]
  CLOSE 
  RUNNING TIME: 0.000
  4GL SOURCE: LOGIN.4GL  LINE: 566 
  STATUS:    0 ROWS AFFECTED:0 SID:830
  NAME_FGL:LOGIN.CQ_USUARIO_BLOQUEADO
  NAME_SQL:cu1
[THREAD 24875 - 23/01/2020 14:43:12]
  FREE 
  RUNNING TIME: 0.000
  4GL SOURCE: LOGIN.4GL  LINE: 625 
  STATUS:    0 ROWS AFFECTED:0 SID:830
  NAME_FGL:LOGIN.CQ_USUARIO_BLOQUEADO
  NAME_SQL:cu1
[THREAD 24875 - 23/01/2020 14:43:13]
  TRANSLATE: SELECT 1 FROM USUARIO_SENHA WHERE COD_USUARIO=?
  EXECUTE
  RUNNING TIME: 0.000
  4GL SOURCE: LOGIN.4GL  LINE: 1197 
  STATUS:    0 ROWS AFFECTED:1 SID:830
  COMMAND: SELECT 1 FROM USUARIO_SENHA WHERE COD_USUARIO=?
  USE: 1
    T:              CHAR(8) V: 'admlog  '
[THREAD 24875 - 23/01/2020 14:43:13]
  TRANSLATE: SELECT FORM_VERSION,FORM_RELEASE,FORM_MODIFICATION FROM FRM_FORM WHERE FORM_NAME=?
  EXECUTE
  RUNNING TIME: 0.001
  4GL SOURCE: LOG0010.4GL  LINE: 2427 
  STATUS:  100 ROWS AFFECTED:0 SID:830
  COMMAND: SELECT FORM_VERSION,FORM_RELEASE,FORM_MODIFICATION FROM FRM_FORM WHERE FORM_NAME=?
  USE: 1
    T:             CHAR(15) V: 'liclogix       '
  INTO:3
    T:              CHAR(2) V: 'NULL'
    T:              CHAR(5) V: 'NULL'
    T:             CHAR(10) V: 'NULL'
[LOGIX] [VERSION] Aplicação: LICLOGIX Versão: 12.1.27.55   Liberação: 26/01/16 18:00 Ult. Modificação: 2018-05-24 13:01:31
[THREAD 24875 - 23/01/2020 14:43:13]
  TRANSLATE: SELECT LOG_VERSAO_PRG.NUM_VERSAO,LOG_VERSAO_PRG.VERSAO_FORMULARIO FROM LOG_VERSAO_PRG WHERE LOG_VERSAO_PRG.NUM_PROGRAMA=?
  EXECUTE
  RUNNING TIME: 0.001
  4GL SOURCE: LOG0010.4GL  LINE: 2517 
  STATUS:  100 ROWS AFFECTED:0 SID:830
  COMMAND: SELECT LOG_VERSAO_PRG.NUM_VERSAO,LOG_VERSAO_PRG.VERSAO_FORMULARIO FROM LOG_VERSAO_PRG WHERE LOG_VERSAO_PRG.NUM_PROGRAMA=?
  USE: 1
    T:             CHAR(15) V: 'LICLOGIX       '
  INTO:2
    T:             CHAR(12) V: 'NULL'
    T:             CHAR(12) V: 'NULL'
[LOGIX] ERRO: [LICENSE] Nenhuma chave de sistema válida detectada para consumo da licença na aplicação.
[LOGIX] [LICENSE] Licença FULL. Sistema LOGIX não detectado no controle de licenças (FULL).
[THREAD 24875 - 23/01/2020 14:43:13]
  TRANSLATE: SELECT 1 FROM LOG_USUARIOS_COMPL WHERE USUARIO=? AND LICENCA_FULL_DETERMINADO='1'
  EXECUTE
  RUNNING TIME: 0.001
  4GL SOURCE: LICLOGIX.4GL  LINE: 1870 
  STATUS:    0 ROWS AFFECTED:1 SID:830
  COMMAND: SELECT 1 FROM LOG_USUARIOS_COMPL WHERE USUARIO=? AND LICENCA_FULL_DETERMINADO='1'
  USE: 1
    T:              CHAR(8) V: 'admlog  '
[THREAD 24875 - 23/01/2020 14:43:13]
  TRANSLATE: SELECT NUM_CGC FROM EMPRESA WHERE COD_EMPRESA=?
  EXECUTE
  RUNNING TIME: 0.000
  4GL SOURCE: LICLOGIX.4GL  LINE: 280 
  STATUS:    0 ROWS AFFECTED:1 SID:830
  COMMAND: SELECT NUM_CGC FROM EMPRESA WHERE COD_EMPRESA=?
  USE: 1
    T:              CHAR(2) V: '01'
  INTO:1
    T:             CHAR(20) V: '049.533.078/0001-60 '
[THREAD 24875 - 23/01/2020 14:43:13]
  TRANSLATE: SELECT NUM_CGC FROM EMPRESA WHERE COD_EMPRESA=?
  EXECUTE
  RUNNING TIME: 0.001
  4GL SOURCE: LICLOGIX.4GL  LINE: 280 
  STATUS:    0 ROWS AFFECTED:1 SID:830
  COMMAND: SELECT NUM_CGC FROM EMPRESA WHERE COD_EMPRESA=?
  USE: 1
    T:              CHAR(2) V: '01'
  INTO:1
    T:             CHAR(20) V: '049.533.078/0001-60 '
[THREAD 24875 - 23/01/2020 14:43:13]
  TRANSLATE: SELECT SYSTABLES.TABNAME FROM SYSTABLES WHERE SYSTABLES.TABNAME=?
  EXECUTE
  RUNNING TIME: 0.001
  4GL SOURCE: LOG0150.4GL  LINE: 55 
  STATUS:    0 ROWS AFFECTED:1 SID:830
  COMMAND: SELECT SYSTABLES.TABNAME FROM SYSTABLES WHERE SYSTABLES.TABNAME=?
  USE: 1
    T:             CHAR(50) V: 'log_uso_recusa_licenca                            '
[THREAD 24875 - 23/01/2020 14:43:13]
  TRANSLATE: INSERT INTO LOG_USO_MODULO (MODULO, EMPRESA, DAT_USO, QTD_USO) VALUES(?, ?, ?, 1)
  RUNNING TIME: 0.001
  4GL SOURCE: LOGUSO.4GL  LINE: 103 
  STATUS: -268   TRANSACTION: FALSE SID:830
  ISAM: -100
  MSG: Unique constraint (informix.pk_log_uso_modulo) violated.
  COMMAND: INSERT INTO LOG_USO_MODULO (MODULO, EMPRESA, DAT_USO, QTD_USO) VALUES(?, ?, ?, 1)
  USE: 3
    T:              CHAR(8) V: 'FULL    '
    T:              CHAR(2) V: '01'
    T:                 DATE V: 23/01/2020                                                                                                                                                                                                                                                     
[THREAD 24875 - 23/01/2020 14:43:13]
  TRANSLATE: UPDATE LOG_USO_MODULO SET LOG_USO_MODULO.QTD_USO=LOG_USO_MODULO.QTD_USO+1 WHERE LOG_USO_MODULO.DAT_USO=? AND LOG_USO_MODULO.MODULO=? AND LOG_USO_MODULO.EMPRESA=?
  RUNNING TIME: 0.001
  4GL SOURCE: LOGUSO.4GL  LINE: 120 
  STATUS:    0 ROWS AFFECTED:1 SID:830
  COMMAND: UPDATE LOG_USO_MODULO SET LOG_USO_MODULO.QTD_USO=LOG_USO_MODULO.QTD_USO+1 WHERE LOG_USO_MODULO.DAT_USO=? AND LOG_USO_MODULO.MODULO=? AND LOG_USO_MODULO.EMPRESA=?
  USE: 3
    T:                 DATE V: 23/01/2020                                                                                                                                                                                                                                                     
    T:              CHAR(8) V: 'FULL    '
    T:              CHAR(2) V: '01'
[THREAD 24875 - 23/01/2020 14:43:13]
  TRANSLATE: SELECT PROGRAMA FROM LOG_REG_ACS_PROG WHERE PROGRAMA=?
  EXECUTE
  RUNNING TIME: 0.001
  4GL SOURCE: LOG0210.4GL  LINE: 20 
  STATUS:    0 ROWS AFFECTED:1 SID:830
  COMMAND: SELECT PROGRAMA FROM LOG_REG_ACS_PROG WHERE PROGRAMA=?
  USE: 1
    T:              CHAR(8) V: 'esp0197 '
[THREAD 24875 - 23/01/2020 14:43:13]
  TRANSLATE: UPDATE LOG_REG_ACS_PROG SET DAT_ACESSO=? WHERE PROGRAMA=?
  RUNNING TIME: 0.001
  4GL SOURCE: LOG0210.4GL  LINE: 28 
  STATUS:    0 ROWS AFFECTED:1 SID:830
  COMMAND: UPDATE LOG_REG_ACS_PROG SET DAT_ACESSO=? WHERE PROGRAMA=?
  USE: 2
    T:             DATETIME V: 2020-01                                                                                                                                                                                                                                                        
    T:              CHAR(8) V: 'esp0197 '
[THREAD 24875 - 23/01/2020 14:43:13]
  TRANSLATE: SELECT IND_REG_ACESSO,IND_PROGRAMAS FROM LOG_PAR_LOGIN_USU WHERE USUARIO=?
  EXECUTE
  RUNNING TIME: 0.001
  4GL SOURCE: LOG0010.4GL  LINE: 587 
  STATUS:    0 ROWS AFFECTED:1 SID:830
  COMMAND: SELECT IND_REG_ACESSO,IND_PROGRAMAS FROM LOG_PAR_LOGIN_USU WHERE USUARIO=?
  USE: 1
    T:              CHAR(8) V: 'admlog  '
  INTO:2
    T:              CHAR(1) V: 'N'
    T:              CHAR(1) V: 'N'
[THREAD 24875 - 23/01/2020 14:43:13]
  TRANSLATE: SELECT SYSTABLES.TABNAME FROM SYSTABLES WHERE SYSTABLES.TABNAME=?
  EXECUTE
  RUNNING TIME: 0.001
  4GL SOURCE: LOG0150.4GL  LINE: 55 
  STATUS:    0 ROWS AFFECTED:1 SID:830
  COMMAND: SELECT SYSTABLES.TABNAME FROM SYSTABLES WHERE SYSTABLES.TABNAME=?
  USE: 1
    T:             CHAR(50) V: 'log_uso_recusa_licenca                            '
[THREAD 24875 - 23/01/2020 14:43:13]
  TRANSLATE: INSERT INTO LOG_USO_ROTINA (ROTINA, EMPRESA, DAT_USO, QTD_USO) VALUES(?, ?, ?, 1)
  RUNNING TIME: 0.001
  4GL SOURCE: LOGUSO.4GL  LINE: 44 
  STATUS: -268   TRANSACTION: FALSE SID:830
  ISAM: -100
  MSG: Unique constraint (informix.pk_log_uso_rotina) violated.
  COMMAND: INSERT INTO LOG_USO_ROTINA (ROTINA, EMPRESA, DAT_USO, QTD_USO) VALUES(?, ?, ?, 1)
  USE: 3
    T:             CHAR(20) V: 'ESP0197             '
    T:              CHAR(2) V: '01'
    T:                 DATE V: 23/01/2020                                                                                                                                                                                                                                                     
[THREAD 24875 - 23/01/2020 14:43:13]
  TRANSLATE: UPDATE LOG_USO_ROTINA SET LOG_USO_ROTINA.QTD_USO=LOG_USO_ROTINA.QTD_USO+1 WHERE LOG_USO_ROTINA.DAT_USO=? AND LOG_USO_ROTINA.ROTINA=? AND LOG_USO_ROTINA.EMPRESA=?
  RUNNING TIME: 0.001
  4GL SOURCE: LOGUSO.4GL  LINE: 61 
  STATUS:    0 ROWS AFFECTED:1 SID:830
  COMMAND: UPDATE LOG_USO_ROTINA SET LOG_USO_ROTINA.QTD_USO=LOG_USO_ROTINA.QTD_USO+1 WHERE LOG_USO_ROTINA.DAT_USO=? AND LOG_USO_ROTINA.ROTINA=? AND LOG_USO_ROTINA.EMPRESA=?
  USE: 3
    T:                 DATE V: 23/01/2020                                                                                                                                                                                                                                                     
    T:             CHAR(20) V: 'ESP0197             '
    T:              CHAR(2) V: '01'
[THREAD 24875 - 23/01/2020 14:43:13]
  TRANSLATE: CREATE TEMP TABLE TAB_TMP_MAXDEL (CAMPO INTEGER)
  EXECUTE
  4GL SOURCE: ESP0197.4GL  LINE: 249 
  STATUS:    0 ROWS AFFECTED:0 SID:830
  COMMAND: CREATE TEMP TABLE TAB_TMP_MAXDEL (CAMPO INTEGER)
  RUNNING TIME: 0.001
  4GL SOURCE: ESP0197.4GL  LINE: 249 
  STATUS:    0 ROWS AFFECTED:0 SID:830
  NAME_SQL:
  COMMAND: CREATE TEMP TABLE TAB_TMP_MAXDEL (CAMPO INTEGER)
[THREAD 24875 - 23/01/2020 14:43:13]
  TRANSLATE: CREATE TEMP TABLE PEDIDO_TMP_MAXDEL (CAMPO INTEGER)
  EXECUTE
  4GL SOURCE: ESP0197.4GL  LINE: 258 
  STATUS:    0 ROWS AFFECTED:0 SID:830
  COMMAND: CREATE TEMP TABLE PEDIDO_TMP_MAXDEL (CAMPO INTEGER)
  RUNNING TIME: 0.001
  4GL SOURCE: ESP0197.4GL  LINE: 258 
  STATUS:    0 ROWS AFFECTED:0 SID:830
  NAME_SQL:
  COMMAND: CREATE TEMP TABLE PEDIDO_TMP_MAXDEL (CAMPO INTEGER)
[THREAD 24875 - 23/01/2020 14:43:13]
  TRANSLATE: CREATE TEMP TABLE TRIBUTO_TMP (TRIBUTO_BENEF CHAR(11))
  EXECUTE
  4GL SOURCE: ESP0197.4GL  LINE: 267 
  STATUS:    0 ROWS AFFECTED:0 SID:830
  COMMAND: CREATE TEMP TABLE TRIBUTO_TMP (TRIBUTO_BENEF CHAR(11))
  RUNNING TIME: 0.001
  4GL SOURCE: ESP0197.4GL  LINE: 267 
  STATUS:    0 ROWS AFFECTED:0 SID:830
  NAME_SQL:
  COMMAND: CREATE TEMP TABLE TRIBUTO_TMP (TRIBUTO_BENEF CHAR(11))
[THREAD 24875 - 23/01/2020 14:43:19]
  TRANSLATE: SELECT TIP_DOCUM,SUBSERIE_DOCUM FROM VDP_NUM_DOCUM WHERE EMPRESA=? AND SERIE_DOCUM=?
  EXECUTE
  RUNNING TIME: 0.001
  4GL SOURCE: ESP0197.4GL  LINE: 335 
  STATUS:    0 ROWS AFFECTED:1 SID:830
  COMMAND: SELECT TIP_DOCUM,SUBSERIE_DOCUM FROM VDP_NUM_DOCUM WHERE EMPRESA=? AND SERIE_DOCUM=?
  USE: 2
    T:              CHAR(2) V: '01'
    T:              CHAR(3) V: '01 '
  INTO:2
    T:              CHAR(8) V: 'FATPRDSV'
    T:              INTEGER V: 0
[THREAD 24875 - 23/01/2020 14:43:19]
  TRANSLATE: SELECT * FROM FAT_NF_MESTRE WHERE EMPRESA=? AND NOTA_FISCAL=? AND SERIE_NOTA_FISCAL=? AND TIP_NOTA_FISCAL=? AND SUBSERIE_NF=?
  EXECUTE
  RUNNING TIME: 0.001
  4GL SOURCE: ESP0197.4GL  LINE: 348 
  STATUS:    0 ROWS AFFECTED:1 SID:830
  COMMAND: SELECT * FROM FAT_NF_MESTRE WHERE EMPRESA=? AND NOTA_FISCAL=? AND SERIE_NOTA_FISCAL=? AND TIP_NOTA_FISCAL=? AND SUBSERIE_NF=?
  USE: 5
    T:              CHAR(2) V: '01'
    T:              INTEGER V: 93364
    T:              CHAR(3) V: '01 '
    T:              CHAR(8) V: 'FATPRDSV'
    T:              INTEGER V: 0
  INTO:64
    T:              CHAR(2) V: '01'
    T:              INTEGER V: 132939
    T:              CHAR(8) V: 'FATPRDSV'
    T:              CHAR(3) V: '01 '
    T:              INTEGER V: 0
    T:              CHAR(3) V: 'NF '
    T:              INTEGER V: 93364
    T:              CHAR(1) V: 'F'
    T:              CHAR(2) V: '01'
    T:              CHAR(1) V: 'O'
    T:              CHAR(1) V: 'A'
    T:              CHAR(1) V: 'N'
    T:             CHAR(15) V: '005619430000100'
    T:             CHAR(15) V: '               '
    T:              CHAR(1) V: 'N'
    T:              INTEGER V: 1
    T:              CHAR(1) V: '1'
    T:              INTEGER V: 6
    T:              CHAR(2) V: '1 '
    T:         DECIMAL(7,6) V: 1
    T:              INTEGER V: 1
    T:              CHAR(1) V: 'S'
    T:             CHAR(15) V: '049533078000160'
    T:              CHAR(1) V: '1'
    T:             CHAR(10) V: 'NULL'
    T:              CHAR(2) V: 'NULL'
    T:             CHAR(10) V: 'NULL'
    T:              CHAR(2) V: 'NULL'
    T:             CHAR(10) V: 'NULL'
    T:              CHAR(2) V: 'NULL'
    T:              INTEGER V: NULL
    T:              INTEGER V: NULL
    T:              INTEGER V: NULL
    T:              INTEGER V: 1
    T:        DECIMAL(17,6) V: 52
    T:        DECIMAL(17,6) V: 52,025
    T:        DECIMAL(17,6) V: 0,000000
    T:              INTEGER V: 1
    T:        DECIMAL(17,6) V: 0,000000
    T:              CHAR(8) V: 'admlog  '
    T:             DATETIME V: 2020-01-23 14:33:55                                                                                                                                                                                                                                            
    T:             DATETIME V: NULL
    T:             DATETIME V: NULL
    T:             CHAR(40) V: 'NULL'
    T:             DATETIME V: NULL
    T:              INTEGER V: NULL
    T:              CHAR(8) V: 'NULL'
    T:              CHAR(1) V: 'N'
    T:        DECIMAL(17,2) V: 0,00
    T:        DECIMAL(17,2) V: 0,00
    T:        DECIMAL(17,2) V: 0,00
    T:        DECIMAL(17,2) V: 0,00
    T:        DECIMAL(17,2) V: 0,00
    T:        DECIMAL(17,2) V: 0,00
    T:        DECIMAL(17,2) V: 0,00
    T:        DECIMAL(17,2) V: 0,00
    T:        DECIMAL(17,2) V: 0,00
    T:        DECIMAL(17,2) V: 0,00
    T:        DECIMAL(17,2) V: 43,80
    T:        DECIMAL(17,2) V: 0,00
    T:        DECIMAL(17,2) V: 438
    T:        DECIMAL(17,2) V: 481,80
    T:        DECIMAL(17,2) V: 481,80
    T:         DECIMAL(2,0) V: 1
[THREAD 24875 - 23/01/2020 14:43:19]
  TRANSLATE: SELECT * FROM PAR_DESC_OPER WHERE COD_EMP_OFIC=?
  EXECUTE
  RUNNING TIME: 0.001
  4GL SOURCE: ESP0197.4GL  LINE: 408 
  STATUS:    0 ROWS AFFECTED:1 SID:830
  COMMAND: SELECT * FROM PAR_DESC_OPER WHERE COD_EMP_OFIC=?
  USE: 1
    T:              CHAR(2) V: '01'
  INTO:8
    T:              CHAR(2) V: '01'
    T:              CHAR(2) V: 'O1'
    T:         DECIMAL(5,2) V: 18
    T:         DECIMAL(5,4) V: 0,0000
    T:              INTEGER V: 1
    T:              CHAR(1) V: 'S'
    T:              CHAR(1) V: 'S'
    T:                 DATE V: 30/06/2008                                                                                                                                                                                                                                                     
[THREAD 24875 - 23/01/2020 14:43:19]
  TRANSLATE: SELECT NOTA_FISCAL FROM FAT_NF_MESTRE WHERE EMPRESA=? AND NOTA_FISCAL=? AND SERIE_NOTA_FISCAL=? AND TIP_NOTA_FISCAL=? AND SUBSERIE_NF=?
  EXECUTE
  RUNNING TIME: 0.001
  4GL SOURCE: ESP0197.4GL  LINE: 367 
  STATUS:  100 ROWS AFFECTED:0 SID:830
  COMMAND: SELECT NOTA_FISCAL FROM FAT_NF_MESTRE WHERE EMPRESA=? AND NOTA_FISCAL=? AND SERIE_NOTA_FISCAL=? AND TIP_NOTA_FISCAL=? AND SUBSERIE_NF=?
  USE: 5
    T:              CHAR(2) V: 'O1'
    T:              INTEGER V: 93364
    T:              CHAR(3) V: '01 '
    T:              CHAR(8) V: 'FATPRDSV'
    T:              INTEGER V: 0
[THREAD 24875 - 23/01/2020 14:43:19]
  TRANSLATE: SELECT PCT_DESP_FINAN,IES_EMITE_DUPL FROM COND_PGTO WHERE COD_CND_PGTO=?
  EXECUTE
  RUNNING TIME: 0.001
  4GL SOURCE: ESP0197.4GL  LINE: 427 
  STATUS:    0 ROWS AFFECTED:1 SID:830
  COMMAND: SELECT PCT_DESP_FINAN,IES_EMITE_DUPL FROM COND_PGTO WHERE COD_CND_PGTO=?
  USE: 1
    T:              INTEGER V: 6
  INTO:2
    T:         DECIMAL(5,4) V: 1
    T:              CHAR(1) V: 'S'
[THREAD 24875 - 23/01/2020 14:43:19]
  TRANSLATE: SELECT NOM_CLIENTE FROM CLIENTES WHERE COD_CLIENTE=?
  EXECUTE
  RUNNING TIME: 0.001
  4GL SOURCE: ESP0197.4GL  LINE: 439 
  STATUS:    0 ROWS AFFECTED:1 SID:830
  COMMAND: SELECT NOM_CLIENTE FROM CLIENTES WHERE COD_CLIENTE=?
  USE: 1
    T:             CHAR(15) V: '005619430000100'
  INTO:1
    T:             CHAR(36) V: 'SOLOPES INDUSTRIA E COMERCIO DE PCS '
[THREAD 24875 - 23/01/2020 14:43:19]
  TRANSLATE: SELECT DEN_NAT_OPER,IES_BAIXA_PEDIDO FROM NAT_OPERACAO WHERE COD_NAT_OPER=?
  EXECUTE
  RUNNING TIME: 0.001
  4GL SOURCE: ESP0197.4GL  LINE: 444 
  STATUS:    0 ROWS AFFECTED:1 SID:830
  COMMAND: SELECT DEN_NAT_OPER,IES_BAIXA_PEDIDO FROM NAT_OPERACAO WHERE COD_NAT_OPER=?
  USE: 1
    T:              INTEGER V: 1
  INTO:2
    T:             CHAR(30) V: 'VENDA ESTABELECIMENTO         '
    T:              CHAR(1) V: 'S'
[THREAD 24875 - 23/01/2020 14:43:19]
  DECLARE
  RUNNING TIME: 0.001
  4GL SOURCE: ESP0197.4GL  LINE: 466 
  STATUS:    0 ROWS AFFECTED:0 SID:830
  NAME_FGL:ESP0197.C_NF_ITEM
  NAME_SQL:cu1
  COMMAND: SELECT A.PEDIDO, A.SEQ_ITEM_PEDIDO, A.ITEM, A.QTD_ITEM, A.ORD_MONTAG FROM FAT_NF_ITEM A,ITEM B WHERE A.EMPRESA=? AND A.TRANS_NOTA_FISCAL=? AND B.COD_EMPRESA=A.EMPRESA AND B.COD_ITEM=A.ITEM AND B.IES_TIP_ITEM IN ('C','F')
[THREAD 24875 - 23/01/2020 14:43:19]
  OPEN 
  RUNNING TIME: 0.001
  4GL SOURCE: ESP0197.4GL  LINE: 479 
  STATUS:    0 ROWS AFFECTED:1 SID:830
  NAME_FGL:ESP0197.C_NF_ITEM
  NAME_SQL:cu1
  COMMAND: SELECT A.PEDIDO, A.SEQ_ITEM_PEDIDO, A.ITEM, A.QTD_ITEM, A.ORD_MONTAG FROM FAT_NF_ITEM A,ITEM B WHERE A.EMPRESA=? AND A.TRANS_NOTA_FISCAL=? AND B.COD_EMPRESA=A.EMPRESA AND B.COD_ITEM=A.ITEM AND B.IES_TIP_ITEM IN ('C','F')
  USE: 2
    T:              CHAR(2) V: '01'
    T:              INTEGER V: 132939
[THREAD 24875 - 23/01/2020 14:43:19]
  FETCH
  RUNNING TIME: 0.000
  4GL SOURCE: ESP0197.4GL  LINE: 479 
  STATUS:    0 ROWS AFFECTED:1 SID:830
  NAME_FGL:ESP0197.C_NF_ITEM
  NAME_SQL:cu1
  INTO:5
    T:              INTEGER V: 18452
    T:              INTEGER V: 1
    T:             CHAR(15) V: 'P01624         '
    T:        DECIMAL(17,6) V: 1
    T:              INTEGER V: 164089
[THREAD 24875 - 23/01/2020 14:43:19]
  TRANSLATE: SELECT DEN_ITEM_REDUZ FROM ITEM WHERE COD_EMPRESA=? AND COD_ITEM=?
  EXECUTE
  RUNNING TIME: 0.000
  4GL SOURCE: ESP0197.4GL  LINE: 496 
  STATUS:    0 ROWS AFFECTED:1 SID:830
  COMMAND: SELECT DEN_ITEM_REDUZ FROM ITEM WHERE COD_EMPRESA=? AND COD_ITEM=?
  USE: 2
    T:              CHAR(2) V: '01'
    T:             CHAR(15) V: 'P01624         '
  INTO:1
    T:             CHAR(18) V: 'PESFØ17M10 X 23 MM'
[THREAD 24875 - 23/01/2020 14:43:19]
  TRANSLATE: SELECT A.COD_ITEM,A.PRE_UNIT,B.QTD_RESERVADA FROM PED_ITENS A,ORDEM_MONTAG_ITEM B WHERE A.COD_EMPRESA=? AND A.NUM_PEDIDO=? AND A.NUM_SEQUENCIA=? AND A.COD_EMPRESA=B.COD_EMPRESA AND A.NUM_PEDIDO=B.NUM_PEDIDO AND A.NUM_SEQUENCIA=B.NUM_SEQUENCIA AND B.NUM_OM=?
  EXECUTE
  RUNNING TIME: 0.001
  4GL SOURCE: ESP0197.4GL  LINE: 502 
  STATUS:    0 ROWS AFFECTED:1 SID:830
  COMMAND: SELECT A.COD_ITEM,A.PRE_UNIT,B.QTD_RESERVADA FROM PED_ITENS A,ORDEM_MONTAG_ITEM B WHERE A.COD_EMPRESA=? AND A.NUM_PEDIDO=? AND A.NUM_SEQUENCIA=? AND A.COD_EMPRESA=B.COD_EMPRESA AND A.NUM_PEDIDO=B.NUM_PEDIDO AND A.NUM_SEQUENCIA=B.NUM_SEQUENCIA AND B.NUM_OM=?
  USE: 4
    T:              CHAR(2) V: 'O1'
    T:              INTEGER V: 18452
    T:              INTEGER V: 1
    T:              INTEGER V: 164089
  INTO:3
    T:             CHAR(15) V: 'P01624         '
    T:        DECIMAL(17,6) V: 838,04
    T:        DECIMAL(17,6) V: 1
[THREAD 24875 - 23/01/2020 14:43:19]
  FETCH
  RUNNING TIME: 0.000
  4GL SOURCE: ESP0197.4GL  LINE: 479 
  STATUS:  100 ROWS AFFECTED:0 SID:830
  NAME_FGL:ESP0197.C_NF_ITEM
  NAME_SQL:cu1
  COMMAND: SELECT A.PEDIDO, A.SEQ_ITEM_PEDIDO, A.ITEM, A.QTD_ITEM, A.ORD_MONTAG FROM FAT_NF_ITEM A,ITEM B WHERE A.EMPRESA=? AND A.TRANS_NOTA_FISCAL=? AND B.COD_EMPRESA=A.EMPRESA AND B.COD_ITEM=A.ITEM AND B.IES_TIP_ITEM IN ('C','F')
  INTO:5
    T:              INTEGER V: 18452
    T:              INTEGER V: 1
    T:             CHAR(15) V: 'P01624         '
    T:        DECIMAL(17,6) V: 1
    T:              INTEGER V: 164089
[THREAD 24875 - 23/01/2020 14:43:19]
  CLOSE 
  RUNNING TIME: 0.000
  4GL SOURCE: ESP0197.4GL  LINE: 479 
  STATUS:    0 ROWS AFFECTED:0 SID:830
  NAME_FGL:ESP0197.C_NF_ITEM
  NAME_SQL:cu1
[THREAD 24875 - 23/01/2020 14:43:21]
  TRANSLATE: BEGIN WORK
  RUNNING TIME: 0.000
  4GL SOURCE: LOG0850.4GL  LINE: 40 
  STATUS:    0 ROWS AFFECTED:0 SID:830
  COMMAND: BEGIN WORK
[THREAD 24875 - 23/01/2020 14:43:21]
  TRANSLATE: INSERT INTO FAT_NF_MESTRE VALUES(?, ?, ?, ?, ?, ?, ?, ?, ?, ?, ?, ?, ?, ?, ?, ?, ?, ?, ?, ?, ?, ?, ?, ?, ?, ?, ?, ?, ?, ?, ?, ?, ?, ?, ?, ?, ?, ?, ?, ?, ?, ?, ?, ?, ?, ?, ?, ?, ?, ?, ?, ?, ?, ?, ?, ?, ?, ?, ?, ?, ?, ?, ?, ?)
  RUNNING TIME: 0.002
  4GL SOURCE: ESP0197.4GL  LINE: 554 
  STATUS:    0 ROWS AFFECTED:1 SID:830
  COMMAND: INSERT INTO FAT_NF_MESTRE VALUES(?, ?, ?, ?, ?, ?, ?, ?, ?, ?, ?, ?, ?, ?, ?, ?, ?, ?, ?, ?, ?, ?, ?, ?, ?, ?, ?, ?, ?, ?, ?, ?, ?, ?, ?, ?, ?, ?, ?, ?, ?, ?, ?, ?, ?, ?, ?, ?, ?, ?, ?, ?, ?, ?, ?, ?, ?, ?, ?, ?, ?, ?, ?, ?)
  USE: 64
    T:              CHAR(2) V: 'O1'
    T:              INTEGER V: 132939
    T:              CHAR(8) V: 'FATPRDSV'
    T:              CHAR(3) V: '01 '
    T:              INTEGER V: 0
    T:              CHAR(3) V: 'NF '
    T:              INTEGER V: 93364
    T:              CHAR(1) V: 'F'
    T:              CHAR(2) V: '01'
    T:              CHAR(1) V: 'O'
    T:              CHAR(1) V: 'A'
    T:              CHAR(1) V: 'N'
    T:             CHAR(15) V: '005619430000100'
    T:             CHAR(15) V: '               '
    T:              CHAR(1) V: 'N'
    T:              INTEGER V: 1
    T:              CHAR(1) V: '1'
    T:              INTEGER V: 6
    T:              CHAR(2) V: '1 '
    T:         DECIMAL(7,6) V: 1
    T:              INTEGER V: 1
    T:              CHAR(1) V: 'S'
    T:             CHAR(15) V: '049533078000160'
    T:              CHAR(1) V: '1'
    T:             CHAR(10) V: 'NULL'
    T:              CHAR(2) V: 'NULL'
    T:             CHAR(10) V: 'NULL'
    T:              CHAR(2) V: 'NULL'
    T:             CHAR(10) V: 'NULL'
    T:              CHAR(2) V: 'NULL'
    T:              INTEGER V: NULL
    T:              INTEGER V: NULL
    T:              INTEGER V: NULL
    T:              INTEGER V: 1
    T:        DECIMAL(17,6) V: 52
    T:        DECIMAL(17,6) V: 52,025
    T:        DECIMAL(17,6) V: 0,000000
    T:              INTEGER V: 1
    T:        DECIMAL(17,6) V: 0,000000
    T:              CHAR(8) V: 'admlog  '
    T:             DATETIME V: 2020-01-23 14:33:55                                                                                                                                                                                                                                            
    T:             DATETIME V: NULL
    T:             DATETIME V: NULL
    T:             CHAR(40) V: 'NULL'
    T:             DATETIME V: NULL
    T:              INTEGER V: NULL
    T:              CHAR(8) V: 'NULL'
    T:              CHAR(1) V: 'N'
    T:        DECIMAL(17,2) V: 0,00
    T:        DECIMAL(17,2) V: 0,00
    T:        DECIMAL(17,2) V: 0,00
    T:        DECIMAL(17,2) V: 0,00
    T:        DECIMAL(17,2) V: 0,00
    T:        DECIMAL(17,2) V: 0,00
    T:        DECIMAL(17,2) V: 0,00
    T:        DECIMAL(17,2) V: 0,00
    T:        DECIMAL(17,2) V: 0,00
    T:        DECIMAL(17,2) V: 0,00
    T:        DECIMAL(17,2) V: 43,80
    T:        DECIMAL(17,2) V: 0,00
    T:        DECIMAL(17,2) V: 438
    T:        DECIMAL(17,2) V: 481,80
    T:        DECIMAL(17,2) V: 481,80
    T:         DECIMAL(2,0) V: 1
[THREAD 24875 - 23/01/2020 14:43:21]
  TRANSLATE: SELECT REPRESENTANTE,SEQ_REPRESENTANTE,PCT_COMISSAO,TEM_COMISSAO FROM FAT_NF_REPR WHERE EMPRESA=? AND TRANS_NOTA_FISCAL=?
  EXECUTE
  RUNNING TIME: 0.001
  4GL SOURCE: ESP0197.4GL  LINE: 563 
  STATUS:    0 ROWS AFFECTED:1 SID:830
  COMMAND: SELECT REPRESENTANTE,SEQ_REPRESENTANTE,PCT_COMISSAO,TEM_COMISSAO FROM FAT_NF_REPR WHERE EMPRESA=? AND TRANS_NOTA_FISCAL=?
  USE: 2
    T:              CHAR(2) V: '01'
    T:              INTEGER V: 132939
  INTO:4
    T:              INTEGER V: 1
    T:              INTEGER V: 1
    T:         DECIMAL(7,4) V: 0,0000
    T:              CHAR(1) V: 'N'
[THREAD 24875 - 23/01/2020 14:43:21]
  TRANSLATE: INSERT INTO FAT_NF_REPR VALUES(?, ?, ?, ?, ?, ?)
  RUNNING TIME: 0.001
  4GL SOURCE: ESP0197.4GL  LINE: 581 
  STATUS:    0 ROWS AFFECTED:1 SID:830
  COMMAND: INSERT INTO FAT_NF_REPR VALUES(?, ?, ?, ?, ?, ?)
  USE: 6
    T:              CHAR(2) V: 'O1'
    T:              INTEGER V: 132939
    T:              INTEGER V: 1
    T:              INTEGER V: 1
    T:         DECIMAL(7,4) V: 0,0000
    T:              CHAR(1) V: 'N'
[THREAD 24875 - 23/01/2020 14:43:21]
  TRANSLATE: INSERT INTO FAT_NF_INTEGR VALUES(?, ?, ?, ?, ?, ?, ?, ?, ?, ?, ?, ?, ?)
  RUNNING TIME: 0.001
  4GL SOURCE: ESP0197.4GL  LINE: 634 
  STATUS:    0 ROWS AFFECTED:1 SID:830
  COMMAND: INSERT INTO FAT_NF_INTEGR VALUES(?, ?, ?, ?, ?, ?, ?, ?, ?, ?, ?, ?, ?)
  USE: 13
    T:              CHAR(2) V: 'O1'
    T:              INTEGER V: 132939
    T:              CHAR(1) V: 'N'
    T:              CHAR(1) V: 'P'
    T:             DATETIME V: NULL
    T:              CHAR(1) V: 'P'
    T:             DATETIME V: NULL
    T:              CHAR(1) V: 'P'
    T:             DATETIME V: NULL
    T:              CHAR(1) V: 'P'
    T:             DATETIME V: NULL
    T:              CHAR(1) V: 'P'
    T:             DATETIME V: NULL
[THREAD 24875 - 23/01/2020 14:43:21]
  TRANSLATE: DELETE FROM TAB_TMP_MAXDEL
  RUNNING TIME: 0.001
  4GL SOURCE: ESP0197.4GL  LINE: 662 
  STATUS:    0 ROWS AFFECTED:0 SID:830
  COMMAND: DELETE FROM TAB_TMP_MAXDEL
[THREAD 24875 - 23/01/2020 14:43:21]
  DECLARE
  RUNNING TIME: 0.001
  4GL SOURCE: ESP0197.4GL  LINE: 664 
  STATUS:    0 ROWS AFFECTED:0 SID:830
  NAME_FGL:ESP0197.C_NF_ITEM1
  NAME_SQL:cu2
  COMMAND: SELECT * FROM FAT_NF_ITEM WHERE EMPRESA=? AND TRANS_NOTA_FISCAL=?
[THREAD 24875 - 23/01/2020 14:43:21]
  OPEN 
  RUNNING TIME: 0.001
  4GL SOURCE: ESP0197.4GL  LINE: 669 
  STATUS:    0 ROWS AFFECTED:1 SID:830
  NAME_FGL:ESP0197.C_NF_ITEM1
  NAME_SQL:cu2
  COMMAND: SELECT * FROM FAT_NF_ITEM WHERE EMPRESA=? AND TRANS_NOTA_FISCAL=?
  USE: 2
    T:              CHAR(2) V: '01'
    T:              INTEGER V: 132939
[THREAD 24875 - 23/01/2020 14:43:22]
  FETCH
  RUNNING TIME: 0.000
  4GL SOURCE: ESP0197.4GL  LINE: 669 
  STATUS:    0 ROWS AFFECTED:1 SID:830
  NAME_FGL:ESP0197.C_NF_ITEM1
  NAME_SQL:cu2
  INTO:48
    T:              CHAR(2) V: '01'
    T:              INTEGER V: 132939
    T:              INTEGER V: 1
    T:              INTEGER V: 18452
    T:              INTEGER V: 1
    T:              INTEGER V: 164089
    T:              CHAR(1) V: 'N'
    T:             CHAR(15) V: 'P01624         '
    T:             CHAR(76) V: 'PINO ESFÉRICO Ø17,0 M10-1,50 X 23,0MM                                       '
    T:              CHAR(3) V: 'ML '
    T:        DECIMAL(17,6) V: 52
    T:        DECIMAL(17,6) V: 1
    T:        DECIMAL(11,6) V: 1
    T:              INTEGER V: 252
    T:              INTEGER V: 0
    T:              CHAR(1) V: 'R'
    T:              INTEGER V: 1
    T:             CHAR(10) V: '7318.15.00'
    T:              CHAR(1) V: 'P'
    T:        DECIMAL(17,6) V: 438
    T:        DECIMAL(17,6) V: 438
    T:        DECIMAL(17,6) V: 438
    T:         DECIMAL(7,4) V: 0,0000
    T:        DECIMAL(17,2) V: 0,00
    T:        DECIMAL(17,2) V: 0,00
    T:        DECIMAL(17,2) V: 0,00
    T:        DECIMAL(17,2) V: 0,00
    T:        DECIMAL(17,2) V: 0,00
    T:        DECIMAL(17,2) V: 0,00
    T:        DECIMAL(17,2) V: 43,80
    T:        DECIMAL(17,2) V: 0,00
    T:        DECIMAL(17,2) V: 0,00
    T:        DECIMAL(17,2) V: 0,00
    T:        DECIMAL(17,2) V: 0,00
    T:        DECIMAL(17,2) V: 0,00
    T:        DECIMAL(17,2) V: 438
    T:        DECIMAL(17,2) V: 438
    T:        DECIMAL(17,2) V: 438
    T:        DECIMAL(17,2) V: 438
    T:        DECIMAL(17,2) V: 481,80
    T:        DECIMAL(17,2) V: 481,80
    T:        DECIMAL(11,6) V: 1
    T:              CHAR(3) V: '   '
    T:              INTEGER V: 1005800
    T:              DECIMAL V: NULL
    T:              CHAR(3) V: 'NULL'
    T:              DECIMAL V: NULL
    T:              DECIMAL V: NULL
[THREAD 24875 - 23/01/2020 14:43:22]
  TRANSLATE: INSERT INTO FAT_NF_ITEM VALUES(?, ?, ?, ?, ?, ?, ?, ?, ?, ?, ?, ?, ?, ?, ?, ?, ?, ?, ?, ?, ?, ?, ?, ?, ?, ?, ?, ?, ?, ?, ?, ?, ?, ?, ?, ?, ?, ?, ?, ?, ?, ?, ?, ?, ?, ?, ?, ?)
  RUNNING TIME: 0.001
  4GL SOURCE: ESP0197.4GL  LINE: 699 
  STATUS:    0 ROWS AFFECTED:1 SID:830
  COMMAND: INSERT INTO FAT_NF_ITEM VALUES(?, ?, ?, ?, ?, ?, ?, ?, ?, ?, ?, ?, ?, ?, ?, ?, ?, ?, ?, ?, ?, ?, ?, ?, ?, ?, ?, ?, ?, ?, ?, ?, ?, ?, ?, ?, ?, ?, ?, ?, ?, ?, ?, ?, ?, ?, ?, ?)
  USE: 48
    T:              CHAR(2) V: 'O1'
    T:              INTEGER V: 132939
    T:              INTEGER V: 1
    T:              INTEGER V: 18452
    T:              INTEGER V: 1
    T:              INTEGER V: 164089
    T:              CHAR(1) V: 'N'
    T:             CHAR(15) V: 'P01624         '
    T:             CHAR(76) V: 'PINO ESFÉRICO Ø17,0 M10-1,50 X 23,0MM                                       '
    T:              CHAR(3) V: 'ML '
    T:        DECIMAL(17,6) V: 52
    T:        DECIMAL(17,6) V: 1
    T:        DECIMAL(11,6) V: 1
    T:              INTEGER V: 252
    T:              INTEGER V: 0
    T:              CHAR(1) V: 'R'
    T:              INTEGER V: 1
    T:             CHAR(10) V: '7318.15.00'
    T:              CHAR(1) V: 'P'
    T:        DECIMAL(17,6) V: 838,04
    T:        DECIMAL(17,6) V: 838,04
    T:        DECIMAL(17,6) V: 838,04
    T:         DECIMAL(7,4) V: 0,0000
    T:        DECIMAL(17,2) V: 0,00
    T:        DECIMAL(17,2) V: 0,00
    T:        DECIMAL(17,2) V: 0,00
    T:        DECIMAL(17,2) V: 0,00
    T:        DECIMAL(17,2) V: 0,00
    T:        DECIMAL(17,2) V: 0,00
    T:        DECIMAL(17,2) V: 43,80
    T:        DECIMAL(17,2) V: 0,00
    T:        DECIMAL(17,2) V: 0,00
    T:        DECIMAL(17,2) V: 0,00
    T:        DECIMAL(17,2) V: 0,00
    T:        DECIMAL(17,2) V: 0,00
    T:        DECIMAL(17,2) V: 838,04
    T:        DECIMAL(17,2) V: 838,04
    T:        DECIMAL(17,2) V: 838,04
    T:        DECIMAL(17,2) V: 838,04
    T:        DECIMAL(17,2) V: 838,04
    T:        DECIMAL(17,2) V: 838,04
    T:        DECIMAL(11,6) V: 1
    T:              CHAR(3) V: '   '
    T:              INTEGER V: 1005800
    T:              DECIMAL V: NULL
    T:              CHAR(3) V: 'NULL'
    T:              DECIMAL V: NULL
    T:              DECIMAL V: NULL
[THREAD 24875 - 23/01/2020 14:43:22]
  TRANSLATE: SELECT QTD_PECAS_RESERV,QTD_PECAS_ROMANEIO FROM PED_ITENS WHERE COD_EMPRESA=? AND NUM_PEDIDO=? AND COD_ITEM=? AND NUM_SEQUENCIA=?
  EXECUTE
  RUNNING TIME: 0.001
  4GL SOURCE: ESP0197.4GL  LINE: 1263 
  STATUS:    0 ROWS AFFECTED:1 SID:830
  COMMAND: SELECT QTD_PECAS_RESERV,QTD_PECAS_ROMANEIO FROM PED_ITENS WHERE COD_EMPRESA=? AND NUM_PEDIDO=? AND COD_ITEM=? AND NUM_SEQUENCIA=?
  USE: 4
    T:              CHAR(2) V: 'O1'
    T:              INTEGER V: 18452
    T:             CHAR(15) V: 'P01624         '
    T:              INTEGER V: 1
  INTO:2
    T:        DECIMAL(10,3) V: 0,000
    T:        DECIMAL(10,3) V: 1
[THREAD 24875 - 23/01/2020 14:43:22]
  TRANSLATE: SELECT COD_NAT_OPER FROM PED_ITEM_NAT WHERE COD_EMPRESA=? AND NUM_PEDIDO=? AND NUM_SEQUENCIA=?
  EXECUTE
  RUNNING TIME: 0.001
  4GL SOURCE: ESP0197.4GL  LINE: 1277 
  STATUS:  100 ROWS AFFECTED:0 SID:830
  COMMAND: SELECT COD_NAT_OPER FROM PED_ITEM_NAT WHERE COD_EMPRESA=? AND NUM_PEDIDO=? AND NUM_SEQUENCIA=?
  USE: 3
    T:              CHAR(2) V: '01'
    T:              INTEGER V: 18452
    T:              INTEGER V: 1
  INTO:1
    T:              INTEGER V: 0
[THREAD 24875 - 23/01/2020 14:43:22]
  TRANSLATE: SELECT * FROM DESC_NAT_OPER WHERE COD_CLIENTE=? AND COD_NAT_OPER=?
  EXECUTE
  RUNNING TIME: 0.001
  4GL SOURCE: ESP0197.4GL  LINE: 1302 
  STATUS:    0 ROWS AFFECTED:1 SID:830
  COMMAND: SELECT * FROM DESC_NAT_OPER WHERE COD_CLIENTE=? AND COD_NAT_OPER=?
  USE: 2
    T:             CHAR(15) V: '005619430000100'
    T:              INTEGER V: 1
  INTO:5
    T:             CHAR(15) V: '005619430000100'
    T:              INTEGER V: 1
    T:         DECIMAL(8,5) V: 70
    T:         DECIMAL(8,5) V: 0,00000
    T:         DECIMAL(8,5) V: 18
[THREAD 24875 - 23/01/2020 14:43:22]
  TRANSLATE: UPDATE PED_ITENS SET QTD_PECAS_ATEND=QTD_PECAS_ATEND+?, QTD_PECAS_ROMANEIO=QTD_PECAS_ROMANEIO-? WHERE COD_EMPRESA=? AND NUM_PEDIDO=? AND COD_ITEM=? AND NUM_SEQUENCIA=?
  RUNNING TIME: 0.000
  4GL SOURCE: ESP0197.4GL  LINE: 1330 
  STATUS:    0 ROWS AFFECTED:1 SID:830
  COMMAND: UPDATE PED_ITENS SET QTD_PECAS_ATEND=QTD_PECAS_ATEND+?, QTD_PECAS_ROMANEIO=QTD_PECAS_ROMANEIO-? WHERE COD_EMPRESA=? AND NUM_PEDIDO=? AND COD_ITEM=? AND NUM_SEQUENCIA=?
  USE: 6
    T:        DECIMAL(17,6) V: 1
    T:        DECIMAL(17,6) V: 1
    T:              CHAR(2) V: 'O1'
    T:              INTEGER V: 18452
    T:             CHAR(15) V: 'P01624         '
    T:              INTEGER V: 1
[THREAD 24875 - 23/01/2020 14:43:22]
  TRANSLATE: SELECT CAMPO FROM TAB_TMP_MAXDEL WHERE CAMPO=?
  EXECUTE
  RUNNING TIME: 0.000
  4GL SOURCE: ESP0197.4GL  LINE: 712 
  STATUS:  100 ROWS AFFECTED:0 SID:830
  COMMAND: SELECT CAMPO FROM TAB_TMP_MAXDEL WHERE CAMPO=?
  USE: 1
    T:              INTEGER V: 164089
[THREAD 24875 - 23/01/2020 14:43:22]
  TRANSLATE: INSERT INTO TAB_TMP_MAXDEL VALUES(?)
  RUNNING TIME: 0.000
  4GL SOURCE: ESP0197.4GL  LINE: 716 
  STATUS:    0 ROWS AFFECTED:1 SID:830
  COMMAND: INSERT INTO TAB_TMP_MAXDEL VALUES(?)
  USE: 1
    T:              INTEGER V: 164089
[THREAD 24875 - 23/01/2020 14:43:22]
  FETCH
  RUNNING TIME: 0.000
  4GL SOURCE: ESP0197.4GL  LINE: 669 
  STATUS:  100 ROWS AFFECTED:0 SID:830
  NAME_FGL:ESP0197.C_NF_ITEM1
  NAME_SQL:cu2
  COMMAND: SELECT * FROM FAT_NF_ITEM WHERE EMPRESA=? AND TRANS_NOTA_FISCAL=?
  INTO:48
    T:              CHAR(2) V: 'O1'
    T:              INTEGER V: 132939
    T:              INTEGER V: 1
    T:              INTEGER V: 18452
    T:              INTEGER V: 1
    T:              INTEGER V: 164089
    T:              CHAR(1) V: 'N'
    T:             CHAR(15) V: 'P01624         '
    T:             CHAR(76) V: 'PINO ESFÉRICO Ø17,0 M10-1,50 X 23,0MM                                       '
    T:              CHAR(3) V: 'ML '
    T:        DECIMAL(17,6) V: 52
    T:        DECIMAL(17,6) V: 1
    T:        DECIMAL(11,6) V: 1
    T:              INTEGER V: 252
    T:              INTEGER V: 0
    T:              CHAR(1) V: 'R'
    T:              INTEGER V: 1
    T:             CHAR(10) V: '7318.15.00'
    T:              CHAR(1) V: 'P'
    T:        DECIMAL(17,6) V: 838,04
    T:        DECIMAL(17,6) V: 838,04
    T:        DECIMAL(17,6) V: 838,04
    T:         DECIMAL(7,4) V: 0,0000
    T:        DECIMAL(17,2) V: 0,00
    T:        DECIMAL(17,2) V: 0,00
    T:        DECIMAL(17,2) V: 0,00
    T:        DECIMAL(17,2) V: 0,00
    T:        DECIMAL(17,2) V: 0,00
    T:        DECIMAL(17,2) V: 0,00
    T:        DECIMAL(17,2) V: 43,80
    T:        DECIMAL(17,2) V: 0,00
    T:        DECIMAL(17,2) V: 0,00
    T:        DECIMAL(17,2) V: 0,00
    T:        DECIMAL(17,2) V: 0,00
    T:        DECIMAL(17,2) V: 0,00
    T:        DECIMAL(17,2) V: 838,04
    T:        DECIMAL(17,2) V: 838,04
    T:        DECIMAL(17,2) V: 838,04
    T:        DECIMAL(17,2) V: 838,04
    T:        DECIMAL(17,2) V: 838,04
    T:        DECIMAL(17,2) V: 838,04
    T:        DECIMAL(11,6) V: 1
    T:              CHAR(3) V: '   '
    T:              INTEGER V: 1005800
    T:              DECIMAL V: NULL
    T:              CHAR(3) V: 'NULL'
    T:              DECIMAL V: NULL
    T:              DECIMAL V: NULL
[THREAD 24875 - 23/01/2020 14:43:22]
  CLOSE 
  RUNNING TIME: 0.000
  4GL SOURCE: ESP0197.4GL  LINE: 669 
  STATUS:    0 ROWS AFFECTED:0 SID:830
  NAME_FGL:ESP0197.C_NF_ITEM1
  NAME_SQL:cu2
[THREAD 24875 - 23/01/2020 14:43:22]
  DECLARE
  RUNNING TIME: 0.000
  4GL SOURCE: ESP0197.4GL  LINE: 727 
  STATUS:    0 ROWS AFFECTED:0 SID:830
  NAME_FGL:ESP0197.C_NF_ITEM_FISCAL
  NAME_SQL:cu3
  COMMAND: SELECT * FROM FAT_NF_ITEM_FISC WHERE EMPRESA=? AND TRANS_NOTA_FISCAL=?
[THREAD 24875 - 23/01/2020 14:43:22]
  OPEN 
  RUNNING TIME: 0.001
  4GL SOURCE: ESP0197.4GL  LINE: 732 
  STATUS:    0 ROWS AFFECTED:1 SID:830
  NAME_FGL:ESP0197.C_NF_ITEM_FISCAL
  NAME_SQL:cu3
  COMMAND: SELECT * FROM FAT_NF_ITEM_FISC WHERE EMPRESA=? AND TRANS_NOTA_FISCAL=?
  USE: 2
    T:              CHAR(2) V: '01'
    T:              INTEGER V: 132939
[THREAD 24875 - 23/01/2020 14:43:22]
  FETCH
Warning DB: TC_GetIsNull returned string with 49 characters and the number of variables is 48.
[THREAD 24875 - 23/01/2020 14:43:22]
  RUNNING TIME: 0.000
  4GL SOURCE: ESP0197.4GL  LINE: 732 
  STATUS:    0 ROWS AFFECTED:1 SID:830
  NAME_FGL:ESP0197.C_NF_ITEM_FISCAL
  NAME_SQL:cu3
  INTO:48
    T:              CHAR(2) V: '01'
    T:              INTEGER V: 132939
    T:              INTEGER V: 1
    T:             CHAR(20) V: 'COFINS_REC          '
    T:              INTEGER V: 2015
    T:        DECIMAL(17,2) V: 438
    T:        DECIMAL(17,2) V: 0,00
    T:        DECIMAL(17,2) V: 0,00
    T:        DECIMAL(17,2) V: 438
    T:        DECIMAL(17,2) V: 33,29
    T:        DECIMAL(17,2) V: 0,00
    T:        DECIMAL(17,2) V: 0,00
    T:        DECIMAL(17,2) V: 33,29
    T:              CHAR(1) V: 'P'
    T:              CHAR(1) V: 'NULL'
    T:              CHAR(1) V: 'S'
    T:              INTEGER V: NULL
    T:              INTEGER V: 1
    T:              INTEGER V: NULL
    T:              INTEGER V: NULL
    T:              CHAR(1) V: 'NULL'
    T:              CHAR(1) V: 'NULL'
    T:              CHAR(3) V: 'NULL'
    T:              INTEGER V: 5101
    T:             CHAR(16) V: 'NULL'
    T:              CHAR(3) V: 'NULL'
    T:         DECIMAL(7,4) V: 7,60
    T:              DECIMAL V: NULL
    T:              DECIMAL V: NULL
    T:              DECIMAL V: NULL
    T:              DECIMAL V: NULL
    T:         DECIMAL(7,4) V: 0,0000
    T:              DECIMAL V: NULL
    T:              DECIMAL V: NULL
    T:              DECIMAL V: NULL
    T:              DECIMAL V: NULL
    T:              DECIMAL V: NULL
    T:              DECIMAL V: NULL
    T:              DECIMAL V: NULL
    T:              DECIMAL V: NULL
    T:              DECIMAL V: NULL
    T:              DECIMAL V: NULL
    T:              DECIMAL V: NULL
    T:              INTEGER V: NULL
    T:              DECIMAL V: NULL
    T:              DECIMAL V: NULL
    T:             CHAR(10) V: 'NULL'
    T:              CHAR(1) V: 'NULL'
[THREAD 24875 - 23/01/2020 14:43:22]
  TRANSLATE: INSERT INTO FAT_NF_ITEM_FISC VALUES(?, ?, ?, ?, ?, ?, ?, ?, ?, ?, ?, ?, ?, ?, ?, ?, ?, ?, ?, ?, ?, ?, ?, ?, ?, ?, ?, ?, ?, ?, ?, ?, ?, ?, ?, ?, ?, ?, ?, ?, ?, ?, ?, ?, ?, ?, ?, ?)
  RUNNING TIME: 0.001
  4GL SOURCE: ESP0197.4GL  LINE: 747 
  STATUS: -236   TRANSACTION: TRUE SID:830
  MSG: Number of columns in INSERT does not match number of VALUES. sqlerrm(fat_nf_item_fisc)
  COMMAND: INSERT INTO FAT_NF_ITEM_FISC VALUES(?, ?, ?, ?, ?, ?, ?, ?, ?, ?, ?, ?, ?, ?, ?, ?, ?, ?, ?, ?, ?, ?, ?, ?, ?, ?, ?, ?, ?, ?, ?, ?, ?, ?, ?, ?, ?, ?, ?, ?, ?, ?, ?, ?, ?, ?, ?, ?)
  USE: 48
    T:              CHAR(2) V: 'O1'
    T:              INTEGER V: 132939
    T:              INTEGER V: 1
    T:             CHAR(20) V: 'COFINS_REC          '
    T:              INTEGER V: 2015
    T:        DECIMAL(17,2) V: 0
    T:        DECIMAL(17,2) V: 0
    T:        DECIMAL(17,2) V: 0
    T:        DECIMAL(17,2) V: 0
    T:        DECIMAL(17,2) V: 0
    T:        DECIMAL(17,2) V: 0
    T:        DECIMAL(17,2) V: 0
    T:        DECIMAL(17,2) V: 0
    T:              CHAR(1) V: 'P'
    T:              CHAR(1) V: 'NULL'
    T:              CHAR(1) V: 'N'
    T:              INTEGER V: NULL
    T:              INTEGER V: 1
    T:              INTEGER V: NULL
    T:              INTEGER V: NULL
    T:              CHAR(1) V: 'NULL'
    T:              CHAR(1) V: 'NULL'
    T:              CHAR(3) V: 'NULL'
    T:              INTEGER V: 5101
    T:             CHAR(16) V: 'NULL'
    T:              CHAR(3) V: 'NULL'
    T:         DECIMAL(7,4) V: 0
    T:              DECIMAL V: NULL
    T:              DECIMAL V: NULL
    T:              DECIMAL V: NULL
    T:              DECIMAL V: NULL
    T:         DECIMAL(7,4) V: 0,0000
    T:              DECIMAL V: NULL
    T:              DECIMAL V: NULL
    T:              DECIMAL V: NULL
    T:              DECIMAL V: NULL
    T:              DECIMAL V: NULL
    T:              DECIMAL V: NULL
    T:              DECIMAL V: NULL
    T:              DECIMAL V: NULL
    T:              DECIMAL V: NULL
    T:              DECIMAL V: NULL
    T:              DECIMAL V: NULL
    T:              INTEGER V: NULL
    T:              DECIMAL V: NULL
    T:              DECIMAL V: NULL
    T:             CHAR(10) V: 'NULL'
    T:              CHAR(1) V: 'NULL'
[THREAD 24875 - 23/01/2020 14:43:22]
  TRANSLATE: SELECT COUNT (*) FROM T_TABELAS T WHERE T.NOM_TABELA=? AND NOT EXISTS ( (SELECT C.* FROM CTRL_ALT_LOGIX_2 C WHERE C.COD_SISTEMA= UPPER(T.NOM_CONVERSOR[1, 3]) AND C.NUM_CONVERSOR=T.NOM_CONVERSOR[4, 8] AND C.STATUS_EXEC='E')) 
  EXECUTE
  RUNNING TIME: 0.001
  4GL SOURCE: LOG0030.4GL  LINE: 171 
  STATUS: -206   TRANSACTION: TRUE SID:830
  ISAM: -111
  MSG: The specified table (t_tabelas) is not in the database.
  COMMAND: SELECT COUNT (*) FROM T_TABELAS T WHERE T.NOM_TABELA=? AND NOT EXISTS ( (SELECT C.* FROM CTRL_ALT_LOGIX_2 C WHERE C.COD_SISTEMA= UPPER(T.NOM_CONVERSOR[1, 3]) AND C.NUM_CONVERSOR=T.NOM_CONVERSOR[4, 8] AND C.STATUS_EXEC='E')) 
  USE: 1
    T:             CHAR(80) V: 'fat_nf_item_fisc                                                                '
  INTO:1
    T:              INTEGER V: 0
[THREAD 24875 - 23/01/2020 14:43:23]
  TRANSLATE: ROLLBACK WORK
  RUNNING TIME: 0.001
  4GL SOURCE: LOG0850.4GL
  STATUS:    0 ROWS AFFECTED:0 SID:830
  NAME_FGL:LOG0010.STMT_LOG0010_DELSESSION
  NAME_SQL:cu0
[THREAD 24875 - 23/01/2020 14:43:23]
  4GL SOURCE: LOG0850.4GL
  STATUS:    0 ROWS AFFECTED:0 SID:830
  NAME_FGL:ESP0197.C_NF_ITEM_FISCAL
  NAME_SQL:cu3
[THREAD 24875 - 23/01/2020 14:43:23]
  4GL SOURCE: LOG0850.4GL  LINE: 190 
  STATUS:    0 ROWS AFFECTED:0 SID:830
  COMMAND: ROLLBACK WORK
[LOGIX] [THREAD] THREAD MEMORY AFTER RUNNING ESP0197 PROCESS: 3MB
[LOGIX] [THREAD] [EXECUTE] Sessao ID144312 finalizada.
