1164816614 63 23
1164816614 63 23 63 23
1164816310 75 33 75 33
1164816300 74 33 75 33
1164816000 59 32 60 33
1164815700 52 28 53 37
1164815400 52 37 79 40
1164815100 77 39 79 40
1164814800 35 7 58 32
1164814500 57 34 58 81
1164814200 37 79 67 81
1164813900 66 28 67 29
1164813600 28 11 31 12
1164813300 31 4 57 10
1164813000 56 10 57 11
1164812700 33 10 34 11
1164812400 0 2 21 3
1164812100 21 2 31 3
1164811800 30 2 31 5
1164811500 22 5 26 16
1164811200 26 15 27 16
1164810900 26 13 27 14
1164810600 15 8 71 40
1164810300 69 39 71 40
1164810000 4 8 20 15
1164809700 20 14 21 15
1164809400 21 11 31 31
1164809100 30 30 31 31
1164808800 11 14 28 18
1164808500 28 19 41 39
1164808200 41 38 70 39
1164807900 69 24 70 40
1164807600 57 39 58 40
1164807300 54 30 74 42
1164807000 73 41 74 42
1164806700 55 30 70 32
1164806400 70 32 81 59
1164806100 78 57 81 59
1164805800 26 32 46 37
1164805500 47 35 69 37
1164805200 68 17 69 51
1164804900 65 50 79 51
1164804600 79 28 80 29
1164804300 79 24 80 34
1164804000 66 33 68 34
1164803700 15 9 45 24
1164803400 44 23 45 24
1164803100 31 10 65 35
1164802800 64 34 65 35
1164802500 38 13 39 13
1164802200 38 13 39 24
1164801900 21 23 45 24
1164801600 45 21 55 44
1164801300 54 43 55 44
1164801000 51 40 52 41
1164800700 48 21 49 39
1164800400 45 38 46 39
1164800100 43 38 52 39
1164799800 52 38 69 39
1164799500 69 26 76 46
1164799200 75 45 76 46
1164798900 65 33 67 69
1164798600 24 68 42 69
1164798300 41 48 42 50
1164798000 5 1 84 15
1164797700 83 15 84 17
1164797400 66 17 67 19
1164797100 60 19 61 19
1164796800 52 19 54 24
1164796500 54 23 68 24
1164796200 66 19 68 24
1164795900 57 23 59 24
1164795600 58 22 59 23
1164795300 43 18 60 19
1164795000 59 15 60 17
1164794700 52 18 53 75
1164794400 15 73 34 75
1164794100 35 22 74 23
1164793800 73 13 74 18
1164793500 46 18 54 20
1164793200 53 19 54 20
1164792900 22 3 71 15
1164792600 70 15 71 48
1164792300 36 47 74 48
1164792000 72 44 74 52
1164791700 34 50 35 52
1164791400 10 1 11 2
1164791100 0 0 12 2
1164790800 11 1 12 2
1164790500 0 1 0 1
1164790200 0 1 0 1
1164789900 0 0 0 1
1164789600 0 0 24 0
1164789300 24 0 53 4
1164789000 52 3 53 4
1164788700 24 0 24 0
1164788400 24 0 25 0
1164788100 24 0 25 0
1164787800 24 0 25 0
1164787500 25 0 41 5
1164787200 40 5 41 5
1164786900 36 4 37 5
1164786600 12 0 13 1
1164786300 0 0 0 0
1164786000 0 0 25 0
1164785700 24 0 25 1
1164785400 1 1 24 1
1164785100 23 0 24 1
1164784800 0 0 12 0
1164784500 12 0 23 4
1164784200 22 3 23 4
1164783900 0 0 0 0
1164783600 0 0 11 2
1164783300 10 1 11 2
1164783000 0 0 0 0
1164782700 0 0 0 0
1164782400 0 0 17 5
1164782100 17 5 38 15
1164781800 37 15 38 23
1164781500 29 22 30 23
1164781200 9 14 17 15
1164780900 17 3 36 8
1164780600 37 8 66 8
1164780300 64 7 66 8
1164780000 29 3 30 7
1164779700 10 7 11 7
1164779400 8 6 9 7
1164779100 0 1 3 1
1164778800 3 1 13 5
1164778500 13 4 24 5
1164778200 24 0 25 2
1164777900 25 2 27 2
1164777600 26 2 27 4
1164777300 24 3 25 4
1164777000 22 2 23 2
1164776700 22 1 25 2
1164776400 25 1 25 2
1164776100 25 2 26 5
1164775800 25 4 26 5
1164775500 25 2 27 3
1164775200 26 2 27 3
1164774900 24 2 25 3
1164774600 23 3 24 3
1164774300 22 3 25 8
1164774000 24 7 25 8
1164773700 24 3 24 4
1164773400 24 2 26 3
1164773100 25 1 26 44
1164772800 25 42 25 44
1164772500 25 0 25 0
1164772200 25 0 25 0
1164771900 25 0 25 0
1164771600 25 0 25 0
1164771300 25 0 25 1
1164771000 25 0 25 1
1164770700 25 0 25 0
1164770400 25 0 36 1
1164770100 36 1 37 1
1164769800 36 1 37 1
1164769500 32 0 33 1
1164769200 33 0 36 1
1164768900 35 1 36 1
1164768600 35 0 37 1
1164768300 36 0 37 0
1164768000 33 0 34 1
1164767700 34 1 35 1
1164767400 35 1 41 1
1164767100 40 0 41 1
1164766800 39 0 40 1
1164766500 35 0 36 1
1164766200 35 0 38 1
1164765900 38 1 61 3
1164765600 61 3 61 9
1164765300 60 8 61 9
1164765000 58 2 66 8
1164764700 65 8 66 12
1164764400 58 11 69 12
1164764100 69 2 70 3
1164763800 69 2 70 3
1164763500 33 0 35 1
1164763200 34 1 35 1
1164762900 33 1 45 1
1164762600 44 0 45 1
1164762300 33 0 34 0
1164762000 32 0 33 0
1164761700 33 0 35 1
1164761400 34 0 35 1
1164761100 34 0 41 1
1164760800 41 1 44 1
1164760500 43 1 44 1
1164760200 36 0 37 1
1164759900 35 0 35 0
1164759600 35 0 38 0
1164759300 38 0 38 1
1164759000 37 1 38 1
1164758700 34 1 38 1
1164758400 37 0 38 1
1164758100 32 0 35 1
1164757800 35 1 40 1
1164757500 39 1 40 1
1164757200 33 1 34 2
1164756900 33 2 34 2
1164756600 31 1 42 2
1164756300 41 1 42 1
1164756000 36 1 58 1
1164755700 57 1 58 1
1164755400 34 0 34 1
1164755100 34 0 48 2
1164754800 47 1 48 2
1164754500 36 0 37 7
1164754200 31 7 45 26
1164753900 44 25 45 26
1164753600 43 1 44 1
1164753300 33 1 36 2
1164753000 36 2 41 2
1164752700 41 2 47 2
1164752400 46 1 47 2
1164752100 25 1 25 4
1164751800 25 3 45 4
1164751500 44 2 45 2
1164751200 43 2 44 3
1164750900 43 3 44 5
1164750600 41 4 42 5
1164750300 40 3 41 4
1164750000 25 1 45 4
1164749700 44 3 45 4
1164749400 41 3 42 5
1164749100 40 4 48 5
1164748800 48 2 50 3
1164748500 49 3 50 3
1164748200 39 3 46 4
1164747900 45 3 46 4
1164747600 25 0 41 2
1164747300 41 2 49 4
1164747000 48 4 49 4
1164746700 41 3 44 4
1164746400 44 3 44 3
1164746100 44 3 69 4
1164745800 68 3 69 4
1164745500 65 2 72 3
1164745200 72 3 73 5
1164744900 73 5 75 5
1164744600 74 4 75 5
1164744300 73 1 74 9
1164744000 73 9 74 12
1164743700 52 11 53 12
1164743400 48 7 49 8
1164743100 49 7 63 12
1164742800 62 11 63 12
1164742500 58 11 59 21
1164742200 51 20 52 21
1164741900 49 11 56 11
1164741600 56 11 57 11
1164741300 56 10 57 11
1164741000 44 8 45 9
1164740700 45 8 48 9
1164740400 48 9 70 13
1164740100 70 13 71 21
1164739800 71 20 78 21
1164739500 77 19 78 20
1164739200 60 17 67 25
1164738900 67 25 71 39
1164738600 71 37 71 39
1164738300 70 18 71 36
1164738000 62 36 63 44
1164737700 55 42 69 44
1164737400 68 13 69 30
1164737100 67 29 83 30
1164736800 82 18 83 19
1164736500 76 18 79 49
1164736200 78 46 79 49
1164735900 72 18 83 22
1164735600 82 21 83 22
1164735300 72 13 81 27
1164735000 80 26 81 27
1164734700 72 15 73 18
1164734400 62 17 67 18
1164734100 66 12 67 15
1164733800 58 14 59 15
1164733500 49 14 50 14
1164733200 33 14 58 14
1164732900 57 14 58 25
1164732600 39 24 46 25
1164732300 46 14 53 36
1164732000 52 35 53 36
1164731700 36 16 67 19
1164731400 66 19 67 34
1164731100 57 33 71 34
1164730800 70 21 71 22
1164730500 48 9 50 20
1164730200 49 20 50 28
1164729900 44 27 45 28
1164729600 36 11 37 12
1164729300 34 11 56 19
1164729000 56 19 68 20
1164728700 67 19 68 20
1164728400 63 10 64 20
1164728100 53 19 64 20
1164727800 64 16 74 17
1164727500 74 12 81 17
1164727200 80 17 81 19
1164726900 77 19 78 25
1164726600 65 24 80 25
1164726300 79 13 80 21
1164726000 79 20 88 21
1164725700 87 8 88 9
1164725400 68 6 80 13
1164725100 79 12 80 13
1164724800 73 7 89 8
1164724500 89 7 90 8
1164724200 89 1 90 10
1164723900 87 9 88 10
1164723600 85 8 86 8
1164723300 79 7 87 8
1164723000 87 5 91 6
1164722700 89 6 91 15
1164722400 67 15 68 20
1164722100 60 20 70 29
1164721800 70 29 83 32
1164721500 82 32 83 34
1164721200 76 33 77 34
1164720900 72 11 82 12
1164720600 81 11 82 17
1164720300 59 16 66 17
1164720000 65 15 66 15
1164719700 60 14 71 15
1164719400 71 13 76 19
1164719100 75 18 76 19
1164718800 67 13 68 14
1164718500 60 12 75 22
1164718200 74 21 75 22
1164717900 35 15 57 17
1164717600 57 17 64 28
1164717300 64 28 75 37
1164717000 74 36 75 37
1164716700 65 14 73 22
1164716400 72 21 73 22
1164716100 67 11 68 15
1164715800 57 15 81 16
1164715500 81 16 81 17
1164715200 80 17 81 18
1164714900 65 18 68 23
1164714600 67 23 68 26
1164714300 67 25 69 26
1164714000 68 22 69 24
1164713700 58 23 66 24
1164713400 65 19 66 19
1164713100 49 19 51 21
1164712800 51 21 51 41
1164712500 51 40 59 41
1164712200 58 17 59 23
1164711900 35 22 39 23
1164711600 39 13 53 18
1164711300 52 17 53 18
1164711000 50 15 51 26
1164710700 49 25 58 26
1164710400 57 10 58 13
1164710100 21 12 37 13
1164709800 37 10 47 12
1164709500 47 12 49 13
1164709200 48 13 49 15
1164708900 46 14 47 15
1164708600 25 13 64 14
1164708300 63 8 64 15
1164708000 22 15 40 25
1164707700 39 24 40 25
1164707400 24 7 25 9
1164707100 24 9 25 10
1164706800 21 10 22 23
1164706500 22 22 22 23
1164706200 22 12 60 13
1164705900 58 9 60 10
1164705600 0 0 3 1
1164705300 2 0 3 1
1164705000 0 0 1 3
1164704700 1 3 45 6
1164704400 44 6 45 15
1164704100 8 14 9 15
1164703800 0 0 0 0
1164703500 0 0 0 0
1164703200 0 0 24 0
1164702900 24 0 55 4
1164702600 54 3 55 4
1164702300 24 0 25 0
1164702000 24 0 26 0
1164701700 25 0 26 0
1164701400 24 0 25 0
1164701100 24 0 44 4
1164700800 43 3 44 4
1164700500 24 0 32 0
1164700200 31 0 32 0
1164699900 24 0 24 0
1164699600 24 0 24 0
1164699300 23 0 24 1
1164699000 9 0 10 1
1164698700 0 0 23 2
1164698400 23 2 48 4
1164698100 47 4 48 5
1164697800 0 4 20 5
1164697500 19 2 20 3
1164697200 2 1 31 2
1164696900 31 2 45 2
1164696600 44 2 45 5
1164696300 23 5 55 14
1164696000 54 13 55 14
1164695700 18 10 32 11
1164695400 31 3 32 5
1164695100 18 5 31 16
1164694800 30 15 31 16
1164694500 23 3 39 3
1164694200 39 3 56 5
1164693900 55 5 56 6
1164693600 36 5 37 6
1164693300 9 2 10 5
1164693000 9 5 10 9
1164692700 9 8 25 9
1164692400 25 0 25 0
1164692100 25 0 25 1
1164691800 25 1 25 3
1164691500 25 3 26 3
1164691200 26 3 27 4
1164690900 26 3 27 4
1164690600 23 2 26 2
1164690300 26 2 27 2
1164690000 26 2 27 2
1164689700 26 2 28 12
1164689400 27 11 28 12
1164689100 25 3 27 4
1164688800 26 3 27 4
1164688500 25 1 27 3
1164688200 27 2 29 3
1164687900 28 2 29 5
1164687600 26 5 26 9
1164687300 25 8 26 9
1164687000 25 1 25 2
1164686700 24 1 25 34
1164686400 0 33 0 34
1164686100 0 0 0 0
1164685800 0 0 0 0
1164685500 0 0 0 0
1164685200 0 0 0 0
1164684900 0 0 0 0
1164684600 0 0 0 0
1164684300 0 0 11 1
1164684000 10 0 11 1
1164683700 0 0 0 0
1164683400 0 0 0 0
1164683100 0 0 0 0
1164682800 0 0 0 0
1164682500 0 0 0 0
1164682200 0 0 12 1
1164681900 12 0 12 1
1164681600 12 0 15 2
1164681300 14 1 15 2
1164681000 12 1 13 1
1164680700 11 0 13 1
1164680400 12 0 13 0
1164680100 8 0 9 0
1164679800 8 0 9 0
1164679500 7 0 8 0
1164679200 7 0 20 2
1164678900 20 2 29 6
1164678600 28 5 29 6
1164678300 25 2 35 3
1164678000 34 2 35 8
1164677700 26 7 39 8
1164677400 38 3 39 4
1164677100 17 1 18 1
1164676800 10 1 11 1
1164676500 11 0 16 1
1164676200 15 0 16 1
1164675900 12 1 13 1
1164675600 11 0 12 1
1164675300 10 0 14 1
1164675000 13 0 14 1
1164674700 11 0 12 0
1164674400 12 0 12 1
1164674100 12 1 15 1
1164673800 14 1 15 1
1164673500 9 1 10 1
1164673200 10 1 10 1
1164672900 10 1 11 1
1164672600 11 1 12 1
1164672300 11 0 12 1
1164672000 11 0 17 1
1164671700 16 1 17 1
1164671400 8 1 17 1
1164671100 16 1 17 1
1164670800 8 1 9 1
1164670500 8 0 10 1
1164670200 10 0 11 0
1164669900 10 0 11 3
1164669600 7 2 16 3
1164669300 15 1 16 1
1164669000 10 0 13 1
1164668700 12 0 13 0
1164668400 0 0 7 1
1164668100 7 1 10 1
1164667800 10 1 18 1
1164667500 17 1 18 1
1164667200 16 1 18 1
1164666900 18 1 20 1
1164666600 19 0 20 1
1164666300 0 0 0 0
1164666000 0 0 22 3
1164665700 21 3 22 3
1164665400 7 3 22 4
1164665100 21 3 22 4
1164664800 0 0 0 0
1164664500 0 0 0 0
1164664200 0 0 0 0
1164663900 0 0 1 0
1164663600 1 0 19 1
1164663300 18 1 19 1
1164663000 17 0 18 1
1164662700 0 0 11 1
1164662400 11 1 11 2
1164662100 10 2 11 2
1164661800 0 1 12 2
1164661500 11 0 12 1
1164661200 0 0 0 0
1164660900 0 0 0 3
1164660600 0 2 0 3
1164660300 0 1 0 2
1164660000 0 0 0 0
1164659700 0 0 0 0
1164659400 0 0 23 3
1164659100 23 3 26 3
1164658800 25 3 26 3
1164658500 22 3 23 4
1164658200 23 4 23 4
1164657900 23 4 23 5
1164657600 23 4 24 5
1164657300 23 4 24 4
1164657000 22 3 23 4
1164656700 0 0 16 2
1164656400 16 2 41 15
1164656100 40 14 41 15
1164655800 30 7 34 10
1164655500 34 10 35 12
1164655200 34 12 35 16
1164654900 26 16 44 16
1164654600 44 16 56 39
1164654300 55 38 56 39
1164654000 26 20 37 21
1164653700 36 13 37 14
1164653400 2 1 3 1
1164653100 1 1 6 3
1164652800 5 2 6 3
1164652500 0 0 1 2
1164652200 1 2 3 4
1164651900 3 4 17 11
1164651600 16 10 17 11
1164651300 4 1 5 2
1164651000 1 2 33 15
1164650700 32 14 33 15
1164650400 31 11 63 48
1164650100 61 47 63 48
1164649800 20 12 67 34
1164649500 66 33 67 34
1164649200 37 10 38 13
1164648900 21 13 35 14
1164648600 34 13 35 14
1164648300 17 13 43 15
1164648000 43 15 45 15
1164647700 44 14 45 15
1164647400 2 2 27 15
1164647100 27 15 62 38
1164646800 61 37 62 38
1164646500 28 8 29 10
1164646200 19 9 21 10
1164645900 21 8 54 30
1164645600 52 29 54 30
1164645300 15 8 33 38
1164645000 33 37 43 38
1164644700 43 31 51 32
1164644400 49 24 51 25
1164644100 13 2 56 25
1164643800 56 24 59 25
1164643500 57 15 59 16
1164643200 16 13 28 14
1164642900 27 9 28 12
1164642600 16 12 53 19
1164642300 52 18 53 19
1164642000 38 10 39 15
1164641700 37 15 61 20
1164641400 59 19 61 20
1164641100 17 12 22 24
1164640800 23 24 59 33
1164640500 58 32 59 33
1164640200 36 19 48 35
1164639900 46 34 48 35
1164639600 2 0 19 10
1164639300 19 9 20 10
1164639000 19 8 20 9
1164638700 17 8 29 31
1164638400 29 30 33 31
1164638100 32 16 33 16
1164637800 30 15 31 16
1164637500 1 4 15 10
1164637200 14 9 15 10
1164636900 0 2 2 2
1164636600 19 4 37 21
1164636000 53 20 73 29
1164634200 41 13 73 26
1164632400 56 14 73 28
1164630600 31 21 60 50
1164628800 43 30 74 54
1164627000 51 19 74 29
1164625200 64 24 80 33
1164623400 37 13 66 40
1164621600 29 10 79 33
1164619800 10 3 70 12
1164618000 25 0 70 5
1164616200 4 1 28 11
1164614400 21 1 27 7
1164612600 28 0 49 3
1164610800 22 0 41 4
1164609000 4 1 31 15
1164607200 11 0 25 6
1164605400 24 1 27 5
1164603600 24 2 28 5
1164601800 24 3 28 41
1164600000 0 6 0 41
1164598200 0 5 0 17
1164596400 0 0 0 0
1164594600 0 0 0 0
1164592800 4 2 13 9
1164591000 0 0 2 1
1164589200 0 0 0 0
1164587400 0 0 0 0
1164585600 0 0 0 0
1164583800 0 0 0 0
1164582000 0 0 0 0
1164580200 0 0 0 0
1164578400 0 0 0 0
1164576600 0 0 0 0
1164574800 0 0 0 0
1164573000 0 0 0 0
1164571200 0 0 0 0
1164569400 0 0 0 0
1164567600 0 0 0 0
1164565800 0 0 0 0
1164564000 0 0 0 0
1164562200 0 0 0 0
1164560400 0 0 0 0
1164558600 0 0 0 0
1164556800 0 0 0 0
1164555000 0 0 0 0
1164553200 0 0 0 0
1164551400 0 0 0 0
1164549600 0 0 0 0
1164547800 0 0 0 0
1164546000 0 0 0 0
1164544200 0 0 0 0
1164542400 0 0 0 0
1164540600 0 0 0 0
1164538800 0 0 0 0
1164537000 0 0 0 0
1164535200 0 0 0 0
1164533400 0 0 0 0
1164531600 0 0 43 7
1164529800 7 1 43 7
1164528000 1 0 8 5
1164526200 0 0 0 0
1164524400 3 0 19 7
1164522600 19 5 42 11
1164520800 10 1 25 6
1164519000 24 1 27 5
1164517200 25 1 28 4
1164515400 23 2 28 68
1164513600 0 11 0 68
1164511800 0 0 0 0
1164510000 0 0 0 0
1164508200 0 0 0 0
1164506400 3 5 10 18
1164504600 0 0 2 1
1164502800 0 0 0 0
1164501000 0 0 0 22
1164499200 0 3 0 22
1164497400 0 0 0 0
1164495600 0 0 0 0
1164493800 0 0 0 0
1164492000 0 0 0 0
1164490200 0 0 0 0
1164488400 0 3 0 25
1164486600 0 0 0 0
1164484800 0 0 0 0
1164483000 0 0 0 0
1164481200 0 0 0 0
1164479400 0 0 0 0
1164477600 0 0 10 1
1164475800 8 3 12 25
1164474000 3 6 8 19
1164472200 6 8 16 34
1164470400 8 18 15 45
1164468600 9 17 19 28
1164466800 9 13 17 46
1164465000 4 26 14 50
1164463200 8 28 21 53
1164461400 9 35 19 67
1164459600 26 6 35 26
1164457800 17 10 38 26
1164456000 24 6 35 13
1164454200 16 4 24 16
1164452400 22 2 32 15
1164450600 30 8 37 15
1164448800 10 4 26 14
1164447000 10 1 21 6
1164445200 0 0 0 0
1164443400 0 0 0 0
1164441600 0 0 0 0
1164439800 0 0 0 0
1164438000 6 0 29 4
1164436200 14 3 24 13
1164434400 8 1 25 5
1164432600 24 1 28 6
1164430800 24 2 28 4
1164429000 23 4 26 33
1164427200 0 5 0 33
1164425400 0 0 0 0
1164423600 0 0 11 1
1164421800 10 0 16 6
1164420000 24 5 39 13
1164418200 13 0 20 3
1164416400 9 0 13 1
1164414600 9 0 15 1
1164412800 10 0 16 1
1164411000 10 0 16 1
1164409200 3 0 13 1
1164407400 1 0 18 3
1164405600 2 0 18 3
1164403800 0 0 1 2
1164402000 3 0 22 5
1164400200 22 3 25 8
1164398400 24 7 32 13
1164396600 38 14 57 34
1164394800 30 15 66 37
1164393000 35 12 53 18
1164391200 52 15 79 33
1164389400 70 25 85 35
1164387600 64 14 85 21
1164385800 58 16 79 31
1164384000 70 14 81 29
1164382200 47 11 69 22
1164380400 16 9 36 21
1164378600 26 19 53 49
1164376800 48 17 76 41
1164375000 38 12 78 34
1164373200 21 17 54 36
1164371400 31 15 55 33
1164369600 50 24 83 36
1164367800 73 30 90 56
1164366000 69 22 85 39
1164364200 74 17 85 33
1164362400 63 5 90 11
1164360600 53 4 86 18
1164358800 25 0 53 6
1164357000 9 0 53 6
1164355200 3 0 13 4
1164353400 15 0 37 3
1164351600 23 5 38 21
1164349800 25 3 53 11
1164348000 12 2 25 7
1164346200 23 1 26 5
1164344400 26 2 30 4
1164342600 23 3 27 44
1164340800 0 7 0 44
1164339000 0 0 0 0
1164337200 0 0 0 0
1164335400 4 0 22 9
1164333600 21 5 26 10
1164331800 11 0 19 3
1164330000 9 0 13 1
1164328200 10 0 13 1
1164326400 9 0 14 1
1164324600 11 0 35 1
1164322800 14 0 35 1
1164321000 15 1 25 4
1164319200 3 0 12 3
1164317400 0 0 11 12
1164315600 4 0 14 4
1164313800 12 1 42 11
1164312000 36 12 47 19
1164310200 25 8 40 16
1164308400 16 5 40 24
1164306600 24 12 58 24
1164304800 21 17 50 27
1164303000 55 21 77 30
1164301200 52 24 73 50
1164299400 48 16 72 27
1164297600 40 18 60 27
1164295800 30 14 68 22
1164294000 7 5 29 17
1164292200 15 10 31 27
1164290400 36 16 67 25
1164288600 43 16 69 29
1164286800 51 28 75 49
1164285000 64 24 75 53
1164283200 51 19 72 36
1164281400 42 25 62 57
1164279600 57 11 75 16
1164277800 46 10 74 21
1164276000 42 7 79 16
1164274200 27 4 60 15
1164272400 12 2 65 13
1164270600 39 5 65 11
1164268800 38 1 54 9
1164267000 22 0 45 1
1164265200 21 0 51 11
1164263400 30 8 56 20
1164261600 15 2 34 9
1164259800 25 1 26 6
1164258000 23 7 27 15
1164256200 24 1 27 32
1164254400 0 5 12 32
1164252600 0 0 0 0
1164250800 0 0 0 1
1164249000 0 0 7 6
1164247200 20 4 28 10
1164245400 10 0 22 3
1164243600 12 0 13 1
1164241800 11 0 17 1
1164240000 10 0 12 1
1164238200 10 1 11 1
1164236400 11 0 25 2
1164234600 12 0 22 5
1164232800 5 0 13 2
1164231000 0 0 12 1
1164229200 0 0 23 4
1164227400 22 2 27 5
1164225600 27 8 40 13
1164223800 31 9 49 19
1164222000 59 23 74 40
1164220200 61 23 81 49
1164218400 72 24 86 50
1164216600 72 20 84 37
1164214800 67 21 83 30
1164213000 59 20 66 36
1164211200 42 32 68 89
1164209400 52 19 73 28
1164207600 30 10 73 23
1164205800 28 22 54 42
1164204000 44 21 71 36
1164202200 13 12 33 29
1164200400 71 12 93 25
1164198600 67 16 81 20
1164196800 76 15 86 45
1164195000 75 11 89 31
1164193200 62 14 73 22
1164191400 53 10 82 23
1164189600 54 7 88 23
1164187800 42 1 62 7
1164186000 21 0 53 5
1164184200 27 0 53 7
1164182400 29 1 45 7
1164180600 5 0 21 3
1164178800 21 2 50 8
1164177000 25 4 64 9
1164175200 9 1 25 6
1164173400 24 1 27 4
1164171600 25 2 28 4
1164169800 23 2 28 6
1164168000 0 0 1 1
1164166200 0 0 0 0
1164164400 0 0 0 0
1164162600 0 0 0 0
1164160800 10 1 31 7
1164159000 11 0 31 2
1164157200 10 0 14 1
1164155400 11 0 16 1
1164153600 8 0 14 1
1164151800 10 0 17 1
1164150000 8 0 16 1
1164148200 8 1 25 4
1164146400 14 2 30 10
1164144600 4 2 30 10
1164142800 27 2 48 5
1164141000 22 2 26 5
1164139200 19 7 38 18
1164137400 41 10 76 17
1164135600 47 20 60 30
1164133800 53 18 74 26
1164132000 45 16 63 42
1164130200 47 13 71 21
1164128400 42 15 68 28
1164126600 38 7 67 15
1164124800 37 17 67 78
1164123000 55 22 77 78
1164121200 30 8 66 18
1164119400 12 6 76 25
1164117600 64 28 76 45
1164115800 59 26 74 44
1164114000 48 19 77 37
1164112200 57 21 70 42
1164110400 57 16 75 30
1164108600 35 11 44 19
1164106800 52 16 75 23
1164105000 56 20 85 38
1164103200 60 8 85 20
1164101400 34 7 45 20
1164099600 15 1 45 8
1164097800 14 1 45 8
1164096000 20 0 40 6
1164094200 35 0 52 4
1164092400 29 3 49 13
1164090600 28 8 59 15
1164088800 10 1 25 4
1164087000 24 5 27 15
1164085200 24 2 27 4
1164083400 22 2 27 38
1164081600 0 6 0 38
1164079800 0 0 0 0
1164078000 0 0 0 0
1164076200 0 0 0 0
1164074400 3 2 13 8
1164072600 0 0 4 1
1164070800 0 0 0 0
1164069000 0 0 0 0
1164067200 0 0 0 0
1164065400 0 0 0 0
1164063600 0 0 0 0
1164061800 0 0 0 0
1164060000 0 0 0 0
1164058200 0 0 0 0
1164056400 0 0 0 0
1164054600 0 0 0 0
1164052800 0 0 0 0
1164051000 0 0 1 0
1164049200 0 0 0 0
1164047400 0 0 1 1
1164045600 0 0 1 0
1164043800 0 0 0 0
1164042000 0 0 0 0
1164040200 0 0 1 0
1164038400 0 0 5 1
1164036600 0 0 0 0
1164034800 0 0 0 0
1164033000 0 0 4 0
1164031200 0 0 4 0
1164029400 0 0 0 0
1164027600 0 0 1 0
1164025800 0 0 0 0
1164024000 0 0 0 0
1164022200 0 0 0 0
1164020400 0 3 0 16
1164018600 0 0 0 0
1164016800 0 0 0 0
1164015000 0 0 0 0
1164013200 0 0 44 8
1164011400 7 1 44 8
1164009600 1 0 7 4
1164007800 0 0 0 0
1164006000 0 0 0 0
1164004200 0 0 11 7
1164002400 10 1 25 6
1164000600 23 1 27 5
1163998800 22 2 26 4
1163997000 23 3 26 34
1163995200 0 5 0 34
1163993400 0 0 0 0
1163991600 0 0 0 0
1163989800 0 0 0 0
1163988000 3 3 12 12
1163986200 0 0 3 1
1163984400 0 0 0 0
1163982600 0 0 0 0
1163980800 0 0 0 0
1163979000 0 0 0 0
1163977200 0 0 0 0
1163975400 0 0 0 0
1163973600 0 0 0 0
1163971800 0 0 0 0
1163970000 0 0 0 1
1163968200 0 0 0 1
1163966400 0 0 0 0
1163964600 0 0 0 0
1163962800 0 3 0 16
1163961000 0 0 0 0
1163959200 0 0 0 0
1163957400 0 0 0 0
1163955600 0 0 0 0
1163953800 0 0 0 0
1163952000 0 0 0 0
1163950200 0 0 0 0
1163948400 0 0 0 0
1163946600 0 0 0 0
1163944800 0 0 0 0
1163943000 0 0 0 0
1163941200 0 0 0 0
1163939400 0 0 0 0
1163937600 0 0 0 0
1163935800 0 0 0 0
1163934000 0 0 0 0
1163932200 0 0 0 0
1163930400 0 0 0 0
1163928600 0 0 0 0
1163926800 0 0 36 7
1163925000 5 1 36 7
1163923200 1 1 7 7
1163921400 0 0 0 0
1163919600 0 0 0 0
1163917800 1 0 18 10
1163916000 12 1 25 7
1163914200 24 1 26 5
1163912400 24 1 28 4
1163910600 23 2 26 5
1163908800 0 0 0 1
1163907000 0 0 0 0
1163905200 0 0 0 0
1163903400 0 0 0 0
1163901600 2 2 9 10
1163899800 0 0 4 1
1163898000 0 0 0 0
1163896200 0 0 0 0
1163894400 0 0 0 0
1163892600 0 0 0 0
1163890800 0 0 0 0
1163889000 0 0 0 0
1163887200 0 0 0 0
1163885400 0 0 0 0
1163883600 0 0 0 0
1163881800 0 0 0 0
1163880000 0 0 0 0
1163878200 0 0 1 0
1163876400 0 0 0 0
1163874600 0 0 0 0
1163872800 0 0 0 0
1163871000 0 0 3 0
1163869200 0 0 0 0
1163867400 0 0 0 0
1163865600 0 0 0 0
1163863800 0 0 1 0
1163862000 0 0 0 0
1163860200 0 0 0 0
1163858400 0 0 0 0
1163856600 0 0 0 0
1163854800 0 0 0 0
1163853000 0 0 1 0
1163851200 0 0 0 0
1163849400 0 0 0 0
1163847600 0 0 0 0
1163845800 0 0 0 0
1163844000 0 0 0 0
1163842200 0 0 1 0
1163840400 0 0 39 6
1163838600 6 0 39 6
1163836800 1 0 8 4
1163835000 0 0 0 0
1163833200 2 0 18 3
1163831400 12 4 18 8
1163829600 11 1 25 7
1163827800 23 2 26 9
1163826000 24 2 27 4
1163824200 23 3 26 36
1163822400 0 5 0 36
1163820600 0 0 0 0
1163818800 0 0 0 0
1163817000 0 0 0 0
1163815200 4 3 9 8
1163813400 0 0 2 2
1163811600 0 0 0 2
1163809800 0 0 12 0
1163808000 3 0 14 1
1163806200 8 0 12 2
1163804400 8 0 12 1
1163802600 7 0 17 1
1163800800 6 0 23 3
1163799000 0 0 6 2
1163797200 0 0 23 7
1163795400 25 5 38 14
1163793600 30 10 44 32
1163791800 39 18 56 32
1163790000 29 10 49 23
1163788200 23 10 48 23
1163786400 46 8 75 15
1163784600 51 14 68 26
1163782800 67 15 82 39
1163781000 58 23 79 39
1163779200 31 15 67 26
1163777400 33 14 53 42
1163775600 50 16 74 34
1163773800 74 15 81 23
1163772000 57 23 76 31
1163770200 54 14 67 18
1163768400 54 21 77 47
1163766600 66 17 77 31
1163764800 55 20 84 35
1163763000 60 23 84 61
1163761200 51 16 75 24
1163759400 50 12 67 27
1163757600 22 3 55 9
1163755800 42 6 72 17
1163754000 37 2 68 10
1163752200 28 0 53 5
1163750400 6 0 16 4
1163748600 16 0 38 1
1163746800 22 2 50 11
1163745000 18 17 32 83
1163743200 13 3 25 14
1163741400 24 1 28 6
1163739600 23 1 27 9
1163737800 24 2 27 33
1163736000 0 5 0 33
1163734200 0 0 0 0
1163732400 0 0 0 0
1163730600 0 0 17 15
1163728800 21 7 30 16
1163727000 13 0 28 3
1163725200 11 0 16 1
1163723400 11 0 17 1
1163721600 11 1 18 1
1163719800 8 0 17 1
1163718000 9 0 13 2
1163716200 10 1 24 5
1163714400 1 0 7 5
1163712600 0 0 5 0
1163710800 3 0 25 2
1163709000 14 2 33 14
1163707200 35 10 71 20
1163705400 41 12 78 20
1163703600 48 12 67 18
1163701800 57 17 75 33
1163700000 49 12 72 26
1163698200 62 26 72 60
1163696400 63 21 72 36
1163694600 55 21 87 48
1163692800 39 17 51 22
1163691000 40 17 52 43
1163689200 22 11 43 24
1163687400 38 17 77 24
1163685600 46 22 77 38
1163683800 34 12 58 29
1163682000 36 14 64 35
1163680200 36 11 68 19
1163678400 43 8 81 19
1163676600 37 11 81 22
1163674800 28 7 65 21
1163673000 18 2 41 12
1163671200 14 1 63 6
1163669400 48 8 75 18
1163667600 15 1 75 7
1163665800 5 0 31 6
1163664000 17 0 25 6
1163662200 9 0 25 3
1163660400 17 2 34 7
1163658600 29 7 79 13
1163656800 16 1 35 9
1163655000 25 1 29 3
1163653200 23 2 28 5
1163651400 24 2 27 40
1163649600 0 6 0 40
1163647800 0 0 0 0
1163646000 0 0 0 0
1163644200 0 0 0 0
1163642400 3 3 10 8
1163640600 0 0 2 2
1163638800 0 0 0 0
1163637000 0 0 0 0
1163635200 0 0 0 0
1163633400 0 0 0 0
1163631600 0 0 0 0
1163629800 0 0 0 0
1163628000 0 0 0 0
1163626200 0 0 0 0
1163624400 0 0 0 0
1163622600 0 0 0 0
1163620800 0 0 0 0
1163619000 0 0 0 0
1163617200 0 0 0 0
1163615400 0 0 0 0
1163613600 0 0 0 0
1163611800 0 0 0 0
1163610000 0 0 0 1
1163608200 0 0 0 0
1163606400 0 0 0 0
1163604600 0 0 0 0
1163602800 0 0 0 0
1163601000 0 0 0 0
1163599200 0 0 0 0
1163597400 0 0 0 0
1163595600 0 0 0 0
1163593800 0 0 0 0
1163592000 0 0 0 0
1163590200 0 0 0 0
1163588400 0 0 0 0
1163586600 0 0 0 0
1163584800 0 0 0 0
1163583000 0 0 0 0
1163581200 0 0 43 5
1163579400 7 0 43 5
1163577600 0 0 5 5
1163575800 0 1 0 1
1163574000 1 0 16 6
1163572200 15 4 23 12
1163570400 13 2 25 7
1163568600 24 1 28 4
1163566800 23 1 27 5
1163565000 22 4 26 38
1163563200 0 6 0 38
1163561400 0 0 0 0
1163559600 0 0 0 0
1163557800 1 0 23 8
1163556000 13 1 27 9
1163548800 11 0 29 5
1163541600 9 0 58 5
1163534400 41 12 81 81
1163527200 17 7 49 41
1163520000 37 10 72 32
1163512800 43 20 76 60
1163505600 55 16 86 64
1163498400 2 3 25 64
1163491200 15 2 40 24
1163484000 21 1 35 45
1163476800 0 1 25 45
1163469600 12 1 26 14
1163462400 7 0 24 4
1163455200 21 1 44 11
1163448000 55 15 83 40
1163440800 66 20 88 58
1163433600 64 14 85 40
1163426400 50 14 87 36
1163419200 43 19 68 44
1163412000 13 1 64 12
1163404800 13 0 41 8
1163397600 18 0 28 38
1163390400 0 1 0 38
1163383200 0 0 11 6
1163376000 0 0 0 0
1163368800 0 0 0 0
1163361600 0 0 0 0
1163354400 0 0 0 0
1163347200 0 0 0 0
1163340000 0 0 0 1
1163332800 0 0 0 0
1163325600 1 0 37 14
1163318400 0 0 11 6
1163311200 20 1 29 41
1163304000 0 1 0 41
1163296800 1 0 14 13
1163289600 0 0 0 0
1163282400 0 0 0 0
1163275200 0 0 1 0
1163268000 0 0 1 0
1163260800 0 0 0 0
1163253600 0 0 1 0
1163246400 0 0 0 1
1163239200 1 0 39 7
1163232000 4 0 30 5
1163224800 19 1 29 8
1163217600 0 0 0 0
1163210400 10 1 21 18
1163203200 8 0 23 4
1163196000 6 0 26 12
1163188800 37 10 72 21
1163181600 44 14 75 28
1163174400 10 5 55 34
1163167200 45 18 79 47
1163160000 27 11 69 44
1163152800 18 1 71 14
1163145600 17 1 47 20
1163138400 19 1 28 40
1163131200 0 1 0 40
1163124000 8 4 21 40
1163116800 11 0 28 4
1163109600 5 0 25 6
1163102400 31 8 64 20
1163095200 43 13 73 23
1163088000 15 8 52 88
1163080800 36 16 74 60
1163073600 23 7 67 28
1163066400 9 3 38 18
1163059200 16 0 49 8
1163052000 21 1 39 54
1163044800 0 2 0 54
1163037600 9 2 24 57
1163030400 10 0 24 1
1163023200 2 0 23 9
1163016000 23 12 55 53
1163008800 34 14 68 33
1163001600 10 3 51 40
1162994400 61 14 86 40
1162987200 61 16 91 43
1162980000 13 2 67 13
1162972800 13 1 52 24
1162965600 22 4 39 72
1162958400 0 1 0 39
1162951200 10 0 25 7
1162944000 8 0 23 3
1162936800 4 0 29 12
1162929600 22 10 54 62
1162922400 24 14 63 77
1162915200 34 11 60 77
1162908000 51 13 82 47
1162900800 54 13 89 43
1162893600 15 0 48 14
1162886400 30 2 63 15
1162879200 20 1 28 49
1162872000 0 2 0 49
1162864800 0 0 16 9
1162857600 13 0 36 5
1162850400 6 0 36 7
1162843200 42 11 81 58
1162836000 48 21 81 49
1162828800 46 23 79 64
1162821600 60 20 93 51
1162814400 71 10 93 56
1162807200 25 6 93 52
1162800000 4 0 25 4
1162792800 17 0 28 36
1162785600 0 1 0 36
1162778400 0 0 0 0
1162771200 0 0 0 0
1162764000 0 1 0 23
1162756800 0 0 0 0
1162749600 0 0 0 0
1162742400 0 0 14 14
1162735200 0 0 0 0
1162728000 0 0 0 0
1162720800 0 0 32 8
1162713600 3 0 21 15
1162706400 19 2 32 58
1162699200 0 2 1 58
1162692000 0 0 0 0
1162684800 0 0 0 0
1162677600 0 0 12 1
1162670400 9 0 21 1
1162663200 7 0 23 24
1162656000 9 9 54 39
1162648800 16 5 40 37
1162641600 17 5 35 43
1162634400 0 0 0 0
1162627200 3 0 22 7
1162620000 18 1 28 30
1162612800 0 1 0 30
1162605600 0 0 21 4
1162598400 1 0 25 4
1162591200 7 0 54 7
1162584000 30 11 89 50
1162576800 68 15 90 35
1162569600 52 26 72 86
1162562400 83 5 97 22
1162555200 66 13 96 60
1162548000 6 0 54 9
1162540800 9 1 38 18
1162533600 18 0 28 5
1162526400 0 0 0 0
1162519200 0 0 0 0
1162512000 0 0 0 0
1162504800 0 0 0 0
1162497600 0 0 0 1
1162490400 0 0 0 1
1162483200 0 0 11 8
1162476000 0 0 0 0
1162468800 0 0 0 0
1162461600 0 0 34 7
1162454400 4 0 20 6
1162447200 19 2 28 44
1162440000 0 1 0 44
1162432800 5 0 13 1
1162425600 9 0 16 2
1162418400 2 0 23 3
1162411200 39 9 84 25
1162404000 72 14 93 50
1162396800 69 19 90 39
1162389600 58 19 80 40
1162382400 64 15 93 47
1162375200 15 0 56 5
1162368000 19 3 56 13
1162360800 20 1 30 38
1162353600 29 1 49 38
1162346400 33 0 43 1
1162339200 34 0 53 5
1162332000 37 1 80 16
1162324800 49 8 88 16
1162317600 67 17 93 53
1162310400 59 16 97 91
1162303200 63 20 90 42
1162296000 54 17 89 52
1162288800 14 3 59 29
1162281600 18 1 64 15
1162274400 18 1 32 15
1162267200 0 0 0 0
1162260000 9 0 18 1
1162252800 11 0 41 6
1162245600 24 5 49 23
1162238400 44 13 77 66
1162231200 53 26 89 94
1162224000 59 23 91 56
1162216800 38 24 71 56
1162209600 32 22 72 42
1162202400 8 0 50 9
1162195200 11 0 37 8
1162188000 19 1 28 37
1162180800 0 1 0 37
1162173600 0 0 0 0
1162166400 0 0 0 0
1162159200 0 0 0 0
1162152000 0 0 0 0
1162144800 0 0 0 0
1162137600 0 0 8 16
1162130400 0 0 0 0
1162123200 0 0 0 0
1162116000 1 0 45 7
1162108800 1 0 30 6
1162101600 18 0 28 25
1162094400 0 1 0 25
1162087200 0 0 0 0
1162080000 0 0 0 0
1162072800 0 0 0 16
1162065600 0 0 0 16
1162058400 0 0 1 1
1162051200 0 0 10 9
1162044000 0 0 3 1
1162036800 0 0 1 0
1162029600 0 0 33 8
1162022400 3 0 21 4
1162015200 19 0 28 34
1162008000 0 1 0 34
1162000800 8 0 20 1
1161993600 11 0 32 2
1161986400 7 0 51 15
1161979200 24 8 51 42
1161972000 37 18 73 61
1161964800 21 14 72 56
1161957600 71 15 90 39
1161950400 57 15 92 44
1161943200 5 0 38 10
1161936000 21 1 74 12
1161928800 18 1 27 39
1161921600 0 1 0 39
1161914400 9 0 29 4
1161907200 11 0 26 5
1161900000 14 1 60 19
1161892800 45 20 79 60
1161885600 65 21 87 46
1161878400 57 29 84 67
1161871200 40 13 78 37
1161864000 53 12 83 33
1161856800 13 0 36 9
1161849600 14 2 44 20
1161842400 18 0 28 48
1161835200 0 1 12 48
1161828000 11 0 28 2
1161820800 17 0 40 10
1161813600 29 8 70 20
1161806400 25 12 68 50
1161799200 59 17 86 53
1161792000 55 21 77 48
1161784800 46 17 84 40
1161777600 48 22 84 53
1161770400 7 1 52 17
1161763200 15 1 49 13
1161756000 18 1 27 42
1161748800 0 1 12 42
1161741600 7 0 21 2
1161734400 13 0 47 4
1161727200 16 2 47 13
1161720000 33 12 75 43
1161712800 36 19 78 73
1161705600 41 26 81 61
1161698400 33 12 69 39
1161691200 50 19 83 43
1161684000 13 2 49 21
1161676800 16 1 54 15
1161669600 18 1 27 17
1161662400 1 0 25 1
1161655200 9 0 39 1
1161648000 11 0 44 3
1161640800 19 0 52 8
1161633600 37 15 81 35
1161626400 58 19 88 62
1161619200 26 16 72 52
1161612000 22 9 75 30
1161604800 40 11 83 33
1161597600 10 1 48 24
1161590400 13 2 48 16
1161583200 19 3 27 79
1161576000 0 1 17 37
1161568800 0 0 17 4
1161561600 0 0 0 0
1161554400 0 0 0 0
1161547200 0 0 0 0
1161540000 0 0 0 0
1161532800 0 0 14 5
1161525600 0 0 0 16
1161518400 0 0 0 0
1161511200 1 0 37 5
1161504000 0 0 13 15
1161496800 18 1 27 5
1161489600 0 0 0 0
1161482400 0 0 0 0
1161475200 0 0 0 0
1161468000 0 0 0 0
1161460800 0 0 0 0
1161453600 0 0 2 8
1161446400 0 1 8 24
1161439200 0 0 1 1
1161432000 0 0 1 0
1161424800 0 0 33 7
1161417600 4 0 26 6
1161410400 16 1 27 32
1161403200 0 1 16 32
1161396000 10 0 18 1
1161388800 7 0 25 7
1161381600 11 1 27 16
1161374400 14 4 49 17
1161367200 46 18 74 42
1161360000 26 19 64 49
1161352800 27 8 68 26
1161345600 18 5 44 20
1161338400 6 0 30 9
1161331200 14 1 51 14
1161324000 18 1 28 34
1161316800 0 1 11 34
1161309600 8 0 18 1
1161302400 11 0 21 1
1161295200 8 0 27 7
1161288000 16 4 55 15
1161280800 20 10 72 31
1161273600 41 18 77 35
1161266400 28 11 79 27
1161259200 35 12 70 26
1161252000 19 4 61 16
1161244800 16 2 50 18
1161237600 19 3 28 42
1161230400 0 0 11 17
1161223200 6 0 17 1
1161216000 9 0 19 15
1161208800 10 0 34 11
1161201600 36 9 78 30
1161194400 60 21 85 94
1161187200 60 21 81 45
1161180000 52 16 84 39
1161172800 57 8 88 29
1161165600 33 1 72 10
1161158400 46 1 75 10
1161151200 47 1 55 46
1161144000 24 1 25 46
1161136800 33 0 49 1
1161129600 43 0 68 2
1161122400 42 0 82 12
1161115200 58 9 82 35
1161108000 67 12 90 34
1161100800 30 17 73 82
1161093600 22 8 70 30
1161086400 31 9 75 30
1161079200 11 1 54 19
1161072000 16 1 81 15
1161064800 16 1 27 44
1161057600 0 1 0 44
1161050400 4 0 17 1
1161043200 14 0 51 19
1161036000 18 2 64 24
1161028800 37 15 77 48
1161021600 28 17 65 46
1161014400 45 23 85 40
1161007200 39 14 83 43
1161000000 32 10 66 42
1160992800 5 0 42 11
1160985600 9 1 28 19
1160978400 18 1 28 29
1160971200 0 1 0 29
1160964000 0 0 0 7
1160956800 0 0 4 0
1160949600 0 1 8 23
1160942400 0 0 12 1
1160935200 0 0 10 2
1160928000 0 0 9 8
1160920800 0 0 0 0
1160913600 0 0 0 0
1160906400 0 0 33 7
1160899200 3 0 20 11
1160892000 18 1 28 53
1160884800 0 2 1 53
1160877600 0 1 14 19
1160870400 0 0 8 0
1160863200 5 0 15 2
1160856000 7 0 13 2
1160848800 0 0 10 1
1160841600 0 0 13 6
1160834400 0 0 0 1
1160827200 5 0 13 1
1160820000 0 0 31 10
1160812800 8 1 28 19
1160805600 12 0 28 5
1160798400 0 0 10 11
1160791200 5 0 26 11
1160784000 9 0 37 6
1160776800 25 6 75 25
1160769600 36 10 77 34
1160762400 50 22 85 57
1160755200 12 8 80 24
1160748000 65 15 90 39
1160740800 21 8 78 54
1160733600 8 0 27 6
1160726400 11 0 90 10
1160719200 11 1 29 29
1160712000 0 0 4 23
1160704800 0 0 0 0
1160697600 0 0 0 0
1160690400 0 0 0 0
1160683200 0 0 0 0
1160676000 0 0 7 24
1160668800 0 2 10 28
1160661600 0 0 0 0
1160654400 0 0 0 0
1160647200 0 0 28 13
1160640000 10 1 28 10
1160632800 12 1 28 31
1160625600 0 0 11 2
1160618400 6 0 20 2
1160611200 21 3 58 24
1160604000 21 4 54 20
1160596800 17 5 68 26
1160589600 35 20 70 47
1160582400 12 7 54 32
1160575200 16 5 48 26
1160568000 23 5 74 32
1160560800 24 0 57 6
1160553600 15 1 44 10
1160546400 12 1 27 36
1160539200 0 0 11 1
1160532000 10 0 17 2
1160524800 9 0 39 9
1160517600 21 4 60 20
1160510400 21 10 56 39
1160503200 33 16 70 39
1160496000 16 10 57 48
1160488800 15 6 62 25
1160481600 7 2 43 25
1160474400 1 0 35 9
1160467200 14 1 30 10
1160460000 11 1 27 30
1160452800 0 0 0 1
1160445600 7 0 16 1
1160438400 9 0 29 12
1160431200 21 11 43 25
1160424000 6 2 40 18
1160416800 28 16 63 52
1160409600 10 5 73 27
1160402400 5 2 27 11
1160395200 10 2 57 37
1160388000 1 0 41 9
1160380800 14 0 33 9
1160373600 12 0 28 4
1160366400 0 0 0 0
1160359200 0 0 0 0
1160352000 0 0 0 0
1160344800 0 0 0 0
1160337600 3 0 12 18
1160330400 9 0 29 9
1160323200 7 0 39 11
1160316000 0 0 0 0
1160308800 0 0 0 0
1160301600 1 0 44 10
1160294400 9 0 27 9
1160287200 12 0 27 6
1160280000 0 0 0 0
1160272800 0 0 0 0
1160265600 0 0 0 0
1160258400 0 0 0 0
1160251200 0 0 3 0
1160244000 0 0 2 6
1160236800 0 1 10 19
1160229600 0 0 3 0
1160222400 0 0 0 0
1160215200 0 0 31 7
1160208000 9 0 29 8
1160200800 12 1 27 32
1160193600 0 0 0 0
1160186400 0 0 10 2
1160179200 0 0 10 12
1160172000 12 4 53 22
1160164800 40 15 69 47
1160157600 33 24 72 63
1160150400 25 11 70 52
1160143200 42 8 86 32
1160136000 13 3 68 32
1160128800 11 0 31 8
1160121600 15 1 41 11
1160114400 12 2 29 40
1160107200 0 0 12 1
1160100000 10 0 25 16
1160092800 7 0 27 5
1160085600 22 6 71 27
1160078400 36 18 69 50
1160071200 43 26 74 63
1160064000 16 10 47 39
1160056800 48 17 70 44
1160049600 16 6 64 34
1160042400 9 0 45 6
1160035200 12 1 46 11
1160028000 12 1 28 38
1160020800 0 0 0 0
1160013600 5 0 33 1
1160006400 12 1 25 3
1159999200 16 4 51 21
1159992000 28 11 61 47
1159984800 9 0 44 14
1159977600 41 7 86 27
1159970400 67 12 91 30
1159963200 19 6 53 23
1159956000 19 0 62 9
1159948800 2 0 24 4
1159941600 2 4 18 81
1159934400 1 0 19 1
1159927200 9 0 19 1
1159920000 15 1 53 16
1159912800 55 7 82 25
1159905600 71 11 84 21
1159898400 59 14 83 30
1159891200 53 16 76 28
1159884000 58 22 71 53
1159876800 25 5 78 27
1159869600 8 0 37 11
1159862400 15 1 48 13
1159855200 12 1 28 37
1159848000 1 0 14 1
1159840800 8 0 17 1
1159833600 3 0 31 1
1159826400 23 5 63 22
1159819200 27 11 67 27
1159812000 45 22 72 67
1159804800 54 17 87 34
1159797600 48 16 74 39
1159790400 34 9 82 31
1159783200 18 0 51 6
1159776000 6 0 27 8
1159768800 12 2 29 32
1159761600 0 0 0 0
1159754400 10 0 23 4
1159747200 22 2 24 4
1159740000 8 0 23 4
1159732800 10 0 25 8
1159725600 21 2 53 12
1159718400 27 3 53 12
1159711200 23 3 31 22
1159704000 9 0 23 4
1159696800 1 0 40 6
1159689600 5 0 28 7
1159682400 17 2 26 41
1159675200 21 2 24 5
1159668000 0 0 24 3
1159660800 15 1 24 4
1159653600 9 0 24 4
1159646400 0 1 1 31
1159639200 0 0 5 7
1159632000 2 0 21 9
1159624800 19 1 34 8
1159617600 23 3 32 7
1159610400 5 0 35 6
1159603200 9 1 30 10
1159596000 11 2 28 27
1159588800 19 1 37 5
1159581600 27 2 50 5
1159574400 24 2 42 20
1159567200 30 7 69 25
1159560000 58 17 82 32
1159552800 43 15 74 47
1159545600 41 16 72 51
1159538400 27 7 81 36
1159531200 38 4 68 22
1159524000 13 0 47 8
1159516800 15 3 42 30
1159509600 11 1 27 31
1159502400 3 0 21 1
1159495200 26 1 41 5
1159488000 28 3 57 12
1159480800 33 8 55 17
1159473600 57 20 78 47
1159466400 47 14 79 30
1159459200 33 22 60 57
1159452000 52 22 82 49
1159444800 18 4 79 27
1159437600 7 0 30 8
1159430400 18 2 56 16
1159423200 11 2 28 41
1159416000 0 0 12 19
1159408800 10 0 22 2
1159401600 12 0 28 5
1159394400 28 6 71 25
1159387200 53 15 80 29
1159380000 44 20 80 47
1159372800 41 14 75 30
1159365600 49 15 74 41
1159358400 10 2 53 29
1159351200 6 0 31 8
1159344000 16 1 46 10
1159336800 11 2 27 38
1159329600 0 0 15 1
1159322400 22 2 42 14
1159315200 27 3 39 8
1159308000 38 9 70 26
1159300800 24 8 68 49
1159293600 34 21 59 49
1159286400 34 15 78 38
1159279200 18 7 60 34
1159272000 17 5 51 28
1159264800 9 0 27 10
1159257600 13 0 60 17
1159250400 11 4 28 61
1159243200 0 0 1 0
1159236000 8 0 15 2
1159228800 17 4 85 81
1159142400 0 0 33 41
1159056000 0 0 31 68
1158969600 11 1 77 39
1158883200 10 2 73 48
1158796800 28 3 84 55
1158710400 23 2 88 38
1158624000 32 2 95 70
1158537600 7 0 48 36
1158451200 14 0 69 36
1158364800 20 1 89 60
1158278400 23 4 81 41
1158192000 13 2 89 50
1158105600 28 1 91 82
1158019200 39 2 94 42
1157932800 0 0 45 73
1157846400 18 0 91 46
1157760000 31 3 97 42
1157673600 0 0 40 33
1157587200 11 2 73 47
1157500800 17 3 81 47
1157414400 13 4 71 76
1157328000 0 0 31 37
1157241600 0 0 54 37
1157155200 15 2 90 38
1157068800 17 1 89 46
1156982400 13 3 69 49
1156896000 13 1 77 43
1156809600 9 1 70 54
1156723200 0 0 37 44
1156636800 4 0 57 42
1156550400 18 1 82 31
1156464000 19 3 81 74
1156377600 10 1 67 63
1156291200 9 0 70 30
1156204800 18 3 84 74
1156118400 0 0 30 94
1156032000 0 0 37 46
1155945600 10 1 89 37
1155859200 10 1 82 67
1155772800 12 2 78 55
1155686400 18 3 81 42
1155600000 0 0 0 0
1155513600 0 0 40 38
1155427200 0 0 62 24
1155340800 19 3 91 49
1155254400 22 5 87 61
1155168000 16 1 84 58
1155081600 9 0 58 37
1154995200 10 0 72 41
1154908800 0 0 33 37
1154822400 0 0 32 7
1154736000 11 1 83 44
1154649600 9 0 73 50
1154563200 17 3 78 47
1154476800 21 0 99 33
1154390400 17 3 83 45
1154304000 0 0 35 33
1154217600 0 0 37 32
1154131200 22 3 90 60
1154044800 20 3 88 76
1153958400 18 3 83 98
1153872000 21 3 85 43
1153785600 10 1 76 44
1153699200 0 0 29 17
1153612800 0 0 21 70
1153526400 8 1 66 42
1153440000 9 0 66 36
1153353600 9 0 75 45
1153267200 13 2 81 42
1153180800 13 2 72 53
1153094400 0 0 31 22
1153008000 7 0 67 27
1152921600 12 2 78 60
1152835200 22 4 79 47
1152748800 20 3 97 72
1152662400 23 2 92 46
1152576000 16 0 83 37
1152489600 0 0 30 20
1152403200 0 0 28 8
1152316800 15 1 86 55
1152230400 20 2 82 42
1152144000 17 1 88 56
1152057600 10 0 72 23
1151971200 19 3 83 37
1151884800 0 0 29 13
1151798400 0 0 28 22
1151712000 19 2 90 32
1151625600 26 22 95 63
1151539200 20 40 62 89
1151452800 15 21 68 46
1151366400 15 20 64 69
1151280000 4 18 32 41
1151193600 4 18 32 40
1151107200 12 19 67 64
1151020800 12 19 68 51
1150934400 12 19 64 52
1150848000 12 9 76 56
1150761600 16 2 83 34
1150675200 0 0 29 9
1150588800 0 0 28 11
1150502400 8 0 71 78
1150416000 0 0 29 14
1150329600 11 1 86 53
1150243200 5 0 67 39
1150156800 12 1 79 51
1150070400 0 0 27 15
1149984000 1 0 37 11
1149897600 16 3 87 71
1149811200 9 0 77 37
1149724800 20 1 80 41
1149638400 11 1 74 47
1149552000 16 2 76 34
1149465600 0 0 28 18
1149379200 0 0 30 12
1149292800 11 1 83 37
1149206400 10 0 73 50
1149120000 8 1 82 43
1149033600 23 0 74 24
1148947200 10 0 75 33
1148860800 0 0 27 7
1148774400 3 0 40 68
1148688000 9 0 72 32
1148601600 20 0 93 31
1148515200 7 0 83 45
1148428800 14 0 87 31
1148342400 6 0 69 57
1148256000 0 0 27 14
1148169600 0 0 29 13
1148083200 5 0 57 38
1147996800 9 0 83 34
1147910400 10 0 77 34
1147824000 7 0 61 32
1147737600 8 0 85 78
1147651200 0 0 27 14
1147564800 0 0 63 18
1147478400 12 0 70 36
1147392000 24 3 90 58
1147305600 19 1 91 36
1147219200 20 1 91 31
1147132800 30 1 95 45
1147046400 0 0 24 10
1146960000 1 0 38 16
1146873600 8 0 68 53
1146787200 13 0 80 28
1146700800 22 1 98 55
1146614400 24 1 97 26
1146528000 0 0 24 22
1146441600 0 0 26 16
1146355200 0 0 36 8
1146268800 18 2 77 64
1146182400 22 3 98 31
1146096000 35 1 98 68
1146009600 31 0 98 46
1145923200 37 0 100 35
1145836800 0 0 27 7
1145750400 33 0 97 37
1145664000 26 0 69 14
1145577600 42 1 98 23
1145491200 34 0 99 20
1145404800 32 0 99 56
1145318400 25 0 99 83
1145232000 0 0 26 23
1145145600 9 0 43 90
1145059200 0 0 38 35
1144972800 22 1 89 63
1144886400 23 3 93 80
1144800000 15 0 85 28
1144713600 18 0 97 23
1144627200 0 0 27 13
1144540800 7 0 82 18
1144454400 18 0 92 52
1144368000 15 0 92 23
1144281600 0 0 0 0
1144195200 0 0 0 0
1144108800 0 0 0 0
1144022400 0 0 0 0
1143936000 0 0 0 0
1143849600 0 0 0 0
1143763200 0 0 0 0
1143676800 0 0 0 0
1143590400 0 0 0 0
1143504000 0 0 0 0
1143417600 0 0 0 0
1143331200 0 0 0 0
1143244800 0 0 0 0
1143158400 0 0 0 0
1143072000 0 0 0 0
1142985600 0 0 0 0
1142899200 0 0 0 0
1142812800 0 0 0 0
1142726400 0 0 0 0
1142640000 0 0 0 0
1142553600 0 0 0 0
1142467200 0 0 0 0
1142380800 0 0 0 0
1142294400 0 0 0 0
1142208000 0 0 0 0
1142121600 0 0 0 0
1142035200 0 0 0 0
1141948800 0 0 0 0
1141862400 0 0 0 0
1141776000 0 0 0 0
1141689600 0 0 0 0
1141603200 0 0 0 0
1141516800 0 0 0 0
1141430400 0 0 0 0
1141344000 0 0 0 0
1141257600 0 0 0 0
1141171200 0 0 0 0
1141084800 0 0 0 0
1140998400 0 0 0 0
1140912000 0 0 0 0
1140825600 0 0 0 0
1140739200 0 0 0 0
1140652800 0 0 0 0
1140566400 0 0 0 0
1140480000 0 0 0 0
1140393600 0 0 0 0
1140307200 0 0 0 0
1140220800 0 0 0 0
1140134400 0 0 0 0
1140048000 0 0 0 0
1139961600 0 0 0 0
1139875200 0 0 0 0
1139788800 0 0 0 0
1139702400 0 0 0 0
1139616000 0 0 0 0
1139529600 0 0 0 0
1139443200 0 0 0 0
1139356800 0 0 0 0
1139270400 0 0 0 0
1139184000 0 0 0 0
1139097600 0 0 0 0
1139011200 0 0 0 0
1138924800 0 0 0 0
1138838400 0 0 0 0
1138752000 0 0 0 0
1138665600 0 0 0 0
1138579200 0 0 0 0
1138492800 0 0 0 0
1138406400 0 0 0 0
1138320000 0 0 0 0
1138233600 0 0 0 0
1138147200 0 0 0 0
1138060800 0 0 0 0
1137974400 0 0 0 0
1137888000 0 0 0 0
1137801600 0 0 0 0
1137715200 0 0 0 0
1137628800 0 0 0 0
1137542400 0 0 0 0
1137456000 0 0 0 0
1137369600 0 0 0 0
1137283200 0 0 0 0
1137196800 0 0 0 0
1137110400 0 0 0 0
1137024000 0 0 0 0
1136937600 0 0 0 0
1136851200 0 0 0 0
1136764800 0 0 0 0
1136678400 0 0 0 0
1136592000 0 0 0 0
1136505600 0 0 0 0
1136419200 0 0 0 0
1136332800 0 0 0 0
1136246400 0 0 0 0
1136160000 0 0 0 0
1136073600 0 0 0 0
1135987200 0 0 0 0
1135900800 0 0 0 0
1135814400 0 0 0 0
1135728000 0 0 0 0
1135641600 0 0 0 0
1135555200 0 0 0 0
1135468800 0 0 0 0
1135382400 0 0 0 0
1135296000 0 0 0 0
1135209600 0 0 0 0
1135123200 0 0 0 0
1135036800 0 0 0 0
1134950400 0 0 0 0
1134864000 0 0 0 0
1134777600 0 0 0 0
1134691200 0 0 0 0
1134604800 0 0 0 0
1134518400 0 0 0 0
1134432000 0 0 0 0
1134345600 0 0 0 0
1134259200 0 0 0 0
1134172800 0 0 0 0
1134086400 0 0 0 0
1134000000 0 0 0 0
1133913600 0 0 0 0
1133827200 0 0 0 0
1133740800 0 0 0 0
1133654400 0 0 0 0
1133568000 0 0 0 0
1133481600 0 0 0 0
1133395200 0 0 0 0
1133308800 0 0 0 0
1133222400 0 0 0 0
1133136000 0 0 0 0
1133049600 0 0 0 0
1132963200 0 0 0 0
1132876800 0 0 0 0
1132790400 0 0 0 0
1132704000 0 0 0 0
1132617600 0 0 0 0
1132531200 0 0 0 0
1132444800 0 0 0 0
1132358400 0 0 0 0
1132272000 0 0 0 0
1132185600 0 0 0 0
1132099200 0 0 0 0
1132012800 0 0 0 0
1131926400 0 0 0 0
1131840000 0 0 0 0
1131753600 0 0 0 0
1131667200 0 0 0 0
1131580800 0 0 0 0
1131494400 0 0 0 0
1131408000 0 0 0 0
1131321600 0 0 0 0
1131235200 0 0 0 0
1131148800 0 0 0 0
1131062400 0 0 0 0
1130976000 0 0 0 0
1130889600 0 0 0 0
1130803200 0 0 0 0
1130716800 0 0 0 0
1130630400 0 0 0 0
1130544000 0 0 0 0
1130457600 0 0 0 0
1130371200 0 0 0 0
1130284800 0 0 0 0
1130198400 0 0 0 0
1130112000 0 0 0 0
1130025600 0 0 0 0
1129939200 0 0 0 0
1129852800 0 0 0 0
1129766400 0 0 0 0
1129680000 0 0 0 0
1129593600 0 0 0 0
1129507200 0 0 0 0
1129420800 0 0 0 0
1129334400 0 0 0 0
1129248000 0 0 0 0
1129161600 0 0 0 0
1129075200 0 0 0 0
1128988800 0 0 0 0
1128902400 0 0 0 0
1128816000 0 0 0 0
1128729600 0 0 0 0
1128643200 0 0 0 0
1128556800 0 0 0 0
1128470400 0 0 0 0
1128384000 0 0 0 0
1128297600 0 0 0 0
1128211200 0 0 0 0
1128124800 0 0 0 0
1128038400 0 0 0 0
1127952000 0 0 0 0
1127865600 0 0 0 0
1127779200 0 0 0 0
1127692800 0 0 0 0
1127606400 0 0 0 0
1127520000 0 0 0 0
1127433600 0 0 0 0
1127347200 0 0 0 0
1127260800 0 0 0 0
1127174400 0 0 0 0
1127088000 0 0 0 0
1127001600 0 0 0 0
1126915200 0 0 0 0
1126828800 0 0 0 0
1126742400 0 0 0 0
1126656000 0 0 0 0
1126569600 0 0 0 0
1126483200 0 0 0 0
1126396800 0 0 0 0
1126310400 0 0 0 0
1126224000 0 0 0 0
1126137600 0 0 0 0
1126051200 0 0 0 0
1125964800 0 0 0 0
1125878400 0 0 0 0
1125792000 0 0 0 0
1125705600 0 0 0 0
1125619200 0 0 0 0
1125532800 0 0 0 0
1125446400 0 0 0 0
1125360000 0 0 0 0
1125273600 0 0 0 0
1125187200 0 0 0 0
1125100800 0 0 0 0
1125014400 0 0 0 0
1124928000 0 0 0 0
1124841600 0 0 0 0
1124755200 0 0 0 0
1124668800 0 0 0 0
1124582400 0 0 0 0
1124496000 0 0 0 0
1124409600 0 0 0 0
1124323200 0 0 0 0
1124236800 0 0 0 0
1124150400 0 0 0 0
1124064000 0 0 0 0
1123977600 0 0 0 0
1123891200 0 0 0 0
1123804800 0 0 0 0
1123718400 0 0 0 0
1123632000 0 0 0 0
1123545600 0 0 0 0
1123459200 0 0 0 0
1123372800 0 0 0 0
1123286400 0 0 0 0
1123200000 0 0 0 0
1123113600 0 0 0 0
1123027200 0 0 0 0
1122940800 0 0 0 0
1122854400 0 0 0 0
1122768000 0 0 0 0
1122681600 0 0 0 0
1122595200 0 0 0 0
1122508800 0 0 0 0
1122422400 0 0 0 0
1122336000 0 0 0 0
1122249600 0 0 0 0
1122163200 0 0 0 0
1122076800 0 0 0 0
1121990400 0 0 0 0
1121904000 0 0 0 0
1121817600 0 0 0 0
1121731200 0 0 0 0
1121644800 0 0 0 0
1121558400 0 0 0 0
1121472000 0 0 0 0
1121385600 0 0 0 0
1121299200 0 0 0 0
1121212800 0 0 0 0
1121126400 0 0 0 0
1121040000 0 0 0 0
1120953600 0 0 0 0
1120867200 0 0 0 0
1120780800 0 0 0 0
1120694400 0 0 0 0
1120608000 0 0 0 0
1120521600 0 0 0 0
1120435200 0 0 0 0
1120348800 0 0 0 0
1120262400 0 0 0 0
1120176000 0 0 0 0
1120089600 0 0 0 0
1120003200 0 0 0 0
1119916800 0 0 0 0
1119830400 0 0 0 0
1119744000 0 0 0 0
1119657600 0 0 0 0
1119571200 0 0 0 0
1119484800 0 0 0 0
1119398400 0 0 0 0
1119312000 0 0 0 0
1119225600 0 0 0 0
1119139200 0 0 0 0
1119052800 0 0 0 0
1118966400 0 0 0 0
1118880000 0 0 0 0
1118793600 0 0 0 0
1118707200 0 0 0 0
1118620800 0 0 0 0
1118534400 0 0 0 0
1118448000 0 0 0 0
1118361600 0 0 0 0
1118275200 0 0 0 0
1118188800 0 0 0 0
1118102400 0 0 0 0
1118016000 0 0 0 0
1117929600 0 0 0 0
1117843200 0 0 0 0
1117756800 0 0 0 0
1117670400 0 0 0 0
1117584000 0 0 0 0
1117497600 0 0 0 0
1117411200 0 0 0 0
1117324800 0 0 0 0
1117238400 0 0 0 0
1117152000 0 0 0 0
1117065600 0 0 0 0
1116979200 0 0 0 0
1116892800 0 0 0 0
1116806400 0 0 0 0
1116720000 0 0 0 0
1116633600 0 0 0 0
1116547200 0 0 0 0
1116460800 0 0 0 0
1116374400 0 0 0 0
1116288000 0 0 0 0
1116201600 0 0 0 0
1116115200 0 0 0 0
1116028800 0 0 0 0
1115942400 0 0 0 0
1115856000 0 0 0 0
1115769600 0 0 0 0
1115683200 0 0 0 0
1115596800 0 0 0 0
1115510400 0 0 0 0
1115424000 0 0 0 0
1115337600 0 0 0 0
1115251200 0 0 0 0
1115164800 0 0 0 0
1115078400 0 0 0 0
1114992000 0 0 0 0
1114905600 0 0 0 0
1114819200 0 0 0 0
1114732800 0 0 0 0
1114646400 0 0 0 0
1114560000 0 0 0 0
1114473600 0 0 0 0
1114387200 0 0 0 0
1114300800 0 0 0 0
1114214400 0 0 0 0
1114128000 0 0 0 0
1114041600 0 0 0 0
1113955200 0 0 0 0
1113868800 0 0 0 0
1113782400 0 0 0 0
1113696000 0 0 0 0
1113609600 0 0 0 0
1113523200 0 0 0 0
1113436800 0 0 0 0
1113350400 0 0 0 0
1113264000 0 0 0 0
1113177600 0 0 0 0
1113091200 0 0 0 0
1113004800 0 0 0 0
1112918400 0 0 0 0
1112832000 0 0 0 0
1112745600 0 0 0 0
1112659200 0 0 0 0
1112572800 0 0 0 0
1112486400 0 0 0 0
1112400000 0 0 0 0
1112313600 0 0 0 0
1112227200 0 0 0 0
1112140800 0 0 0 0
1112054400 0 0 0 0
1111968000 0 0 0 0
1111881600 0 0 0 0
1111795200 0 0 0 0
1111708800 0 0 0 0
1111622400 0 0 0 0
1111536000 0 0 0 0
1111449600 0 0 0 0
1111363200 0 0 0 0
1111276800 0 0 0 0
1111190400 0 0 0 0
1111104000 0 0 0 0
1111017600 0 0 0 0
1110931200 0 0 0 0
1110844800 0 0 0 0
1110758400 0 0 0 0
1110672000 0 0 0 0
1110585600 0 0 0 0
1110499200 0 0 0 0
1110412800 0 0 0 0
1110326400 0 0 0 0
1110240000 0 0 0 0
1110153600 0 0 0 0
1110067200 0 0 0 0
1109980800 0 0 0 0
1109894400 0 0 0 0
1109808000 0 0 0 0
1109721600 0 0 0 0
1109635200 0 0 0 0
1109548800 0 0 0 0
1109462400 0 0 0 0
1109376000 0 0 0 0
1109289600 0 0 0 0
1109203200 0 0 0 0
1109116800 0 0 0 0
1109030400 0 0 0 0
1108944000 0 0 0 0
1108857600 0 0 0 0
1108771200 0 0 0 0
1108684800 0 0 0 0
1108598400 0 0 0 0
1108512000 0 0 0 0
1108425600 0 0 0 0
1108339200 0 0 0 0
1108252800 0 0 0 0
1108166400 0 0 0 0
1108080000 0 0 0 0
1107993600 0 0 0 0
1107907200 0 0 0 0
1107820800 0 0 0 0
1107734400 0 0 0 0
1107648000 0 0 0 0
1107561600 0 0 0 0
1107475200 0 0 0 0
1107388800 0 0 0 0
1107302400 0 0 0 0
1107216000 0 0 0 0
1107129600 0 0 0 0
1107043200 0 0 0 0
1106956800 0 0 0 0
1106870400 0 0 0 0
1106784000 0 0 0 0
1106697600 0 0 0 0
1106611200 0 0 0 0
1106524800 0 0 0 0
1106438400 0 0 0 0
1106352000 0 0 0 0
1106265600 0 0 0 0
1106179200 0 0 0 0
1106092800 0 0 0 0
1106006400 0 0 0 0
1105920000 0 0 0 0
1105833600 0 0 0 0
1105747200 0 0 0 0
1105660800 0 0 0 0
1105574400 0 0 0 0
1105488000 0 0 0 0
1105401600 0 0 0 0
1105315200 0 0 0 0
1105228800 0 0 0 0
1105142400 0 0 0 0
1105056000 0 0 0 0
1104969600 0 0 0 0
1104883200 0 0 0 0
1104796800 0 0 0 0
1104710400 0 0 0 0
1104624000 0 0 0 0
1104537600 0 0 0 0
1104451200 0 0 0 0
1104364800 0 0 0 0
1104278400 0 0 0 0
1104192000 0 0 0 0
1104105600 0 0 0 0
1104019200 0 0 0 0
1103932800 0 0 0 0
1103846400 0 0 0 0
1103760000 0 0 0 0
1103673600 0 0 0 0
1103587200 0 0 0 0
1103500800 0 0 0 0
1103414400 0 0 0 0
1103328000 0 0 0 0
1103241600 0 0 0 0
1103155200 0 0 0 0
1103068800 0 0 0 0
1102982400 0 0 0 0
1102896000 0 0 0 0
1102809600 0 0 0 0
1102723200 0 0 0 0
1102636800 0 0 0 0
1102550400 0 0 0 0
1102464000 0 0 0 0
1102377600 0 0 0 0
1102291200 0 0 0 0
1102204800 0 0 0 0
1102118400 0 0 0 0
1102032000 0 0 0 0
1101945600 0 0 0 0
1101859200 0 0 0 0
1101772800 0 0 0 0
1101686400 0 0 0 0
1101600000 0 0 0 0
1101513600 0 0 0 0
1101427200 0 0 0 0
1101340800 0 0 0 0
1101254400 0 0 0 0
1101168000 0 0 0 0
1101081600 0 0 0 0
1100995200 0 0 0 0
1100908800 0 0 0 0
1100822400 0 0 0 0
1100736000 0 0 0 0
1100649600 0 0 0 0
1100563200 0 0 0 0
1100476800 0 0 0 0
1100390400 0 0 0 0
1100304000 0 0 0 0
1100217600 0 0 0 0
1100131200 0 0 0 0
1100044800 0 0 0 0
1099958400 0 0 0 0
1099872000 0 0 0 0
1099785600 0 0 0 0
1099699200 0 0 0 0
1099612800 0 0 0 0
1099526400 0 0 0 0
1099440000 0 0 0 0
1099353600 0 0 0 0
1099267200 0 0 0 0
1099180800 0 0 0 0
1099094400 0 0 0 0
1099008000 0 0 0 0
1098921600 0 0 0 0
1098835200 0 0 0 0
1098748800 0 0 0 0
1098662400 0 0 0 0
1098576000 0 0 0 0
1098489600 0 0 0 0
1098403200 0 0 0 0
1098316800 0 0 0 0
1098230400 0 0 0 0
1098144000 0 0 0 0
1098057600 0 0 0 0
1097971200 0 0 0 0
1097884800 0 0 0 0
1097798400 0 0 0 0
1097712000 0 0 0 0
1097625600 0 0 0 0
1097539200 0 0 0 0
1097452800 0 0 0 0
1097366400 0 0 0 0
1097280000 0 0 0 0
1097193600 0 0 0 0
1097107200 0 0 0 0
1097020800 0 0 0 0
1096934400 0 0 0 0
1096848000 0 0 0 0
1096761600 0 0 0 0
1096675200 0 0 0 0
1096588800 0 0 0 0
1096502400 0 0 0 0
1096416000 0 0 0 0
1096329600 0 0 0 0
1096243200 0 0 0 0
1096156800 0 0 0 0
1096070400 0 0 0 0
