[1228/081048.791:ERROR:process_reader_win.cc(242)] ReadMemory at 0x7fcaac14000 of 56 bytes failed: Somente uma parte de um pedido ReadProcessMemory ou WriteProcessMemory foi concluída. (0x12B)
[1228/081048.792:WARNING:pe_image_reader.cc(100)] could not read crashpad info from C:\Program Files (x86)\Google\Chrome\Application\71.0.3578.98\chrome_elf.dll
[1228/081048.792:ERROR:process_reader_win.cc(242)] ReadMemory at 0x7fcaf000000 of 64 bytes failed: Somente uma parte de um pedido ReadProcessMemory ou WriteProcessMemory foi concluída. (0x12B)
[1228/081048.792:WARNING:pe_image_reader.cc(302)] could not read dos header from C:\Windows\system32\USER32.dll
[1228/081048.792:ERROR:process_reader_win.cc(242)] ReadMemory at 0x7fcaa010000 of 64 bytes failed: Somente uma parte de um pedido ReadProcessMemory ou WriteProcessMemory foi concluída. (0x12B)
[1228/081048.792:WARNING:pe_image_reader.cc(302)] could not read dos header from C:\Windows\SYSTEM32\VERSION.dll
[1228/081048.792:ERROR:process_reader_win.cc(242)] ReadMemory at 0x7fcaf400000 of 64 bytes failed: Somente uma parte de um pedido ReadProcessMemory ou WriteProcessMemory foi concluída. (0x12B)
[1228/081048.792:WARNING:pe_image_reader.cc(302)] could not read dos header from C:\Windows\system32\SHLWAPI.dll
[1228/081048.792:ERROR:process_reader_win.cc(242)] ReadMemory at 0x7fca7890000 of 64 bytes failed: Somente uma parte de um pedido ReadProcessMemory ou WriteProcessMemory foi concluída. (0x12B)
[1228/081048.792:WARNING:pe_image_reader.cc(302)] could not read dos header from C:\Windows\SYSTEM32\WINMM.dll
[1228/081048.792:ERROR:process_reader_win.cc(242)] ReadMemory at 0x7fcae280000 of 64 bytes failed: Somente uma parte de um pedido ReadProcessMemory ou WriteProcessMemory foi concluída. (0x12B)
[1228/081048.792:WARNING:pe_image_reader.cc(302)] could not read dos header from C:\Windows\system32\USERENV.dll
[1228/081048.792:ERROR:process_reader_win.cc(242)] ReadMemory at 0x7fcae970000 of 64 bytes failed: Somente uma parte de um pedido ReadProcessMemory ou WriteProcessMemory foi concluída. (0x12B)
[1228/081048.792:WARNING:pe_image_reader.cc(302)] could not read dos header from C:\Windows\system32\PSAPI.DLL
[1228/081048.793:ERROR:process_reader_win.cc(242)] ReadMemory at 0x7fcafbb0000 of 64 bytes failed: Somente uma parte de um pedido ReadProcessMemory ou WriteProcessMemory foi concluída. (0x12B)
[1228/081048.793:WARNING:pe_image_reader.cc(302)] could not read dos header from C:\Windows\system32\msvcrt.dll
[1228/081048.793:ERROR:process_reader_win.cc(242)] ReadMemory at 0x7fcaf570000 of 64 bytes failed: Somente uma parte de um pedido ReadProcessMemory ou WriteProcessMemory foi concluída. (0x12B)
[1228/081048.793:WARNING:pe_image_reader.cc(302)] could not read dos header from C:\Windows\SYSTEM32\combase.dll
[1228/081048.793:ERROR:process_reader_win.cc(242)] ReadMemory at 0x7fcb11b0000 of 64 bytes failed: Somente uma parte de um pedido ReadProcessMemory ou WriteProcessMemory foi concluída. (0x12B)
[1228/081048.793:WARNING:pe_image_reader.cc(302)] could not read dos header from C:\Windows\system32\GDI32.dll
[1228/081048.793:ERROR:process_reader_win.cc(242)] ReadMemory at 0x7fcaf7c0000 of 64 bytes failed: Somente uma parte de um pedido ReadProcessMemory ou WriteProcessMemory foi concluída. (0x12B)
[1228/081048.793:WARNING:pe_image_reader.cc(302)] could not read dos header from C:\Windows\SYSTEM32\sechost.dll
[1228/081048.793:ERROR:process_reader_win.cc(242)] ReadMemory at 0x6868250000 of 64 bytes failed: Somente uma parte de um pedido ReadProcessMemory ou WriteProcessMemory foi concluída. (0x12B)
[1228/081048.793:WARNING:pe_image_reader.cc(302)] could not read dos header from C:\Windows\system32\RPCRT4.dll
[1228/081048.793:ERROR:process_reader_win.cc(242)] ReadMemory at 0x7fca6d50000 of 64 bytes failed: Somente uma parte de um pedido ReadProcessMemory ou WriteProcessMemory foi concluída. (0x12B)
[1228/081048.793:WARNING:pe_image_reader.cc(302)] could not read dos header from C:\Windows\SYSTEM32\WINMMBASE.dll
[1228/081048.793:ERROR:process_reader_win.cc(242)] ReadMemory at 0x7fcae230000 of 64 bytes failed: Somente uma parte de um pedido ReadProcessMemory ou WriteProcessMemory foi concluída. (0x12B)
[1228/081048.793:WARNING:pe_image_reader.cc(302)] could not read dos header from C:\Windows\system32\profapi.dll
[1228/081048.793:ERROR:process_reader_win.cc(242)] ReadMemory at 0x7fcae2a0000 of 64 bytes failed: Somente uma parte de um pedido ReadProcessMemory ou WriteProcessMemory foi concluída. (0x12B)
[1228/081048.793:WARNING:pe_image_reader.cc(302)] could not read dos header from C:\Windows\SYSTEM32\cfgmgr32.dll
[1228/081048.793:ERROR:process_reader_win.cc(242)] ReadMemory at 0x7fcae250000 of 64 bytes failed: Somente uma parte de um pedido ReadProcessMemory ou WriteProcessMemory foi concluída. (0x12B)
[1228/081048.793:WARNING:pe_image_reader.cc(302)] could not read dos header from C:\Windows\system32\DEVOBJ.dll
[1228/081048.793:ERROR:process_reader_win.cc(242)] ReadMemory at 0x7fcb1110000 of 64 bytes failed: Somente uma parte de um pedido ReadProcessMemory ou WriteProcessMemory foi concluída. (0x12B)
[1228/081048.793:WARNING:pe_image_reader.cc(302)] could not read dos header from C:\Windows\system32\IMM32.DLL
[1228/081048.793:ERROR:process_reader_win.cc(242)] ReadMemory at 0x7fcaf450000 of 64 bytes failed: Somente uma parte de um pedido ReadProcessMemory ou WriteProcessMemory foi concluída. (0x12B)
[1228/081048.793:WARNING:pe_image_reader.cc(302)] could not read dos header from C:\Windows\system32\MSCTF.dll
[1228/081048.793:ERROR:process_reader_win.cc(242)] ReadMemory at 0x7fcac750000 of 64 bytes failed: Somente uma parte de um pedido ReadProcessMemory ou WriteProcessMemory foi concluída. (0x12B)
[1228/081048.793:WARNING:pe_image_reader.cc(302)] could not read dos header from C:\Windows\SYSTEM32\shcore.dll
[1228/081048.793:ERROR:process_reader_win.cc(242)] ReadMemory at 0x7fc85810000 of 64 bytes failed: Somente uma parte de um pedido ReadProcessMemory ou WriteProcessMemory foi concluída. (0x12B)
[1228/081048.793:WARNING:pe_image_reader.cc(302)] could not read dos header from C:\Program Files (x86)\Google\Chrome\Application\71.0.3578.98\chrome_child.dll
[1228/081048.793:ERROR:process_reader_win.cc(242)] ReadMemory at 0x7fcb0f50000 of 64 bytes failed: Somente uma parte de um pedido ReadProcessMemory ou WriteProcessMemory foi concluída. (0x12B)
[1228/081048.793:WARNING:pe_image_reader.cc(302)] could not read dos header from C:\Windows\system32\WS2_32.dll
[1228/081048.793:ERROR:process_reader_win.cc(242)] ReadMemory at 0x7fca8f60000 of 64 bytes failed: Somente uma parte de um pedido ReadProcessMemory ou WriteProcessMemory foi concluída. (0x12B)
[1228/081048.793:WARNING:pe_image_reader.cc(302)] could not read dos header from C:\Windows\SYSTEM32\IPHLPAPI.DLL
[1228/081048.793:ERROR:process_reader_win.cc(242)] ReadMemory at 0x7fcae980000 of 64 bytes failed: Somente uma parte de um pedido ReadProcessMemory ou WriteProcessMemory foi concluída. (0x12B)
[1228/081048.793:WARNING:pe_image_reader.cc(302)] could not read dos header from C:\Windows\system32\ole32.dll
[1228/081048.793:ERROR:process_reader_win.cc(242)] ReadMemory at 0x7fcaef30000 of 64 bytes failed: Somente uma parte de um pedido ReadProcessMemory ou WriteProcessMemory foi concluída. (0x12B)
[1228/081048.794:WARNING:pe_image_reader.cc(302)] could not read dos header from C:\Windows\system32\OLEAUT32.dll
[1228/081048.794:ERROR:process_reader_win.cc(242)] ReadMemory at 0x7fcaba40000 of 64 bytes failed: Somente uma parte de um pedido ReadProcessMemory ou WriteProcessMemory foi concluída. (0x12B)
[1228/081048.794:WARNING:pe_image_reader.cc(302)] could not read dos header from C:\Windows\SYSTEM32\OLEACC.dll
[1228/081048.794:ERROR:process_reader_win.cc(242)] ReadMemory at 0x7fcae680000 of 64 bytes failed: Somente uma parte de um pedido ReadProcessMemory ou WriteProcessMemory foi concluída. (0x12B)
[1228/081048.794:WARNING:pe_image_reader.cc(302)] could not read dos header from C:\Windows\system32\WINTRUST.dll
[1228/081048.794:ERROR:process_reader_win.cc(242)] ReadMemory at 0x7fcaeb00000 of 64 bytes failed: Somente uma parte de um pedido ReadProcessMemory ou WriteProcessMemory foi concluída. (0x12B)
[1228/081048.794:WARNING:pe_image_reader.cc(302)] could not read dos header from C:\Windows\system32\COMDLG32.dll
[1228/081048.794:ERROR:process_reader_win.cc(242)] ReadMemory at 0x7fcabad0000 of 64 bytes failed: Somente uma parte de um pedido ReadProcessMemory ou WriteProcessMemory foi concluída. (0x12B)
[1228/081048.794:WARNING:pe_image_reader.cc(302)] could not read dos header from C:\Windows\SYSTEM32\DWrite.dll
[1228/081048.794:ERROR:process_reader_win.cc(242)] ReadMemory at 0x7fcac430000 of 64 bytes failed: Somente uma parte de um pedido ReadProcessMemory ou WriteProcessMemory foi concluída. (0x12B)
[1228/081048.794:WARNING:pe_image_reader.cc(302)] could not read dos header from C:\Windows\SYSTEM32\dxgi.dll
[1228/081048.794:ERROR:process_reader_win.cc(242)] ReadMemory at 0x7fcaa370000 of 64 bytes failed: Somente uma parte de um pedido ReadProcessMemory ou WriteProcessMemory foi concluída. (0x12B)
[1228/081048.794:WARNING:pe_image_reader.cc(302)] could not read dos header from C:\Windows\SYSTEM32\WINSPOOL.DRV
[1228/081048.794:ERROR:process_reader_win.cc(242)] ReadMemory at 0x7fc96c50000 of 64 bytes failed: Somente uma parte de um pedido ReadProcessMemory ou WriteProcessMemory foi concluída. (0x12B)
[1228/081048.794:WARNING:pe_image_reader.cc(302)] could not read dos header from C:\Windows\SYSTEM32\dbghelp.dll
[1228/081048.794:ERROR:process_reader_win.cc(242)] ReadMemory at 0x7fcac830000 of 64 bytes failed: Somente uma parte de um pedido ReadProcessMemory ou WriteProcessMemory foi concluída. (0x12B)
[1228/081048.794:WARNING:pe_image_reader.cc(302)] could not read dos header from C:\Windows\SYSTEM32\USP10.dll
[1228/081048.794:ERROR:process_reader_win.cc(242)] ReadMemory at 0x7fcae3f0000 of 64 bytes failed: Somente uma parte de um pedido ReadProcessMemory ou WriteProcessMemory foi concluída. (0x12B)
[1228/081048.794:WARNING:pe_image_reader.cc(302)] could not read dos header from C:\Windows\system32\CRYPT32.dll
[1228/081048.794:ERROR:process_reader_win.cc(242)] ReadMemory at 0x7fca5740000 of 64 bytes failed: Somente uma parte de um pedido ReadProcessMemory ou WriteProcessMemory foi concluída. (0x12B)
[1228/081048.794:WARNING:pe_image_reader.cc(302)] could not read dos header from C:\Windows\SYSTEM32\WINHTTP.dll
[1228/081048.794:ERROR:process_reader_win.cc(242)] ReadMemory at 0x7fcafa40000 of 64 bytes failed: Somente uma parte de um pedido ReadProcessMemory ou WriteProcessMemory foi concluída. (0x12B)
[1228/081048.794:WARNING:pe_image_reader.cc(302)] could not read dos header from C:\Windows\system32\urlmon.dll
[1228/081048.794:ERROR:process_reader_win.cc(242)] ReadMemory at 0x7fca78b0000 of 64 bytes failed: Somente uma parte de um pedido ReadProcessMemory ou WriteProcessMemory foi concluída. (0x12B)
[1228/081048.794:WARNING:pe_image_reader.cc(302)] could not read dos header from C:\Windows\SYSTEM32\Secur32.dll
[1228/081048.794:ERROR:process_reader_win.cc(242)] ReadMemory at 0x7fca8a90000 of 64 bytes failed: Somente uma parte de um pedido ReadProcessMemory ou WriteProcessMemory foi concluída. (0x12B)
[1228/081048.794:WARNING:pe_image_reader.cc(302)] could not read dos header from C:\Windows\SYSTEM32\dhcpcsvc.DLL
[1228/081048.794:ERROR:process_reader_win.cc(242)] ReadMemory at 0x7fcaef20000 of 64 bytes failed: Somente uma parte de um pedido ReadProcessMemory ou WriteProcessMemory foi concluída. (0x12B)
[1228/081048.794:WARNING:pe_image_reader.cc(302)] could not read dos header from C:\Windows\system32\NSI.dll
[1228/081048.794:ERROR:process_reader_win.cc(242)] ReadMemory at 0x7fca8f30000 of 64 bytes failed: Somente uma parte de um pedido ReadProcessMemory ou WriteProcessMemory foi concluída. (0x12B)
[1228/081048.794:WARNING:pe_image_reader.cc(302)] could not read dos header from C:\Windows\SYSTEM32\WINNSI.DLL
[1228/081048.794:ERROR:process_reader_win.cc(242)] ReadMemory at 0x7fcae210000 of 64 bytes failed: Somente uma parte de um pedido ReadProcessMemory ou WriteProcessMemory foi concluída. (0x12B)
[1228/081048.794:WARNING:pe_image_reader.cc(302)] could not read dos header from C:\Windows\system32\MSASN1.dll
[1228/081048.794:ERROR:process_reader_win.cc(242)] ReadMemory at 0x7fcabfc0000 of 64 bytes failed: Somente uma parte de um pedido ReadProcessMemory ou WriteProcessMemory foi concluída. (0x12B)
[1228/081048.795:WARNING:pe_image_reader.cc(302)] could not read dos header from C:\Windows\WinSxS\amd64_microsoft.windows.common-controls_6595b64144ccf1df_6.0.9200.17359_none_4188b989718cf1c6\COMCTL32.dll
[1228/081048.795:ERROR:process_reader_win.cc(242)] ReadMemory at 0x7fcaf170000 of 64 bytes failed: Somente uma parte de um pedido ReadProcessMemory ou WriteProcessMemory foi concluída. (0x12B)
[1228/081048.795:WARNING:pe_image_reader.cc(302)] could not read dos header from C:\Windows\system32\iertutil.dll
[1228/081048.795:ERROR:process_reader_win.cc(242)] ReadMemory at 0x7fcaf810000 of 64 bytes failed: Somente uma parte de um pedido ReadProcessMemory ou WriteProcessMemory foi concluída. (0x12B)
[1228/081048.795:WARNING:pe_image_reader.cc(302)] could not read dos header from C:\Windows\system32\WININET.dll
[1228/081048.795:ERROR:process_reader_win.cc(242)] ReadMemory at 0x7fcadf30000 of 64 bytes failed: Somente uma parte de um pedido ReadProcessMemory ou WriteProcessMemory foi concluída. (0x12B)
[1228/081048.795:WARNING:pe_image_reader.cc(302)] could not read dos header from C:\Windows\SYSTEM32\SSPICLI.DLL
[1228/081048.795:ERROR:process_reader_win.cc(242)] ReadMemory at 0x7fcadfc0000 of 64 bytes failed: Somente uma parte de um pedido ReadProcessMemory ou WriteProcessMemory foi concluída. (0x12B)
[1228/081048.795:WARNING:pe_image_reader.cc(302)] could not read dos header from C:\Windows\SYSTEM32\cryptbase.dll
[1228/081048.795:ERROR:process_reader_win.cc(242)] ReadMemory at 0x7fcadf60000 of 64 bytes failed: Somente uma parte de um pedido ReadProcessMemory ou WriteProcessMemory foi concluída. (0x12B)
[1228/081048.795:WARNING:pe_image_reader.cc(302)] could not read dos header from C:\Windows\SYSTEM32\bcryptPrimitives.dll
[1228/081048.812:ERROR:process_reader_win.cc(242)] ReadMemory at 0x6867f6d000 of 77824 bytes failed: Somente uma parte de um pedido ReadProcessMemory ou WriteProcessMemory foi concluída. (0x12B)
[1228/081048.812:ERROR:process_reader_win.cc(242)] ReadMemory at 0x686a8fe000 of 8192 bytes failed: Somente uma parte de um pedido ReadProcessMemory ou WriteProcessMemory foi concluída. (0x12B)
[1228/081048.812:ERROR:process_reader_win.cc(242)] ReadMemory at 0x686aafe000 of 8192 bytes failed: Somente uma parte de um pedido ReadProcessMemory ou WriteProcessMemory foi concluída. (0x12B)
[1228/081048.812:ERROR:process_reader_win.cc(242)] ReadMemory at 0x686acfd000 of 12288 bytes failed: Somente uma parte de um pedido ReadProcessMemory ou WriteProcessMemory foi concluída. (0x12B)
[1228/081048.812:ERROR:process_reader_win.cc(242)] ReadMemory at 0x686aefe000 of 8192 bytes failed: Somente uma parte de um pedido ReadProcessMemory ou WriteProcessMemory foi concluída. (0x12B)
[1228/081048.812:ERROR:process_reader_win.cc(242)] ReadMemory at 0x686b0fe000 of 8192 bytes failed: Somente uma parte de um pedido ReadProcessMemory ou WriteProcessMemory foi concluída. (0x12B)
[1228/081048.813:ERROR:process_reader_win.cc(242)] ReadMemory at 0x686b2fc000 of 16384 bytes failed: Somente uma parte de um pedido ReadProcessMemory ou WriteProcessMemory foi concluída. (0x12B)
[1228/081048.813:ERROR:process_reader_win.cc(242)] ReadMemory at 0x686b4fe000 of 8192 bytes failed: Somente uma parte de um pedido ReadProcessMemory ou WriteProcessMemory foi concluída. (0x12B)
[1228/081048.813:ERROR:process_reader_win.cc(242)] ReadMemory at 0x686b6fe000 of 8192 bytes failed: Somente uma parte de um pedido ReadProcessMemory ou WriteProcessMemory foi concluída. (0x12B)
[1228/081048.813:ERROR:process_reader_win.cc(242)] ReadMemory at 0x686b8fd000 of 12288 bytes failed: Somente uma parte de um pedido ReadProcessMemory ou WriteProcessMemory foi concluída. (0x12B)
[1228/081048.813:ERROR:process_reader_win.cc(242)] ReadMemory at 0x686bafd000 of 12288 bytes failed: Somente uma parte de um pedido ReadProcessMemory ou WriteProcessMemory foi concluída. (0x12B)
[1228/081048.813:ERROR:process_reader_win.cc(242)] ReadMemory at 0x686bcfe000 of 8192 bytes failed: Somente uma parte de um pedido ReadProcessMemory ou WriteProcessMemory foi concluída. (0x12B)
[1228/081048.813:ERROR:process_reader_win.cc(242)] ReadMemory at 0x686befe000 of 8192 bytes failed: Somente uma parte de um pedido ReadProcessMemory ou WriteProcessMemory foi concluída. (0x12B)
[1228/081048.813:ERROR:process_reader_win.cc(242)] ReadMemory at 0x686c5f9000 of 28672 bytes failed: Somente uma parte de um pedido ReadProcessMemory ou WriteProcessMemory foi concluída. (0x12B)
[1228/081048.813:ERROR:process_reader_win.cc(242)] ReadMemory at 0x686cc0d000 of 12288 bytes failed: Somente uma parte de um pedido ReadProcessMemory ou WriteProcessMemory foi concluída. (0x12B)
[1228/081048.813:ERROR:process_reader_win.cc(242)] ReadMemory at 0x686d20e000 of 8192 bytes failed: Somente uma parte de um pedido ReadProcessMemory ou WriteProcessMemory foi concluída. (0x12B)
[1228/081048.813:ERROR:process_reader_win.cc(242)] ReadMemory at 0x68680d0000 of 624 bytes failed: Somente uma parte de um pedido ReadProcessMemory ou WriteProcessMemory foi concluída. (0x12B)
[1228/081048.813:ERROR:process_reader_win.cc(242)] ReadMemory at 0x68680d0860 of 5416 bytes failed: Somente uma parte de um pedido ReadProcessMemory ou WriteProcessMemory foi concluída. (0x12B)
[1228/081048.813:ERROR:process_reader_win.cc(242)] ReadMemory at 0x68680d1d90 of 1012 bytes failed: Somente uma parte de um pedido ReadProcessMemory ou WriteProcessMemory foi concluída. (0x12B)
[1228/081048.813:ERROR:process_reader_win.cc(242)] ReadMemory at 0x68680d23a8 of 60 bytes failed: Somente uma parte de um pedido ReadProcessMemory ou WriteProcessMemory foi concluída. (0x12B)
[1228/081048.813:ERROR:process_reader_win.cc(242)] ReadMemory at 0x68680d23e6 of 118 bytes failed: Somente uma parte de um pedido ReadProcessMemory ou WriteProcessMemory foi concluída. (0x12B)
[1228/081048.813:ERROR:process_reader_win.cc(242)] ReadMemory at 0x68680d245e of 1076 bytes failed: Somente uma parte de um pedido ReadProcessMemory ou WriteProcessMemory foi concluída. (0x12B)
[1228/081048.814:ERROR:process_reader_win.cc(242)] ReadMemory at 0x68680d2894 of 118 bytes failed: Somente uma parte de um pedido ReadProcessMemory ou WriteProcessMemory foi concluída. (0x12B)
[1228/081048.814:ERROR:process_reader_win.cc(242)] ReadMemory at 0x68680d290c of 100 bytes failed: Somente uma parte de um pedido ReadProcessMemory ou WriteProcessMemory foi concluída. (0x12B)
[1228/081048.814:ERROR:process_reader_win.cc(242)] ReadMemory at 0x68680d2980 of 58 bytes failed: Somente uma parte de um pedido ReadProcessMemory ou WriteProcessMemory foi concluída. (0x12B)
[1228/081048.814:ERROR:process_reader_win.cc(242)] ReadMemory at 0x68680d2ad0 of 132 bytes failed: Somente uma parte de um pedido ReadProcessMemory ou WriteProcessMemory foi concluída. (0x12B)
[1228/081048.814:ERROR:process_reader_win.cc(242)] ReadMemory at 0x68680d2c50 of 132 bytes failed: Somente uma parte de um pedido ReadProcessMemory ou WriteProcessMemory foi concluída. (0x12B)
[1228/081048.814:ERROR:process_reader_win.cc(242)] ReadMemory at 0x68680d2e50 of 124 bytes failed: Somente uma parte de um pedido ReadProcessMemory ou WriteProcessMemory foi concluída. (0x12B)
[1228/081048.814:ERROR:process_reader_win.cc(242)] ReadMemory at 0x68680d3590 of 64 bytes failed: Somente uma parte de um pedido ReadProcessMemory ou WriteProcessMemory foi concluída. (0x12B)
[1228/081048.814:ERROR:process_reader_win.cc(242)] ReadMemory at 0x68680d3730 of 132 bytes failed: Somente uma parte de um pedido ReadProcessMemory ou WriteProcessMemory foi concluída. (0x12B)
[1228/081048.814:ERROR:process_reader_win.cc(242)] ReadMemory at 0x68680d3ac0 of 68 bytes failed: Somente uma parte de um pedido ReadProcessMemory ou WriteProcessMemory foi concluída. (0x12B)
[1228/081048.814:ERROR:process_reader_win.cc(242)] ReadMemory at 0x68680d3b10 of 132 bytes failed: Somente uma parte de um pedido ReadProcessMemory ou WriteProcessMemory foi concluída. (0x12B)
[1228/081048.814:ERROR:process_reader_win.cc(242)] ReadMemory at 0x68680d8380 of 152 bytes failed: Somente uma parte de um pedido ReadProcessMemory ou WriteProcessMemory foi concluída. (0x12B)
[1228/081048.814:ERROR:process_reader_win.cc(242)] ReadMemory at 0x68680d8430 of 132 bytes failed: Somente uma parte de um pedido ReadProcessMemory ou WriteProcessMemory foi concluída. (0x12B)
[1228/081048.814:ERROR:process_reader_win.cc(242)] ReadMemory at 0x68680d8550 of 62 bytes failed: Somente uma parte de um pedido ReadProcessMemory ou WriteProcessMemory foi concluída. (0x12B)
[1228/081048.814:ERROR:process_reader_win.cc(242)] ReadMemory at 0x68680d85a0 of 132 bytes failed: Somente uma parte de um pedido ReadProcessMemory ou WriteProcessMemory foi concluída. (0x12B)
[1228/081048.814:ERROR:process_reader_win.cc(242)] ReadMemory at 0x68680d8770 of 64 bytes failed: Somente uma parte de um pedido ReadProcessMemory ou WriteProcessMemory foi concluída. (0x12B)
[1228/081048.814:ERROR:process_reader_win.cc(242)] ReadMemory at 0x68680d87c0 of 132 bytes failed: Somente uma parte de um pedido ReadProcessMemory ou WriteProcessMemory foi concluída. (0x12B)
[1228/081048.814:ERROR:process_reader_win.cc(242)] ReadMemory at 0x68680d89e0 of 62 bytes failed: Somente uma parte de um pedido ReadProcessMemory ou WriteProcessMemory foi concluída. (0x12B)
[1228/081048.814:ERROR:process_reader_win.cc(242)] ReadMemory at 0x68680d8a80 of 58 bytes failed: Somente uma parte de um pedido ReadProcessMemory ou WriteProcessMemory foi concluída. (0x12B)
[1228/081048.814:ERROR:process_reader_win.cc(242)] ReadMemory at 0x68680d8ad0 of 58 bytes failed: Somente uma parte de um pedido ReadProcessMemory ou WriteProcessMemory foi concluída. (0x12B)
[1228/081048.814:ERROR:process_reader_win.cc(242)] ReadMemory at 0x68680d8b20 of 62 bytes failed: Somente uma parte de um pedido ReadProcessMemory ou WriteProcessMemory foi concluída. (0x12B)
[1228/081048.815:ERROR:process_reader_win.cc(242)] ReadMemory at 0x68680d8b70 of 60 bytes failed: Somente uma parte de um pedido ReadProcessMemory ou WriteProcessMemory foi concluída. (0x12B)
[1228/081048.815:ERROR:process_reader_win.cc(242)] ReadMemory at 0x68680d8c60 of 62 bytes failed: Somente uma parte de um pedido ReadProcessMemory ou WriteProcessMemory foi concluída. (0x12B)
[1228/081048.816:ERROR:process_reader_win.cc(242)] ReadMemory at 0x68680d8d50 of 58 bytes failed: Somente uma parte de um pedido ReadProcessMemory ou WriteProcessMemory foi concluída. (0x12B)
[1228/081048.816:ERROR:process_reader_win.cc(242)] ReadMemory at 0x68680d8da0 of 62 bytes failed: Somente uma parte de um pedido ReadProcessMemory ou WriteProcessMemory foi concluída. (0x12B)
[1228/081048.816:ERROR:process_reader_win.cc(242)] ReadMemory at 0x68680d8e40 of 62 bytes failed: Somente uma parte de um pedido ReadProcessMemory ou WriteProcessMemory foi concluída. (0x12B)
[1228/081048.816:ERROR:process_reader_win.cc(242)] ReadMemory at 0x68680d8e90 of 62 bytes failed: Somente uma parte de um pedido ReadProcessMemory ou WriteProcessMemory foi concluída. (0x12B)
[1228/081048.816:ERROR:process_reader_win.cc(242)] ReadMemory at 0x68680d8f30 of 62 bytes failed: Somente uma parte de um pedido ReadProcessMemory ou WriteProcessMemory foi concluída. (0x12B)
[1228/081048.816:ERROR:process_reader_win.cc(242)] ReadMemory at 0x68680d8fd0 of 60 bytes failed: Somente uma parte de um pedido ReadProcessMemory ou WriteProcessMemory foi concluída. (0x12B)
[1228/081048.816:ERROR:process_reader_win.cc(242)] ReadMemory at 0x68680d9020 of 60 bytes failed: Somente uma parte de um pedido ReadProcessMemory ou WriteProcessMemory foi concluída. (0x12B)
[1228/081048.816:ERROR:process_reader_win.cc(242)] ReadMemory at 0x68680d9070 of 64 bytes failed: Somente uma parte de um pedido ReadProcessMemory ou WriteProcessMemory foi concluída. (0x12B)
[1228/081048.816:ERROR:process_reader_win.cc(242)] ReadMemory at 0x68680dbf80 of 132 bytes failed: Somente uma parte de um pedido ReadProcessMemory ou WriteProcessMemory foi concluída. (0x12B)
[1228/081048.816:ERROR:process_reader_win.cc(242)] ReadMemory at 0x68680dc0a0 of 132 bytes failed: Somente uma parte de um pedido ReadProcessMemory ou WriteProcessMemory foi concluída. (0x12B)
[1228/081048.816:ERROR:process_reader_win.cc(242)] ReadMemory at 0x68680dc220 of 132 bytes failed: Somente uma parte de um pedido ReadProcessMemory ou WriteProcessMemory foi concluída. (0x12B)
[1228/081048.816:ERROR:process_reader_win.cc(242)] ReadMemory at 0x68680dc3a0 of 132 bytes failed: Somente uma parte de um pedido ReadProcessMemory ou WriteProcessMemory foi concluída. (0x12B)
[1228/081048.816:ERROR:process_reader_win.cc(242)] ReadMemory at 0x68680dc4c0 of 132 bytes failed: Somente uma parte de um pedido ReadProcessMemory ou WriteProcessMemory foi concluída. (0x12B)
[1228/081048.816:ERROR:process_reader_win.cc(242)] ReadMemory at 0x68680dc5e0 of 132 bytes failed: Somente uma parte de um pedido ReadProcessMemory ou WriteProcessMemory foi concluída. (0x12B)
[1228/081048.816:ERROR:process_reader_win.cc(242)] ReadMemory at 0x68680dc7e0 of 132 bytes failed: Somente uma parte de um pedido ReadProcessMemory ou WriteProcessMemory foi concluída. (0x12B)
[1228/081048.816:ERROR:process_reader_win.cc(242)] ReadMemory at 0x68680de310 of 132 bytes failed: Somente uma parte de um pedido ReadProcessMemory ou WriteProcessMemory foi concluída. (0x12B)
[1228/081048.817:ERROR:process_reader_win.cc(242)] ReadMemory at 0x68680de480 of 132 bytes failed: Somente uma parte de um pedido ReadProcessMemory ou WriteProcessMemory foi concluída. (0x12B)
[1228/081048.817:ERROR:process_reader_win.cc(242)] ReadMemory at 0x68680de5a0 of 132 bytes failed: Somente uma parte de um pedido ReadProcessMemory ou WriteProcessMemory foi concluída. (0x12B)
[1228/081048.817:ERROR:process_reader_win.cc(242)] ReadMemory at 0x68680de6c0 of 132 bytes failed: Somente uma parte de um pedido ReadProcessMemory ou WriteProcessMemory foi concluída. (0x12B)
[1228/081048.817:ERROR:process_reader_win.cc(242)] ReadMemory at 0x68680de7e0 of 132 bytes failed: Somente uma parte de um pedido ReadProcessMemory ou WriteProcessMemory foi concluída. (0x12B)
[1228/081048.817:ERROR:process_reader_win.cc(242)] ReadMemory at 0x68680de900 of 132 bytes failed: Somente uma parte de um pedido ReadProcessMemory ou WriteProcessMemory foi concluída. (0x12B)
[1228/081048.817:ERROR:process_reader_win.cc(242)] ReadMemory at 0x68680dea20 of 132 bytes failed: Somente uma parte de um pedido ReadProcessMemory ou WriteProcessMemory foi concluída. (0x12B)
[1228/081048.817:ERROR:process_reader_win.cc(242)] ReadMemory at 0x68680deb40 of 132 bytes failed: Somente uma parte de um pedido ReadProcessMemory ou WriteProcessMemory foi concluída. (0x12B)
[1228/081048.817:ERROR:process_reader_win.cc(242)] ReadMemory at 0x68680dec60 of 132 bytes failed: Somente uma parte de um pedido ReadProcessMemory ou WriteProcessMemory foi concluída. (0x12B)
[1228/081048.817:ERROR:process_reader_win.cc(242)] ReadMemory at 0x68680ded80 of 132 bytes failed: Somente uma parte de um pedido ReadProcessMemory ou WriteProcessMemory foi concluída. (0x12B)
[1228/081048.817:ERROR:process_reader_win.cc(242)] ReadMemory at 0x68680deea0 of 132 bytes failed: Somente uma parte de um pedido ReadProcessMemory ou WriteProcessMemory foi concluída. (0x12B)
[1228/081048.817:ERROR:process_reader_win.cc(242)] ReadMemory at 0x68680defc0 of 132 bytes failed: Somente uma parte de um pedido ReadProcessMemory ou WriteProcessMemory foi concluída. (0x12B)
[1228/081048.817:ERROR:process_reader_win.cc(242)] ReadMemory at 0x68680df0e0 of 132 bytes failed: Somente uma parte de um pedido ReadProcessMemory ou WriteProcessMemory foi concluída. (0x12B)
[1228/081048.817:ERROR:process_reader_win.cc(242)] ReadMemory at 0x68680df200 of 132 bytes failed: Somente uma parte de um pedido ReadProcessMemory ou WriteProcessMemory foi concluída. (0x12B)
[1228/081048.817:ERROR:process_reader_win.cc(242)] ReadMemory at 0x68680df620 of 58 bytes failed: Somente uma parte de um pedido ReadProcessMemory ou WriteProcessMemory foi concluída. (0x12B)
[1228/081048.817:ERROR:process_reader_win.cc(242)] ReadMemory at 0x68680df760 of 64 bytes failed: Somente uma parte de um pedido ReadProcessMemory ou WriteProcessMemory foi concluída. (0x12B)
[1228/081048.817:ERROR:process_reader_win.cc(242)] ReadMemory at 0x68680df800 of 64 bytes failed: Somente uma parte de um pedido ReadProcessMemory ou WriteProcessMemory foi concluída. (0x12B)
[1228/081048.817:ERROR:process_reader_win.cc(242)] ReadMemory at 0x68680df850 of 64 bytes failed: Somente uma parte de um pedido ReadProcessMemory ou WriteProcessMemory foi concluída. (0x12B)
[1228/081048.817:ERROR:process_reader_win.cc(242)] ReadMemory at 0x68680df8f0 of 58 bytes failed: Somente uma parte de um pedido ReadProcessMemory ou WriteProcessMemory foi concluída. (0x12B)
[1228/081048.817:ERROR:process_reader_win.cc(242)] ReadMemory at 0x68680df990 of 60 bytes failed: Somente uma parte de um pedido ReadProcessMemory ou WriteProcessMemory foi concluída. (0x12B)
[1228/081048.817:ERROR:process_reader_win.cc(242)] ReadMemory at 0x68680dfa30 of 64 bytes failed: Somente uma parte de um pedido ReadProcessMemory ou WriteProcessMemory foi concluída. (0x12B)
[1228/081048.817:ERROR:process_reader_win.cc(242)] ReadMemory at 0x68680dfa80 of 66 bytes failed: Somente uma parte de um pedido ReadProcessMemory ou WriteProcessMemory foi concluída. (0x12B)
[1228/081048.818:ERROR:process_reader_win.cc(242)] ReadMemory at 0x68680dfad0 of 62 bytes failed: Somente uma parte de um pedido ReadProcessMemory ou WriteProcessMemory foi concluída. (0x12B)
[1228/081048.818:ERROR:process_reader_win.cc(242)] ReadMemory at 0x68680dfb70 of 62 bytes failed: Somente uma parte de um pedido ReadProcessMemory ou WriteProcessMemory foi concluída. (0x12B)
[1228/081048.818:ERROR:process_reader_win.cc(242)] ReadMemory at 0x68680dfbc0 of 64 bytes failed: Somente uma parte de um pedido ReadProcessMemory ou WriteProcessMemory foi concluída. (0x12B)
[1228/081048.818:ERROR:process_reader_win.cc(242)] ReadMemory at 0x68680dfc10 of 60 bytes failed: Somente uma parte de um pedido ReadProcessMemory ou WriteProcessMemory foi concluída. (0x12B)
[1228/081048.818:ERROR:process_reader_win.cc(242)] ReadMemory at 0x68680dfcb0 of 58 bytes failed: Somente uma parte de um pedido ReadProcessMemory ou WriteProcessMemory foi concluída. (0x12B)
[1228/081048.818:ERROR:process_reader_win.cc(242)] ReadMemory at 0x68680dfd00 of 60 bytes failed: Somente uma parte de um pedido ReadProcessMemory ou WriteProcessMemory foi concluída. (0x12B)
[1228/081048.818:ERROR:process_reader_win.cc(242)] ReadMemory at 0x68680dfdf0 of 64 bytes failed: Somente uma parte de um pedido ReadProcessMemory ou WriteProcessMemory foi concluída. (0x12B)
[1228/081048.818:ERROR:process_reader_win.cc(242)] ReadMemory at 0x68680dfe40 of 60 bytes failed: Somente uma parte de um pedido ReadProcessMemory ou WriteProcessMemory foi concluída. (0x12B)
[1228/081048.818:ERROR:process_reader_win.cc(242)] ReadMemory at 0x68680dfe90 of 62 bytes failed: Somente uma parte de um pedido ReadProcessMemory ou WriteProcessMemory foi concluída. (0x12B)
[1228/081048.818:ERROR:process_reader_win.cc(242)] ReadMemory at 0x68680dff80 of 56 bytes failed: Somente uma parte de um pedido ReadProcessMemory ou WriteProcessMemory foi concluída. (0x12B)
[1228/081048.818:ERROR:process_reader_win.cc(242)] ReadMemory at 0x68680dffd0 of 62 bytes failed: Somente uma parte de um pedido ReadProcessMemory ou WriteProcessMemory foi concluída. (0x12B)
[1228/081048.818:ERROR:process_reader_win.cc(242)] ReadMemory at 0x68680e0070 of 60 bytes failed: Somente uma parte de um pedido ReadProcessMemory ou WriteProcessMemory foi concluída. (0x12B)
[1228/081048.818:ERROR:process_reader_win.cc(242)] ReadMemory at 0x68680e00c0 of 60 bytes failed: Somente uma parte de um pedido ReadProcessMemory ou WriteProcessMemory foi concluída. (0x12B)
[1228/081048.818:ERROR:process_reader_win.cc(242)] ReadMemory at 0x68680e01b0 of 60 bytes failed: Somente uma parte de um pedido ReadProcessMemory ou WriteProcessMemory foi concluída. (0x12B)
[1228/081048.818:ERROR:process_reader_win.cc(242)] ReadMemory at 0x68680e0250 of 58 bytes failed: Somente uma parte de um pedido ReadProcessMemory ou WriteProcessMemory foi concluída. (0x12B)
[1228/081048.818:ERROR:process_reader_win.cc(242)] ReadMemory at 0x68680e0390 of 66 bytes failed: Somente uma parte de um pedido ReadProcessMemory ou WriteProcessMemory foi concluída. (0x12B)
[1228/081048.818:ERROR:process_reader_win.cc(242)] ReadMemory at 0x68680e03e0 of 64 bytes failed: Somente uma parte de um pedido ReadProcessMemory ou WriteProcessMemory foi concluída. (0x12B)
[1228/081048.818:ERROR:process_reader_win.cc(242)] ReadMemory at 0x68680e0430 of 60 bytes failed: Somente uma parte de um pedido ReadProcessMemory ou WriteProcessMemory foi concluída. (0x12B)
[1228/081048.818:ERROR:process_reader_win.cc(242)] ReadMemory at 0x68680e0480 of 62 bytes failed: Somente uma parte de um pedido ReadProcessMemory ou WriteProcessMemory foi concluída. (0x12B)
[1228/081048.820:ERROR:process_reader_win.cc(242)] ReadMemory at 0x68680e1350 of 156 bytes failed: Somente uma parte de um pedido ReadProcessMemory ou WriteProcessMemory foi concluída. (0x12B)
[1228/081048.820:ERROR:process_reader_win.cc(242)] ReadMemory at 0x68680e25d0 of 54 bytes failed: Somente uma parte de um pedido ReadProcessMemory ou WriteProcessMemory foi concluída. (0x12B)
[1228/081048.820:ERROR:process_reader_win.cc(242)] ReadMemory at 0x68680e6790 of 248 bytes failed: Somente uma parte de um pedido ReadProcessMemory ou WriteProcessMemory foi concluída. (0x12B)
[1228/081048.820:ERROR:process_reader_win.cc(242)] ReadMemory at 0x68680e9090 of 132 bytes failed: Somente uma parte de um pedido ReadProcessMemory ou WriteProcessMemory foi concluída. (0x12B)
[1228/081048.820:ERROR:process_reader_win.cc(242)] ReadMemory at 0x68680e91b0 of 132 bytes failed: Somente uma parte de um pedido ReadProcessMemory ou WriteProcessMemory foi concluída. (0x12B)
[1228/081048.820:ERROR:process_reader_win.cc(242)] ReadMemory at 0x68680e92d0 of 132 bytes failed: Somente uma parte de um pedido ReadProcessMemory ou WriteProcessMemory foi concluída. (0x12B)
[1228/081048.820:ERROR:process_reader_win.cc(242)] ReadMemory at 0x68680e93f0 of 132 bytes failed: Somente uma parte de um pedido ReadProcessMemory ou WriteProcessMemory foi concluída. (0x12B)
[1228/081048.820:ERROR:process_reader_win.cc(242)] ReadMemory at 0x68680e9510 of 132 bytes failed: Somente uma parte de um pedido ReadProcessMemory ou WriteProcessMemory foi concluída. (0x12B)
[1228/081048.820:ERROR:process_reader_win.cc(242)] ReadMemory at 0x68680e9630 of 132 bytes failed: Somente uma parte de um pedido ReadProcessMemory ou WriteProcessMemory foi concluída. (0x12B)
[1228/081048.820:ERROR:process_reader_win.cc(242)] ReadMemory at 0x68680e9750 of 132 bytes failed: Somente uma parte de um pedido ReadProcessMemory ou WriteProcessMemory foi concluída. (0x12B)
[1228/081048.820:ERROR:process_reader_win.cc(242)] ReadMemory at 0x68680e9870 of 132 bytes failed: Somente uma parte de um pedido ReadProcessMemory ou WriteProcessMemory foi concluída. (0x12B)
[1228/081048.821:ERROR:process_reader_win.cc(242)] ReadMemory at 0x68680e9990 of 132 bytes failed: Somente uma parte de um pedido ReadProcessMemory ou WriteProcessMemory foi concluída. (0x12B)
[1228/081048.821:ERROR:process_reader_win.cc(242)] ReadMemory at 0x68680e9ab0 of 132 bytes failed: Somente uma parte de um pedido ReadProcessMemory ou WriteProcessMemory foi concluída. (0x12B)
[1228/081048.821:ERROR:process_reader_win.cc(242)] ReadMemory at 0x68680e9bd0 of 132 bytes failed: Somente uma parte de um pedido ReadProcessMemory ou WriteProcessMemory foi concluída. (0x12B)
[1228/081048.821:ERROR:process_reader_win.cc(242)] ReadMemory at 0x68680e9cf0 of 132 bytes failed: Somente uma parte de um pedido ReadProcessMemory ou WriteProcessMemory foi concluída. (0x12B)
[1228/081048.821:ERROR:process_reader_win.cc(242)] ReadMemory at 0x68680e9e10 of 132 bytes failed: Somente uma parte de um pedido ReadProcessMemory ou WriteProcessMemory foi concluída. (0x12B)
[1228/081048.821:ERROR:process_reader_win.cc(242)] ReadMemory at 0x68680e9f30 of 132 bytes failed: Somente uma parte de um pedido ReadProcessMemory ou WriteProcessMemory foi concluída. (0x12B)
[1228/081048.821:ERROR:process_reader_win.cc(242)] ReadMemory at 0x68680ea050 of 132 bytes failed: Somente uma parte de um pedido ReadProcessMemory ou WriteProcessMemory foi concluída. (0x12B)
[1228/081048.822:ERROR:process_reader_win.cc(242)] ReadMemory at 0x68680ea170 of 132 bytes failed: Somente uma parte de um pedido ReadProcessMemory ou WriteProcessMemory foi concluída. (0x12B)
[1228/081048.822:ERROR:process_reader_win.cc(242)] ReadMemory at 0x68680ea290 of 132 bytes failed: Somente uma parte de um pedido ReadProcessMemory ou WriteProcessMemory foi concluída. (0x12B)
[1228/081048.822:ERROR:process_reader_win.cc(242)] ReadMemory at 0x68680ea4d0 of 132 bytes failed: Somente uma parte de um pedido ReadProcessMemory ou WriteProcessMemory foi concluída. (0x12B)
[1228/081048.822:ERROR:process_reader_win.cc(242)] ReadMemory at 0x68680ea710 of 132 bytes failed: Somente uma parte de um pedido ReadProcessMemory ou WriteProcessMemory foi concluída. (0x12B)
[1228/081048.822:ERROR:process_reader_win.cc(242)] ReadMemory at 0x68680eaa70 of 132 bytes failed: Somente uma parte de um pedido ReadProcessMemory ou WriteProcessMemory foi concluída. (0x12B)
[1228/081048.822:ERROR:process_reader_win.cc(242)] ReadMemory at 0x68680eab90 of 132 bytes failed: Somente uma parte de um pedido ReadProcessMemory ou WriteProcessMemory foi concluída. (0x12B)
[1228/081048.822:ERROR:process_reader_win.cc(242)] ReadMemory at 0x68680eacb0 of 132 bytes failed: Somente uma parte de um pedido ReadProcessMemory ou WriteProcessMemory foi concluída. (0x12B)
[1228/081048.822:ERROR:process_reader_win.cc(242)] ReadMemory at 0x68680eadd0 of 132 bytes failed: Somente uma parte de um pedido ReadProcessMemory ou WriteProcessMemory foi concluída. (0x12B)
[1228/081048.822:ERROR:process_reader_win.cc(242)] ReadMemory at 0x68680eaef0 of 132 bytes failed: Somente uma parte de um pedido ReadProcessMemory ou WriteProcessMemory foi concluída. (0x12B)
[1228/081048.823:ERROR:process_reader_win.cc(242)] ReadMemory at 0x68680ec0a0 of 80 bytes failed: Somente uma parte de um pedido ReadProcessMemory ou WriteProcessMemory foi concluída. (0x12B)
[1228/081048.823:ERROR:process_reader_win.cc(242)] ReadMemory at 0x68680f6350 of 512 bytes failed: Somente uma parte de um pedido ReadProcessMemory ou WriteProcessMemory foi concluída. (0x12B)
[1228/081048.823:ERROR:process_reader_win.cc(242)] ReadMemory at 0x68680f7f50 of 512 bytes failed: Somente uma parte de um pedido ReadProcessMemory ou WriteProcessMemory foi concluída. (0x12B)
[1228/081048.823:ERROR:process_reader_win.cc(242)] ReadMemory at 0x68684d2140 of 512 bytes failed: Somente uma parte de um pedido ReadProcessMemory ou WriteProcessMemory foi concluída. (0x12B)
[1228/081048.823:ERROR:process_reader_win.cc(242)] ReadMemory at 0x6868a9b3a0 of 512 bytes failed: Somente uma parte de um pedido ReadProcessMemory ou WriteProcessMemory foi concluída. (0x12B)
[1228/081048.823:ERROR:process_reader_win.cc(242)] ReadMemory at 0x6868aa14f0 of 512 bytes failed: Somente uma parte de um pedido ReadProcessMemory ou WriteProcessMemory foi concluída. (0x12B)
[1228/081048.823:ERROR:process_reader_win.cc(242)] ReadMemory at 0x6868ab2980 of 512 bytes failed: Somente uma parte de um pedido ReadProcessMemory ou WriteProcessMemory foi concluída. (0x12B)
[1228/081048.823:ERROR:process_reader_win.cc(242)] ReadMemory at 0x6868ac2120 of 624 bytes failed: Somente uma parte de um pedido ReadProcessMemory ou WriteProcessMemory foi concluída. (0x12B)
[1228/081048.823:ERROR:process_reader_win.cc(242)] ReadMemory at 0x6868acc478 of 512 bytes failed: Somente uma parte de um pedido ReadProcessMemory ou WriteProcessMemory foi concluída. (0x12B)
[1228/081048.823:ERROR:process_reader_win.cc(242)] ReadMemory at 0x6868acd640 of 512 bytes failed: Somente uma parte de um pedido ReadProcessMemory ou WriteProcessMemory foi concluída. (0x12B)
[1228/081048.823:ERROR:process_reader_win.cc(242)] ReadMemory at 0x6868ad0578 of 512 bytes failed: Somente uma parte de um pedido ReadProcessMemory ou WriteProcessMemory foi concluída. (0x12B)
[1228/081048.823:ERROR:process_reader_win.cc(242)] ReadMemory at 0x6868ae6ed0 of 512 bytes failed: Somente uma parte de um pedido ReadProcessMemory ou WriteProcessMemory foi concluída. (0x12B)
[1228/081048.823:ERROR:process_reader_win.cc(242)] ReadMemory at 0x6868b61750 of 512 bytes failed: Somente uma parte de um pedido ReadProcessMemory ou WriteProcessMemory foi concluída. (0x12B)
[1228/081048.823:ERROR:process_reader_win.cc(242)] ReadMemory at 0x6868b69ad8 of 512 bytes failed: Somente uma parte de um pedido ReadProcessMemory ou WriteProcessMemory foi concluída. (0x12B)
[1228/081048.823:ERROR:process_reader_win.cc(242)] ReadMemory at 0x6868bb0000 of 384 bytes failed: Somente uma parte de um pedido ReadProcessMemory ou WriteProcessMemory foi concluída. (0x12B)
[1228/081048.823:ERROR:process_reader_win.cc(242)] ReadMemory at 0x6868bd2670 of 512 bytes failed: Somente uma parte de um pedido ReadProcessMemory ou WriteProcessMemory foi concluída. (0x12B)
[1228/081048.823:ERROR:process_reader_win.cc(242)] ReadMemory at 0x6868bfcda0 of 512 bytes failed: Somente uma parte de um pedido ReadProcessMemory ou WriteProcessMemory foi concluída. (0x12B)
[1228/081048.823:ERROR:process_reader_win.cc(242)] ReadMemory at 0x6868c04308 of 656 bytes failed: Somente uma parte de um pedido ReadProcessMemory ou WriteProcessMemory foi concluída. (0x12B)
[1228/081048.823:ERROR:process_reader_win.cc(242)] ReadMemory at 0x6868c04b78 of 512 bytes failed: Somente uma parte de um pedido ReadProcessMemory ou WriteProcessMemory foi concluída. (0x12B)
[1228/081048.824:ERROR:process_reader_win.cc(242)] ReadMemory at 0x6868c0ad20 of 512 bytes failed: Somente uma parte de um pedido ReadProcessMemory ou WriteProcessMemory foi concluída. (0x12B)
[1228/081048.824:ERROR:process_reader_win.cc(242)] ReadMemory at 0x6868c13270 of 512 bytes failed: Somente uma parte de um pedido ReadProcessMemory ou WriteProcessMemory foi concluída. (0x12B)
[1228/081048.824:ERROR:process_reader_win.cc(242)] ReadMemory at 0x6868c26f50 of 832 bytes failed: Somente uma parte de um pedido ReadProcessMemory ou WriteProcessMemory foi concluída. (0x12B)
[1228/081048.824:ERROR:process_reader_win.cc(242)] ReadMemory at 0x6868c2ee00 of 512 bytes failed: Somente uma parte de um pedido ReadProcessMemory ou WriteProcessMemory foi concluída. (0x12B)
[1228/081048.824:ERROR:process_reader_win.cc(242)] ReadMemory at 0x686bf0df68 of 545 bytes failed: Somente uma parte de um pedido ReadProcessMemory ou WriteProcessMemory foi concluída. (0x12B)
[1228/081048.824:ERROR:process_reader_win.cc(242)] ReadMemory at 0x686c0fff80 of 512 bytes failed: Somente uma parte de um pedido ReadProcessMemory ou WriteProcessMemory foi concluída. (0x12B)
[1228/081048.824:ERROR:process_reader_win.cc(242)] ReadMemory at 0x686c113bd0 of 512 bytes failed: Somente uma parte de um pedido ReadProcessMemory ou WriteProcessMemory foi concluída. (0x12B)
[1228/081048.824:ERROR:process_reader_win.cc(242)] ReadMemory at 0x686c136b40 of 512 bytes failed: Somente uma parte de um pedido ReadProcessMemory ou WriteProcessMemory foi concluída. (0x12B)
[1228/081048.824:ERROR:process_reader_win.cc(242)] ReadMemory at 0x686c628570 of 512 bytes failed: Somente uma parte de um pedido ReadProcessMemory ou WriteProcessMemory foi concluída. (0x12B)
[1228/081048.824:ERROR:process_reader_win.cc(242)] ReadMemory at 0x686c63cec8 of 512 bytes failed: Somente uma parte de um pedido ReadProcessMemory ou WriteProcessMemory foi concluída. (0x12B)
[1228/081048.824:ERROR:process_reader_win.cc(242)] ReadMemory at 0x686c64a4b0 of 512 bytes failed: Somente uma parte de um pedido ReadProcessMemory ou WriteProcessMemory foi concluída. (0x12B)
[1228/081048.824:ERROR:process_reader_win.cc(242)] ReadMemory at 0x686c6638a0 of 512 bytes failed: Somente uma parte de um pedido ReadProcessMemory ou WriteProcessMemory foi concluída. (0x12B)
[1228/081048.824:ERROR:process_reader_win.cc(242)] ReadMemory at 0x686c6692a0 of 512 bytes failed: Somente uma parte de um pedido ReadProcessMemory ou WriteProcessMemory foi concluída. (0x12B)
[1228/081048.824:ERROR:process_reader_win.cc(242)] ReadMemory at 0x686c6748a0 of 688 bytes failed: Somente uma parte de um pedido ReadProcessMemory ou WriteProcessMemory foi concluída. (0x12B)
[1228/081048.824:ERROR:process_reader_win.cc(242)] ReadMemory at 0x1d346d18400 of 512 bytes failed: Somente uma parte de um pedido ReadProcessMemory ou WriteProcessMemory foi concluída. (0x12B)
[1228/081048.824:ERROR:process_reader_win.cc(242)] ReadMemory at 0x601e560fa00 of 512 bytes failed: Somente uma parte de um pedido ReadProcessMemory ou WriteProcessMemory foi concluída. (0x12B)
[1228/081048.824:ERROR:process_reader_win.cc(242)] ReadMemory at 0x7f72d1ea000 of 6024 bytes failed: Somente uma parte de um pedido ReadProcessMemory ou WriteProcessMemory foi concluída. (0x12B)
[1228/081048.824:ERROR:process_reader_win.cc(242)] ReadMemory at 0x7f72d1ec000 of 6024 bytes failed: Somente uma parte de um pedido ReadProcessMemory ou WriteProcessMemory foi concluída. (0x12B)
[1228/081048.824:ERROR:process_reader_win.cc(242)] ReadMemory at 0x7f72d1ee000 of 6024 bytes failed: Somente uma parte de um pedido ReadProcessMemory ou WriteProcessMemory foi concluída. (0x12B)
[1228/081048.825:ERROR:process_reader_win.cc(242)] ReadMemory at 0x7f72d1f0000 of 6024 bytes failed: Somente uma parte de um pedido ReadProcessMemory ou WriteProcessMemory foi concluída. (0x12B)
[1228/081048.825:ERROR:process_reader_win.cc(242)] ReadMemory at 0x7f72d1f2000 of 6024 bytes failed: Somente uma parte de um pedido ReadProcessMemory ou WriteProcessMemory foi concluída. (0x12B)
[1228/081048.825:ERROR:process_reader_win.cc(242)] ReadMemory at 0x7f72d1f4000 of 6024 bytes failed: Somente uma parte de um pedido ReadProcessMemory ou WriteProcessMemory foi concluída. (0x12B)
[1228/081048.825:ERROR:process_reader_win.cc(242)] ReadMemory at 0x7f72d1f6000 of 6024 bytes failed: Somente uma parte de um pedido ReadProcessMemory ou WriteProcessMemory foi concluída. (0x12B)
[1228/081048.825:ERROR:process_reader_win.cc(242)] ReadMemory at 0x7f72d1f8000 of 6024 bytes failed: Somente uma parte de um pedido ReadProcessMemory ou WriteProcessMemory foi concluída. (0x12B)
[1228/081048.825:ERROR:process_reader_win.cc(242)] ReadMemory at 0x7f72d1fa000 of 6024 bytes failed: Somente uma parte de um pedido ReadProcessMemory ou WriteProcessMemory foi concluída. (0x12B)
[1228/081048.825:ERROR:process_reader_win.cc(242)] ReadMemory at 0x7f72d1fc000 of 6024 bytes failed: Somente uma parte de um pedido ReadProcessMemory ou WriteProcessMemory foi concluída. (0x12B)
[1228/081048.825:ERROR:process_reader_win.cc(242)] ReadMemory at 0x7f72d1fe000 of 6024 bytes failed: Somente uma parte de um pedido ReadProcessMemory ou WriteProcessMemory foi concluída. (0x12B)
[1228/081048.825:ERROR:process_reader_win.cc(242)] ReadMemory at 0x7f72d324000 of 852 bytes failed: Somente uma parte de um pedido ReadProcessMemory ou WriteProcessMemory foi concluída. (0x12B)
[1228/081048.825:ERROR:process_reader_win.cc(242)] ReadMemory at 0x7f72d326000 of 6024 bytes failed: Somente uma parte de um pedido ReadProcessMemory ou WriteProcessMemory foi concluída. (0x12B)
[1228/081048.825:ERROR:process_reader_win.cc(242)] ReadMemory at 0x7f72d328000 of 6024 bytes failed: Somente uma parte de um pedido ReadProcessMemory ou WriteProcessMemory foi concluída. (0x12B)
[1228/081048.825:ERROR:process_reader_win.cc(242)] ReadMemory at 0x7f72d32a000 of 6024 bytes failed: Somente uma parte de um pedido ReadProcessMemory ou WriteProcessMemory foi concluída. (0x12B)
[1228/081048.825:ERROR:process_reader_win.cc(242)] ReadMemory at 0x7f72d32c000 of 6024 bytes failed: Somente uma parte de um pedido ReadProcessMemory ou WriteProcessMemory foi concluída. (0x12B)
[1228/081048.825:ERROR:process_reader_win.cc(242)] ReadMemory at 0x7f72d32e000 of 6024 bytes failed: Somente uma parte de um pedido ReadProcessMemory ou WriteProcessMemory foi concluída. (0x12B)
[1228/081048.825:ERROR:process_reader_win.cc(242)] ReadMemory at 0x7fc85815b66 of 512 bytes failed: Somente uma parte de um pedido ReadProcessMemory ou WriteProcessMemory foi concluída. (0x12B)
[1228/081048.825:ERROR:process_reader_win.cc(242)] ReadMemory at 0x7fc87752f80 of 512 bytes failed: Somente uma parte de um pedido ReadProcessMemory ou WriteProcessMemory foi concluída. (0x12B)
[1228/081048.825:ERROR:process_reader_win.cc(242)] ReadMemory at 0x7fc88417590 of 512 bytes failed: Somente uma parte de um pedido ReadProcessMemory ou WriteProcessMemory foi concluída. (0x12B)
[1228/081048.826:ERROR:process_reader_win.cc(242)] ReadMemory at 0x7fc8a7a70a0 of 512 bytes failed: Somente uma parte de um pedido ReadProcessMemory ou WriteProcessMemory foi concluída. (0x12B)
[1228/081048.826:ERROR:process_reader_win.cc(242)] ReadMemory at 0x7fcae363d00 of 512 bytes failed: Somente uma parte de um pedido ReadProcessMemory ou WriteProcessMemory foi concluída. (0x12B)
[1228/081048.826:ERROR:process_reader_win.cc(242)] ReadMemory at 0x7fcae3c6478 of 512 bytes failed: Somente uma parte de um pedido ReadProcessMemory ou WriteProcessMemory foi concluída. (0x12B)
[1228/081048.826:ERROR:process_reader_win.cc(242)] ReadMemory at 0x7fcae6e0fac of 512 bytes failed: Somente uma parte de um pedido ReadProcessMemory ou WriteProcessMemory foi concluída. (0x12B)
[1228/081048.826:ERROR:process_reader_win.cc(242)] ReadMemory at 0x7fcb1312b6a of 592 bytes failed: Somente uma parte de um pedido ReadProcessMemory ou WriteProcessMemory foi concluída. (0x12B)
[1228/081048.826:ERROR:process_reader_win.cc(242)] ReadMemory at 0x7fcb1312e6a of 512 bytes failed: Somente uma parte de um pedido ReadProcessMemory ou WriteProcessMemory foi concluída. (0x12B)
[1228/081048.826:ERROR:process_reader_win.cc(242)] ReadMemory at 0x7fcb13145ab of 576 bytes failed: Somente uma parte de um pedido ReadProcessMemory ou WriteProcessMemory foi concluída. (0x12B)
[1228/081048.826:ERROR:process_reader_win.cc(242)] ReadMemory at 0x7fcb13153c0 of 512 bytes failed: Somente uma parte de um pedido ReadProcessMemory ou WriteProcessMemory foi concluída. (0x12B)
[1228/081048.826:ERROR:process_reader_win.cc(242)] ReadMemory at 0x7fcb1316ae0 of 512 bytes failed: Somente uma parte de um pedido ReadProcessMemory ou WriteProcessMemory foi concluída. (0x12B)
[1228/081048.826:ERROR:process_reader_win.cc(242)] ReadMemory at 0x7fcb137a558 of 18 bytes failed: Somente uma parte de um pedido ReadProcessMemory ou WriteProcessMemory foi concluída. (0x12B)
[1228/081048.826:ERROR:process_reader_win.cc(242)] ReadMemory at 0x7fcb1446100 of 40 bytes failed: Somente uma parte de um pedido ReadProcessMemory ou WriteProcessMemory foi concluída. (0x12B)
[1228/081048.826:ERROR:process_reader_win.cc(242)] ReadMemory at 0x7fcb14468c0 of 64 bytes failed: Somente uma parte de um pedido ReadProcessMemory ou WriteProcessMemory foi concluída. (0x12B)
[1228/081048.826:ERROR:process_reader_win.cc(242)] ReadMemory at 0x7fcb144c0e0 of 48 bytes failed: Somente uma parte de um pedido ReadProcessMemory ou WriteProcessMemory foi concluída. (0x12B)
[1228/081048.828:ERROR:scoped_process_suspend.cc(40)] NtResumeProcess: Tentou-se acessar um processo de saída. (0xc000010a)
