[LOGIX] [POL1378][DEBUG] Arquivo de LOG gerado em "/totvs/logix/temp/log/admlog_20200109_100921/pol1378_00000_debug.log".
[LOGIX] Modo Debug FREEFORM ativado
[LOGIX] Modo Debug Framework ativado
[LOGIX] Modo DEBUG SQL ativado
----------------------------------- AMBIENTE -----------------------------------
SERVER BUILD.....: 7.00.131227A-20181217
SERVER SO........: LINUX
SERVER INFO......: LINUX VERSION 3.10.0-327.36.3.EL7.X86_64 (MOCKBUILD@X86-037.BUILD.ENG.BOS.REDHAT.COM) (GCC VERSION 4
 
CLIENT BUILD.....: 7.00.131227A-20180507
CLIENT TYPE......: SMARTCLIENT 08 E 10 WINDOWS
----------------------------------- EXECUCAO -----------------------------------
PACOTE ERP.......: 12.1.22
PACOTE FRAMEWORK.: 12.1.22.00 - 05/10/2018
 
PROCESSO.........: POL1378
REVISAO..........: 
DATA.............: 
 
USUARIO..........: ADMLOG
EMPRESA..........: 30
 
FGLPROFILE.......: /totvs/logix/bin/appservertreino/logixprofile.pro
--------------------------------------------------------------------------------
[LOGIX] [THREAD] [EXECUTE] Iniciando sessão ID100921 (pol1378) a partir da sessão pai MAIN_THREAD (MENU).
[THREAD 47701 - 09/01/2020 10:09:23]
  TRANSLATE: LOGIX
  EXECUTE
  STATUS:0
  COMMAND: LOGIX
[THREAD 47701 - 09/01/2020 10:09:23]
  TRANSLATE: SET ISOLATION TO DIRTY READ
  EXECUTE
  4GL SOURCE: POL1378.4GL  LINE: 63 
  STATUS:    0 ROWS AFFECTED:0 SID:66
  COMMAND: SET ISOLATION TO DIRTY READ
  RUNNING TIME: 0.000
  4GL SOURCE: POL1378.4GL  LINE: 63 
  STATUS:    0 ROWS AFFECTED:0 SID:66
  NAME_SQL:
  COMMAND: SET ISOLATION TO DIRTY READ
[THREAD 47701 - 09/01/2020 10:09:23]
  TRANSLATE: SET LOCK MODE TO WAIT 120
  EXECUTE
  4GL SOURCE: POL1378.4GL  LINE: 64 
  STATUS:    0 ROWS AFFECTED:0 SID:66
  COMMAND: SET LOCK MODE TO WAIT 120
  RUNNING TIME: 0.001
  4GL SOURCE: POL1378.4GL  LINE: 64 
  STATUS:    0 ROWS AFFECTED:0 SID:66
  NAME_SQL:
  COMMAND: SET LOCK MODE TO WAIT 120
[THREAD 47701 - 09/01/2020 10:09:23]
  TRANSLATE: SET LOCK MODE TO WAIT 
  EXECUTE
  4GL SOURCE: LOG0010.4GL  LINE: 1577 
  STATUS:    0 ROWS AFFECTED:0 SID:66
  COMMAND: SET LOCK MODE TO WAIT 
  RUNNING TIME: 0.001
  4GL SOURCE: LOG0010.4GL  LINE: 1577 
  STATUS:    0 ROWS AFFECTED:0 SID:66
  NAME_SQL:
  COMMAND: SET LOCK MODE TO WAIT 
[THREAD 47701 - 09/01/2020 10:09:23]
  TRANSLATE: SET ISOLATION TO DIRTY READ
  EXECUTE
  4GL SOURCE: LOG1400.4GL  LINE: 239 
  STATUS:    0 ROWS AFFECTED:0 SID:66
  COMMAND: SET ISOLATION TO DIRTY READ
  RUNNING TIME: 0.001
  4GL SOURCE: LOG1400.4GL  LINE: 239 
  STATUS:    0 ROWS AFFECTED:0 SID:66
  NAME_SQL:
  COMMAND: SET ISOLATION TO DIRTY READ
[THREAD 47701 - 09/01/2020 10:09:23]
  TRANSLATE: SELECT FORM_VERSION,FORM_RELEASE,FORM_MODIFICATION FROM FRM_FORM WHERE FORM_NAME=?
  EXECUTE
  RUNNING TIME: 0.002
  4GL SOURCE: LOG0010.4GL  LINE: 2295 
  STATUS:  100 ROWS AFFECTED:0 SID:66
  COMMAND: SELECT FORM_VERSION,FORM_RELEASE,FORM_MODIFICATION FROM FRM_FORM WHERE FORM_NAME=?
  USE: 1
    T:             CHAR(15) V: 'pol1378        '
  INTO:3
    T:              CHAR(2) V: 'NULL'
    T:              CHAR(5) V: 'NULL'
    T:             CHAR(10) V: 'NULL'
[LOGIX] [VERSION] Aplicação: POL1378 Versão: ? Ult. Modificação:
[THREAD 47701 - 09/01/2020 10:09:23]
  DECLARE
  RUNNING TIME: 0.001
  4GL SOURCE: SYSTEMKEY.4GL  LINE: 67 
  STATUS:    0 ROWS AFFECTED:0 SID:66
  NAME_FGL:SYSTEMKEY.CM_ADJUSTSYSTEMKEY
  NAME_SQL:cu0
  COMMAND: SELECT SISTEMAS_LOGIX.COD_SISTEMA FROM SISTEMAS_LOGIX WHERE SISTEMAS_LOGIX.CHAVE_SISTEMA='?' OR SISTEMAS_LOGIX.CHAVE_SISTEMA IS NULL OR SISTEMAS_LOGIX.CHAVE_SISTEMA=' '
[THREAD 47701 - 09/01/2020 10:09:23]
  OPEN 
  RUNNING TIME: 0.001
  4GL SOURCE: SYSTEMKEY.4GL  LINE: 74 
  STATUS:    0 ROWS AFFECTED:1 SID:66
  NAME_FGL:SYSTEMKEY.CM_ADJUSTSYSTEMKEY
  NAME_SQL:cu0
  COMMAND: SELECT SISTEMAS_LOGIX.COD_SISTEMA FROM SISTEMAS_LOGIX WHERE SISTEMAS_LOGIX.CHAVE_SISTEMA='?' OR SISTEMAS_LOGIX.CHAVE_SISTEMA IS NULL OR SISTEMAS_LOGIX.CHAVE_SISTEMA=' '
[THREAD 47701 - 09/01/2020 10:09:23]
  FETCH
  RUNNING TIME: 0.001
  4GL SOURCE: SYSTEMKEY.4GL  LINE: 74 
  STATUS:    0 ROWS AFFECTED:1 SID:66
  NAME_FGL:SYSTEMKEY.CM_ADJUSTSYSTEMKEY
  NAME_SQL:cu0
  INTO:1
    T:              INTEGER V: 69
[THREAD 47701 - 09/01/2020 10:09:23]
  FETCH
  RUNNING TIME: 0.000
  4GL SOURCE: SYSTEMKEY.4GL  LINE: 74 
  STATUS:    0 ROWS AFFECTED:1 SID:66
  NAME_FGL:SYSTEMKEY.CM_ADJUSTSYSTEMKEY
  NAME_SQL:cu0
  INTO:1
    T:              INTEGER V: 904
[THREAD 47701 - 09/01/2020 10:09:23]
  FETCH
  RUNNING TIME: 0.000
  4GL SOURCE: SYSTEMKEY.4GL  LINE: 74 
  STATUS:    0 ROWS AFFECTED:1 SID:66
  NAME_FGL:SYSTEMKEY.CM_ADJUSTSYSTEMKEY
  NAME_SQL:cu0
  INTO:1
    T:              INTEGER V: 400
[THREAD 47701 - 09/01/2020 10:09:23]
  FETCH
  RUNNING TIME: 0.000
  4GL SOURCE: SYSTEMKEY.4GL  LINE: 74 
  STATUS:    0 ROWS AFFECTED:1 SID:66
  NAME_FGL:SYSTEMKEY.CM_ADJUSTSYSTEMKEY
  NAME_SQL:cu0
  INTO:1
    T:              INTEGER V: 626
[THREAD 47701 - 09/01/2020 10:09:23]
  FETCH
  RUNNING TIME: 0.001
  4GL SOURCE: SYSTEMKEY.4GL  LINE: 74 
  STATUS:    0 ROWS AFFECTED:1 SID:66
  NAME_FGL:SYSTEMKEY.CM_ADJUSTSYSTEMKEY
  NAME_SQL:cu0
  INTO:1
    T:              INTEGER V: 930
[THREAD 47701 - 09/01/2020 10:09:23]
  FETCH
  RUNNING TIME: 0.000
  4GL SOURCE: SYSTEMKEY.4GL  LINE: 74 
  STATUS:    0 ROWS AFFECTED:1 SID:66
  NAME_FGL:SYSTEMKEY.CM_ADJUSTSYSTEMKEY
  NAME_SQL:cu0
  INTO:1
    T:              INTEGER V: 902
[THREAD 47701 - 09/01/2020 10:09:23]
  FETCH
  RUNNING TIME: 0.000
  4GL SOURCE: SYSTEMKEY.4GL  LINE: 74 
  STATUS:  100 ROWS AFFECTED:0 SID:66
  NAME_FGL:SYSTEMKEY.CM_ADJUSTSYSTEMKEY
  NAME_SQL:cu0
  COMMAND: SELECT SISTEMAS_LOGIX.COD_SISTEMA FROM SISTEMAS_LOGIX WHERE SISTEMAS_LOGIX.CHAVE_SISTEMA='?' OR SISTEMAS_LOGIX.CHAVE_SISTEMA IS NULL OR SISTEMAS_LOGIX.CHAVE_SISTEMA=' '
  INTO:1
    T:              INTEGER V: 902
[THREAD 47701 - 09/01/2020 10:09:23]
  CLOSE 
  RUNNING TIME: 0.000
  4GL SOURCE: SYSTEMKEY.4GL  LINE: 74 
  STATUS:    0 ROWS AFFECTED:0 SID:66
  NAME_FGL:SYSTEMKEY.CM_ADJUSTSYSTEMKEY
  NAME_SQL:cu0
[THREAD 47701 - 09/01/2020 10:09:23]
  FREE 
  RUNNING TIME: 0.000
  4GL SOURCE: SYSTEMKEY.4GL  LINE: 92 
  STATUS:    0 ROWS AFFECTED:0 SID:66
  NAME_FGL:SYSTEMKEY.CM_ADJUSTSYSTEMKEY
  NAME_SQL:cu0
[LOGIX] ERRO: [LICENSE] Chave de sistema ESPEC999 inválida no controle de licenças.
[LOGIX] ERRO: [LICENSE] Chave de sistema ESPEC999 inválida no controle de licenças.
[THREAD 47701 - 09/01/2020 10:09:23]
  TRANSLATE: SELECT COD_EMPRESA FROM EMPRESA WHERE COD_EMPRESA=?
  EXECUTE
  RUNNING TIME: 0.002
  4GL SOURCE: LOG0010.4GL  LINE: 788 
  STATUS:    0 ROWS AFFECTED:1 SID:66
  COMMAND: SELECT COD_EMPRESA FROM EMPRESA WHERE COD_EMPRESA=?
  USE: 1
    T:              CHAR(2) V: '30'
[THREAD 47701 - 09/01/2020 10:09:23]
  TRANSLATE: SELECT SYSTABLES.TABNAME FROM SYSTABLES WHERE SYSTABLES.TABNAME=?
  EXECUTE
  RUNNING TIME: 0.001
  4GL SOURCE: LOG0150.4GL  LINE: 55 
  STATUS:    0 ROWS AFFECTED:1 SID:66
  COMMAND: SELECT SYSTABLES.TABNAME FROM SYSTABLES WHERE SYSTABLES.TABNAME=?
  USE: 1
    T:             CHAR(50) V: 'log_dados_sessao_logix                            '
[THREAD 47701 - 09/01/2020 10:09:23]
  TRANSLATE: SELECT  DBINFO('sessionid') FROM SYSTABLES WHERE TABID=1
  EXECUTE
  RUNNING TIME: 0.001
  4GL SOURCE: LOG0010.4GL  LINE: 613 
  STATUS:    0 ROWS AFFECTED:1 SID:66
  COMMAND: SELECT  DBINFO('sessionid') FROM SYSTABLES WHERE TABID=1
  INTO:1
    T:              INTEGER V: 66
[THREAD 47701 - 09/01/2020 10:09:23]
  TRANSLATE: SELECT  DBINFO('sessionid') FROM SYSTABLES WHERE TABID=1
  EXECUTE
  RUNNING TIME: 0.001
  4GL SOURCE: LOG0010.4GL  LINE: 613 
  STATUS:    0 ROWS AFFECTED:1 SID:66
  COMMAND: SELECT  DBINFO('sessionid') FROM SYSTABLES WHERE TABID=1
  INTO:1
    T:              INTEGER V: 66
[THREAD 47701 - 09/01/2020 10:09:23]
  DECLARE
  RUNNING TIME: 0.001
  4GL SOURCE: LOG0010.4GL  LINE: 2132 
  STATUS:    0 ROWS AFFECTED:0 SID:66
  NAME_FGL:LOG0010.CD_LOG_DADOS_SESSAO_LOGIX
  NAME_SQL:cu0
  COMMAND: SELECT SID, DAT_EXECUCAO FROM LOG_DADOS_SESSAO_LOGIX WHERE USUARIO IN (?,'newlogin') AND PROGRAMA=?
[THREAD 47701 - 09/01/2020 10:09:23]
  OPEN 
  RUNNING TIME: 0.001
  4GL SOURCE: LOG0010.4GL  LINE: 2140 
  STATUS:    0 ROWS AFFECTED:1 SID:66
  NAME_FGL:LOG0010.CD_LOG_DADOS_SESSAO_LOGIX
  NAME_SQL:cu0
  COMMAND: SELECT SID, DAT_EXECUCAO FROM LOG_DADOS_SESSAO_LOGIX WHERE USUARIO IN (?,'newlogin') AND PROGRAMA=?
  USE: 2
    T:              CHAR(8) V: 'admlog  '
    T:             CHAR(15) V: 'pol1378        '
[THREAD 47701 - 09/01/2020 10:09:23]
  FETCH
  RUNNING TIME: 0.000
  4GL SOURCE: LOG0010.4GL  LINE: 2140 
  STATUS:  100 ROWS AFFECTED:0 SID:66
  NAME_FGL:LOG0010.CD_LOG_DADOS_SESSAO_LOGIX
  NAME_SQL:cu0
  COMMAND: SELECT SID, DAT_EXECUCAO FROM LOG_DADOS_SESSAO_LOGIX WHERE USUARIO IN (?,'newlogin') AND PROGRAMA=?
  INTO:2
    T:              INTEGER V: 0
    T:             DATETIME V: NULL
[THREAD 47701 - 09/01/2020 10:09:23]
  CLOSE 
  RUNNING TIME: 0.000
  4GL SOURCE: LOG0010.4GL  LINE: 2140 
  STATUS:    0 ROWS AFFECTED:0 SID:66
  NAME_FGL:LOG0010.CD_LOG_DADOS_SESSAO_LOGIX
  NAME_SQL:cu0
[THREAD 47701 - 09/01/2020 10:09:23]
  FREE 
  RUNNING TIME: 0.000
  4GL SOURCE: LOG0010.4GL  LINE: 2156 
  STATUS:    0 ROWS AFFECTED:0 SID:66
  NAME_FGL:LOG0010.CD_LOG_DADOS_SESSAO_LOGIX
  NAME_SQL:cu0
[THREAD 47701 - 09/01/2020 10:09:23]
  DECLARE
  RUNNING TIME: 0.001
  4GL SOURCE: LOG0010.4GL  LINE: 1847 
  STATUS:    0 ROWS AFFECTED:0 SID:66
  NAME_FGL:LOG0010.CD_DEL_MESMO_SID
  NAME_SQL:cu0
  COMMAND: SELECT DAT_EXECUCAO FROM LOG_DADOS_SESSAO_LOGIX WHERE SID=?
[THREAD 47701 - 09/01/2020 10:09:23]
  OPEN 
  RUNNING TIME: 0.001
  4GL SOURCE: LOG0010.4GL  LINE: 1852 
  STATUS:    0 ROWS AFFECTED:1 SID:66
  NAME_FGL:LOG0010.CD_DEL_MESMO_SID
  NAME_SQL:cu0
  COMMAND: SELECT DAT_EXECUCAO FROM LOG_DADOS_SESSAO_LOGIX WHERE SID=?
  USE: 1
    T:              INTEGER V: 66
[THREAD 47701 - 09/01/2020 10:09:23]
  FETCH
  RUNNING TIME: 0.000
  4GL SOURCE: LOG0010.4GL  LINE: 1852 
  STATUS:  100 ROWS AFFECTED:0 SID:66
  NAME_FGL:LOG0010.CD_DEL_MESMO_SID
  NAME_SQL:cu0
  COMMAND: SELECT DAT_EXECUCAO FROM LOG_DADOS_SESSAO_LOGIX WHERE SID=?
  INTO:1
    T:             DATETIME V: NULL
[THREAD 47701 - 09/01/2020 10:09:23]
  CLOSE 
  RUNNING TIME: 0.000
  4GL SOURCE: LOG0010.4GL  LINE: 1852 
  STATUS:    0 ROWS AFFECTED:0 SID:66
  NAME_FGL:LOG0010.CD_DEL_MESMO_SID
  NAME_SQL:cu0
[THREAD 47701 - 09/01/2020 10:09:23]
  FREE 
  RUNNING TIME: 0.000
  4GL SOURCE: LOG0010.4GL  LINE: 1866 
  STATUS:    0 ROWS AFFECTED:0 SID:66
  NAME_FGL:LOG0010.CD_DEL_MESMO_SID
  NAME_SQL:cu0
[THREAD 47701 - 09/01/2020 10:09:23]
  TRANSLATE: INSERT INTO LOG_DADOS_SESSAO_LOGIX (SID, DAT_EXECUCAO, USUARIO, PROGRAMA, ORIGEM) VALUES(?, ?, ?, ?, ?)
  RUNNING TIME: 0.002
  4GL SOURCE: LOG0010.4GL  LINE: 1873 
  STATUS:    0 ROWS AFFECTED:1 SID:66
  COMMAND: INSERT INTO LOG_DADOS_SESSAO_LOGIX (SID, DAT_EXECUCAO, USUARIO, PROGRAMA, ORIGEM) VALUES(?, ?, ?, ?, ?)
  USE: 5
    T:              INTEGER V: 66
    T:             DATETIME V: 2020-01-09 10:09:23                                                                                                                                                                                                                                            
    T:              CHAR(8) V: 'admlog  '
    T:             CHAR(15) V: 'pol1378        '
    T:            CHAR(100) V: 'WIN-HNECSOOCOCA:192.168.0.168|192.168.0.116|8310|                                                   '
[THREAD 47701 - 09/01/2020 10:09:23]
  TRANSLATE: SELECT USUARIO,QTD_MAX_PROC_USU,IDIOMA,NIVEL_ACESSO,MANTEM_PESQ_RELAC,CPF_LOGIN,LICENCA_FULL_DETERMINADO,USUARIO_ATENDIMENTO_URA,GRUPO_ATENDIMENTO_URA,UTILIZA_INTEGRACAO_CTI,CONTA_EMAIL,SENHA_EMAIL,CONTA_AD,DOMINIO_REDE,COD_IDM,TIP_AUTENTICACAO FROM LOG_USUARIOS_COMPL WHERE LOG_USUARIOS_COMPL.USUARIO=?
  EXECUTE
  RUNNING TIME: 0.001
  4GL SOURCE: LOGM21.4GL  LINE: 370 
  STATUS:    0 ROWS AFFECTED:1 SID:66
  COMMAND: SELECT USUARIO,QTD_MAX_PROC_USU,IDIOMA,NIVEL_ACESSO,MANTEM_PESQ_RELAC,CPF_LOGIN,LICENCA_FULL_DETERMINADO,USUARIO_ATENDIMENTO_URA,GRUPO_ATENDIMENTO_URA,UTILIZA_INTEGRACAO_CTI,CONTA_EMAIL,SENHA_EMAIL,CONTA_AD,DOMINIO_REDE,COD_IDM,TIP_AUTENTICACAO FROM LOG_USUARIOS_COMPL WHERE LOG_USUARIOS_COMPL.USUARIO=?
  USE: 1
    T:              CHAR(8) V: 'admlog  '
  INTO:16
    T:              CHAR(8) V: 'admlog  '
    T:              INTEGER V: 10
    T:              INTEGER V: 1
    T:              INTEGER V: NULL
    T:              CHAR(1) V: 'S'
    T:             CHAR(11) V: 'NULL'
    T:              CHAR(1) V: '0'
    T:             CHAR(20) V: 'NULL'
    T:             CHAR(20) V: 'NULL'
    T:              CHAR(1) V: 'N'
    T:             CHAR(25) V: 'NULL'
    T:             CHAR(80) V: 'NULL'
    T:             CHAR(25) V: 'NULL'
    T:             CHAR(20) V: 'NULL'
    T:             CHAR(32) V: 'NULL'
    T:              CHAR(1) V: 'NULL'
[THREAD 47701 - 09/01/2020 10:09:23]
  TRANSLATE: SELECT COD_USUARIO,COD_EMPRESA_PADRAO,COD_IMPRESS_PADRAO,NOM_FUNCIONARIO,NUM_TELEFONE,NUM_RAMAL,NUM_FAX,E_MAIL,QTD_MAX_USUARIOS,IND_ADMLOG,GRUPO_PADRAO,DAT_INCLUSAO FROM USUARIOS WHERE USUARIOS.COD_USUARIO=?
  EXECUTE
  RUNNING TIME: 0.002
  4GL SOURCE: MENM1.4GL  LINE: 213 
  STATUS:    0 ROWS AFFECTED:1 SID:66
  COMMAND: SELECT COD_USUARIO,COD_EMPRESA_PADRAO,COD_IMPRESS_PADRAO,NOM_FUNCIONARIO,NUM_TELEFONE,NUM_RAMAL,NUM_FAX,E_MAIL,QTD_MAX_USUARIOS,IND_ADMLOG,GRUPO_PADRAO,DAT_INCLUSAO FROM USUARIOS WHERE USUARIOS.COD_USUARIO=?
  USE: 1
    T:              CHAR(8) V: 'admlog  '
  INTO:12
    T:              CHAR(8) V: 'admlog  '
    T:              CHAR(2) V: '30'
    T:            CHAR(200) V: 'financeiro                                                                                                                                                                                              '
    T:             CHAR(30) V: 'ADMINISTRADOR LOGIX           '
    T:             CHAR(20) V: '(24) 2263-8747      '
    T:              CHAR(5) V: '2004 '
    T:             CHAR(30) V: '(24) 2263-8747                '
    T:            CHAR(150) V: 'bi@lemgruber.com.br                                                                                                                                   '
    T:              INTEGER V: 10
    T:              CHAR(1) V: 'S'
    T:              CHAR(8) V: 'NULL'
    T:                 DATE V: NULL
[THREAD 47701 - 09/01/2020 10:09:23]
  TRANSLATE: SELECT USUARIO,HOR_INICIAL_ACESSO,HOR_FINAL_ACESSO FROM LOG_PAR_LOGIN_USU WHERE USUARIO=?
  EXECUTE
  RUNNING TIME: 0.002
  4GL SOURCE: LOGIN.4GL  LINE: 424 
  STATUS:    0 ROWS AFFECTED:1 SID:66
  COMMAND: SELECT USUARIO,HOR_INICIAL_ACESSO,HOR_FINAL_ACESSO FROM LOG_PAR_LOGIN_USU WHERE USUARIO=?
  USE: 1
    T:              CHAR(8) V: 'admlog  '
  INTO:3
    T:              CHAR(8) V: 'admlog  '
    T:             DATETIME V: NULL
    T:             DATETIME V: NULL
[THREAD 47701 - 09/01/2020 10:09:23]
  TRANSLATE: DELETE FROM LOG_USU_EXP_LOGIN WHERE USUARIO=? AND DAT_HOR_LOGIN<?
  RUNNING TIME: 0.002
  4GL SOURCE: LOGIN.4GL  LINE: 487 
  STATUS:    0 ROWS AFFECTED:0 SID:66
  COMMAND: DELETE FROM LOG_USU_EXP_LOGIN WHERE USUARIO=? AND DAT_HOR_LOGIN<?
  USE: 2
    T:              CHAR(8) V: 'admlog  '
    T:             DATETIME V: 2020-01-09 10:09:23                                                                                                                                                                                                                                            
[THREAD 47701 - 09/01/2020 10:09:23]
  TRANSLATE: SELECT 1 FROM LOG_USU_EXP_LOGIN WHERE USUARIO=? AND DAT_HOR_LOGIN>=?
  EXECUTE
  RUNNING TIME: 0.002
  4GL SOURCE: LOGIN.4GL  LINE: 497 
  STATUS:  100 ROWS AFFECTED:0 SID:66
  COMMAND: SELECT 1 FROM LOG_USU_EXP_LOGIN WHERE USUARIO=? AND DAT_HOR_LOGIN>=?
  USE: 2
    T:              CHAR(8) V: 'admlog  '
    T:             DATETIME V: 2020-01-09 10:09:23                                                                                                                                                                                                                                            
[THREAD 47701 - 09/01/2020 10:09:23]
  DECLARE
  RUNNING TIME: 0.002
  4GL SOURCE: LOGIN.4GL  LINE: 522 
  STATUS:    0 ROWS AFFECTED:0 SID:66
  NAME_FGL:LOGIN.CQ_USUARIO_BLOQUEADO
  NAME_SQL:cu0
  COMMAND: SELECT A.USUARIO, A.SEQUENCIA_BLOQUEIO, A.MOTIVO_BLOQUEIO, C.DES_MOTIVO_BLOQ, A.DAT_HORA_BLOQUEIO, A.USUARIO_BLOQUEIO, A.DAT_INI_BLOQUEIO, A.DAT_FIM_BLOQUEIO FROM LOG_USU_BLOQ A,LOG_BLOQUEIOS B,OUTER LOG_MOTIVOS_BLOQ C WHERE A.USUARIO=? AND A.USUARIO=B.USUARIO AND A.SEQUENCIA_BLOQUEIO=B.SEQUENCIA_BLOQUEIO AND A.DAT_INI_BLOQUEIO<=? AND A.DAT_FIM_BLOQUEIO IS NULL AND C.MOTIVO_BLOQ=A.MOTIVO_BLOQUEIO UNION SELECT A.USUARIO, A.SEQUENCIA_BLOQUEIO, A.MOTIVO_BLOQUEIO, C.DES_MOTIVO_BLOQ, A.DAT_HORA_BLOQUEIO, A.USUARIO_BLOQUEIO, A.DAT_INI_BLOQUEIO, A.DAT_FIM_BLOQUEIO FROM LOG_USU_BLOQ A,LOG_BLOQUEIOS B,OUTER LOG_MOTIVOS_BLOQ C WHERE A.USUARIO=? AND A.USUARIO=B.USUARIO AND A.SEQUENCIA_BLOQUEIO=B.SEQUENCIA_BLOQUEIO AND A.DAT_FIM_BLOQUEIO IS NOT NULL AND ? BETWEEN A.DAT_INI_BLOQUEIO AND A.DAT_FIM_BLOQUEIO AND C.MOTIVO_BLOQ=A.MOTIVO_BLOQUEIO ORDER BY 2
[THREAD 47701 - 09/01/2020 10:09:23]
  OPEN 
  RUNNING TIME: 0.002
  4GL SOURCE: LOGIN.4GL  LINE: 566 
  STATUS:    0 ROWS AFFECTED:1 SID:66
  NAME_FGL:LOGIN.CQ_USUARIO_BLOQUEADO
  NAME_SQL:cu0
  COMMAND: SELECT A.USUARIO, A.SEQUENCIA_BLOQUEIO, A.MOTIVO_BLOQUEIO, C.DES_MOTIVO_BLOQ, A.DAT_HORA_BLOQUEIO, A.USUARIO_BLOQUEIO, A.DAT_INI_BLOQUEIO, A.DAT_FIM_BLOQUEIO FROM LOG_USU_BLOQ A,LOG_BLOQUEIOS B,OUTER LOG_MOTIVOS_BLOQ C WHERE A.USUARIO=? AND A.USUARIO=B.USUARIO AND A.SEQUENCIA_BLOQUEIO=B.SEQUENCIA_BLOQUEIO AND A.DAT_INI_BLOQUEIO<=? AND A.DAT_FIM_BLOQUEIO IS NULL AND C.MOTIVO_BLOQ=A.MOTIVO_BLOQUEIO UNION SELECT A.USUARIO, A.SEQUENCIA_BLOQUEIO, A.MOTIVO_BLOQUEIO, C.DES_MOTIVO_BLOQ, A.DAT_HORA_BLOQUEIO, A.USUARIO_BLOQUEIO, A.DAT_INI_BLOQUEIO, A.DAT_FIM_BLOQUEIO FROM LOG_USU_BLOQ A,LOG_BLOQUEIOS B,OUTER LOG_MOTIVOS_BLOQ C WHERE A.USUARIO=? AND A.USUARIO=B.USUARIO AND A.SEQUENCIA_BLOQUEIO=B.SEQUENCIA_BLOQUEIO AND A.DAT_FIM_BLOQUEIO IS NOT NULL AND ? BETWEEN A.DAT_INI_BLOQUEIO AND A.DAT_FIM_BLOQUEIO AND C.MOTIVO_BLOQ=A.MOTIVO_BLOQUEIO ORDER BY 2
  USE: 4
    T:              CHAR(8) V: 'admlog  '
    T:                 DATE V: 09/01/2020                                                                                                                                                                                                                                                     
    T:              CHAR(8) V: 'admlog  '
    T:                 DATE V: 09/01/2020                                                                                                                                                                                                                                                     
[THREAD 47701 - 09/01/2020 10:09:23]
  FETCH
  RUNNING TIME: 0.000
  4GL SOURCE: LOGIN.4GL  LINE: 566 
  STATUS:  100 ROWS AFFECTED:0 SID:66
  NAME_FGL:LOGIN.CQ_USUARIO_BLOQUEADO
  NAME_SQL:cu0
  COMMAND: SELECT A.USUARIO, A.SEQUENCIA_BLOQUEIO, A.MOTIVO_BLOQUEIO, C.DES_MOTIVO_BLOQ, A.DAT_HORA_BLOQUEIO, A.USUARIO_BLOQUEIO, A.DAT_INI_BLOQUEIO, A.DAT_FIM_BLOQUEIO FROM LOG_USU_BLOQ A,LOG_BLOQUEIOS B,OUTER LOG_MOTIVOS_BLOQ C WHERE A.USUARIO=? AND A.USUARIO=B.USUARIO AND A.SEQUENCIA_BLOQUEIO=B.SEQUENCIA_BLOQUEIO AND A.DAT_INI_BLOQUEIO<=? AND A.DAT_FIM_BLOQUEIO IS NULL AND C.MOTIVO_BLOQ=A.MOTIVO_BLOQUEIO UNION SELECT A.USUARIO, A.SEQUENCIA_BLOQUEIO, A.MOTIVO_BLOQUEIO, C.DES_MOTIVO_BLOQ, A.DAT_HORA_BLOQUEIO, A.USUARIO_BLOQUEIO, A.DAT_INI_BLOQUEIO, A.DAT_FIM_BLOQUEIO FROM LOG_USU_BLOQ A,LOG_BLOQUEIOS B,OUTER LOG_MOTIVOS_BLOQ C WHERE A.USUARIO=? AND A.USUARIO=B.USUARIO AND A.SEQUENCIA_BLOQUEIO=B.SEQUENCIA_BLOQUEIO AND A.DAT_FIM_BLOQUEIO IS NOT NULL AND ? BETWEEN A.DAT_INI_BLOQUEIO AND A.DAT_FIM_BLOQUEIO AND C.MOTIVO_BLOQ=A.MOTIVO_BLOQUEIO ORDER BY 2
  INTO:8
    T:              CHAR(8) V: 'NULL'
    T:              INTEGER V: NULL
    T:              INTEGER V: NULL
    T:             CHAR(76) V: 'NULL'
    T:             DATETIME V: NULL
    T:              CHAR(8) V: 'NULL'
    T:                 DATE V: NULL
    T:                 DATE V: NULL
[THREAD 47701 - 09/01/2020 10:09:23]
  CLOSE 
  RUNNING TIME: 0.000
  4GL SOURCE: LOGIN.4GL  LINE: 566 
  STATUS:    0 ROWS AFFECTED:0 SID:66
  NAME_FGL:LOGIN.CQ_USUARIO_BLOQUEADO
  NAME_SQL:cu0
[THREAD 47701 - 09/01/2020 10:09:23]
  FREE 
  RUNNING TIME: 0.000
  4GL SOURCE: LOGIN.4GL  LINE: 625 
  STATUS:    0 ROWS AFFECTED:0 SID:66
  NAME_FGL:LOGIN.CQ_USUARIO_BLOQUEADO
  NAME_SQL:cu0
[THREAD 47701 - 09/01/2020 10:09:23]
  TRANSLATE: SELECT 1 FROM USUARIO_SENHA WHERE COD_USUARIO=?
  EXECUTE
  RUNNING TIME: 0.001
  4GL SOURCE: LOGIN.4GL  LINE: 1214 
  STATUS:    0 ROWS AFFECTED:1 SID:66
  COMMAND: SELECT 1 FROM USUARIO_SENHA WHERE COD_USUARIO=?
  USE: 1
    T:              CHAR(8) V: 'admlog  '
[THREAD 47701 - 09/01/2020 10:09:23]
  TRANSLATE: SELECT FORM_VERSION,FORM_RELEASE,FORM_MODIFICATION FROM FRM_FORM WHERE FORM_NAME=?
  EXECUTE
  RUNNING TIME: 0.001
  4GL SOURCE: LOG0010.4GL  LINE: 2295 
  STATUS:  100 ROWS AFFECTED:0 SID:66
  COMMAND: SELECT FORM_VERSION,FORM_RELEASE,FORM_MODIFICATION FROM FRM_FORM WHERE FORM_NAME=?
  USE: 1
    T:             CHAR(15) V: 'liclogix       '
  INTO:3
    T:              CHAR(2) V: 'NULL'
    T:              CHAR(5) V: 'NULL'
    T:             CHAR(10) V: 'NULL'
[LOGIX] [VERSION] Aplicação: LICLOGIX Versão: 12.1.22.55   Liberação: 26/01/16 18:00 Ult. Modificação:
[THREAD 47701 - 09/01/2020 10:09:23]
  TRANSLATE: SELECT LOG_VERSAO_PRG.NUM_VERSAO,LOG_VERSAO_PRG.VERSAO_FORMULARIO FROM LOG_VERSAO_PRG WHERE LOG_VERSAO_PRG.NUM_PROGRAMA=?
  EXECUTE
  RUNNING TIME: 0.001
  4GL SOURCE: LOG0010.4GL  LINE: 2386 
  STATUS:  100 ROWS AFFECTED:0 SID:66
  COMMAND: SELECT LOG_VERSAO_PRG.NUM_VERSAO,LOG_VERSAO_PRG.VERSAO_FORMULARIO FROM LOG_VERSAO_PRG WHERE LOG_VERSAO_PRG.NUM_PROGRAMA=?
  USE: 1
    T:             CHAR(15) V: 'LICLOGIX       '
  INTO:2
    T:             CHAR(12) V: 'NULL'
    T:             CHAR(12) V: 'NULL'
[THREAD 47701 - 09/01/2020 10:09:23]
  TRANSLATE: SELECT NUM_CGC FROM EMPRESA WHERE COD_EMPRESA=?
  EXECUTE
  RUNNING TIME: 0.002
  4GL SOURCE: LICLOGIX.4GL  LINE: 280 
  STATUS:    0 ROWS AFFECTED:1 SID:66
  COMMAND: SELECT NUM_CGC FROM EMPRESA WHERE COD_EMPRESA=?
  USE: 1
    T:              CHAR(2) V: '30'
  INTO:1
    T:             CHAR(20) V: '000.157.774/0005-54 '
[THREAD 47701 - 09/01/2020 10:09:23]
  TRANSLATE: SELECT NUM_CGC FROM EMPRESA WHERE COD_EMPRESA=?
  EXECUTE
  RUNNING TIME: 0.001
  4GL SOURCE: LICLOGIX.4GL  LINE: 280 
  STATUS:    0 ROWS AFFECTED:1 SID:66
  COMMAND: SELECT NUM_CGC FROM EMPRESA WHERE COD_EMPRESA=?
  USE: 1
    T:              CHAR(2) V: '30'
  INTO:1
    T:             CHAR(20) V: '000.157.774/0005-54 '
[THREAD 47701 - 09/01/2020 10:09:23]
  TRANSLATE: SELECT EMP_RAZ_SOC.DEN_RAZAO_SOCIAL FROM EMP_RAZ_SOC WHERE EMP_RAZ_SOC.COD_EMPRESA=?
  EXECUTE
  RUNNING TIME: 0.001
  4GL SOURCE: LICLOGIX.4GL  LINE: 330 
  STATUS:    0 ROWS AFFECTED:1 SID:66
  COMMAND: SELECT EMP_RAZ_SOC.DEN_RAZAO_SOCIAL FROM EMP_RAZ_SOC WHERE EMP_RAZ_SOC.COD_EMPRESA=?
  USE: 1
    T:              CHAR(2) V: '30'
  INTO:1
    T:         VARCHAR(200) V: 'TARGA S/A.                                                                                          '
[THREAD 47701 - 09/01/2020 10:09:23]
  TRANSLATE: SELECT DEN_EMPRESA FROM EMPRESA WHERE EMPRESA.COD_EMPRESA=?
  EXECUTE
  RUNNING TIME: 0.001
  4GL SOURCE: LICLOGIX.4GL  LINE: 370 
  STATUS:    0 ROWS AFFECTED:1 SID:66
  COMMAND: SELECT DEN_EMPRESA FROM EMPRESA WHERE EMPRESA.COD_EMPRESA=?
  USE: 1
    T:              CHAR(2) V: '30'
  INTO:1
    T:         VARCHAR(200) V: 'TST TARGA S/A                       '
[THREAD 47701 - 09/01/2020 10:09:23]
  TRANSLATE: SELECT EMPRESA_RHU.TEX_PARAM[105, 111] FROM EMPRESA_RHU WHERE EMPRESA_RHU.COD_EMPRESA=?
  EXECUTE
  RUNNING TIME: 0.001
  4GL SOURCE: LICLOGIX.4GL  LINE: 410 
  STATUS:    0 ROWS AFFECTED:1 SID:66
  COMMAND: SELECT EMPRESA_RHU.TEX_PARAM[105, 111] FROM EMPRESA_RHU WHERE EMPRESA_RHU.COD_EMPRESA=?
  USE: 1
    T:              CHAR(2) V: '30'
  INTO:1
    T:          VARCHAR(10) V: '0000000'
[THREAD 47701 - 09/01/2020 10:09:23]
  TRANSLATE: SELECT NUM_CGC FROM EMPRESA WHERE COD_EMPRESA=?
  EXECUTE
  RUNNING TIME: 0.001
  4GL SOURCE: LICLOGIX.4GL  LINE: 280 
  STATUS:    0 ROWS AFFECTED:1 SID:66
  COMMAND: SELECT NUM_CGC FROM EMPRESA WHERE COD_EMPRESA=?
  USE: 1
    T:              CHAR(2) V: '30'
  INTO:1
    T:             CHAR(20) V: '000.157.774/0005-54 '
[LOGIX] [LICENSE][THREADID 47701] Obtendo licença Cloud (5019) STATUS = 0 (ThreadID 140657 User admlog Programa: pol1378 IP 192.168.0.116 Port 8310 FederalID 00157774000554 Full Determinado false)
[THREAD 47701 - 09/01/2020 10:09:23]
  TRANSLATE: SELECT SYSTABLES.TABNAME FROM SYSTABLES WHERE SYSTABLES.TABNAME=?
  EXECUTE
  RUNNING TIME: 0.001
  4GL SOURCE: LOG0150.4GL  LINE: 55 
  STATUS:    0 ROWS AFFECTED:1 SID:66
  COMMAND: SELECT SYSTABLES.TABNAME FROM SYSTABLES WHERE SYSTABLES.TABNAME=?
  USE: 1
    T:             CHAR(50) V: 'log_uso_recusa_licenca                            '
[THREAD 47701 - 09/01/2020 10:09:23]
  TRANSLATE: INSERT INTO LOG_USO_MODULO (MODULO, EMPRESA, DAT_USO, QTD_USO) VALUES(?, ?, ?, 1)
  RUNNING TIME: 0.001
  4GL SOURCE: LOGUSO.4GL  LINE: 103 
  STATUS: -268   TRANSACTION: FALSE SID:66
  ISAM: -100
  MSG: Unique constraint (informix.pk_log_uso_modulo) violated.
  COMMAND: INSERT INTO LOG_USO_MODULO (MODULO, EMPRESA, DAT_USO, QTD_USO) VALUES(?, ?, ?, 1)
  USE: 3
    T:              CHAR(8) V: 'MANCHF  '
    T:              CHAR(2) V: '30'
    T:                 DATE V: 09/01/2020                                                                                                                                                                                                                                                     
[THREAD 47701 - 09/01/2020 10:09:23]
  TRANSLATE: UPDATE LOG_USO_MODULO SET LOG_USO_MODULO.QTD_USO=LOG_USO_MODULO.QTD_USO+1 WHERE LOG_USO_MODULO.DAT_USO=? AND LOG_USO_MODULO.MODULO=? AND LOG_USO_MODULO.EMPRESA=?
  RUNNING TIME: 0.001
  4GL SOURCE: LOGUSO.4GL  LINE: 120 
  STATUS:    0 ROWS AFFECTED:1 SID:66
  COMMAND: UPDATE LOG_USO_MODULO SET LOG_USO_MODULO.QTD_USO=LOG_USO_MODULO.QTD_USO+1 WHERE LOG_USO_MODULO.DAT_USO=? AND LOG_USO_MODULO.MODULO=? AND LOG_USO_MODULO.EMPRESA=?
  USE: 3
    T:                 DATE V: 09/01/2020                                                                                                                                                                                                                                                     
    T:              CHAR(8) V: 'MANCHF  '
    T:              CHAR(2) V: '30'
[THREAD 47701 - 09/01/2020 10:09:23]
  TRANSLATE: SELECT PROGRAMA FROM LOG_REG_ACS_PROG WHERE PROGRAMA=?
  EXECUTE
  RUNNING TIME: 0.001
  4GL SOURCE: LOG0210.4GL  LINE: 20 
  STATUS:    0 ROWS AFFECTED:1 SID:66
  COMMAND: SELECT PROGRAMA FROM LOG_REG_ACS_PROG WHERE PROGRAMA=?
  USE: 1
    T:              CHAR(8) V: 'pol1378 '
[THREAD 47701 - 09/01/2020 10:09:23]
  TRANSLATE: UPDATE LOG_REG_ACS_PROG SET DAT_ACESSO=? WHERE PROGRAMA=?
  RUNNING TIME: 0.003
  4GL SOURCE: LOG0210.4GL  LINE: 28 
  STATUS:    0 ROWS AFFECTED:1 SID:66
  COMMAND: UPDATE LOG_REG_ACS_PROG SET DAT_ACESSO=? WHERE PROGRAMA=?
  USE: 2
    T:             DATETIME V: 2020-01                                                                                                                                                                                                                                                        
    T:              CHAR(8) V: 'pol1378 '
[THREAD 47701 - 09/01/2020 10:09:23]
  TRANSLATE: SELECT IND_REG_ACESSO,IND_PROGRAMAS FROM LOG_PAR_LOGIN_USU WHERE USUARIO=?
  EXECUTE
  RUNNING TIME: 0.001
  4GL SOURCE: LOG0010.4GL  LINE: 651 
  STATUS:    0 ROWS AFFECTED:1 SID:66
  COMMAND: SELECT IND_REG_ACESSO,IND_PROGRAMAS FROM LOG_PAR_LOGIN_USU WHERE USUARIO=?
  USE: 1
    T:              CHAR(8) V: 'admlog  '
  INTO:2
    T:              CHAR(1) V: 'U'
    T:              CHAR(1) V: 'N'
[THREAD 47701 - 09/01/2020 10:09:23]
  TRANSLATE: DELETE FROM LOG_ACS_USU_PROG WHERE USUARIO=? AND EMPRESA=? AND NUM_PROGRAMA=?
  RUNNING TIME: 0.014
  4GL SOURCE: LOG0010.4GL  LINE: 709 
  STATUS:    0 ROWS AFFECTED:1 SID:66
  COMMAND: DELETE FROM LOG_ACS_USU_PROG WHERE USUARIO=? AND EMPRESA=? AND NUM_PROGRAMA=?
  USE: 3
    T:              CHAR(8) V: 'admlog  '
    T:              CHAR(2) V: '30'
    T:             CHAR(15) V: 'pol1378        '
[THREAD 47701 - 09/01/2020 10:09:23]
  TRANSLATE: INSERT INTO LOG_ACS_USU_PROG (USUARIO, EMPRESA, NUM_PROGRAMA, DAT_HOR_ACESSO) VALUES(?, ?, ?, ?)
  RUNNING TIME: 0.013
  4GL SOURCE: LOG0010.4GL  LINE: 720 
  STATUS:    0 ROWS AFFECTED:1 SID:66
  COMMAND: INSERT INTO LOG_ACS_USU_PROG (USUARIO, EMPRESA, NUM_PROGRAMA, DAT_HOR_ACESSO) VALUES(?, ?, ?, ?)
  USE: 4
    T:              CHAR(8) V: 'admlog  '
    T:              CHAR(2) V: '30'
    T:             CHAR(15) V: 'pol1378        '
    T:             DATETIME V: 2020-01-09 10:09:23                                                                                                                                                                                                                                            
[THREAD 47701 - 09/01/2020 10:09:23]
  TRANSLATE: SELECT SYSTABLES.TABNAME FROM SYSTABLES WHERE SYSTABLES.TABNAME=?
  EXECUTE
  RUNNING TIME: 0.001
  4GL SOURCE: LOG0150.4GL  LINE: 55 
  STATUS:    0 ROWS AFFECTED:1 SID:66
  COMMAND: SELECT SYSTABLES.TABNAME FROM SYSTABLES WHERE SYSTABLES.TABNAME=?
  USE: 1
    T:             CHAR(50) V: 'log_uso_recusa_licenca                            '
[THREAD 47701 - 09/01/2020 10:09:23]
  TRANSLATE: INSERT INTO LOG_USO_ROTINA (ROTINA, EMPRESA, DAT_USO, QTD_USO) VALUES(?, ?, ?, 1)
  RUNNING TIME: 0.001
  4GL SOURCE: LOGUSO.4GL  LINE: 44 
  STATUS: -268   TRANSACTION: FALSE SID:66
  ISAM: -100
  MSG: Unique constraint (informix.pk_log_uso_rotina) violated.
  COMMAND: INSERT INTO LOG_USO_ROTINA (ROTINA, EMPRESA, DAT_USO, QTD_USO) VALUES(?, ?, ?, 1)
  USE: 3
    T:             CHAR(20) V: 'POL1378             '
    T:              CHAR(2) V: '30'
    T:                 DATE V: 09/01/2020                                                                                                                                                                                                                                                     
[THREAD 47701 - 09/01/2020 10:09:24]
  TRANSLATE: UPDATE LOG_USO_ROTINA SET LOG_USO_ROTINA.QTD_USO=LOG_USO_ROTINA.QTD_USO+1 WHERE LOG_USO_ROTINA.DAT_USO=? AND LOG_USO_ROTINA.ROTINA=? AND LOG_USO_ROTINA.EMPRESA=?
  RUNNING TIME: 0.001
  4GL SOURCE: LOGUSO.4GL  LINE: 61 
  STATUS:    0 ROWS AFFECTED:1 SID:66
  COMMAND: UPDATE LOG_USO_ROTINA SET LOG_USO_ROTINA.QTD_USO=LOG_USO_ROTINA.QTD_USO+1 WHERE LOG_USO_ROTINA.DAT_USO=? AND LOG_USO_ROTINA.ROTINA=? AND LOG_USO_ROTINA.EMPRESA=?
  USE: 3
    T:                 DATE V: 09/01/2020                                                                                                                                                                                                                                                     
    T:             CHAR(20) V: 'POL1378             '
    T:              CHAR(2) V: '30'
[THREAD 47701 - 09/01/2020 10:09:24]
  TRANSLATE: SELECT NUM_VERSAO,DAT_ALTERACAO FROM LOG_VERSAO_PRG WHERE NUM_PROGRAMA=?
  EXECUTE
  RUNNING TIME: 0.001
  4GL SOURCE: FUNC002.4GL  LINE: 129 
  STATUS:    0 ROWS AFFECTED:1 SID:66
  COMMAND: SELECT NUM_VERSAO,DAT_ALTERACAO FROM LOG_VERSAO_PRG WHERE NUM_PROGRAMA=?
  USE: 1
    T:              CHAR(8) V: 'POL1378 '
  INTO:2
    T:             CHAR(18) V: '12.00.00          '
    T:                 DATE V: 09/01/2020                                                                                                                                                                                                                                                     
[THREAD 47701 - 09/01/2020 10:09:25]
  TRANSLATE: UPDATE LOG_VERSAO_PRG SET NUM_VERSAO=?, DAT_ALTERACAO=? WHERE NUM_PROGRAMA=?
  RUNNING TIME: 0.001
  4GL SOURCE: FUNC002.4GL  LINE: 151 
  STATUS:    0 ROWS AFFECTED:1 SID:66
  COMMAND: UPDATE LOG_VERSAO_PRG SET NUM_VERSAO=?, DAT_ALTERACAO=? WHERE NUM_PROGRAMA=?
  USE: 3
    T:              CHAR(9) V: '12.00.00 '
    T:                 DATE V: 09/01/2020                                                                                                                                                                                                                                                     
    T:              CHAR(8) V: 'POL1378 '
[THREAD 47701 - 09/01/2020 10:09:25]
  TRANSLATE: SELECT NUM_VERSAO,DAT_ALTERACAO FROM LOG_VERSAO_PRG WHERE NUM_PROGRAMA=?
  EXECUTE
  RUNNING TIME: 0.002
  4GL SOURCE: FUNC002.4GL  LINE: 129 
  STATUS:    0 ROWS AFFECTED:1 SID:66
  COMMAND: SELECT NUM_VERSAO,DAT_ALTERACAO FROM LOG_VERSAO_PRG WHERE NUM_PROGRAMA=?
  USE: 1
    T:              CHAR(8) V: 'POL1378 '
  INTO:2
    T:             CHAR(18) V: '12.00.00          '
    T:                 DATE V: 09/01/2020                                                                                                                                                                                                                                                     
[THREAD 47701 - 09/01/2020 10:09:25]
  TRANSLATE: UPDATE LOG_VERSAO_PRG SET NUM_VERSAO=?, DAT_ALTERACAO=? WHERE NUM_PROGRAMA=?
  RUNNING TIME: 0.001
  4GL SOURCE: FUNC002.4GL  LINE: 151 
  STATUS:    0 ROWS AFFECTED:1 SID:66
  COMMAND: UPDATE LOG_VERSAO_PRG SET NUM_VERSAO=?, DAT_ALTERACAO=? WHERE NUM_PROGRAMA=?
  USE: 3
    T:              CHAR(9) V: '12.00.00 '
    T:                 DATE V: 09/01/2020                                                                                                                                                                                                                                                     
    T:              CHAR(8) V: 'POL1378 '
[THREAD 47701 - 09/01/2020 10:09:25]
  TRANSLATE: SELECT SYSTABLES.TABNAME FROM SYSTABLES WHERE SYSTABLES.TABNAME=?
  EXECUTE
  RUNNING TIME: 0.001
  4GL SOURCE: LOG0150.4GL  LINE: 55 
  STATUS:    0 ROWS AFFECTED:1 SID:66
  COMMAND: SELECT SYSTABLES.TABNAME FROM SYSTABLES WHERE SYSTABLES.TABNAME=?
  USE: 1
    T:             CHAR(50) V: 'control_proces_pol1378                            '
[THREAD 47701 - 09/01/2020 10:09:25]
  TRANSLATE: SELECT IES_PROCESSANDO,QTD_TENTATIVA FROM CONTROL_PROCES_POL1378 WHERE ID_PROCES=1
  EXECUTE
  RUNNING TIME: 0.000
  4GL SOURCE: POL1378.4GL  LINE: 363 
  STATUS:    0 ROWS AFFECTED:1 SID:66
  COMMAND: SELECT IES_PROCESSANDO,QTD_TENTATIVA FROM CONTROL_PROCES_POL1378 WHERE ID_PROCES=1
  INTO:2
    T:              CHAR(1) V: 'N'
    T:              INTEGER V: 0
[THREAD 47701 - 09/01/2020 10:09:25]
  TRANSLATE: UPDATE CONTROL_PROCES_POL1378 SET IES_PROCESSANDO='S', QTD_TENTATIVA=0 WHERE ID_PROCES=1
  RUNNING TIME: 0.001
  4GL SOURCE: POL1378.4GL  LINE: 376 
  STATUS:    0 ROWS AFFECTED:1 SID:66
  COMMAND: UPDATE CONTROL_PROCES_POL1378 SET IES_PROCESSANDO='S', QTD_TENTATIVA=0 WHERE ID_PROCES=1
[THREAD 47701 - 09/01/2020 10:09:25]
  TRANSLATE: SELECT NOM_CAMINHO,IES_AMBIENTE FROM PATH_LOGIX_V2 WHERE COD_EMPRESA=? AND COD_SISTEMA='TRG'
  EXECUTE
  RUNNING TIME: 0.001
  4GL SOURCE: POL1378.4GL  LINE: 429 
  STATUS:    0 ROWS AFFECTED:1 SID:66
  COMMAND: SELECT NOM_CAMINHO,IES_AMBIENTE FROM PATH_LOGIX_V2 WHERE COD_EMPRESA=? AND COD_SISTEMA='TRG'
  USE: 1
    T:              CHAR(2) V: '30'
  INTO:2
    T:            CHAR(150) V: '/logix/prd/unl/apon/producao/                                                                                                                         '
    T:              CHAR(1) V: 'U'
[THREAD 47701 - 09/01/2020 10:09:25]
  TRANSLATE: INSERT INTO ERROS_CARGA_POL1378 VALUES(?, ?, ?, ?, ?, ?)
  RUNNING TIME: 0.001
  4GL SOURCE: POL1378.4GL  LINE: 457 
  STATUS:    0 ROWS AFFECTED:1 SID:66
  COMMAND: INSERT INTO ERROS_CARGA_POL1378 VALUES(?, ?, ?, ?, ?, ?)
  USE: 6
    T:              CHAR(2) V: '30'
    T:                 DATE V: 09/01/2020                                                                                                                                                                                                                                                     
    T:              CHAR(8) V: '10:09:25'
    T:          VARCHAR(80) V: ' '
    T:              INTEGER V: 0
    T:         VARCHAR(150) V: 'Nenhum arquivo foi encontrado '
[THREAD 47701 - 09/01/2020 10:09:31]
  TRANSLATE: UPDATE CONTROL_PROCES_POL1378 SET IES_PROCESSANDO='N', QTD_TENTATIVA=0 WHERE ID_PROCES=1
  RUNNING TIME: 0.001
  4GL SOURCE: POL1378.4GL  LINE: 283 
  STATUS:    0 ROWS AFFECTED:1 SID:66
  COMMAND: UPDATE CONTROL_PROCES_POL1378 SET IES_PROCESSANDO='N', QTD_TENTATIVA=0 WHERE ID_PROCES=1
[LOGIX] [THREAD] [EXECUTE] Sessao ID100921 finalizada.
