----------------------------------- AMBIENTE -----------------------------------
SERVER BUILD.....: 7.00.131227A-20151006
SERVER SO........: WINDOWS SERVER 2012 R2
SERVER SO VERSION: 
 
CLIENT BUILD.....: 7.00.131227A-20160112
CLIENT TYPE......: SMARTCLIENT 08 E 10 WINDOWS
 
SGBD.............: ORACLE
----------------------------------- EXECUCAO -----------------------------------
PACOTE ERP.......: 12.1.16
 
PROCESSO.........: POL0323
REVISAO..........: 
DATA.............: 
 
USUARIO..........: FERNANDO
EMPRESA..........: 01
--------------------------------------------------------------------------------
[LOGIX] ERRO: [LICENSE] Chave de sistema ? inválida no controle de licenças.
[LOGIX] ERRO: [LICENSE] Chave de sistema ? inválida no controle de licenças.
[DEBUG][2018-02-05 16:52:46] Empresa = 01 Usuário = fernando [source: LOG0010.4GL line: 1392 function: LOG_APPSETENV()]
[THREAD 2068 - 05/02/2018 16:52:46]
  TRANSLATE: LOGIX
  EXECUTE
  STATUS:0
  COMMAND: LOGIX
[THREAD 2068 - 05/02/2018 16:52:47]
Warning - ORACLE does NOT support ISOLATION LEVEL as READ UNCOMMITTED. 
[THREAD 2068 - 05/02/2018 16:52:47]
  TRANSLATE: SELECT COD_EMPRESA FROM EMPRESA  WHERE COD_EMPRESA=:p1
  EXECUTE
  RUNNING TIME: 0.000
  4GL SOURCE: LOG1400.4GL  LINE: 141 
  STATUS:    0 ROWS AFFECTED:1 SID:40903209
  COMMAND: SELECT COD_EMPRESA FROM EMPRESA  WHERE COD_EMPRESA=:p1
  USE: 1
    T:              CHAR(2) V: '01'
[THREAD 2068 - 05/02/2018 16:52:47]
  TRANSLATE: SELECT SUBSTR(PARAMETROS,77,2) FROM PAR_LOGIX  WHERE COD_EMPRESA=:p1
  EXECUTE
  RUNNING TIME: 0.000
  4GL SOURCE: LOG1400.4GL  LINE: 217 
  STATUS:    0 ROWS AFFECTED:1 SID:40903209
  COMMAND: SELECT SUBSTR(PARAMETROS,77,2) FROM PAR_LOGIX  WHERE COD_EMPRESA=:p1
  USE: 1
    T:              CHAR(2) V: '01'
  INTO:1
    T:              CHAR(2) V: '  '
[DEBUG][2018-02-05 16:52:47] APPSTART - INICIO [source: LOG0010.4GL line: 68 function: LOG001_ACESSA_USUARIO()]
[DEBUG][2018-02-05 16:52:47] [APPLICATION] Aplicação principal = POL0323 [source: APPLICATION.PRW line: 294 function: APPLICATION_SETMAINAPPNAME()]
[DEBUG][2018-02-05 16:52:47] [PRINTFILE] Destino de impressão não detectado [source: LOG0280.4GL line: 3556 function: LOG0280_CHECKFINISHREPORTHANDLER()]
[DEBUG][2018-02-05 16:52:47] [PRINTFILE] Emissão para disco DESATIVADA [source: LOG0280.4GL line: 3414 function: LOG0280_FINISHREPORT_ATIVA_DISCO()]
[DEBUG][2018-02-05 16:52:47] [PRINTFILE] Arquivos para emissão em disco () [source: LOG0280.4GL line: 3563 function: LOG0280_CHECKFINISHREPORTHANDLER()]
[THREAD 2068 - 05/02/2018 16:52:47]
  TRANSLATE: SELECT FORM_VERSION,FORM_RELEASE,FORM_MODIFICATION FROM FRM_FORM  WHERE FORM_NAME=:p1
  EXECUTE
  RUNNING TIME: 0.000
  4GL SOURCE: LOG0010.4GL  LINE: 2205 
  STATUS:  100 ROWS AFFECTED:0 SID:40903209
  COMMAND: SELECT FORM_VERSION,FORM_RELEASE,FORM_MODIFICATION FROM FRM_FORM  WHERE FORM_NAME=:p1
  USE: 1
    T:             CHAR(15) V: 'pol0323        '
  INTO:3
    T:              CHAR(2) V: 'NULL'
    T:              CHAR(5) V: 'NULL'
    T:             CHAR(10) V: 'NULL'
[LOGIX] [VERSION] Aplicação: POL0323 Versão: ? Ult. Modificação:
[THREAD 2068 - 05/02/2018 16:52:47]
  DECLARE
  RUNNING TIME: 0.000
  4GL SOURCE: SYSTEMKEY.4GL  LINE: 67 
  STATUS:    0 ROWS AFFECTED:0 SID:40903209
  NAME_FGL:SYSTEMKEY.CM_ADJUSTSYSTEMKEY
  NAME_SQL:cu0
  NATIVE COMMAND:SELECT SISTEMAS_LOGIX.COD_SISTEMA FROM SISTEMAS_LOGIX  WHERE SISTEMAS_LOGIX.CHAVE_SISTEMA='?' OR SISTEMAS_LOGIX.CHAVE_SISTEMA IS NULL OR SISTEMAS_LOGIX.CHAVE_SISTEMA=' '
  COMMAND: SELECT SISTEMAS_LOGIX.COD_SISTEMA FROM SISTEMAS_LOGIX  WHERE SISTEMAS_LOGIX.CHAVE_SISTEMA='?' OR SISTEMAS_LOGIX.CHAVE_SISTEMA IS NULL OR SISTEMAS_LOGIX.CHAVE_SISTEMA=' '
[THREAD 2068 - 05/02/2018 16:52:47]
  OPEN 
  RUNNING TIME: 0.000
  4GL SOURCE: SYSTEMKEY.4GL  LINE: 74 
  STATUS:    0 ROWS AFFECTED:0 SID:40903209
  NAME_FGL:SYSTEMKEY.CM_ADJUSTSYSTEMKEY
  NAME_SQL:cu0
  COMMAND: SELECT SISTEMAS_LOGIX.COD_SISTEMA FROM SISTEMAS_LOGIX  WHERE SISTEMAS_LOGIX.CHAVE_SISTEMA='?' OR SISTEMAS_LOGIX.CHAVE_SISTEMA IS NULL OR SISTEMAS_LOGIX.CHAVE_SISTEMA=' '
[THREAD 2068 - 05/02/2018 16:52:47]
  FETCH
  RUNNING TIME: 0.000
  4GL SOURCE: SYSTEMKEY.4GL  LINE: 74 
  STATUS:    0 ROWS AFFECTED:1 SID:40903209
  NAME_FGL:SYSTEMKEY.CM_ADJUSTSYSTEMKEY
  NAME_SQL:cu0
  INTO:1
    T:              INTEGER V: 902
[THREAD 2068 - 05/02/2018 16:52:47]
  FETCH
  RUNNING TIME: 0.000
  4GL SOURCE: SYSTEMKEY.4GL  LINE: 74 
  STATUS:    0 ROWS AFFECTED:1 SID:40903209
  NAME_FGL:SYSTEMKEY.CM_ADJUSTSYSTEMKEY
  NAME_SQL:cu0
  INTO:1
    T:              INTEGER V: 636
[THREAD 2068 - 05/02/2018 16:52:47]
  FETCH
  RUNNING TIME: 0.000
  4GL SOURCE: SYSTEMKEY.4GL  LINE: 74 
  STATUS:    0 ROWS AFFECTED:1 SID:40903209
  NAME_FGL:SYSTEMKEY.CM_ADJUSTSYSTEMKEY
  NAME_SQL:cu0
  INTO:1
    T:              INTEGER V: 665
[THREAD 2068 - 05/02/2018 16:52:47]
  FETCH
  RUNNING TIME: 0.000
  4GL SOURCE: SYSTEMKEY.4GL  LINE: 74 
  STATUS:    0 ROWS AFFECTED:1 SID:40903209
  NAME_FGL:SYSTEMKEY.CM_ADJUSTSYSTEMKEY
  NAME_SQL:cu0
  INTO:1
    T:              INTEGER V: 34
[THREAD 2068 - 05/02/2018 16:52:47]
  FETCH
  RUNNING TIME: 0.000
  4GL SOURCE: SYSTEMKEY.4GL  LINE: 74 
  STATUS:    0 ROWS AFFECTED:1 SID:40903209
  NAME_FGL:SYSTEMKEY.CM_ADJUSTSYSTEMKEY
  NAME_SQL:cu0
  INTO:1
    T:              INTEGER V: 71
[THREAD 2068 - 05/02/2018 16:52:47]
  FETCH
  RUNNING TIME: 0.000
  4GL SOURCE: SYSTEMKEY.4GL  LINE: 74 
  STATUS:    0 ROWS AFFECTED:1 SID:40903209
  NAME_FGL:SYSTEMKEY.CM_ADJUSTSYSTEMKEY
  NAME_SQL:cu0
  INTO:1
    T:              INTEGER V: 69
[THREAD 2068 - 05/02/2018 16:52:47]
  FETCH
  RUNNING TIME: 0.000
  4GL SOURCE: SYSTEMKEY.4GL  LINE: 74 
  STATUS:    0 ROWS AFFECTED:1 SID:40903209
  NAME_FGL:SYSTEMKEY.CM_ADJUSTSYSTEMKEY
  NAME_SQL:cu0
  INTO:1
    T:              INTEGER V: 700
[THREAD 2068 - 05/02/2018 16:52:47]
  FETCH
  RUNNING TIME: 0.000
  4GL SOURCE: SYSTEMKEY.4GL  LINE: 74 
  STATUS:    0 ROWS AFFECTED:1 SID:40903209
  NAME_FGL:SYSTEMKEY.CM_ADJUSTSYSTEMKEY
  NAME_SQL:cu0
  INTO:1
    T:              INTEGER V: 631
[THREAD 2068 - 05/02/2018 16:52:47]
  FETCH
  RUNNING TIME: 0.000
  4GL SOURCE: SYSTEMKEY.4GL  LINE: 74 
  STATUS:    0 ROWS AFFECTED:1 SID:40903209
  NAME_FGL:SYSTEMKEY.CM_ADJUSTSYSTEMKEY
  NAME_SQL:cu0
  INTO:1
    T:              INTEGER V: 930
[THREAD 2068 - 05/02/2018 16:52:47]
  FETCH
  RUNNING TIME: 0.000
  4GL SOURCE: SYSTEMKEY.4GL  LINE: 74 
  STATUS:  100 ROWS AFFECTED:0 SID:40903209
  NAME_FGL:SYSTEMKEY.CM_ADJUSTSYSTEMKEY
  NAME_SQL:cu0
  COMMAND: SELECT SISTEMAS_LOGIX.COD_SISTEMA FROM SISTEMAS_LOGIX  WHERE SISTEMAS_LOGIX.CHAVE_SISTEMA='?' OR SISTEMAS_LOGIX.CHAVE_SISTEMA IS NULL OR SISTEMAS_LOGIX.CHAVE_SISTEMA=' '
  INTO:1
    T:              INTEGER V: 930
[THREAD 2068 - 05/02/2018 16:52:47]
  CLOSE 
  RUNNING TIME: 0.000
  4GL SOURCE: SYSTEMKEY.4GL  LINE: 74 
  STATUS:    0 ROWS AFFECTED:0 SID:40903209
  NAME_FGL:SYSTEMKEY.CM_ADJUSTSYSTEMKEY
  NAME_SQL:cu0
[THREAD 2068 - 05/02/2018 16:52:47]
  FREE 
  RUNNING TIME: 0.000
  4GL SOURCE: SYSTEMKEY.4GL  LINE: 92 
  STATUS:    0 ROWS AFFECTED:0 SID:40903209
  NAME_FGL:SYSTEMKEY.CM_ADJUSTSYSTEMKEY
  NAME_SQL:cu0
[LOGIX] ERRO: [LICENSE] Chave de sistema ESPEC999 inválida no controle de licenças.
[LOGIX] ERRO: [LICENSE] Chave de sistema ESPEC999 inválida no controle de licenças.
[THREAD 2068 - 05/02/2018 16:52:47]
  TRANSLATE: SELECT COD_EMPRESA FROM EMPRESA  WHERE COD_EMPRESA=:p1
  EXECUTE
  RUNNING TIME: 0.000
  4GL SOURCE: LOG0010.4GL  LINE: 726 
  STATUS:    0 ROWS AFFECTED:1 SID:40903209
  COMMAND: SELECT COD_EMPRESA FROM EMPRESA  WHERE COD_EMPRESA=:p1
  USE: 1
    T:              CHAR(2) V: '01'
[THREAD 2068 - 05/02/2018 16:52:47]
  TRANSLATE: SELECT /*+FIRST_ROWS(1) */ table_name FROM user_tables WHERE table_name = 'LOG_DADOS_SESSAO_LOGIX'
  PREPARE
  RUNNING TIME: 0.016
  4GL SOURCE: LOG0150.4GL  LINE: 25 
  STATUS:    0 ROWS AFFECTED:0 SID:40903209
  NAME_FGL:VAR_EXISTE_TABELA
  NAME_SQL:cu0
  NATIVE COMMAND:SELECT /*+FIRST_ROWS(1) */ table_name FROM user_tables WHERE table_name = 'LOG_DADOS_SESSAO_LOGIX'
  COMMAND: SELECT /*+FIRST_ROWS(1) */ table_name FROM user_tables WHERE table_name = 'LOG_DADOS_SESSAO_LOGIX'
[THREAD 2068 - 05/02/2018 16:52:47]
  EXECUTE
  4GL SOURCE: LOG0150.4GL  LINE: 26 
  STATUS:    0 ROWS AFFECTED:1 SID:40903209
  NAME_FGL:LOG0150.VAR_EXISTE_TABELA
  NAME_SQL:cu0
  4GL SOURCE: LOG0150.4GL  LINE: 26 
  STATUS:    0 ROWS AFFECTED:1 SID:40903209
  COMMAND: SELECT /*+FIRST_ROWS(1) */ table_name FROM user_tables WHERE table_name = 'LOG_DADOS_SESSAO_LOGIX'
  RUNNING TIME: 0.000
  4GL SOURCE: LOG0150.4GL  LINE: 26 
  STATUS:    0 ROWS AFFECTED:1 SID:40903209
  NAME_FGL:VAR_EXISTE_TABELA
  NAME_SQL:cu0
  COMMAND: SELECT /*+FIRST_ROWS(1) */ table_name FROM user_tables WHERE table_name = 'LOG_DADOS_SESSAO_LOGIX'
[THREAD 2068 - 05/02/2018 16:52:47]
  FREE 
  RUNNING TIME: 0.000
  4GL SOURCE: LOG0150.4GL  LINE: 28 
  STATUS:    0 ROWS AFFECTED:1 SID:40903209
  NAME_FGL:LOG0150.VAR_EXISTE_TABELA
  NAME_SQL:cu0
[THREAD 2068 - 05/02/2018 16:52:47]
  TRANSLATE: SELECT  SYS_CONTEXT('USERENV','SESSIONID') FROM DUAL 
  EXECUTE
  RUNNING TIME: 0.000
  4GL SOURCE: LOG0010.4GL  LINE: 493 
  STATUS:    0 ROWS AFFECTED:1 SID:40903209
  COMMAND: SELECT  SYS_CONTEXT('USERENV','SESSIONID') FROM DUAL 
  INTO:1
    T:              INTEGER V: 40903209
[THREAD 2068 - 05/02/2018 16:52:47]
  TRANSLATE: SELECT  SYS_CONTEXT('USERENV','SESSIONID') FROM DUAL 
  EXECUTE
  RUNNING TIME: 0.000
  4GL SOURCE: LOG0010.4GL  LINE: 493 
  STATUS:    0 ROWS AFFECTED:1 SID:40903209
  COMMAND: SELECT  SYS_CONTEXT('USERENV','SESSIONID') FROM DUAL 
  INTO:1
    T:              INTEGER V: 40903209
[THREAD 2068 - 05/02/2018 16:52:47]
  DECLARE
  RUNNING TIME: 0.000
  4GL SOURCE: LOG0010.4GL  LINE: 2042 
  STATUS:    0 ROWS AFFECTED:0 SID:40903209
  NAME_FGL:LOG0010.CD_LOG_DADOS_SESSAO_LOGIX
  NAME_SQL:cu0
  NATIVE COMMAND:SELECT SID,DAT_EXECUCAO FROM LOG_DADOS_SESSAO_LOGIX  WHERE USUARIO IN (:p1,'newlogin') AND PROGRAMA=:p2
  COMMAND: SELECT SID, DAT_EXECUCAO FROM LOG_DADOS_SESSAO_LOGIX  WHERE USUARIO IN (:p1,'newlogin') AND PROGRAMA=:p2
[THREAD 2068 - 05/02/2018 16:52:47]
  OPEN 
  RUNNING TIME: 0.000
  4GL SOURCE: LOG0010.4GL  LINE: 2050 
  STATUS:    0 ROWS AFFECTED:0 SID:40903209
  NAME_FGL:LOG0010.CD_LOG_DADOS_SESSAO_LOGIX
  NAME_SQL:cu0
  COMMAND: SELECT SID, DAT_EXECUCAO FROM LOG_DADOS_SESSAO_LOGIX  WHERE USUARIO IN (:p1,'newlogin') AND PROGRAMA=:p2
  USE: 2
    T:              CHAR(8) V: 'fernando'
    T:             CHAR(15) V: 'pol0323        '
[THREAD 2068 - 05/02/2018 16:52:47]
  FETCH
  RUNNING TIME: 0.000
  4GL SOURCE: LOG0010.4GL  LINE: 2050 
  STATUS:    0 ROWS AFFECTED:1 SID:40903209
  NAME_FGL:LOG0010.CD_LOG_DADOS_SESSAO_LOGIX
  NAME_SQL:cu0
  INTO:2
    T:              INTEGER V: 40903189
    T:             DATETIME V: 2018-02-05 16:48:06                                                                                                                                                                                                                                            
[THREAD 2068 - 05/02/2018 16:52:47]
  TRANSLATE: SELECT  SYS_CONTEXT('USERENV','OS_USER') FROM DUAL 
  EXECUTE
  RUNNING TIME: 0.000
  4GL SOURCE: LOG0011.4GL  LINE: 129 
  STATUS:    0 ROWS AFFECTED:1 SID:40903209
  COMMAND: SELECT  SYS_CONTEXT('USERENV','OS_USER') FROM DUAL 
  INTO:1
    T:             CHAR(30) V: 'PETROMLOGIX\BLADETOTVS$       '
[THREAD 2068 - 05/02/2018 16:52:47]
  TRANSLATE: SELECT 1 FROM V_SESSAO_ORA  WHERE V_SESSAO_ORA.SID=:p1 AND V_SESSAO_ORA.USUARIO=:p2
  EXECUTE
  RUNNING TIME: 0.000
  4GL SOURCE: LOG0011.4GL  LINE: 28 
  STATUS:  100 ROWS AFFECTED:0 SID:40903209
  COMMAND: SELECT 1 FROM V_SESSAO_ORA  WHERE V_SESSAO_ORA.SID=:p1 AND V_SESSAO_ORA.USUARIO=:p2
  USE: 2
    T:              INTEGER V: 40903189
    T:             CHAR(30) V: 'PETROMLOGIX\BLADETOTVS$       '
[THREAD 2068 - 05/02/2018 16:52:47]
  TRANSLATE: DELETE FROM LOG_DADOS_SESSAO_LOGIX  WHERE SID=:p1 AND DAT_EXECUCAO=:p2
  RUNNING TIME: 0.016
  4GL SOURCE: LOG0010.4GL  LINE: 2062 
  STATUS:    0 ROWS AFFECTED:1 SID:40903209
  COMMAND: DELETE FROM LOG_DADOS_SESSAO_LOGIX  WHERE SID=:p1 AND DAT_EXECUCAO=:p2
  USE: 2
    T:              INTEGER V: 40903189
    T:             DATETIME V: 2018-02-05 16:48:06                                                                                                                                                                                                                                            
[THREAD 2068 - 05/02/2018 16:52:47]
  FETCH
  RUNNING TIME: 0.000
  4GL SOURCE: LOG0010.4GL  LINE: 2050 
  STATUS:  100 ROWS AFFECTED:0 SID:40903209
  NAME_FGL:LOG0010.CD_LOG_DADOS_SESSAO_LOGIX
  NAME_SQL:cu0
  COMMAND: SELECT SID, DAT_EXECUCAO FROM LOG_DADOS_SESSAO_LOGIX  WHERE USUARIO IN (:p1,'newlogin') AND PROGRAMA=:p2
  INTO:2
    T:              INTEGER V: 40903189
    T:             DATETIME V: 2018-02-05 16:48:06                                                                                                                                                                                                                                            
[THREAD 2068 - 05/02/2018 16:52:47]
  CLOSE 
  RUNNING TIME: 0.000
  4GL SOURCE: LOG0010.4GL  LINE: 2050 
  STATUS:    0 ROWS AFFECTED:0 SID:40903209
  NAME_FGL:LOG0010.CD_LOG_DADOS_SESSAO_LOGIX
  NAME_SQL:cu0
[THREAD 2068 - 05/02/2018 16:52:47]
  FREE 
  RUNNING TIME: 0.000
  4GL SOURCE: LOG0010.4GL  LINE: 2066 
  STATUS:    0 ROWS AFFECTED:0 SID:40903209
  NAME_FGL:LOG0010.CD_LOG_DADOS_SESSAO_LOGIX
  NAME_SQL:cu0
[THREAD 2068 - 05/02/2018 16:52:47]
  DECLARE
  RUNNING TIME: 0.000
  4GL SOURCE: LOG0010.4GL  LINE: 1757 
  STATUS:    0 ROWS AFFECTED:0 SID:40903209
  NAME_FGL:LOG0010.CD_DEL_MESMO_SID
  NAME_SQL:cu0
  NATIVE COMMAND:SELECT DAT_EXECUCAO FROM LOG_DADOS_SESSAO_LOGIX  WHERE SID=:p1
  COMMAND: SELECT DAT_EXECUCAO FROM LOG_DADOS_SESSAO_LOGIX  WHERE SID=:p1
[THREAD 2068 - 05/02/2018 16:52:47]
  OPEN 
  RUNNING TIME: 0.000
  4GL SOURCE: LOG0010.4GL  LINE: 1762 
  STATUS:    0 ROWS AFFECTED:0 SID:40903209
  NAME_FGL:LOG0010.CD_DEL_MESMO_SID
  NAME_SQL:cu0
  COMMAND: SELECT DAT_EXECUCAO FROM LOG_DADOS_SESSAO_LOGIX  WHERE SID=:p1
  USE: 1
    T:              INTEGER V: 40903209
[THREAD 2068 - 05/02/2018 16:52:47]
  FETCH
  RUNNING TIME: 0.000
  4GL SOURCE: LOG0010.4GL  LINE: 1762 
  STATUS:  100 ROWS AFFECTED:0 SID:40903209
  NAME_FGL:LOG0010.CD_DEL_MESMO_SID
  NAME_SQL:cu0
  COMMAND: SELECT DAT_EXECUCAO FROM LOG_DADOS_SESSAO_LOGIX  WHERE SID=:p1
  INTO:1
    T:             DATETIME V: NULL
[THREAD 2068 - 05/02/2018 16:52:47]
  CLOSE 
  RUNNING TIME: 0.000
  4GL SOURCE: LOG0010.4GL  LINE: 1762 
  STATUS:    0 ROWS AFFECTED:0 SID:40903209
  NAME_FGL:LOG0010.CD_DEL_MESMO_SID
  NAME_SQL:cu0
[THREAD 2068 - 05/02/2018 16:52:47]
  FREE 
  RUNNING TIME: 0.000
  4GL SOURCE: LOG0010.4GL  LINE: 1776 
  STATUS:    0 ROWS AFFECTED:0 SID:40903209
  NAME_FGL:LOG0010.CD_DEL_MESMO_SID
  NAME_SQL:cu0
[THREAD 2068 - 05/02/2018 16:52:47]
  TRANSLATE: INSERT INTO LOG_DADOS_SESSAO_LOGIX (SID, DAT_EXECUCAO, USUARIO, PROGRAMA, ORIGEM) VALUES(:p1, :p2, :p3, :p4, :p5)
  RUNNING TIME: 0.000
  4GL SOURCE: LOG0010.4GL  LINE: 1783 
  STATUS:    0 ROWS AFFECTED:1 SID:40903209
  COMMAND: INSERT INTO LOG_DADOS_SESSAO_LOGIX (SID, DAT_EXECUCAO, USUARIO, PROGRAMA, ORIGEM) VALUES(:p1, :p2, :p3, :p4, :p5)
  USE: 5
    T:              INTEGER V: 40903209
    T:             DATETIME V: 2018-02-05 16:52:47                                                                                                                                                                                                                                            
    T:              CHAR(8) V: 'fernando'
    T:             CHAR(15) V: 'pol0323        '
    T:            CHAR(100) V: 'THINK_PCP:192.168.0.76|169.254.176.93|4323|                                                         '
[THREAD 2068 - 05/02/2018 16:52:47]
  TRANSLATE: SELECT 1 FROM USUARIOS  WHERE USUARIOS.COD_USUARIO=:p1
  EXECUTE
  RUNNING TIME: 0.000
  4GL SOURCE: LOGIN.4GL  LINE: 293 
  STATUS:    0 ROWS AFFECTED:1 SID:40903209
  COMMAND: SELECT 1 FROM USUARIOS  WHERE USUARIOS.COD_USUARIO=:p1
  USE: 1
    T:              CHAR(8) V: 'fernando'
[THREAD 2068 - 05/02/2018 16:52:47]
  TRANSLATE: SELECT USUARIO,HOR_INICIAL_ACESSO,HOR_FINAL_ACESSO FROM LOG_PAR_LOGIN_USU  WHERE USUARIO=:p1
  EXECUTE
  RUNNING TIME: 0.000
  4GL SOURCE: LOGIN.4GL  LINE: 352 
  STATUS:    0 ROWS AFFECTED:1 SID:40903209
  COMMAND: SELECT USUARIO,HOR_INICIAL_ACESSO,HOR_FINAL_ACESSO FROM LOG_PAR_LOGIN_USU  WHERE USUARIO=:p1
  USE: 1
    T:              CHAR(8) V: 'fernando'
  INTO:3
    T:              CHAR(8) V: 'fernando'
    T:             DATETIME V: NULL
    T:             DATETIME V: NULL
[THREAD 2068 - 05/02/2018 16:52:47]
  TRANSLATE: DELETE FROM LOG_USU_EXP_LOGIN  WHERE USUARIO=:p1 AND DAT_HOR_LOGIN<:p2
  RUNNING TIME: 0.000
  4GL SOURCE: LOGIN.4GL  LINE: 415 
  STATUS:    0 ROWS AFFECTED:0 SID:40903209
  COMMAND: DELETE FROM LOG_USU_EXP_LOGIN  WHERE USUARIO=:p1 AND DAT_HOR_LOGIN<:p2
  USE: 2
    T:              CHAR(8) V: 'fernando'
    T:             DATETIME V: 2018-02-05 16:52:47                                                                                                                                                                                                                                            
[THREAD 2068 - 05/02/2018 16:52:47]
  TRANSLATE: SELECT 1 FROM LOG_USU_EXP_LOGIN  WHERE USUARIO=:p1 AND DAT_HOR_LOGIN>=:p2
  EXECUTE
  RUNNING TIME: 0.000
  4GL SOURCE: LOGIN.4GL  LINE: 425 
  STATUS:  100 ROWS AFFECTED:0 SID:40903209
  COMMAND: SELECT 1 FROM LOG_USU_EXP_LOGIN  WHERE USUARIO=:p1 AND DAT_HOR_LOGIN>=:p2
  USE: 2
    T:              CHAR(8) V: 'fernando'
    T:             DATETIME V: 2018-02-05 16:52:47                                                                                                                                                                                                                                            
[THREAD 2068 - 05/02/2018 16:52:47]
  DECLARE
  RUNNING TIME: 0.016
  4GL SOURCE: LOGIN.4GL  LINE: 450 
  STATUS:    0 ROWS AFFECTED:0 SID:40903209
  NAME_FGL:LOGIN.CQ_USUARIO_BLOQUEADO
  NAME_SQL:cu0
  NATIVE COMMAND:SELECT A.USUARIO,A.SEQUENCIA_BLOQUEIO,A.MOTIVO_BLOQUEIO,C.DES_MOTIVO_BLOQ,A.DAT_HORA_BLOQUEIO,A.USUARIO_BLOQUEIO,A.DAT_INI_BLOQUEIO,A.DAT_FIM_BLOQUEIO FROM LOG_USU_BLOQ A LEFT OUTER JOIN LOG_MOTIVOS_BLOQ C ON (A.MOTIVO_BLOQUEIO=C.MOTIVO_BLOQ), LOG_BLOQUEIOS B  WHERE A.USUARIO=:p1 AND A.USUARIO=B.USUARIO AND A.SEQUENCIA_BLOQUEIO=B.SEQUENCIA_BLOQUEIO AND A.DAT_INI_BLOQUEIO<=:p2 AND A.DAT_FIM_BLOQUEIO IS NULL AND 1=1 UNION SELECT A.USUARIO,A.SEQUENCIA_BLOQUEIO,A.MOTIVO_BLOQUEIO,C.DES_MOTIVO_BLOQ,A.DAT_HORA_BLOQUEIO,A.USUARIO_BLOQUEIO,A.DAT_INI_BLOQUEIO,A.DAT_FIM_BLOQUEIO FROM LOG_USU_BLOQ A LEFT OUTER JOIN LOG_MOTIVOS_BLOQ C ON (A.MOTIVO_BLOQUEIO=C.MOTIVO_BLOQ), LOG_BLOQUEIOS B  WHERE A.USUARIO=:p3 AND A.USUARIO=B.USUARIO AND A.SEQUENCIA_BLOQUEIO=B.SEQUENCIA_BLOQUEIO AND A.DAT_FIM_BLOQUEIO IS NOT NULL AND :p4 BETWEEN A.DAT_INI_BLOQUEIO AND A.DAT_FIM_BLOQUEIO AND 1=1 ORDER BY 2
  COMMAND: SELECT A.USUARIO, A.SEQUENCIA_BLOQUEIO, A.MOTIVO_BLOQUEIO, C.DES_MOTIVO_BLOQ, A.DAT_HORA_BLOQUEIO, A.USUARIO_BLOQUEIO, A.DAT_INI_BLOQUEIO, A.DAT_FIM_BLOQUEIO FROM LOG_USU_BLOQ A LEFT OUTER JOIN LOG_MOTIVOS_BLOQ C ON (A.MOTIVO_BLOQUEIO=C.MOTIVO_BLOQ), LOG_BLOQUEIOS B WHERE A.USUARIO=:p1 AND A.USUARIO=B.USUARIO AND A.SEQUENCIA_BLOQUEIO=B.SEQUENCIA_BLOQUEIO AND A.DAT_INI_BLOQUEIO<=:p2 AND A.DAT_FIM_BLOQUEIO IS NULL AND 1=1 UNION SELECT A.USUARIO, A.SEQUENCIA_BLOQUEIO, A.MOTIVO_BLOQUEIO, C.DES_MOTIVO_BLOQ, A.DAT_HORA_BLOQUEIO, A.USUARIO_BLOQUEIO, A.DAT_INI_BLOQUEIO, A.DAT_FIM_BLOQUEIO FROM LOG_USU_BLOQ A LEFT OUTER JOIN LOG_MOTIVOS_BLOQ C ON (A.MOTIVO_BLOQUEIO=C.MOTIVO_BLOQ), LOG_BLOQUEIOS B WHERE A.USUARIO=:p3 AND A.USUARIO=B.USUARIO AND A.SEQUENCIA_BLOQUEIO=B.SEQUENCIA_BLOQUEIO AND A.DAT_FIM_BLOQUEIO IS NOT NULL AND :p4 BETWEEN A.DAT_INI_BLOQUEIO AND A.DAT_FIM_BLOQUEIO AND 1=1 ORDER BY 2
[THREAD 2068 - 05/02/2018 16:52:47]
  OPEN 
  RUNNING TIME: 0.000
  4GL SOURCE: LOGIN.4GL  LINE: 494 
  STATUS:    0 ROWS AFFECTED:0 SID:40903209
  NAME_FGL:LOGIN.CQ_USUARIO_BLOQUEADO
  NAME_SQL:cu0
  COMMAND: SELECT A.USUARIO, A.SEQUENCIA_BLOQUEIO, A.MOTIVO_BLOQUEIO, C.DES_MOTIVO_BLOQ, A.DAT_HORA_BLOQUEIO, A.USUARIO_BLOQUEIO, A.DAT_INI_BLOQUEIO, A.DAT_FIM_BLOQUEIO FROM LOG_USU_BLOQ A LEFT OUTER JOIN LOG_MOTIVOS_BLOQ C ON (A.MOTIVO_BLOQUEIO=C.MOTIVO_BLOQ), LOG_BLOQUEIOS B WHERE A.USUARIO=:p1 AND A.USUARIO=B.USUARIO AND A.SEQUENCIA_BLOQUEIO=B.SEQUENCIA_BLOQUEIO AND A.DAT_INI_BLOQUEIO<=:p2 AND A.DAT_FIM_BLOQUEIO IS NULL AND 1=1 UNION SELECT A.USUARIO, A.SEQUENCIA_BLOQUEIO, A.MOTIVO_BLOQUEIO, C.DES_MOTIVO_BLOQ, A.DAT_HORA_BLOQUEIO, A.USUARIO_BLOQUEIO, A.DAT_INI_BLOQUEIO, A.DAT_FIM_BLOQUEIO FROM LOG_USU_BLOQ A LEFT OUTER JOIN LOG_MOTIVOS_BLOQ C ON (A.MOTIVO_BLOQUEIO=C.MOTIVO_BLOQ), LOG_BLOQUEIOS B WHERE A.USUARIO=:p3 AND A.USUARIO=B.USUARIO AND A.SEQUENCIA_BLOQUEIO=B.SEQUENCIA_BLOQUEIO AND A.DAT_FIM_BLOQUEIO IS NOT NULL AND :p4 BETWEEN A.DAT_INI_BLOQUEIO AND A.DAT_FIM_BLOQUEIO AND 1=1 ORDER BY 2
  USE: 4
    T:              CHAR(8) V: 'fernando'
    T:                 DATE V: 05/02/2018                                                                                                                                                                                                                                                     
    T:              CHAR(8) V: 'fernando'
    T:                 DATE V: 05/02/2018                                                                                                                                                                                                                                                     
[THREAD 2068 - 05/02/2018 16:52:47]
  FETCH
  RUNNING TIME: 0.000
  4GL SOURCE: LOGIN.4GL  LINE: 494 
  STATUS:  100 ROWS AFFECTED:0 SID:40903209
  NAME_FGL:LOGIN.CQ_USUARIO_BLOQUEADO
  NAME_SQL:cu0
  COMMAND: SELECT A.USUARIO, A.SEQUENCIA_BLOQUEIO, A.MOTIVO_BLOQUEIO, C.DES_MOTIVO_BLOQ, A.DAT_HORA_BLOQUEIO, A.USUARIO_BLOQUEIO, A.DAT_INI_BLOQUEIO, A.DAT_FIM_BLOQUEIO FROM LOG_USU_BLOQ A LEFT OUTER JOIN LOG_MOTIVOS_BLOQ C ON (A.MOTIVO_BLOQUEIO=C.MOTIVO_BLOQ), LOG_BLOQUEIOS B WHERE A.USUARIO=:p1 AND A.USUARIO=B.USUARIO AND A.SEQUENCIA_BLOQUEIO=B.SEQUENCIA_BLOQUEIO AND A.DAT_INI_BLOQUEIO<=:p2 AND A.DAT_FIM_BLOQUEIO IS NULL AND 1=1 UNION SELECT A.USUARIO, A.SEQUENCIA_BLOQUEIO, A.MOTIVO_BLOQUEIO, C.DES_MOTIVO_BLOQ, A.DAT_HORA_BLOQUEIO, A.USUARIO_BLOQUEIO, A.DAT_INI_BLOQUEIO, A.DAT_FIM_BLOQUEIO FROM LOG_USU_BLOQ A LEFT OUTER JOIN LOG_MOTIVOS_BLOQ C ON (A.MOTIVO_BLOQUEIO=C.MOTIVO_BLOQ), LOG_BLOQUEIOS B WHERE A.USUARIO=:p3 AND A.USUARIO=B.USUARIO AND A.SEQUENCIA_BLOQUEIO=B.SEQUENCIA_BLOQUEIO AND A.DAT_FIM_BLOQUEIO IS NOT NULL AND :p4 BETWEEN A.DAT_INI_BLOQUEIO AND A.DAT_FIM_BLOQUEIO AND 1=1 ORDER BY 2
  INTO:8
    T:              CHAR(8) V: 'NULL'
    T:              INTEGER V: NULL
    T:              INTEGER V: NULL
    T:             CHAR(76) V: 'NULL'
    T:             DATETIME V: NULL
    T:              CHAR(8) V: 'NULL'
    T:                 DATE V: NULL
    T:                 DATE V: NULL
[THREAD 2068 - 05/02/2018 16:52:47]
  CLOSE 
  RUNNING TIME: 0.000
  4GL SOURCE: LOGIN.4GL  LINE: 494 
  STATUS:    0 ROWS AFFECTED:0 SID:40903209
  NAME_FGL:LOGIN.CQ_USUARIO_BLOQUEADO
  NAME_SQL:cu0
[THREAD 2068 - 05/02/2018 16:52:47]
  FREE 
  RUNNING TIME: 0.000
  4GL SOURCE: LOGIN.4GL  LINE: 553 
  STATUS:    0 ROWS AFFECTED:0 SID:40903209
  NAME_FGL:LOGIN.CQ_USUARIO_BLOQUEADO
  NAME_SQL:cu0
[THREAD 2068 - 05/02/2018 16:52:47]
  TRANSLATE: SELECT /*+FIRST_ROWS(1) */ table_name FROM user_tables WHERE table_name = 'MEN_USUARIO_LOGIN'
  PREPARE
  RUNNING TIME: 0.000
  4GL SOURCE: LOG0150.4GL  LINE: 25 
  STATUS:    0 ROWS AFFECTED:0 SID:40903209
  NAME_FGL:VAR_EXISTE_TABELA
  NAME_SQL:cu0
  NATIVE COMMAND:SELECT /*+FIRST_ROWS(1) */ table_name FROM user_tables WHERE table_name = 'MEN_USUARIO_LOGIN'
  COMMAND: SELECT /*+FIRST_ROWS(1) */ table_name FROM user_tables WHERE table_name = 'MEN_USUARIO_LOGIN'
[THREAD 2068 - 05/02/2018 16:52:47]
  EXECUTE
  4GL SOURCE: LOG0150.4GL  LINE: 26 
  STATUS:    0 ROWS AFFECTED:1 SID:40903209
  NAME_FGL:LOG0150.VAR_EXISTE_TABELA
  NAME_SQL:cu0
  4GL SOURCE: LOG0150.4GL  LINE: 26 
  STATUS:    0 ROWS AFFECTED:1 SID:40903209
  COMMAND: SELECT /*+FIRST_ROWS(1) */ table_name FROM user_tables WHERE table_name = 'MEN_USUARIO_LOGIN'
  RUNNING TIME: 0.016
  4GL SOURCE: LOG0150.4GL  LINE: 26 
  STATUS:    0 ROWS AFFECTED:1 SID:40903209
  NAME_FGL:VAR_EXISTE_TABELA
  NAME_SQL:cu0
  COMMAND: SELECT /*+FIRST_ROWS(1) */ table_name FROM user_tables WHERE table_name = 'MEN_USUARIO_LOGIN'
[THREAD 2068 - 05/02/2018 16:52:47]
  FREE 
  RUNNING TIME: 0.000
  4GL SOURCE: LOG0150.4GL  LINE: 28 
  STATUS:    0 ROWS AFFECTED:1 SID:40903209
  NAME_FGL:LOG0150.VAR_EXISTE_TABELA
  NAME_SQL:cu0
[THREAD 2068 - 05/02/2018 16:52:47]
  TRANSLATE: SELECT 1 FROM USUARIO_SENHA  WHERE COD_USUARIO=:p1
  EXECUTE
  RUNNING TIME: 0.000
  4GL SOURCE: LOGIN.4GL  LINE: 1116 
  STATUS:    0 ROWS AFFECTED:1 SID:40903209
  COMMAND: SELECT 1 FROM USUARIO_SENHA  WHERE COD_USUARIO=:p1
  USE: 1
    T:              CHAR(8) V: 'fernando'
[THREAD 2068 - 05/02/2018 16:52:47]
  TRANSLATE: SELECT 1 FROM USUARIOS  WHERE COD_USUARIO=:p1 AND IND_ADMLOG='S'
  EXECUTE
  RUNNING TIME: 0.000
  4GL SOURCE: LOGIN.4GL  LINE: 2759 
  STATUS:  100 ROWS AFFECTED:0 SID:40903209
  COMMAND: SELECT 1 FROM USUARIOS  WHERE COD_USUARIO=:p1 AND IND_ADMLOG='S'
  USE: 1
    T:              CHAR(8) V: 'fernando'
[DEBUG][2018-02-05 16:52:47] [PERMISSAO] Checando permissão de acesso do fernando para aplicação POL0323 na empresa 01 [source: LOG0010.4GL line: 763 function: LOG_EXECUCAO_AUTORIZADA()]
[THREAD 2068 - 05/02/2018 16:52:47]
  TRANSLATE: SELECT NUM_NIVEL_GERAL FROM LOG_USU_NIV_SIST  WHERE TRANSACAO=:p1 AND USUARIO=:p2 AND EMPRESA=:p3 AND AREA_APLICACAO=0 AND SISTEMA=0
  EXECUTE
  RUNNING TIME: 0.000
  4GL SOURCE: LOG0010.4GL  LINE: 768 
  STATUS:  100 ROWS AFFECTED:0 SID:40903209
  COMMAND: SELECT NUM_NIVEL_GERAL FROM LOG_USU_NIV_SIST  WHERE TRANSACAO=:p1 AND USUARIO=:p2 AND EMPRESA=:p3 AND AREA_APLICACAO=0 AND SISTEMA=0
  USE: 3
    T:             CHAR(15) V: 'POL0323        '
    T:              CHAR(8) V: 'fernando'
    T:              CHAR(2) V: '01'
  INTO:1
    T:              INTEGER V: NULL
[THREAD 2068 - 05/02/2018 16:52:47]
  TRANSLATE: SELECT MAX(N.NUM_NIVEL_GERAL) FROM LOG_USU_NIV_SIST N, LOG_USU_GRUPOS G  WHERE G.USUARIO=:p1 AND N.TRANSACAO=:p2 AND N.USUARIO=G.GRUPO AND N.EMPRESA=:p3 AND N.AREA_APLICACAO=0 AND N.SISTEMA=0
  EXECUTE
  RUNNING TIME: 0.000
  4GL SOURCE: LOG0010.4GL  LINE: 791 
  STATUS:    0 ROWS AFFECTED:1 SID:40903209
  COMMAND: SELECT MAX(N.NUM_NIVEL_GERAL) FROM LOG_USU_NIV_SIST N, LOG_USU_GRUPOS G  WHERE G.USUARIO=:p1 AND N.TRANSACAO=:p2 AND N.USUARIO=G.GRUPO AND N.EMPRESA=:p3 AND N.AREA_APLICACAO=0 AND N.SISTEMA=0
  USE: 3
    T:              CHAR(8) V: 'fernando'
    T:             CHAR(15) V: 'POL0323        '
    T:              CHAR(2) V: '01'
  INTO:1
    T:              INTEGER V: NULL
[THREAD 2068 - 05/02/2018 16:52:47]
  TRANSLATE: SELECT 1 FROM LOG_USU_NIV_SIST  WHERE LOG_USU_NIV_SIST.USUARIO=:p1 AND LOG_USU_NIV_SIST.EMPRESA=:p2 AND LOG_USU_NIV_SIST.TRANSACAO IN (:p3,:p4) AND LOG_USU_NIV_SIST.NUM_NIVEL_GERAL>0 UNION SELECT 1 FROM LOG_USU_NIV_SIST N, LOG_USU_GRUPOS G  WHERE G.USUARIO=:p5 AND N.USUARIO=G.GRUPO AND N.EMPRESA=:p6 AND N.TRANSACAO IN (:p7,:p8) AND N.NUM_NIVEL_GERAL>0
  EXECUTE
  RUNNING TIME: 0.000
  4GL SOURCE: LOG0010.4GL
  STATUS:    0 ROWS AFFECTED:1 SID:40903209
  COMMAND: SELECT 1 FROM LOG_USU_NIV_SIST  WHERE LOG_USU_NIV_SIST.USUARIO=:p1 AND LOG_USU_NIV_SIST.EMPRESA=:p2 AND LOG_USU_NIV_SIST.TRANSACAO IN (:p3,:p4) AND LOG_USU_NIV_SIST.NUM_NIVEL_GERAL>0 UNION SELECT 1 FROM LOG_USU_NIV_SIST N, LOG_USU_GRUPOS G  WHERE G.USUARIO=:p5 AND N.USUARIO=G.GRUPO AND N.EMPRESA=:p6 AND N.TRANSACAO IN (:p7,:p8) AND N.NUM_NIVEL_GERAL>0
  USE: 8
    T:              CHAR(8) V: 'fernando'
    T:              CHAR(2) V: '01'
    T:             CHAR(15) V: 'POL0323        '
    T:              CHAR(3) V: 'NULL'
    T:              CHAR(8) V: 'fernando'
    T:              CHAR(2) V: '01'
    T:             CHAR(15) V: 'POL0323        '
    T:              CHAR(3) V: 'NULL'
[DEBUG][2018-02-05 16:52:47] [PERMISSAO] Usuário fernando com permissão liberada por MENU para aplicação POL0323 na empresa 01 [source: LOG0010.4GL line: 838 function: LOG_EXECUCAO_AUTORIZADA()]
[THREAD 2068 - 05/02/2018 16:52:47]
  TRANSLATE: SELECT FORM_VERSION,FORM_RELEASE,FORM_MODIFICATION FROM FRM_FORM  WHERE FORM_NAME=:p1
  EXECUTE
  RUNNING TIME: 0.000
  4GL SOURCE: LOG0010.4GL  LINE: 2205 
  STATUS:  100 ROWS AFFECTED:0 SID:40903209
  COMMAND: SELECT FORM_VERSION,FORM_RELEASE,FORM_MODIFICATION FROM FRM_FORM  WHERE FORM_NAME=:p1
  USE: 1
    T:             CHAR(15) V: 'liclogix       '
  INTO:3
    T:              CHAR(2) V: 'NULL'
    T:              CHAR(5) V: 'NULL'
    T:             CHAR(10) V: 'NULL'
[LOGIX] [VERSION] Aplicação: LICLOGIX Versão: 12.1.16.55   Liberação: 26/01/16 18:00 Ult. Modificação:
[THREAD 2068 - 05/02/2018 16:52:47]
  TRANSLATE: SELECT LOG_VERSAO_PRG.NUM_VERSAO,LOG_VERSAO_PRG.VERSAO_FORMULARIO FROM LOG_VERSAO_PRG  WHERE LOG_VERSAO_PRG.NUM_PROGRAMA=:p1
  EXECUTE
  RUNNING TIME: 0.000
  4GL SOURCE: LOG0010.4GL  LINE: 2296 
  STATUS:  100 ROWS AFFECTED:0 SID:40903209
  COMMAND: SELECT LOG_VERSAO_PRG.NUM_VERSAO,LOG_VERSAO_PRG.VERSAO_FORMULARIO FROM LOG_VERSAO_PRG  WHERE LOG_VERSAO_PRG.NUM_PROGRAMA=:p1
  USE: 1
    T:             CHAR(15) V: 'LICLOGIX       '
  INTO:2
    T:             CHAR(12) V: 'NULL'
    T:             CHAR(12) V: 'NULL'
[LOGIX] ERRO: [LICENSE] Nenhuma chave de sistema válida detectada para consumo da licença na aplicação.
[LOGIX] [LICENSE] Licença FULL. Sistema LOGIX não detectado no controle de licenças (FULL).
[THREAD 2068 - 05/02/2018 16:52:47]
  TRANSLATE: SELECT NUM_CGC FROM EMPRESA  WHERE COD_EMPRESA=:p1
  EXECUTE
  RUNNING TIME: 0.000
  4GL SOURCE: LICLOGIX.4GL  LINE: 280 
  STATUS:    0 ROWS AFFECTED:1 SID:40903209
  COMMAND: SELECT NUM_CGC FROM EMPRESA  WHERE COD_EMPRESA=:p1
  USE: 1
    T:              CHAR(2) V: '01'
  INTO:1
    T:             CHAR(20) V: '002.340.752/0001-27 '
[THREAD 2068 - 05/02/2018 16:52:47]
  TRANSLATE: SELECT NUM_CGC FROM EMPRESA  WHERE COD_EMPRESA=:p1
  EXECUTE
  RUNNING TIME: 0.000
  4GL SOURCE: LICLOGIX.4GL  LINE: 280 
  STATUS:    0 ROWS AFFECTED:1 SID:40903209
  COMMAND: SELECT NUM_CGC FROM EMPRESA  WHERE COD_EMPRESA=:p1
  USE: 1
    T:              CHAR(2) V: '01'
  INTO:1
    T:             CHAR(20) V: '002.340.752/0001-27 '
[LOGIX] [LICENSE][THREADID 2068] Obtendo licença Cloud (4000) STATUS = 0 (ThreadID 5592 User fernando Programa: pol0323 IP 169.254.176.93 Port 4322 FederalID 02340752000127 Full Determinado false)
[THREAD 2068 - 05/02/2018 16:52:47]
  TRANSLATE: SELECT /*+FIRST_ROWS(1) */ table_name FROM user_tables WHERE table_name = 'LOG_USO_RECUSA_LICENCA'
  PREPARE
  RUNNING TIME: 0.000
  4GL SOURCE: LOG0150.4GL  LINE: 25 
  STATUS:    0 ROWS AFFECTED:0 SID:40903209
  NAME_FGL:VAR_EXISTE_TABELA
  NAME_SQL:cu0
  NATIVE COMMAND:SELECT /*+FIRST_ROWS(1) */ table_name FROM user_tables WHERE table_name = 'LOG_USO_RECUSA_LICENCA'
  COMMAND: SELECT /*+FIRST_ROWS(1) */ table_name FROM user_tables WHERE table_name = 'LOG_USO_RECUSA_LICENCA'
[THREAD 2068 - 05/02/2018 16:52:47]
  EXECUTE
  4GL SOURCE: LOG0150.4GL  LINE: 26 
  STATUS:    0 ROWS AFFECTED:1 SID:40903209
  NAME_FGL:LOG0150.VAR_EXISTE_TABELA
  NAME_SQL:cu0
  4GL SOURCE: LOG0150.4GL  LINE: 26 
  STATUS:    0 ROWS AFFECTED:1 SID:40903209
  COMMAND: SELECT /*+FIRST_ROWS(1) */ table_name FROM user_tables WHERE table_name = 'LOG_USO_RECUSA_LICENCA'
  RUNNING TIME: 0.015
  4GL SOURCE: LOG0150.4GL  LINE: 26 
  STATUS:    0 ROWS AFFECTED:1 SID:40903209
  NAME_FGL:VAR_EXISTE_TABELA
  NAME_SQL:cu0
  COMMAND: SELECT /*+FIRST_ROWS(1) */ table_name FROM user_tables WHERE table_name = 'LOG_USO_RECUSA_LICENCA'
[THREAD 2068 - 05/02/2018 16:52:47]
  FREE 
  RUNNING TIME: 0.000
  4GL SOURCE: LOG0150.4GL  LINE: 28 
  STATUS:    0 ROWS AFFECTED:1 SID:40903209
  NAME_FGL:LOG0150.VAR_EXISTE_TABELA
  NAME_SQL:cu0
[THREAD 2068 - 05/02/2018 16:52:47]
  TRANSLATE: INSERT INTO LOG_USO_MODULO (MODULO, EMPRESA, DAT_USO, QTD_USO) VALUES(:p1, :p2, :p3, 1)
  RUNNING TIME: 0.110
  4GL SOURCE: LOGUSO.4GL  LINE: 103 
  STATUS: -239   TRANSACTION: FALSE SID:40903209
  NATIVE ERROR : -1 - ORA-00001: UNIQUE CONSTRAINT (LOGIX.PK_LOG_USO_MODULO) VIOLATED
  COMMAND: INSERT INTO LOG_USO_MODULO (MODULO, EMPRESA, DAT_USO, QTD_USO) VALUES(:p1, :p2, :p3, 1)
  USE: 3
    T:              CHAR(8) V: 'FULL    '
    T:              CHAR(2) V: '01'
    T:                 DATE V: 05/02/2018                                                                                                                                                                                                                                                     
[THREAD 2068 - 05/02/2018 16:52:47]
  TRANSLATE: UPDATE LOG_USO_MODULO SET LOG_USO_MODULO.QTD_USO=LOG_USO_MODULO.QTD_USO+1 WHERE LOG_USO_MODULO.DAT_USO=:p1 AND LOG_USO_MODULO.MODULO=:p2 AND LOG_USO_MODULO.EMPRESA=:p3
  RUNNING TIME: 0.078
  4GL SOURCE: LOGUSO.4GL  LINE: 120 
  STATUS:    0 ROWS AFFECTED:1 SID:40903209
  COMMAND: UPDATE LOG_USO_MODULO SET LOG_USO_MODULO.QTD_USO=LOG_USO_MODULO.QTD_USO+1 WHERE LOG_USO_MODULO.DAT_USO=:p1 AND LOG_USO_MODULO.MODULO=:p2 AND LOG_USO_MODULO.EMPRESA=:p3
  USE: 3
    T:                 DATE V: 05/02/2018                                                                                                                                                                                                                                                     
    T:              CHAR(8) V: 'FULL    '
    T:              CHAR(2) V: '01'
[THREAD 2068 - 05/02/2018 16:52:47]
  TRANSLATE: SELECT PROGRAMA FROM LOG_REG_ACS_PROG  WHERE PROGRAMA=:p1
  EXECUTE
  RUNNING TIME: 0.000
  4GL SOURCE: LOG0210.4GL  LINE: 20 
  STATUS:    0 ROWS AFFECTED:1 SID:40903209
  COMMAND: SELECT PROGRAMA FROM LOG_REG_ACS_PROG  WHERE PROGRAMA=:p1
  USE: 1
    T:              CHAR(8) V: 'pol0323 '
[THREAD 2068 - 05/02/2018 16:52:47]
  TRANSLATE: UPDATE LOG_REG_ACS_PROG SET DAT_ACESSO=:p1 WHERE PROGRAMA=:p2
  RUNNING TIME: 0.000
  4GL SOURCE: LOG0210.4GL  LINE: 28 
  STATUS:    0 ROWS AFFECTED:1 SID:40903209
  COMMAND: UPDATE LOG_REG_ACS_PROG SET DAT_ACESSO=:p1 WHERE PROGRAMA=:p2
  USE: 2
    T:             DATETIME V: 2018-02                                                                                                                                                                                                                                                        
    T:              CHAR(8) V: 'pol0323 '
[THREAD 2068 - 05/02/2018 16:52:47]
  TRANSLATE: SELECT IND_REG_ACESSO,IND_PROGRAMAS FROM LOG_PAR_LOGIN_USU  WHERE USUARIO=:p1
  EXECUTE
  RUNNING TIME: 0.000
  4GL SOURCE: LOG0010.4GL  LINE: 589 
  STATUS:    0 ROWS AFFECTED:1 SID:40903209
  COMMAND: SELECT IND_REG_ACESSO,IND_PROGRAMAS FROM LOG_PAR_LOGIN_USU  WHERE USUARIO=:p1
  USE: 1
    T:              CHAR(8) V: 'fernando'
  INTO:2
    T:              CHAR(1) V: 'U'
    T:              CHAR(1) V: 'N'
[THREAD 2068 - 05/02/2018 16:52:47]
  TRANSLATE: DELETE FROM LOG_ACS_USU_PROG  WHERE USUARIO=:p1 AND EMPRESA=:p2 AND NUM_PROGRAMA=:p3
  RUNNING TIME: 0.032
  4GL SOURCE: LOG0010.4GL  LINE: 647 
  STATUS:    0 ROWS AFFECTED:1 SID:40903209
  COMMAND: DELETE FROM LOG_ACS_USU_PROG  WHERE USUARIO=:p1 AND EMPRESA=:p2 AND NUM_PROGRAMA=:p3
  USE: 3
    T:              CHAR(8) V: 'fernando'
    T:              CHAR(2) V: '01'
    T:             CHAR(15) V: 'pol0323        '
[THREAD 2068 - 05/02/2018 16:52:47]
  TRANSLATE: INSERT INTO LOG_ACS_USU_PROG (USUARIO, EMPRESA, NUM_PROGRAMA, DAT_HOR_ACESSO) VALUES(:p1, :p2, :p3, :p4)
  RUNNING TIME: 0.000
  4GL SOURCE: LOG0010.4GL  LINE: 658 
  STATUS:    0 ROWS AFFECTED:1 SID:40903209
  COMMAND: INSERT INTO LOG_ACS_USU_PROG (USUARIO, EMPRESA, NUM_PROGRAMA, DAT_HOR_ACESSO) VALUES(:p1, :p2, :p3, :p4)
  USE: 4
    T:              CHAR(8) V: 'fernando'
    T:              CHAR(2) V: '01'
    T:             CHAR(15) V: 'pol0323        '
    T:             DATETIME V: 2018-02-05 16:52:47                                                                                                                                                                                                                                            
[THREAD 2068 - 05/02/2018 16:52:47]
  TRANSLATE: SELECT /*+FIRST_ROWS(1) */ table_name FROM user_tables WHERE table_name = 'LOG_USO_RECUSA_LICENCA'
  PREPARE
  RUNNING TIME: 0.000
  4GL SOURCE: LOG0150.4GL  LINE: 25 
  STATUS:    0 ROWS AFFECTED:0 SID:40903209
  NAME_FGL:VAR_EXISTE_TABELA
  NAME_SQL:cu0
  NATIVE COMMAND:SELECT /*+FIRST_ROWS(1) */ table_name FROM user_tables WHERE table_name = 'LOG_USO_RECUSA_LICENCA'
  COMMAND: SELECT /*+FIRST_ROWS(1) */ table_name FROM user_tables WHERE table_name = 'LOG_USO_RECUSA_LICENCA'
[THREAD 2068 - 05/02/2018 16:52:47]
  EXECUTE
  4GL SOURCE: LOG0150.4GL  LINE: 26 
  STATUS:    0 ROWS AFFECTED:1 SID:40903209
  NAME_FGL:LOG0150.VAR_EXISTE_TABELA
  NAME_SQL:cu0
  4GL SOURCE: LOG0150.4GL  LINE: 26 
  STATUS:    0 ROWS AFFECTED:1 SID:40903209
  COMMAND: SELECT /*+FIRST_ROWS(1) */ table_name FROM user_tables WHERE table_name = 'LOG_USO_RECUSA_LICENCA'
  RUNNING TIME: 0.000
  4GL SOURCE: LOG0150.4GL  LINE: 26 
  STATUS:    0 ROWS AFFECTED:1 SID:40903209
  NAME_FGL:VAR_EXISTE_TABELA
  NAME_SQL:cu0
  COMMAND: SELECT /*+FIRST_ROWS(1) */ table_name FROM user_tables WHERE table_name = 'LOG_USO_RECUSA_LICENCA'
[THREAD 2068 - 05/02/2018 16:52:47]
  FREE 
  RUNNING TIME: 0.000
  4GL SOURCE: LOG0150.4GL  LINE: 28 
  STATUS:    0 ROWS AFFECTED:1 SID:40903209
  NAME_FGL:LOG0150.VAR_EXISTE_TABELA
  NAME_SQL:cu0
[THREAD 2068 - 05/02/2018 16:52:47]
  TRANSLATE: INSERT INTO LOG_USO_ROTINA (ROTINA, EMPRESA, DAT_USO, QTD_USO) VALUES(:p1, :p2, :p3, 1)
  RUNNING TIME: 0.000
  4GL SOURCE: LOGUSO.4GL  LINE: 44 
  STATUS: -239   TRANSACTION: FALSE SID:40903209
  NATIVE ERROR : -1 - ORA-00001: UNIQUE CONSTRAINT (LOGIX.PK_LOG_USO_ROTINA) VIOLATED
  COMMAND: INSERT INTO LOG_USO_ROTINA (ROTINA, EMPRESA, DAT_USO, QTD_USO) VALUES(:p1, :p2, :p3, 1)
  USE: 3
    T:             CHAR(20) V: 'POL0323             '
    T:              CHAR(2) V: '01'
    T:                 DATE V: 05/02/2018                                                                                                                                                                                                                                                     
[THREAD 2068 - 05/02/2018 16:52:47]
  TRANSLATE: UPDATE LOG_USO_ROTINA SET LOG_USO_ROTINA.QTD_USO=LOG_USO_ROTINA.QTD_USO+1 WHERE LOG_USO_ROTINA.DAT_USO=:p1 AND LOG_USO_ROTINA.ROTINA=:p2 AND LOG_USO_ROTINA.EMPRESA=:p3
  RUNNING TIME: 0.015
  4GL SOURCE: LOGUSO.4GL  LINE: 61 
  STATUS:    0 ROWS AFFECTED:1 SID:40903209
  COMMAND: UPDATE LOG_USO_ROTINA SET LOG_USO_ROTINA.QTD_USO=LOG_USO_ROTINA.QTD_USO+1 WHERE LOG_USO_ROTINA.DAT_USO=:p1 AND LOG_USO_ROTINA.ROTINA=:p2 AND LOG_USO_ROTINA.EMPRESA=:p3
  USE: 3
    T:                 DATE V: 05/02/2018                                                                                                                                                                                                                                                     
    T:             CHAR(20) V: 'POL0323             '
    T:              CHAR(2) V: '01'
[DEBUG][2018-02-05 16:52:47] APPSTART - FIM [source: LOG0010.4GL line: 304 function: LOG001_ACESSA_USUARIO()]
[THREAD 2068 - 05/02/2018 16:52:49]
  TRANSLATE: SELECT 1 FROM USUARIOS  WHERE COD_USUARIO=:p1 AND IND_ADMLOG='S'
  EXECUTE
  RUNNING TIME: 0.016
  4GL SOURCE: LOGIN.4GL  LINE: 2759 
  STATUS:  100 ROWS AFFECTED:0 SID:40903209
  COMMAND: SELECT 1 FROM USUARIOS  WHERE COD_USUARIO=:p1 AND IND_ADMLOG='S'
  USE: 1
    T:              CHAR(8) V: 'fernando'
[DEBUG][2018-02-05 16:52:49] [PERMISSAO] Checando permissão de acesso do fernando para operação IN na aplicação POL0323 na empresa 01 [source: LOG0050.4GL line: 93 function: LOG_OPERACAO_AUTORIZADA()]
[THREAD 2068 - 05/02/2018 16:52:49]
  TRANSLATE: SELECT LOG_USU_NIV_SIST.NUM_NIVEL_GERAL FROM LOG_USU_NIV_SIST  WHERE LOG_USU_NIV_SIST.TRANSACAO=:p1 AND LOG_USU_NIV_SIST.USUARIO=:p2 AND LOG_USU_NIV_SIST.EMPRESA=:p3 AND LOG_USU_NIV_SIST.AREA_APLICACAO=0 AND LOG_USU_NIV_SIST.SISTEMA=0
  EXECUTE
  RUNNING TIME: 0.000
  4GL SOURCE: LOG0050.4GL  LINE: 332 
  STATUS:  100 ROWS AFFECTED:0 SID:40903209
  COMMAND: SELECT LOG_USU_NIV_SIST.NUM_NIVEL_GERAL FROM LOG_USU_NIV_SIST  WHERE LOG_USU_NIV_SIST.TRANSACAO=:p1 AND LOG_USU_NIV_SIST.USUARIO=:p2 AND LOG_USU_NIV_SIST.EMPRESA=:p3 AND LOG_USU_NIV_SIST.AREA_APLICACAO=0 AND LOG_USU_NIV_SIST.SISTEMA=0
  USE: 3
    T:             CHAR(15) V: 'POL0323        '
    T:              CHAR(8) V: 'fernando'
    T:              CHAR(2) V: '01'
  INTO:1
    T:              INTEGER V: NULL
[THREAD 2068 - 05/02/2018 16:52:49]
  TRANSLATE: SELECT MAX(N.NUM_NIVEL_GERAL) FROM LOG_USU_NIV_SIST N, LOG_USU_GRUPOS G  WHERE G.USUARIO=:p1 AND N.TRANSACAO=:p2 AND N.USUARIO=G.GRUPO AND N.EMPRESA=:p3 AND N.AREA_APLICACAO=0 AND N.SISTEMA=0
  EXECUTE
  RUNNING TIME: 0.000
  4GL SOURCE: LOG0050.4GL  LINE: 346 
  STATUS:    0 ROWS AFFECTED:1 SID:40903209
  COMMAND: SELECT MAX(N.NUM_NIVEL_GERAL) FROM LOG_USU_NIV_SIST N, LOG_USU_GRUPOS G  WHERE G.USUARIO=:p1 AND N.TRANSACAO=:p2 AND N.USUARIO=G.GRUPO AND N.EMPRESA=:p3 AND N.AREA_APLICACAO=0 AND N.SISTEMA=0
  USE: 3
    T:              CHAR(8) V: 'fernando'
    T:             CHAR(15) V: 'POL0323        '
    T:              CHAR(2) V: '01'
  INTO:1
    T:              INTEGER V: NULL
[THREAD 2068 - 05/02/2018 16:52:49]
  DECLARE
  RUNNING TIME: 0.000
  4GL SOURCE: LOG0050.4GL  LINE: 431 
  STATUS:    0 ROWS AFFECTED:0 SID:40903209
  NAME_FGL:LOG0050.CQ_ACESSOS
  NAME_SQL:cu0
  NATIVE COMMAND:SELECT NUM_NIVEL_GERAL FROM LOG_USU_NIV_SIST, SISTEMAS_LOGIX  WHERE LOG_USU_NIV_SIST.USUARIO=:p1 AND LOG_USU_NIV_SIST.EMPRESA=:p2 AND LOG_USU_NIV_SIST.TRANSACAO=:p3 AND LOG_USU_NIV_SIST.AREA_APLICACAO=SISTEMAS_LOGIX.COD_AREA_APLIC AND LOG_USU_NIV_SIST.SISTEMA=SISTEMAS_LOGIX.COD_SISTEMA UNION SELECT N.NUM_NIVEL_GERAL FROM LOG_USU_NIV_SIST N, LOG_USU_GRUPOS G, SISTEMAS_LOGIX S  WHERE G.USUARIO=:p4 AND N.EMPRESA=:p5 AND N.USUARIO=G.GRUPO AND N.TRANSACAO=:p6 AND N.AREA_APLICACAO=S.COD_AREA_APLIC AND N.SISTEMA=S.COD_SISTEMA
  COMMAND: SELECT NUM_NIVEL_GERAL FROM LOG_USU_NIV_SIST, SISTEMAS_LOGIX  WHERE LOG_USU_NIV_SIST.USUARIO=:p1 AND LOG_USU_NIV_SIST.EMPRESA=:p2 AND LOG_USU_NIV_SIST.TRANSACAO=:p3 AND LOG_USU_NIV_SIST.AREA_APLICACAO=SISTEMAS_LOGIX.COD_AREA_APLIC AND LOG_USU_NIV_SIST.SISTEMA=SISTEMAS_LOGIX.COD_SISTEMA UNION SELECT N.NUM_NIVEL_GERAL FROM LOG_USU_NIV_SIST N, LOG_USU_GRUPOS G, SISTEMAS_LOGIX S  WHERE G.USUARIO=:p4 AND N.EMPRESA=:p5 AND N.USUARIO=G.GRUPO AND N.TRANSACAO=:p6 AND N.AREA_APLICACAO=S.COD_AREA_APLIC AND N.SISTEMA=S.COD_SISTEMA
[THREAD 2068 - 05/02/2018 16:52:49]
  OPEN 
  RUNNING TIME: 0.015
  4GL SOURCE: LOG0050.4GL  LINE: 454 
  STATUS:    0 ROWS AFFECTED:0 SID:40903209
  NAME_FGL:LOG0050.CQ_ACESSOS
  NAME_SQL:cu0
  COMMAND: SELECT NUM_NIVEL_GERAL FROM LOG_USU_NIV_SIST, SISTEMAS_LOGIX  WHERE LOG_USU_NIV_SIST.USUARIO=:p1 AND LOG_USU_NIV_SIST.EMPRESA=:p2 AND LOG_USU_NIV_SIST.TRANSACAO=:p3 AND LOG_USU_NIV_SIST.AREA_APLICACAO=SISTEMAS_LOGIX.COD_AREA_APLIC AND LOG_USU_NIV_SIST.SISTEMA=SISTEMAS_LOGIX.COD_SISTEMA UNION SELECT N.NUM_NIVEL_GERAL FROM LOG_USU_NIV_SIST N, LOG_USU_GRUPOS G, SISTEMAS_LOGIX S  WHERE G.USUARIO=:p4 AND N.EMPRESA=:p5 AND N.USUARIO=G.GRUPO AND N.TRANSACAO=:p6 AND N.AREA_APLICACAO=S.COD_AREA_APLIC AND N.SISTEMA=S.COD_SISTEMA
  USE: 6
    T:              CHAR(8) V: 'fernando'
    T:              CHAR(2) V: '01'
    T:             CHAR(15) V: 'POL0323        '
    T:              CHAR(8) V: 'fernando'
    T:              CHAR(2) V: '01'
    T:             CHAR(15) V: 'POL0323        '
[THREAD 2068 - 05/02/2018 16:52:49]
  FETCH
  RUNNING TIME: 0.000
  4GL SOURCE: LOG0050.4GL  LINE: 454 
  STATUS:    0 ROWS AFFECTED:1 SID:40903209
  NAME_FGL:LOG0050.CQ_ACESSOS
  NAME_SQL:cu0
  INTO:1
    T:              INTEGER V: 15
[DEBUG][2018-02-05 16:52:49] [PERMISSAO] Usuário fernando com permissão liberada por MENU para aplicação POL0323 na empresa 01 [source: LOG0050.4GL line: 467 function: LOG005_CONSISTE_ACESSO()]
[THREAD 2068 - 05/02/2018 16:52:49]
  CLOSE 
  RUNNING TIME: 0.000
  4GL SOURCE: LOG0050.4GL  LINE: 454 
  STATUS:    0 ROWS AFFECTED:0 SID:40903209
  NAME_FGL:LOG0050.CQ_ACESSOS
  NAME_SQL:cu0
[THREAD 2068 - 05/02/2018 16:52:49]
  FREE 
  RUNNING TIME: 0.000
  4GL SOURCE: LOG0050.4GL  LINE: 472 
  STATUS:    0 ROWS AFFECTED:0 SID:40903209
  NAME_FGL:LOG0050.CQ_ACESSOS
  NAME_SQL:cu0
[DEBUG][2018-02-05 16:52:49] [PERMISSAO] Usuário fernando com permissão para operação INCLUIR na aplicação POL0323 [source: LOG0050.4GL line: 528 function: LOG005_CONSISTE_ACESSO()]
[THREAD 2068 - 05/02/2018 16:52:52]
  TRANSLATE: SELECT MAX(NUM_LAUDO) FROM LAUDO_MEST_PETROM  WHERE COD_EMPRESA=:p1
  EXECUTE
  RUNNING TIME: 0.000
  4GL SOURCE: POL0323.4GL  LINE: 438 
  STATUS:    0 ROWS AFFECTED:1 SID:40903209
  COMMAND: SELECT MAX(NUM_LAUDO) FROM LAUDO_MEST_PETROM  WHERE COD_EMPRESA=:p1
  USE: 1
    T:              CHAR(2) V: '01'
  INTO:1
    T:         DECIMAL(6,0) V: 76323
[THREAD 2068 - 05/02/2018 16:52:53]
  TRANSLATE: SELECT UNIQUE P.COD_CLIENTE,C.NOM_CLIENTE FROM ORDEM_MONTAG_ITEM O, PEDIDOS P, CLIENTES C  WHERE O.COD_EMPRESA=P.COD_EMPRESA AND O.NUM_PEDIDO=P.NUM_PEDIDO AND O.NUM_OM=:p1 AND O.COD_EMPRESA=:p2 AND P.COD_CLIENTE=C.COD_CLIENTE
  EXECUTE
  RUNNING TIME: 0.000
  4GL SOURCE: POL0323.4GL  LINE: 706 
  STATUS:    0 ROWS AFFECTED:1 SID:40903209
  COMMAND: SELECT UNIQUE P.COD_CLIENTE,C.NOM_CLIENTE FROM ORDEM_MONTAG_ITEM O, PEDIDOS P, CLIENTES C  WHERE O.COD_EMPRESA=P.COD_EMPRESA AND O.NUM_PEDIDO=P.NUM_PEDIDO AND O.NUM_OM=:p1 AND O.COD_EMPRESA=:p2 AND P.COD_CLIENTE=C.COD_CLIENTE
  USE: 2
    T:              INTEGER V: 55750
    T:              CHAR(2) V: '01'
  INTO:2
    T:             CHAR(15) V: '007600033000111'
    T:             CHAR(36) V: 'NOVAPOL PLASTICOS LTDA              '
[THREAD 2068 - 05/02/2018 16:52:53]
  DECLARE
  RUNNING TIME: 0.000
  4GL SOURCE: POL0323.4GL  LINE: 1924 
  STATUS:    0 ROWS AFFECTED:0 SID:40903209
  NAME_FGL:POL0323.CQ_POPUP_2
  NAME_SQL:cu0
  NATIVE COMMAND:SELECT UNIQUE A.COD_ITEM,B.DEN_ITEM FROM ORDEM_MONTAG_ITEM A, ITEM B  WHERE A.COD_EMPRESA=B.COD_EMPRESA AND A.COD_ITEM=B.COD_ITEM AND A.COD_EMPRESA=:p1 AND A.NUM_OM=:p2
  COMMAND: SELECT UNIQUE A.COD_ITEM, B.DEN_ITEM FROM ORDEM_MONTAG_ITEM A, ITEM B  WHERE A.COD_EMPRESA=B.COD_EMPRESA AND A.COD_ITEM=B.COD_ITEM AND A.COD_EMPRESA=:p1 AND A.NUM_OM=:p2
[THREAD 2068 - 05/02/2018 16:52:53]
  OPEN 
  RUNNING TIME: 0.000
  4GL SOURCE: POL0323.4GL  LINE: 1932 
  STATUS:    0 ROWS AFFECTED:0 SID:40903209
  NAME_FGL:POL0323.CQ_POPUP_2
  NAME_SQL:cu0
  COMMAND: SELECT UNIQUE A.COD_ITEM, B.DEN_ITEM FROM ORDEM_MONTAG_ITEM A, ITEM B  WHERE A.COD_EMPRESA=B.COD_EMPRESA AND A.COD_ITEM=B.COD_ITEM AND A.COD_EMPRESA=:p1 AND A.NUM_OM=:p2
  USE: 2
    T:              CHAR(2) V: '01'
    T:              INTEGER V: 55750
[THREAD 2068 - 05/02/2018 16:52:53]
  FETCH
  RUNNING TIME: 0.000
  4GL SOURCE: POL0323.4GL  LINE: 1932 
  STATUS:    0 ROWS AFFECTED:1 SID:40903209
  NAME_FGL:POL0323.CQ_POPUP_2
  NAME_SQL:cu0
  INTO:2
    T:             CHAR(15) V: '50010104       '
    T:             CHAR(76) V: 'AN.FTALICO P B1000"PROD NAO CLASS"                                          '
[THREAD 2068 - 05/02/2018 16:52:53]
  FETCH
  RUNNING TIME: 0.000
  4GL SOURCE: POL0323.4GL  LINE: 1932 
  STATUS:  100 ROWS AFFECTED:0 SID:40903209
  NAME_FGL:POL0323.CQ_POPUP_2
  NAME_SQL:cu0
  COMMAND: SELECT UNIQUE A.COD_ITEM, B.DEN_ITEM FROM ORDEM_MONTAG_ITEM A, ITEM B  WHERE A.COD_EMPRESA=B.COD_EMPRESA AND A.COD_ITEM=B.COD_ITEM AND A.COD_EMPRESA=:p1 AND A.NUM_OM=:p2
  INTO:2
    T:             CHAR(15) V: 'NULL'
    T:             CHAR(76) V: 'NULL'
[THREAD 2068 - 05/02/2018 16:52:53]
  CLOSE 
  RUNNING TIME: 0.000
  4GL SOURCE: POL0323.4GL  LINE: 1932 
  STATUS:    0 ROWS AFFECTED:0 SID:40903209
  NAME_FGL:POL0323.CQ_POPUP_2
  NAME_SQL:cu0
[THREAD 2068 - 05/02/2018 16:52:54]
  TRANSLATE: SELECT DEN_ITEM FROM ITEM  WHERE COD_EMPRESA=:p1 AND COD_ITEM=:p2
  EXECUTE
  RUNNING TIME: 0.016
  4GL SOURCE: POL0323.4GL  LINE: 506 
  STATUS:    0 ROWS AFFECTED:1 SID:40903209
  COMMAND: SELECT DEN_ITEM FROM ITEM  WHERE COD_EMPRESA=:p1 AND COD_ITEM=:p2
  USE: 2
    T:              CHAR(2) V: '01'
    T:             CHAR(15) V: '50010104       '
  INTO:1
    T:             CHAR(76) V: 'AN.FTALICO P B1000"PROD NAO CLASS"                                          '
[THREAD 2068 - 05/02/2018 16:52:54]
  TRANSLATE: SELECT DEN_ITEM FROM ITEM  WHERE COD_EMPRESA=:p1 AND COD_ITEM=:p2
  EXECUTE
  RUNNING TIME: 0.000
  4GL SOURCE: POL0323.4GL  LINE: 506 
  STATUS:    0 ROWS AFFECTED:1 SID:40903209
  COMMAND: SELECT DEN_ITEM FROM ITEM  WHERE COD_EMPRESA=:p1 AND COD_ITEM=:p2
  USE: 2
    T:              CHAR(2) V: '01'
    T:             CHAR(15) V: '50010104       '
  INTO:1
    T:             CHAR(76) V: 'AN.FTALICO P B1000"PROD NAO CLASS"                                          '
[THREAD 2068 - 05/02/2018 16:52:54]
  DECLARE
  RUNNING TIME: 0.000
  4GL SOURCE: POL0323.4GL  LINE: 541 
  STATUS:    0 ROWS AFFECTED:0 SID:40903209
  NAME_FGL:POL0323.CQ_ITEM_NF1
  NAME_SQL:cu1
  NATIVE COMMAND:SELECT COD_ITEM FROM ORDEM_MONTAG_ITEM  WHERE COD_EMPRESA=:p1 AND NUM_OM=:p2 AND COD_ITEM=:p3
  COMMAND: SELECT COD_ITEM FROM ORDEM_MONTAG_ITEM  WHERE COD_EMPRESA=:p1 AND NUM_OM=:p2 AND COD_ITEM=:p3
[THREAD 2068 - 05/02/2018 16:52:54]
  OPEN 
  RUNNING TIME: 0.000
  4GL SOURCE: POL0323.4GL  LINE: 548 
  STATUS:    0 ROWS AFFECTED:0 SID:40903209
  NAME_FGL:POL0323.CQ_ITEM_NF1
  NAME_SQL:cu1
  COMMAND: SELECT COD_ITEM FROM ORDEM_MONTAG_ITEM  WHERE COD_EMPRESA=:p1 AND NUM_OM=:p2 AND COD_ITEM=:p3
  USE: 3
    T:              CHAR(2) V: '01'
    T:              INTEGER V: 55750
    T:             CHAR(15) V: '50010104       '
[THREAD 2068 - 05/02/2018 16:52:54]
  FETCH
  RUNNING TIME: 0.000
  4GL SOURCE: POL0323.4GL  LINE: 549 
  STATUS:    0 ROWS AFFECTED:1 SID:40903209
  NAME_FGL:POL0323.CQ_ITEM_NF1
  NAME_SQL:cu1
  INTO:1
    T:             CHAR(15) V: '50010104       '
[THREAD 2068 - 05/02/2018 16:53:01]
  TRANSLATE: SELECT R.COD_ITEM_PETROM FROM ITEM_REFER_PETROM R, ITEM_PETROM I  WHERE R.COD_EMPRESA=:p1 AND R.COD_ITEM=:p2 AND R.COD_EMPRESA=I.COD_EMPRESA AND R.COD_ITEM_PETROM=I.COD_ITEM_PETROM AND I.IES_TIP_ITEM=:p3
  EXECUTE
  RUNNING TIME: 0.000
  4GL SOURCE: POL0323.4GL  LINE: 569 
  STATUS:    0 ROWS AFFECTED:1 SID:40903209
  COMMAND: SELECT R.COD_ITEM_PETROM FROM ITEM_REFER_PETROM R, ITEM_PETROM I  WHERE R.COD_EMPRESA=:p1 AND R.COD_ITEM=:p2 AND R.COD_EMPRESA=I.COD_EMPRESA AND R.COD_ITEM_PETROM=I.COD_ITEM_PETROM AND I.IES_TIP_ITEM=:p3
  USE: 3
    T:              CHAR(2) V: '01'
    T:             CHAR(15) V: '50010104       '
    T:              CHAR(1) V: 'S'
  INTO:1
    T:             CHAR(15) V: '1              '
[THREAD 2068 - 05/02/2018 16:53:06]
  TRANSLATE: SELECT COUNT (COD_EMPRESA) FROM ANALISE_PETROM  WHERE COD_EMPRESA=:p1 AND COD_ITEM=:p2 AND LOTE_TANQUE=:p3
  EXECUTE
  RUNNING TIME: 0.016
  4GL SOURCE: POL0323.4GL  LINE: 593 
  STATUS:    0 ROWS AFFECTED:1 SID:40903209
  COMMAND: SELECT COUNT (COD_EMPRESA) FROM ANALISE_PETROM  WHERE COD_EMPRESA=:p1 AND COD_ITEM=:p2 AND LOTE_TANQUE=:p3
  USE: 3
    T:              CHAR(2) V: '01'
    T:             CHAR(15) V: '1              '
    T:             CHAR(10) V: '050118-BB '
  INTO:1
    T:              INTEGER V: 0
[THREAD 2068 - 05/02/2018 16:53:07]
  TRANSLATE: SELECT COUNT (COD_EMPRESA) FROM ANALISE_PETROM  WHERE COD_EMPRESA=:p1 AND COD_ITEM=:p2 AND LOTE_TANQUE=:p3
  EXECUTE
  RUNNING TIME: 0.015
  4GL SOURCE: POL0323.4GL  LINE: 593 
  STATUS:    0 ROWS AFFECTED:1 SID:40903209
  COMMAND: SELECT COUNT (COD_EMPRESA) FROM ANALISE_PETROM  WHERE COD_EMPRESA=:p1 AND COD_ITEM=:p2 AND LOTE_TANQUE=:p3
  USE: 3
    T:              CHAR(2) V: '01'
    T:             CHAR(15) V: '1              '
    T:             CHAR(10) V: '060118-BB '
  INTO:1
    T:              INTEGER V: 7
[THREAD 2068 - 05/02/2018 16:53:07]
  TRANSLATE: SELECT SUM( QTD_RESERVADA ) FROM ORDEM_MONTAG_ITEM  WHERE COD_EMPRESA=:p1 AND NUM_OM=:p2 AND COD_ITEM=:p3
  EXECUTE
  RUNNING TIME: 0.000
  4GL SOURCE: POL0323.4GL  LINE: 754 
  STATUS:    0 ROWS AFFECTED:1 SID:40903209
  COMMAND: SELECT SUM( QTD_RESERVADA ) FROM ORDEM_MONTAG_ITEM  WHERE COD_EMPRESA=:p1 AND NUM_OM=:p2 AND COD_ITEM=:p3
  USE: 3
    T:              CHAR(2) V: '01'
    T:              INTEGER V: 55750
    T:             CHAR(15) V: '50010104       '
  INTO:1
    T:        DECIMAL(15,3) V: 22
[THREAD 2068 - 05/02/2018 16:53:08]
  TRANSLATE: SELECT SUM( QTD_LAUDO ) FROM LAUDO_MEST_PETROM  WHERE COD_EMPRESA=:p1 AND NUM_OM=:p2 AND COD_ITEM=:p3
  EXECUTE
  RUNNING TIME: 0.047
  4GL SOURCE: POL0323.4GL  LINE: 766 
  STATUS:    0 ROWS AFFECTED:1 SID:40903209
  COMMAND: SELECT SUM( QTD_LAUDO ) FROM LAUDO_MEST_PETROM  WHERE COD_EMPRESA=:p1 AND NUM_OM=:p2 AND COD_ITEM=:p3
  USE: 3
    T:              CHAR(2) V: '01'
    T:              INTEGER V: 55750
    T:             CHAR(15) V: '50010104       '
  INTO:1
    T:              DECIMAL V: NULL
[THREAD 2068 - 05/02/2018 16:53:08]
  DECLARE
  RUNNING TIME: 0.000
  4GL SOURCE: POL0323.4GL  LINE: 798 
  STATUS:    0 ROWS AFFECTED:0 SID:40903209
  NAME_FGL:POL0323.CQ_TANQUE
  NAME_SQL:cu2
  NATIVE COMMAND:SELECT UNIQUE IES_TANQUE FROM ESPECIFIC_PETROM  WHERE COD_EMPRESA=:p1 AND COD_ITEM=:p2
  COMMAND: SELECT UNIQUE IES_TANQUE FROM ESPECIFIC_PETROM  WHERE COD_EMPRESA=:p1 AND COD_ITEM=:p2
[THREAD 2068 - 05/02/2018 16:53:08]
  OPEN 
  RUNNING TIME: 0.000
  4GL SOURCE: POL0323.4GL  LINE: 804 
  STATUS:    0 ROWS AFFECTED:0 SID:40903209
  NAME_FGL:POL0323.CQ_TANQUE
  NAME_SQL:cu2
  COMMAND: SELECT UNIQUE IES_TANQUE FROM ESPECIFIC_PETROM  WHERE COD_EMPRESA=:p1 AND COD_ITEM=:p2
  USE: 2
    T:              CHAR(2) V: '01'
    T:             CHAR(15) V: '1              '
[THREAD 2068 - 05/02/2018 16:53:08]
  FETCH
  RUNNING TIME: 0.000
  4GL SOURCE: POL0323.4GL  LINE: 805 
  STATUS:    0 ROWS AFFECTED:1 SID:40903209
  NAME_FGL:POL0323.CQ_TANQUE
  NAME_SQL:cu2
  INTO:1
    T:              CHAR(1) V: 'N'
[THREAD 2068 - 05/02/2018 16:53:08]
  CLOSE 
  RUNNING TIME: 0.000
  4GL SOURCE: POL0323.4GL  LINE: 807 
  STATUS:    0 ROWS AFFECTED:0 SID:40903209
  NAME_FGL:POL0323.CQ_TANQUE
  NAME_SQL:cu2
[THREAD 2068 - 05/02/2018 16:53:08]
  DECLARE
  RUNNING TIME: 0.015
  4GL SOURCE: POL0323.4GL  LINE: 826 
  STATUS:    0 ROWS AFFECTED:0 SID:40903209
  NAME_FGL:POL0323.CQ_NUM_PA
  NAME_SQL:cu3
  NATIVE COMMAND:SELECT DISTINCT NUM_PA FROM ANALISE_PETROM  WHERE COD_EMPRESA=:p1 AND COD_ITEM=:p2 AND LOTE_TANQUE=:p3
  COMMAND: SELECT DISTINCT NUM_PA FROM ANALISE_PETROM  WHERE COD_EMPRESA=:p1 AND COD_ITEM=:p2 AND LOTE_TANQUE=:p3
[THREAD 2068 - 05/02/2018 16:53:08]
  OPEN 
  RUNNING TIME: 0.016
  4GL SOURCE: POL0323.4GL  LINE: 833 
  STATUS:    0 ROWS AFFECTED:0 SID:40903209
  NAME_FGL:POL0323.CQ_NUM_PA
  NAME_SQL:cu3
  COMMAND: SELECT DISTINCT NUM_PA FROM ANALISE_PETROM  WHERE COD_EMPRESA=:p1 AND COD_ITEM=:p2 AND LOTE_TANQUE=:p3
  USE: 3
    T:              CHAR(2) V: '01'
    T:             CHAR(15) V: '1              '
    T:             CHAR(15) V: '060118-BB      '
[THREAD 2068 - 05/02/2018 16:53:08]
  FETCH
  RUNNING TIME: 0.000
  4GL SOURCE: POL0323.4GL  LINE: 833 
  STATUS:    0 ROWS AFFECTED:1 SID:40903209
  NAME_FGL:POL0323.CQ_NUM_PA
  NAME_SQL:cu3
  INTO:1
    T:         DECIMAL(6,0) V: 1
[THREAD 2068 - 05/02/2018 16:53:08]
  FETCH
  RUNNING TIME: 0.000
  4GL SOURCE: POL0323.4GL  LINE: 833 
  STATUS:  100 ROWS AFFECTED:0 SID:40903209
  NAME_FGL:POL0323.CQ_NUM_PA
  NAME_SQL:cu3
  COMMAND: SELECT DISTINCT NUM_PA FROM ANALISE_PETROM  WHERE COD_EMPRESA=:p1 AND COD_ITEM=:p2 AND LOTE_TANQUE=:p3
  INTO:1
    T:              DECIMAL V: NULL
[THREAD 2068 - 05/02/2018 16:53:08]
  CLOSE 
  RUNNING TIME: 0.000
  4GL SOURCE: POL0323.4GL  LINE: 833 
  STATUS:    0 ROWS AFFECTED:0 SID:40903209
  NAME_FGL:POL0323.CQ_NUM_PA
  NAME_SQL:cu3
[THREAD 2068 - 05/02/2018 16:53:10]
  TRANSLATE: SELECT UNIQUE P.COD_CLIENTE FROM ORDEM_MONTAG_ITEM O, PEDIDOS P  WHERE O.COD_EMPRESA=P.COD_EMPRESA AND O.NUM_PEDIDO=P.NUM_PEDIDO AND O.NUM_OM=:p1 AND O.COD_EMPRESA=:p2
  EXECUTE
  RUNNING TIME: 0.000
  4GL SOURCE: POL0323.4GL  LINE: 966 
  STATUS:    0 ROWS AFFECTED:1 SID:40903209
  COMMAND: SELECT UNIQUE P.COD_CLIENTE FROM ORDEM_MONTAG_ITEM O, PEDIDOS P  WHERE O.COD_EMPRESA=P.COD_EMPRESA AND O.NUM_PEDIDO=P.NUM_PEDIDO AND O.NUM_OM=:p1 AND O.COD_EMPRESA=:p2
  USE: 2
    T:              INTEGER V: 55750
    T:              CHAR(2) V: '01'
  INTO:1
    T:             CHAR(15) V: '007600033000111'
[THREAD 2068 - 05/02/2018 16:53:10]
  DECLARE
  RUNNING TIME: 0.000
  4GL SOURCE: POL0323.4GL  LINE: 979 
  STATUS:    0 ROWS AFFECTED:0 SID:40903209
  NAME_FGL:POL0323.CQ_ESPECIF_PA
  NAME_SQL:cu4
  NATIVE COMMAND:SELECT PA_FORA_ESPECIF FROM PAR_LAUDO_PETROM  WHERE COD_EMPRESA=:p1 AND COD_ITEM=:p2 AND COD_CLIENTE=:p3
  COMMAND: SELECT PA_FORA_ESPECIF FROM PAR_LAUDO_PETROM  WHERE COD_EMPRESA=:p1 AND COD_ITEM=:p2 AND COD_CLIENTE=:p3
[THREAD 2068 - 05/02/2018 16:53:10]
  OPEN 
  RUNNING TIME: 0.016
  4GL SOURCE: POL0323.4GL  LINE: 986 
  STATUS:    0 ROWS AFFECTED:0 SID:40903209
  NAME_FGL:POL0323.CQ_ESPECIF_PA
  NAME_SQL:cu4
  COMMAND: SELECT PA_FORA_ESPECIF FROM PAR_LAUDO_PETROM  WHERE COD_EMPRESA=:p1 AND COD_ITEM=:p2 AND COD_CLIENTE=:p3
  USE: 3
    T:              CHAR(2) V: '01'
    T:             CHAR(15) V: '1              '
    T:             CHAR(15) V: '007600033000111'
[THREAD 2068 - 05/02/2018 16:53:10]
  FETCH
  RUNNING TIME: 0.000
  4GL SOURCE: POL0323.4GL  LINE: 987 
  STATUS:  100 ROWS AFFECTED:0 SID:40903209
  NAME_FGL:POL0323.CQ_ESPECIF_PA
  NAME_SQL:cu4
  COMMAND: SELECT PA_FORA_ESPECIF FROM PAR_LAUDO_PETROM  WHERE COD_EMPRESA=:p1 AND COD_ITEM=:p2 AND COD_CLIENTE=:p3
  INTO:1
    T:              CHAR(1) V: 'NULL'
[THREAD 2068 - 05/02/2018 16:53:10]
  DECLARE
  RUNNING TIME: 0.000
  4GL SOURCE: POL0323.4GL  LINE: 990 
  STATUS:    0 ROWS AFFECTED:0 SID:40903209
  NAME_FGL:POL0323.CQ_ESPECIF_PA1
  NAME_SQL:cu5
  NATIVE COMMAND:SELECT PA_FORA_ESPECIF FROM PAR_LAUDO_PETROM  WHERE COD_EMPRESA=:p1 AND COD_ITEM=:p2 AND COD_CLIENTE IS NULL
  COMMAND: SELECT PA_FORA_ESPECIF FROM PAR_LAUDO_PETROM  WHERE COD_EMPRESA=:p1 AND COD_ITEM=:p2 AND COD_CLIENTE IS NULL
[THREAD 2068 - 05/02/2018 16:53:10]
  OPEN 
  RUNNING TIME: 0.000
  4GL SOURCE: POL0323.4GL  LINE: 997 
  STATUS:    0 ROWS AFFECTED:0 SID:40903209
  NAME_FGL:POL0323.CQ_ESPECIF_PA1
  NAME_SQL:cu5
  COMMAND: SELECT PA_FORA_ESPECIF FROM PAR_LAUDO_PETROM  WHERE COD_EMPRESA=:p1 AND COD_ITEM=:p2 AND COD_CLIENTE IS NULL
  USE: 2
    T:              CHAR(2) V: '01'
    T:             CHAR(15) V: '1              '
[THREAD 2068 - 05/02/2018 16:53:10]
  FETCH
  RUNNING TIME: 0.000
  4GL SOURCE: POL0323.4GL  LINE: 998 
  STATUS:    0 ROWS AFFECTED:1 SID:40903209
  NAME_FGL:POL0323.CQ_ESPECIF_PA1
  NAME_SQL:cu5
  INTO:1
    T:              CHAR(1) V: 'S'
[THREAD 2068 - 05/02/2018 16:53:10]
  CLOSE 
  RUNNING TIME: 0.000
  4GL SOURCE: POL0323.4GL  LINE: 999 
  STATUS:    0 ROWS AFFECTED:0 SID:40903209
  NAME_FGL:POL0323.CQ_ESPECIF_PA1
  NAME_SQL:cu5
[THREAD 2068 - 05/02/2018 16:53:10]
  CLOSE 
  RUNNING TIME: 0.000
  4GL SOURCE: POL0323.4GL  LINE: 1002 
  STATUS:    0 ROWS AFFECTED:0 SID:40903209
  NAME_FGL:POL0323.CQ_ESPECIF_PA
  NAME_SQL:cu4
[THREAD 2068 - 05/02/2018 16:53:26]
  TRANSLATE: SELECT 1 FROM USUARIOS  WHERE COD_USUARIO=:p1 AND IND_ADMLOG='S'
  EXECUTE
  RUNNING TIME: 0.000
  4GL SOURCE: LOGIN.4GL  LINE: 2759 
  STATUS:  100 ROWS AFFECTED:0 SID:40903209
  COMMAND: SELECT 1 FROM USUARIOS  WHERE COD_USUARIO=:p1 AND IND_ADMLOG='S'
  USE: 1
    T:              CHAR(8) V: 'fernando'
[DEBUG][2018-02-05 16:53:26] [PERMISSAO] Checando permissão de acesso do fernando para operação MO na aplicação POL0323 na empresa 01 [source: LOG0050.4GL line: 93 function: LOG_OPERACAO_AUTORIZADA()]
[THREAD 2068 - 05/02/2018 16:53:26]
  TRANSLATE: SELECT LOG_USU_NIV_SIST.NUM_NIVEL_GERAL FROM LOG_USU_NIV_SIST  WHERE LOG_USU_NIV_SIST.TRANSACAO=:p1 AND LOG_USU_NIV_SIST.USUARIO=:p2 AND LOG_USU_NIV_SIST.EMPRESA=:p3 AND LOG_USU_NIV_SIST.AREA_APLICACAO=0 AND LOG_USU_NIV_SIST.SISTEMA=0
  EXECUTE
  RUNNING TIME: 0.000
  4GL SOURCE: LOG0050.4GL  LINE: 332 
  STATUS:  100 ROWS AFFECTED:0 SID:40903209
  COMMAND: SELECT LOG_USU_NIV_SIST.NUM_NIVEL_GERAL FROM LOG_USU_NIV_SIST  WHERE LOG_USU_NIV_SIST.TRANSACAO=:p1 AND LOG_USU_NIV_SIST.USUARIO=:p2 AND LOG_USU_NIV_SIST.EMPRESA=:p3 AND LOG_USU_NIV_SIST.AREA_APLICACAO=0 AND LOG_USU_NIV_SIST.SISTEMA=0
  USE: 3
    T:             CHAR(15) V: 'POL0323        '
    T:              CHAR(8) V: 'fernando'
    T:              CHAR(2) V: '01'
  INTO:1
    T:              INTEGER V: NULL
[THREAD 2068 - 05/02/2018 16:53:26]
  TRANSLATE: SELECT MAX(N.NUM_NIVEL_GERAL) FROM LOG_USU_NIV_SIST N, LOG_USU_GRUPOS G  WHERE G.USUARIO=:p1 AND N.TRANSACAO=:p2 AND N.USUARIO=G.GRUPO AND N.EMPRESA=:p3 AND N.AREA_APLICACAO=0 AND N.SISTEMA=0
  EXECUTE
  RUNNING TIME: 0.000
  4GL SOURCE: LOG0050.4GL  LINE: 346 
  STATUS:    0 ROWS AFFECTED:1 SID:40903209
  COMMAND: SELECT MAX(N.NUM_NIVEL_GERAL) FROM LOG_USU_NIV_SIST N, LOG_USU_GRUPOS G  WHERE G.USUARIO=:p1 AND N.TRANSACAO=:p2 AND N.USUARIO=G.GRUPO AND N.EMPRESA=:p3 AND N.AREA_APLICACAO=0 AND N.SISTEMA=0
  USE: 3
    T:              CHAR(8) V: 'fernando'
    T:             CHAR(15) V: 'POL0323        '
    T:              CHAR(2) V: '01'
  INTO:1
    T:              INTEGER V: NULL
[THREAD 2068 - 05/02/2018 16:53:26]
  DECLARE
  RUNNING TIME: 0.000
  4GL SOURCE: LOG0050.4GL  LINE: 431 
  STATUS:    0 ROWS AFFECTED:0 SID:40903209
  NAME_FGL:LOG0050.CQ_ACESSOS
  NAME_SQL:cu6
  NATIVE COMMAND:SELECT NUM_NIVEL_GERAL FROM LOG_USU_NIV_SIST, SISTEMAS_LOGIX  WHERE LOG_USU_NIV_SIST.USUARIO=:p1 AND LOG_USU_NIV_SIST.EMPRESA=:p2 AND LOG_USU_NIV_SIST.TRANSACAO=:p3 AND LOG_USU_NIV_SIST.AREA_APLICACAO=SISTEMAS_LOGIX.COD_AREA_APLIC AND LOG_USU_NIV_SIST.SISTEMA=SISTEMAS_LOGIX.COD_SISTEMA UNION SELECT N.NUM_NIVEL_GERAL FROM LOG_USU_NIV_SIST N, LOG_USU_GRUPOS G, SISTEMAS_LOGIX S  WHERE G.USUARIO=:p4 AND N.EMPRESA=:p5 AND N.USUARIO=G.GRUPO AND N.TRANSACAO=:p6 AND N.AREA_APLICACAO=S.COD_AREA_APLIC AND N.SISTEMA=S.COD_SISTEMA
  COMMAND: SELECT NUM_NIVEL_GERAL FROM LOG_USU_NIV_SIST, SISTEMAS_LOGIX  WHERE LOG_USU_NIV_SIST.USUARIO=:p1 AND LOG_USU_NIV_SIST.EMPRESA=:p2 AND LOG_USU_NIV_SIST.TRANSACAO=:p3 AND LOG_USU_NIV_SIST.AREA_APLICACAO=SISTEMAS_LOGIX.COD_AREA_APLIC AND LOG_USU_NIV_SIST.SISTEMA=SISTEMAS_LOGIX.COD_SISTEMA UNION SELECT N.NUM_NIVEL_GERAL FROM LOG_USU_NIV_SIST N, LOG_USU_GRUPOS G, SISTEMAS_LOGIX S  WHERE G.USUARIO=:p4 AND N.EMPRESA=:p5 AND N.USUARIO=G.GRUPO AND N.TRANSACAO=:p6 AND N.AREA_APLICACAO=S.COD_AREA_APLIC AND N.SISTEMA=S.COD_SISTEMA
[THREAD 2068 - 05/02/2018 16:53:26]
  OPEN 
  RUNNING TIME: 0.000
  4GL SOURCE: LOG0050.4GL  LINE: 454 
  STATUS:    0 ROWS AFFECTED:0 SID:40903209
  NAME_FGL:LOG0050.CQ_ACESSOS
  NAME_SQL:cu6
  COMMAND: SELECT NUM_NIVEL_GERAL FROM LOG_USU_NIV_SIST, SISTEMAS_LOGIX  WHERE LOG_USU_NIV_SIST.USUARIO=:p1 AND LOG_USU_NIV_SIST.EMPRESA=:p2 AND LOG_USU_NIV_SIST.TRANSACAO=:p3 AND LOG_USU_NIV_SIST.AREA_APLICACAO=SISTEMAS_LOGIX.COD_AREA_APLIC AND LOG_USU_NIV_SIST.SISTEMA=SISTEMAS_LOGIX.COD_SISTEMA UNION SELECT N.NUM_NIVEL_GERAL FROM LOG_USU_NIV_SIST N, LOG_USU_GRUPOS G, SISTEMAS_LOGIX S  WHERE G.USUARIO=:p4 AND N.EMPRESA=:p5 AND N.USUARIO=G.GRUPO AND N.TRANSACAO=:p6 AND N.AREA_APLICACAO=S.COD_AREA_APLIC AND N.SISTEMA=S.COD_SISTEMA
  USE: 6
    T:              CHAR(8) V: 'fernando'
    T:              CHAR(2) V: '01'
    T:             CHAR(15) V: 'POL0323        '
    T:              CHAR(8) V: 'fernando'
    T:              CHAR(2) V: '01'
    T:             CHAR(15) V: 'POL0323        '
[THREAD 2068 - 05/02/2018 16:53:26]
  FETCH
  RUNNING TIME: 0.000
  4GL SOURCE: LOG0050.4GL  LINE: 454 
  STATUS:    0 ROWS AFFECTED:1 SID:40903209
  NAME_FGL:LOG0050.CQ_ACESSOS
  NAME_SQL:cu6
  INTO:1
    T:              INTEGER V: 15
[DEBUG][2018-02-05 16:53:26] [PERMISSAO] Usuário fernando com permissão liberada por MENU para aplicação POL0323 na empresa 01 [source: LOG0050.4GL line: 467 function: LOG005_CONSISTE_ACESSO()]
[THREAD 2068 - 05/02/2018 16:53:26]
  CLOSE 
  RUNNING TIME: 0.000
  4GL SOURCE: LOG0050.4GL  LINE: 454 
  STATUS:    0 ROWS AFFECTED:0 SID:40903209
  NAME_FGL:LOG0050.CQ_ACESSOS
  NAME_SQL:cu6
[THREAD 2068 - 05/02/2018 16:53:26]
  FREE 
  RUNNING TIME: 0.000
  4GL SOURCE: LOG0050.4GL  LINE: 472 
  STATUS:    0 ROWS AFFECTED:0 SID:40903209
  NAME_FGL:LOG0050.CQ_ACESSOS
  NAME_SQL:cu6
[DEBUG][2018-02-05 16:53:26] [PERMISSAO] Usuário fernando com permissão para operação MODIFICAR na aplicação POL0323 [source: LOG0050.4GL line: 528 function: LOG005_CONSISTE_ACESSO()]
[THREAD 2068 - 05/02/2018 16:53:26]
  TRANSLATE: SELECT UNIQUE P.COD_CLIENTE FROM ORDEM_MONTAG_ITEM O, PEDIDOS P  WHERE O.COD_EMPRESA=P.COD_EMPRESA AND O.NUM_PEDIDO=P.NUM_PEDIDO AND O.NUM_OM=:p1 AND O.COD_EMPRESA=:p2
  EXECUTE
  RUNNING TIME: 0.000
  4GL SOURCE: POL0323.4GL  LINE: 1373 
  STATUS:    0 ROWS AFFECTED:1 SID:40903209
  COMMAND: SELECT UNIQUE P.COD_CLIENTE FROM ORDEM_MONTAG_ITEM O, PEDIDOS P  WHERE O.COD_EMPRESA=P.COD_EMPRESA AND O.NUM_PEDIDO=P.NUM_PEDIDO AND O.NUM_OM=:p1 AND O.COD_EMPRESA=:p2
  USE: 2
    T:              INTEGER V: 55750
    T:              CHAR(2) V: '01'
  INTO:1
    T:             CHAR(15) V: '007600033000111'
[THREAD 2068 - 05/02/2018 16:53:26]
  DECLARE
  RUNNING TIME: 0.000
  4GL SOURCE: POL0323.4GL  LINE: 1391 
  STATUS:    0 ROWS AFFECTED:0 SID:40903209
  NAME_FGL:POL0323.CQ_PARAMETRO
  NAME_SQL:cu6
  NATIVE COMMAND:SELECT TIP_LAUDO,BLOQUEIA_LAUDO FROM PAR_LAUDO_PETROM  WHERE COD_EMPRESA=:p1 AND COD_ITEM=:p2 AND COD_CLIENTE=:p3
  COMMAND: SELECT TIP_LAUDO, BLOQUEIA_LAUDO FROM PAR_LAUDO_PETROM  WHERE COD_EMPRESA=:p1 AND COD_ITEM=:p2 AND COD_CLIENTE=:p3
[THREAD 2068 - 05/02/2018 16:53:26]
  OPEN 
  RUNNING TIME: 0.000
  4GL SOURCE: POL0323.4GL  LINE: 1398 
  STATUS:    0 ROWS AFFECTED:0 SID:40903209
  NAME_FGL:POL0323.CQ_PARAMETRO
  NAME_SQL:cu6
  COMMAND: SELECT TIP_LAUDO, BLOQUEIA_LAUDO FROM PAR_LAUDO_PETROM  WHERE COD_EMPRESA=:p1 AND COD_ITEM=:p2 AND COD_CLIENTE=:p3
  USE: 3
    T:              CHAR(2) V: '01'
    T:             CHAR(15) V: '1              '
    T:             CHAR(15) V: '007600033000111'
[THREAD 2068 - 05/02/2018 16:53:26]
  FETCH
  RUNNING TIME: 0.000
  4GL SOURCE: POL0323.4GL  LINE: 1399 
  STATUS:  100 ROWS AFFECTED:0 SID:40903209
  NAME_FGL:POL0323.CQ_PARAMETRO
  NAME_SQL:cu6
  COMMAND: SELECT TIP_LAUDO, BLOQUEIA_LAUDO FROM PAR_LAUDO_PETROM  WHERE COD_EMPRESA=:p1 AND COD_ITEM=:p2 AND COD_CLIENTE=:p3
  INTO:2
    T:              CHAR(1) V: 'NULL'
    T:              CHAR(1) V: 'NULL'
[THREAD 2068 - 05/02/2018 16:53:26]
  DECLARE
  RUNNING TIME: 0.000
  4GL SOURCE: POL0323.4GL  LINE: 1402 
  STATUS:    0 ROWS AFFECTED:0 SID:40903209
  NAME_FGL:POL0323.CQ_PARAMETRO1
  NAME_SQL:cu7
  NATIVE COMMAND:SELECT TIP_LAUDO,BLOQUEIA_LAUDO FROM PAR_LAUDO_PETROM  WHERE COD_EMPRESA=:p1 AND COD_ITEM=:p2 AND COD_CLIENTE IS NULL
  COMMAND: SELECT TIP_LAUDO, BLOQUEIA_LAUDO FROM PAR_LAUDO_PETROM  WHERE COD_EMPRESA=:p1 AND COD_ITEM=:p2 AND COD_CLIENTE IS NULL
[THREAD 2068 - 05/02/2018 16:53:26]
  OPEN 
  RUNNING TIME: 0.000
  4GL SOURCE: POL0323.4GL  LINE: 1409 
  STATUS:    0 ROWS AFFECTED:0 SID:40903209
  NAME_FGL:POL0323.CQ_PARAMETRO1
  NAME_SQL:cu7
  COMMAND: SELECT TIP_LAUDO, BLOQUEIA_LAUDO FROM PAR_LAUDO_PETROM  WHERE COD_EMPRESA=:p1 AND COD_ITEM=:p2 AND COD_CLIENTE IS NULL
  USE: 2
    T:              CHAR(2) V: '01'
    T:             CHAR(15) V: '1              '
[THREAD 2068 - 05/02/2018 16:53:26]
  FETCH
  RUNNING TIME: 0.000
  4GL SOURCE: POL0323.4GL  LINE: 1410 
  STATUS:    0 ROWS AFFECTED:1 SID:40903209
  NAME_FGL:POL0323.CQ_PARAMETRO1
  NAME_SQL:cu7
  INTO:2
    T:              CHAR(1) V: '1'
    T:              CHAR(1) V: 'S'
[THREAD 2068 - 05/02/2018 16:53:26]
  CLOSE 
  RUNNING TIME: 0.000
  4GL SOURCE: POL0323.4GL  LINE: 1411 
  STATUS:    0 ROWS AFFECTED:0 SID:40903209
  NAME_FGL:POL0323.CQ_PARAMETRO1
  NAME_SQL:cu7
[THREAD 2068 - 05/02/2018 16:53:26]
  CLOSE 
  RUNNING TIME: 0.000
  4GL SOURCE: POL0323.4GL  LINE: 1414 
  STATUS:    0 ROWS AFFECTED:0 SID:40903209
  NAME_FGL:POL0323.CQ_PARAMETRO
  NAME_SQL:cu6
[THREAD 2068 - 05/02/2018 16:53:26]
  TRANSLATE: BEGIN WORK
  RUNNING TIME: 0.000
  4GL SOURCE: POL0323.4GL  LINE: 1416 
  STATUS:    0 ROWS AFFECTED:0 SID:40903209
  COMMAND: BEGIN WORK
[THREAD 2068 - 05/02/2018 16:53:26]
  DECLARE
  RUNNING TIME: 0.000
  4GL SOURCE: POL0323.4GL  LINE: 1612 
  STATUS:    0 ROWS AFFECTED:0 SID:40903209
  NAME_FGL:POL0323.CQ_PARAM
  NAME_SQL:cu8
  NATIVE COMMAND:SELECT COD_EMPRESA FROM PAR_LAUDO_PETROM  WHERE COD_EMPRESA=:p1 AND COD_ITEM=:p2 AND COD_CLIENTE=:p3
  COMMAND: SELECT COD_EMPRESA FROM PAR_LAUDO_PETROM  WHERE COD_EMPRESA=:p1 AND COD_ITEM=:p2 AND COD_CLIENTE=:p3
[THREAD 2068 - 05/02/2018 16:53:26]
  OPEN 
  RUNNING TIME: 0.000
  4GL SOURCE: POL0323.4GL  LINE: 1619 
  STATUS:    0 ROWS AFFECTED:0 SID:40903209
  NAME_FGL:POL0323.CQ_PARAM
  NAME_SQL:cu8
  COMMAND: SELECT COD_EMPRESA FROM PAR_LAUDO_PETROM  WHERE COD_EMPRESA=:p1 AND COD_ITEM=:p2 AND COD_CLIENTE=:p3
  USE: 3
    T:              CHAR(2) V: '01'
    T:             CHAR(15) V: '1              '
    T:             CHAR(15) V: '007600033000111'
[THREAD 2068 - 05/02/2018 16:53:26]
  FETCH
  RUNNING TIME: 0.000
  4GL SOURCE: POL0323.4GL  LINE: 1620 
  STATUS:  100 ROWS AFFECTED:0 SID:40903209
  NAME_FGL:POL0323.CQ_PARAM
  NAME_SQL:cu8
  COMMAND: SELECT COD_EMPRESA FROM PAR_LAUDO_PETROM  WHERE COD_EMPRESA=:p1 AND COD_ITEM=:p2 AND COD_CLIENTE=:p3
  INTO:1
    T:              CHAR(2) V: 'NULL'
[THREAD 2068 - 05/02/2018 16:53:26]
  TRANSLATE: SELECT UNIQUE a.tip_analise    FROM par_laudo_petrom a  WHERE a.cod_empresa = '01'    AND a.cod_item    = '1              '    AND a.cod_cliente IS NULL   ORDER BY a.tip_analise
  PREPARE
  RUNNING TIME: 0.000
  4GL SOURCE: POL0323.4GL  LINE: 1644 
  STATUS:    0 ROWS AFFECTED:0 SID:40903209
  NAME_FGL:VAR_QUERY
  NAME_SQL:cu9
  NATIVE COMMAND:SELECT UNIQUE A.TIP_ANALISE FROM PAR_LAUDO_PETROM A  WHERE A.COD_EMPRESA='01' AND A.COD_ITEM='1              ' AND A.COD_CLIENTE IS NULL ORDER BY A.TIP_ANALISE
  COMMAND: SELECT UNIQUE a.tip_analise    FROM par_laudo_petrom a  WHERE a.cod_empresa = '01'    AND a.cod_item    = '1              '    AND a.cod_cliente IS NULL   ORDER BY a.tip_analise
[THREAD 2068 - 05/02/2018 16:53:26]
  DECLARE
  PREPARED 
  4GL SOURCE: POL0323.4GL  LINE: 1645 
  STATUS:    0 ROWS AFFECTED:0 SID:40903209
  NAME_FGL:POL0323.CQ_TIP_ANALISE
  NAME_SQL:cu9
[THREAD 2068 - 05/02/2018 16:53:26]
  OPEN 
  RUNNING TIME: 0.093
  4GL SOURCE: POL0323.4GL  LINE: 1647 
  STATUS:    0 ROWS AFFECTED:0 SID:40903209
  NAME_FGL:POL0323.CQ_TIP_ANALISE
  NAME_SQL:cu9
  COMMAND: SELECT UNIQUE a.tip_analise    FROM par_laudo_petrom a  WHERE a.cod_empresa = '01'    AND a.cod_item    = '1              '    AND a.cod_cliente IS NULL   ORDER BY a.tip_analise
[THREAD 2068 - 05/02/2018 16:53:26]
  FETCH
  RUNNING TIME: 0.000
  4GL SOURCE: POL0323.4GL  LINE: 1647 
  STATUS:    0 ROWS AFFECTED:1 SID:40903209
  NAME_FGL:POL0323.CQ_TIP_ANALISE
  NAME_SQL:cu9
  INTO:1
    T:         DECIMAL(6,0) V: 1
[THREAD 2068 - 05/02/2018 16:53:26]
  TRANSLATE: SELECT VAL_ESPECIF_DE,VAL_ESPECIF_ATE,TIPO_VALOR,VARIACAO,METODO FROM ESPECIFIC_PETROM  WHERE COD_EMPRESA=:p1 AND COD_ITEM=:p2 AND COD_CLIENTE=:p3 AND TIP_ANALISE=:p4
  EXECUTE
  RUNNING TIME: 0.000
  4GL SOURCE: POL0323.4GL  LINE: 1649 
  STATUS:  100 ROWS AFFECTED:0 SID:40903209
  COMMAND: SELECT VAL_ESPECIF_DE,VAL_ESPECIF_ATE,TIPO_VALOR,VARIACAO,METODO FROM ESPECIFIC_PETROM  WHERE COD_EMPRESA=:p1 AND COD_ITEM=:p2 AND COD_CLIENTE=:p3 AND TIP_ANALISE=:p4
  USE: 4
    T:              CHAR(2) V: '01'
    T:             CHAR(15) V: '1              '
    T:             CHAR(15) V: '007600033000111'
    T:         DECIMAL(6,0) V: 1
  INTO:5
    T:              DECIMAL V: NULL
    T:              DECIMAL V: NULL
    T:              CHAR(2) V: 'NULL'
    T:              DECIMAL V: NULL
    T:             CHAR(20) V: 'NULL'
[THREAD 2068 - 05/02/2018 16:53:26]
  TRANSLATE: SELECT VAL_ESPECIF_DE,VAL_ESPECIF_ATE,TIPO_VALOR,VARIACAO,METODO FROM ESPECIFIC_PETROM  WHERE COD_EMPRESA=:p1 AND COD_ITEM=:p2 AND COD_CLIENTE IS NULL AND TIP_ANALISE=:p3
  EXECUTE
  RUNNING TIME: 0.000
  4GL SOURCE: POL0323.4GL  LINE: 1666 
  STATUS:    0 ROWS AFFECTED:1 SID:40903209
  COMMAND: SELECT VAL_ESPECIF_DE,VAL_ESPECIF_ATE,TIPO_VALOR,VARIACAO,METODO FROM ESPECIFIC_PETROM  WHERE COD_EMPRESA=:p1 AND COD_ITEM=:p2 AND COD_CLIENTE IS NULL AND TIP_ANALISE=:p3
  USE: 3
    T:              CHAR(2) V: '01'
    T:             CHAR(15) V: '1              '
    T:         DECIMAL(6,0) V: 1
  INTO:5
    T:        DECIMAL(10,4) V: 99,60
    T:        DECIMAL(10,4) V: 99,60
    T:              CHAR(2) V: '>='
    T:        DECIMAL(10,4) V: 0,0000
    T:             CHAR(20) V: 'NBR-13034           '
[THREAD 2068 - 05/02/2018 16:53:26]
  TRANSLATE: SELECT VAL_ANALISE FROM ANALISE_PETROM  WHERE COD_EMPRESA=:p1 AND COD_ITEM=:p2 AND TIP_ANALISE=:p3 AND LOTE_TANQUE=:p4 AND NUM_PA=:p5
  EXECUTE
  RUNNING TIME: 0.016
  4GL SOURCE: POL0323.4GL  LINE: 1682 
  STATUS:    0 ROWS AFFECTED:1 SID:40903209
  COMMAND: SELECT VAL_ANALISE FROM ANALISE_PETROM  WHERE COD_EMPRESA=:p1 AND COD_ITEM=:p2 AND TIP_ANALISE=:p3 AND LOTE_TANQUE=:p4 AND NUM_PA=:p5
  USE: 5
    T:              CHAR(2) V: '01'
    T:             CHAR(15) V: '1              '
    T:         DECIMAL(6,0) V: 1
    T:             CHAR(10) V: '060118-BB '
    T:         DECIMAL(6,0) V: 1
  INTO:1
    T:        DECIMAL(10,4) V: 99,82
[THREAD 2068 - 05/02/2018 16:53:26]
  TRANSLATE: INSERT INTO LAUDO_ITEM_PETROM VALUES(:p1, :p2, :p3, :p4, :p5, :p6, :p7, :p8, :p9)
  RUNNING TIME: 0.016
  4GL SOURCE: POL0323.4GL  LINE: 1770 
  STATUS:    0 ROWS AFFECTED:1 SID:40903209
  COMMAND: INSERT INTO LAUDO_ITEM_PETROM VALUES(:p1, :p2, :p3, :p4, :p5, :p6, :p7, :p8, :p9)
  USE: 9
    T:              CHAR(2) V: '01'
    T:         DECIMAL(6,0) V: 76324
    T:         DECIMAL(6,0) V: 1
    T:             CHAR(20) V: 'NBR-13034           '
    T:        DECIMAL(10,4) V: 99,60
    T:        DECIMAL(10,4) V: 99,60
    T:        DECIMAL(10,4) V: 99,82
    T:              CHAR(2) V: '>='
    T:              CHAR(1) V: 'N'
[THREAD 2068 - 05/02/2018 16:53:27]
  FETCH
  RUNNING TIME: 0.000
  4GL SOURCE: POL0323.4GL  LINE: 1647 
  STATUS:    0 ROWS AFFECTED:1 SID:40903209
  NAME_FGL:POL0323.CQ_TIP_ANALISE
  NAME_SQL:cu9
  INTO:1
    T:         DECIMAL(6,0) V: 2
[THREAD 2068 - 05/02/2018 16:53:27]
  TRANSLATE: SELECT VAL_ESPECIF_DE,VAL_ESPECIF_ATE,TIPO_VALOR,VARIACAO,METODO FROM ESPECIFIC_PETROM  WHERE COD_EMPRESA=:p1 AND COD_ITEM=:p2 AND COD_CLIENTE=:p3 AND TIP_ANALISE=:p4
  EXECUTE
  RUNNING TIME: 0.000
  4GL SOURCE: POL0323.4GL  LINE: 1649 
  STATUS:  100 ROWS AFFECTED:0 SID:40903209
  COMMAND: SELECT VAL_ESPECIF_DE,VAL_ESPECIF_ATE,TIPO_VALOR,VARIACAO,METODO FROM ESPECIFIC_PETROM  WHERE COD_EMPRESA=:p1 AND COD_ITEM=:p2 AND COD_CLIENTE=:p3 AND TIP_ANALISE=:p4
  USE: 4
    T:              CHAR(2) V: '01'
    T:             CHAR(15) V: '1              '
    T:             CHAR(15) V: '007600033000111'
    T:         DECIMAL(6,0) V: 2
  INTO:5
    T:              DECIMAL V: NULL
    T:              DECIMAL V: NULL
    T:              CHAR(2) V: 'NULL'
    T:              DECIMAL V: NULL
    T:             CHAR(20) V: 'NULL'
[THREAD 2068 - 05/02/2018 16:53:27]
  TRANSLATE: SELECT VAL_ESPECIF_DE,VAL_ESPECIF_ATE,TIPO_VALOR,VARIACAO,METODO FROM ESPECIFIC_PETROM  WHERE COD_EMPRESA=:p1 AND COD_ITEM=:p2 AND COD_CLIENTE IS NULL AND TIP_ANALISE=:p3
  EXECUTE
  RUNNING TIME: 0.000
  4GL SOURCE: POL0323.4GL  LINE: 1666 
  STATUS:    0 ROWS AFFECTED:1 SID:40903209
  COMMAND: SELECT VAL_ESPECIF_DE,VAL_ESPECIF_ATE,TIPO_VALOR,VARIACAO,METODO FROM ESPECIFIC_PETROM  WHERE COD_EMPRESA=:p1 AND COD_ITEM=:p2 AND COD_CLIENTE IS NULL AND TIP_ANALISE=:p3
  USE: 3
    T:              CHAR(2) V: '01'
    T:             CHAR(15) V: '1              '
    T:         DECIMAL(6,0) V: 2
  INTO:5
    T:        DECIMAL(10,4) V: 20
    T:        DECIMAL(10,4) V: 20
    T:              CHAR(2) V: '<='
    T:        DECIMAL(10,4) V: 0,0000
    T:             CHAR(20) V: 'NBR-10032           '
[THREAD 2068 - 05/02/2018 16:53:27]
  TRANSLATE: SELECT VAL_ANALISE FROM ANALISE_PETROM  WHERE COD_EMPRESA=:p1 AND COD_ITEM=:p2 AND TIP_ANALISE=:p3 AND LOTE_TANQUE=:p4 AND NUM_PA=:p5
  EXECUTE
  RUNNING TIME: 0.015
  4GL SOURCE: POL0323.4GL  LINE: 1682 
  STATUS:    0 ROWS AFFECTED:1 SID:40903209
  COMMAND: SELECT VAL_ANALISE FROM ANALISE_PETROM  WHERE COD_EMPRESA=:p1 AND COD_ITEM=:p2 AND TIP_ANALISE=:p3 AND LOTE_TANQUE=:p4 AND NUM_PA=:p5
  USE: 5
    T:              CHAR(2) V: '01'
    T:             CHAR(15) V: '1              '
    T:         DECIMAL(6,0) V: 2
    T:             CHAR(10) V: '060118-BB '
    T:         DECIMAL(6,0) V: 1
  INTO:1
    T:        DECIMAL(10,4) V: 10
[THREAD 2068 - 05/02/2018 16:53:27]
  TRANSLATE: INSERT INTO LAUDO_ITEM_PETROM VALUES(:p1, :p2, :p3, :p4, :p5, :p6, :p7, :p8, :p9)
  RUNNING TIME: 0.000
  4GL SOURCE: POL0323.4GL  LINE: 1770 
  STATUS:    0 ROWS AFFECTED:1 SID:40903209
  COMMAND: INSERT INTO LAUDO_ITEM_PETROM VALUES(:p1, :p2, :p3, :p4, :p5, :p6, :p7, :p8, :p9)
  USE: 9
    T:              CHAR(2) V: '01'
    T:         DECIMAL(6,0) V: 76324
    T:         DECIMAL(6,0) V: 2
    T:             CHAR(20) V: 'NBR-10032           '
    T:        DECIMAL(10,4) V: 20
    T:        DECIMAL(10,4) V: 20
    T:        DECIMAL(10,4) V: 10
    T:              CHAR(2) V: '<='
    T:              CHAR(1) V: 'N'
[THREAD 2068 - 05/02/2018 16:53:27]
  FETCH
  RUNNING TIME: 0.000
  4GL SOURCE: POL0323.4GL  LINE: 1647 
  STATUS:    0 ROWS AFFECTED:1 SID:40903209
  NAME_FGL:POL0323.CQ_TIP_ANALISE
  NAME_SQL:cu9
  INTO:1
    T:         DECIMAL(6,0) V: 3
[THREAD 2068 - 05/02/2018 16:53:27]
  TRANSLATE: SELECT VAL_ESPECIF_DE,VAL_ESPECIF_ATE,TIPO_VALOR,VARIACAO,METODO FROM ESPECIFIC_PETROM  WHERE COD_EMPRESA=:p1 AND COD_ITEM=:p2 AND COD_CLIENTE=:p3 AND TIP_ANALISE=:p4
  EXECUTE
  RUNNING TIME: 0.000
  4GL SOURCE: POL0323.4GL  LINE: 1649 
  STATUS:  100 ROWS AFFECTED:0 SID:40903209
  COMMAND: SELECT VAL_ESPECIF_DE,VAL_ESPECIF_ATE,TIPO_VALOR,VARIACAO,METODO FROM ESPECIFIC_PETROM  WHERE COD_EMPRESA=:p1 AND COD_ITEM=:p2 AND COD_CLIENTE=:p3 AND TIP_ANALISE=:p4
  USE: 4
    T:              CHAR(2) V: '01'
    T:             CHAR(15) V: '1              '
    T:             CHAR(15) V: '007600033000111'
    T:         DECIMAL(6,0) V: 3
  INTO:5
    T:              DECIMAL V: NULL
    T:              DECIMAL V: NULL
    T:              CHAR(2) V: 'NULL'
    T:              DECIMAL V: NULL
    T:             CHAR(20) V: 'NULL'
[THREAD 2068 - 05/02/2018 16:53:27]
  TRANSLATE: SELECT VAL_ESPECIF_DE,VAL_ESPECIF_ATE,TIPO_VALOR,VARIACAO,METODO FROM ESPECIFIC_PETROM  WHERE COD_EMPRESA=:p1 AND COD_ITEM=:p2 AND COD_CLIENTE IS NULL AND TIP_ANALISE=:p3
  EXECUTE
  RUNNING TIME: 0.000
  4GL SOURCE: POL0323.4GL  LINE: 1666 
  STATUS:    0 ROWS AFFECTED:1 SID:40903209
  COMMAND: SELECT VAL_ESPECIF_DE,VAL_ESPECIF_ATE,TIPO_VALOR,VARIACAO,METODO FROM ESPECIFIC_PETROM  WHERE COD_EMPRESA=:p1 AND COD_ITEM=:p2 AND COD_CLIENTE IS NULL AND TIP_ANALISE=:p3
  USE: 3
    T:              CHAR(2) V: '01'
    T:             CHAR(15) V: '1              '
    T:         DECIMAL(6,0) V: 3
  INTO:5
    T:        DECIMAL(10,4) V: 130,60
    T:        DECIMAL(10,4) V: 130,60
    T:              CHAR(2) V: '>='
    T:        DECIMAL(10,4) V: 0,0000
    T:             CHAR(20) V: 'NBR-10263           '
[THREAD 2068 - 05/02/2018 16:53:27]
  TRANSLATE: SELECT VAL_ANALISE FROM ANALISE_PETROM  WHERE COD_EMPRESA=:p1 AND COD_ITEM=:p2 AND TIP_ANALISE=:p3 AND LOTE_TANQUE=:p4 AND NUM_PA=:p5
  EXECUTE
  RUNNING TIME: 0.016
  4GL SOURCE: POL0323.4GL  LINE: 1682 
  STATUS:    0 ROWS AFFECTED:1 SID:40903209
  COMMAND: SELECT VAL_ANALISE FROM ANALISE_PETROM  WHERE COD_EMPRESA=:p1 AND COD_ITEM=:p2 AND TIP_ANALISE=:p3 AND LOTE_TANQUE=:p4 AND NUM_PA=:p5
  USE: 5
    T:              CHAR(2) V: '01'
    T:             CHAR(15) V: '1              '
    T:         DECIMAL(6,0) V: 3
    T:             CHAR(10) V: '060118-BB '
    T:         DECIMAL(6,0) V: 1
  INTO:1
    T:        DECIMAL(10,4) V: 130,90
[THREAD 2068 - 05/02/2018 16:53:27]
  TRANSLATE: INSERT INTO LAUDO_ITEM_PETROM VALUES(:p1, :p2, :p3, :p4, :p5, :p6, :p7, :p8, :p9)
  RUNNING TIME: 0.000
  4GL SOURCE: POL0323.4GL  LINE: 1770 
  STATUS:    0 ROWS AFFECTED:1 SID:40903209
  COMMAND: INSERT INTO LAUDO_ITEM_PETROM VALUES(:p1, :p2, :p3, :p4, :p5, :p6, :p7, :p8, :p9)
  USE: 9
    T:              CHAR(2) V: '01'
    T:         DECIMAL(6,0) V: 76324
    T:         DECIMAL(6,0) V: 3
    T:             CHAR(20) V: 'NBR-10263           '
    T:        DECIMAL(10,4) V: 130,60
    T:        DECIMAL(10,4) V: 130,60
    T:        DECIMAL(10,4) V: 130,90
    T:              CHAR(2) V: '>='
    T:              CHAR(1) V: 'N'
[THREAD 2068 - 05/02/2018 16:53:27]
  FETCH
  RUNNING TIME: 0.000
  4GL SOURCE: POL0323.4GL  LINE: 1647 
  STATUS:    0 ROWS AFFECTED:1 SID:40903209
  NAME_FGL:POL0323.CQ_TIP_ANALISE
  NAME_SQL:cu9
  INTO:1
    T:         DECIMAL(6,0) V: 4
[THREAD 2068 - 05/02/2018 16:53:27]
  TRANSLATE: SELECT VAL_ESPECIF_DE,VAL_ESPECIF_ATE,TIPO_VALOR,VARIACAO,METODO FROM ESPECIFIC_PETROM  WHERE COD_EMPRESA=:p1 AND COD_ITEM=:p2 AND COD_CLIENTE=:p3 AND TIP_ANALISE=:p4
  EXECUTE
  RUNNING TIME: 0.000
  4GL SOURCE: POL0323.4GL  LINE: 1649 
  STATUS:  100 ROWS AFFECTED:0 SID:40903209
  COMMAND: SELECT VAL_ESPECIF_DE,VAL_ESPECIF_ATE,TIPO_VALOR,VARIACAO,METODO FROM ESPECIFIC_PETROM  WHERE COD_EMPRESA=:p1 AND COD_ITEM=:p2 AND COD_CLIENTE=:p3 AND TIP_ANALISE=:p4
  USE: 4
    T:              CHAR(2) V: '01'
    T:             CHAR(15) V: '1              '
    T:             CHAR(15) V: '007600033000111'
    T:         DECIMAL(6,0) V: 4
  INTO:5
    T:              DECIMAL V: NULL
    T:              DECIMAL V: NULL
    T:              CHAR(2) V: 'NULL'
    T:              DECIMAL V: NULL
    T:             CHAR(20) V: 'NULL'
[THREAD 2068 - 05/02/2018 16:53:27]
  TRANSLATE: SELECT VAL_ESPECIF_DE,VAL_ESPECIF_ATE,TIPO_VALOR,VARIACAO,METODO FROM ESPECIFIC_PETROM  WHERE COD_EMPRESA=:p1 AND COD_ITEM=:p2 AND COD_CLIENTE IS NULL AND TIP_ANALISE=:p3
  EXECUTE
  RUNNING TIME: 0.000
  4GL SOURCE: POL0323.4GL  LINE: 1666 
  STATUS:    0 ROWS AFFECTED:1 SID:40903209
  COMMAND: SELECT VAL_ESPECIF_DE,VAL_ESPECIF_ATE,TIPO_VALOR,VARIACAO,METODO FROM ESPECIFIC_PETROM  WHERE COD_EMPRESA=:p1 AND COD_ITEM=:p2 AND COD_CLIENTE IS NULL AND TIP_ANALISE=:p3
  USE: 3
    T:              CHAR(2) V: '01'
    T:             CHAR(15) V: '1              '
    T:         DECIMAL(6,0) V: 4
  INTO:5
    T:        DECIMAL(10,4) V: 0,20
    T:        DECIMAL(10,4) V: 0,20
    T:              CHAR(2) V: '<='
    T:        DECIMAL(10,4) V: 0,0000
    T:             CHAR(20) V: 'NBR-10262           '
[THREAD 2068 - 05/02/2018 16:53:27]
  TRANSLATE: SELECT VAL_ANALISE FROM ANALISE_PETROM  WHERE COD_EMPRESA=:p1 AND COD_ITEM=:p2 AND TIP_ANALISE=:p3 AND LOTE_TANQUE=:p4 AND NUM_PA=:p5
  EXECUTE
  RUNNING TIME: 0.016
  4GL SOURCE: POL0323.4GL  LINE: 1682 
  STATUS:    0 ROWS AFFECTED:1 SID:40903209
  COMMAND: SELECT VAL_ANALISE FROM ANALISE_PETROM  WHERE COD_EMPRESA=:p1 AND COD_ITEM=:p2 AND TIP_ANALISE=:p3 AND LOTE_TANQUE=:p4 AND NUM_PA=:p5
  USE: 5
    T:              CHAR(2) V: '01'
    T:             CHAR(15) V: '1              '
    T:         DECIMAL(6,0) V: 4
    T:             CHAR(10) V: '060118-BB '
    T:         DECIMAL(6,0) V: 1
  INTO:1
    T:        DECIMAL(10,4) V: 0,05
[THREAD 2068 - 05/02/2018 16:53:27]
  TRANSLATE: INSERT INTO LAUDO_ITEM_PETROM VALUES(:p1, :p2, :p3, :p4, :p5, :p6, :p7, :p8, :p9)
  RUNNING TIME: 0.000
  4GL SOURCE: POL0323.4GL  LINE: 1770 
  STATUS:    0 ROWS AFFECTED:1 SID:40903209
  COMMAND: INSERT INTO LAUDO_ITEM_PETROM VALUES(:p1, :p2, :p3, :p4, :p5, :p6, :p7, :p8, :p9)
  USE: 9
    T:              CHAR(2) V: '01'
    T:         DECIMAL(6,0) V: 76324
    T:         DECIMAL(6,0) V: 4
    T:             CHAR(20) V: 'NBR-10262           '
    T:        DECIMAL(10,4) V: 0,20
    T:        DECIMAL(10,4) V: 0,20
    T:        DECIMAL(10,4) V: 0,05
    T:              CHAR(2) V: '<='
    T:              CHAR(1) V: 'N'
[THREAD 2068 - 05/02/2018 16:53:27]
  FETCH
  RUNNING TIME: 0.000
  4GL SOURCE: POL0323.4GL  LINE: 1647 
  STATUS:    0 ROWS AFFECTED:1 SID:40903209
  NAME_FGL:POL0323.CQ_TIP_ANALISE
  NAME_SQL:cu9
  INTO:1
    T:         DECIMAL(6,0) V: 5
[THREAD 2068 - 05/02/2018 16:53:27]
  TRANSLATE: SELECT VAL_ESPECIF_DE,VAL_ESPECIF_ATE,TIPO_VALOR,VARIACAO,METODO FROM ESPECIFIC_PETROM  WHERE COD_EMPRESA=:p1 AND COD_ITEM=:p2 AND COD_CLIENTE=:p3 AND TIP_ANALISE=:p4
  EXECUTE
  RUNNING TIME: 0.000
  4GL SOURCE: POL0323.4GL  LINE: 1649 
  STATUS:  100 ROWS AFFECTED:0 SID:40903209
  COMMAND: SELECT VAL_ESPECIF_DE,VAL_ESPECIF_ATE,TIPO_VALOR,VARIACAO,METODO FROM ESPECIFIC_PETROM  WHERE COD_EMPRESA=:p1 AND COD_ITEM=:p2 AND COD_CLIENTE=:p3 AND TIP_ANALISE=:p4
  USE: 4
    T:              CHAR(2) V: '01'
    T:             CHAR(15) V: '1              '
    T:             CHAR(15) V: '007600033000111'
    T:         DECIMAL(6,0) V: 5
  INTO:5
    T:              DECIMAL V: NULL
    T:              DECIMAL V: NULL
    T:              CHAR(2) V: 'NULL'
    T:              DECIMAL V: NULL
    T:             CHAR(20) V: 'NULL'
[THREAD 2068 - 05/02/2018 16:53:27]
  TRANSLATE: SELECT VAL_ESPECIF_DE,VAL_ESPECIF_ATE,TIPO_VALOR,VARIACAO,METODO FROM ESPECIFIC_PETROM  WHERE COD_EMPRESA=:p1 AND COD_ITEM=:p2 AND COD_CLIENTE IS NULL AND TIP_ANALISE=:p3
  EXECUTE
  RUNNING TIME: 0.000
  4GL SOURCE: POL0323.4GL  LINE: 1666 
  STATUS:    0 ROWS AFFECTED:1 SID:40903209
  COMMAND: SELECT VAL_ESPECIF_DE,VAL_ESPECIF_ATE,TIPO_VALOR,VARIACAO,METODO FROM ESPECIFIC_PETROM  WHERE COD_EMPRESA=:p1 AND COD_ITEM=:p2 AND COD_CLIENTE IS NULL AND TIP_ANALISE=:p3
  USE: 3
    T:              CHAR(2) V: '01'
    T:             CHAR(15) V: '1              '
    T:         DECIMAL(6,0) V: 5
  INTO:5
    T:        DECIMAL(10,4) V: 40
    T:        DECIMAL(10,4) V: 40
    T:              CHAR(2) V: '<='
    T:        DECIMAL(10,4) V: 0,0000
    T:             CHAR(20) V: 'NBR-10033           '
[THREAD 2068 - 05/02/2018 16:53:27]
  TRANSLATE: SELECT VAL_ANALISE FROM ANALISE_PETROM  WHERE COD_EMPRESA=:p1 AND COD_ITEM=:p2 AND TIP_ANALISE=:p3 AND LOTE_TANQUE=:p4 AND NUM_PA=:p5
  EXECUTE
  RUNNING TIME: 0.016
  4GL SOURCE: POL0323.4GL  LINE: 1682 
  STATUS:    0 ROWS AFFECTED:1 SID:40903209
  COMMAND: SELECT VAL_ANALISE FROM ANALISE_PETROM  WHERE COD_EMPRESA=:p1 AND COD_ITEM=:p2 AND TIP_ANALISE=:p3 AND LOTE_TANQUE=:p4 AND NUM_PA=:p5
  USE: 5
    T:              CHAR(2) V: '01'
    T:             CHAR(15) V: '1              '
    T:         DECIMAL(6,0) V: 5
    T:             CHAR(10) V: '060118-BB '
    T:         DECIMAL(6,0) V: 1
  INTO:1
    T:        DECIMAL(10,4) V: 25
[THREAD 2068 - 05/02/2018 16:53:27]
  TRANSLATE: INSERT INTO LAUDO_ITEM_PETROM VALUES(:p1, :p2, :p3, :p4, :p5, :p6, :p7, :p8, :p9)
  RUNNING TIME: 0.000
  4GL SOURCE: POL0323.4GL  LINE: 1770 
  STATUS:    0 ROWS AFFECTED:1 SID:40903209
  COMMAND: INSERT INTO LAUDO_ITEM_PETROM VALUES(:p1, :p2, :p3, :p4, :p5, :p6, :p7, :p8, :p9)
  USE: 9
    T:              CHAR(2) V: '01'
    T:         DECIMAL(6,0) V: 76324
    T:         DECIMAL(6,0) V: 5
    T:             CHAR(20) V: 'NBR-10033           '
    T:        DECIMAL(10,4) V: 40
    T:        DECIMAL(10,4) V: 40
    T:        DECIMAL(10,4) V: 25
    T:              CHAR(2) V: '<='
    T:              CHAR(1) V: 'N'
[THREAD 2068 - 05/02/2018 16:53:27]
  FETCH
  RUNNING TIME: 0.000
  4GL SOURCE: POL0323.4GL  LINE: 1647 
  STATUS:    0 ROWS AFFECTED:1 SID:40903209
  NAME_FGL:POL0323.CQ_TIP_ANALISE
  NAME_SQL:cu9
  INTO:1
    T:         DECIMAL(6,0) V: 6
[THREAD 2068 - 05/02/2018 16:53:27]
  TRANSLATE: SELECT VAL_ESPECIF_DE,VAL_ESPECIF_ATE,TIPO_VALOR,VARIACAO,METODO FROM ESPECIFIC_PETROM  WHERE COD_EMPRESA=:p1 AND COD_ITEM=:p2 AND COD_CLIENTE=:p3 AND TIP_ANALISE=:p4
  EXECUTE
  RUNNING TIME: 0.000
  4GL SOURCE: POL0323.4GL  LINE: 1649 
  STATUS:  100 ROWS AFFECTED:0 SID:40903209
  COMMAND: SELECT VAL_ESPECIF_DE,VAL_ESPECIF_ATE,TIPO_VALOR,VARIACAO,METODO FROM ESPECIFIC_PETROM  WHERE COD_EMPRESA=:p1 AND COD_ITEM=:p2 AND COD_CLIENTE=:p3 AND TIP_ANALISE=:p4
  USE: 4
    T:              CHAR(2) V: '01'
    T:             CHAR(15) V: '1              '
    T:             CHAR(15) V: '007600033000111'
    T:         DECIMAL(6,0) V: 6
  INTO:5
    T:              DECIMAL V: NULL
    T:              DECIMAL V: NULL
    T:              CHAR(2) V: 'NULL'
    T:              DECIMAL V: NULL
    T:             CHAR(20) V: 'NULL'
[THREAD 2068 - 05/02/2018 16:53:27]
  TRANSLATE: SELECT VAL_ESPECIF_DE,VAL_ESPECIF_ATE,TIPO_VALOR,VARIACAO,METODO FROM ESPECIFIC_PETROM  WHERE COD_EMPRESA=:p1 AND COD_ITEM=:p2 AND COD_CLIENTE IS NULL AND TIP_ANALISE=:p3
  EXECUTE
  RUNNING TIME: 0.000
  4GL SOURCE: POL0323.4GL  LINE: 1666 
  STATUS:    0 ROWS AFFECTED:1 SID:40903209
  COMMAND: SELECT VAL_ESPECIF_DE,VAL_ESPECIF_ATE,TIPO_VALOR,VARIACAO,METODO FROM ESPECIFIC_PETROM  WHERE COD_EMPRESA=:p1 AND COD_ITEM=:p2 AND COD_CLIENTE IS NULL AND TIP_ANALISE=:p3
  USE: 3
    T:              CHAR(2) V: '01'
    T:             CHAR(15) V: '1              '
    T:         DECIMAL(6,0) V: 6
  INTO:5
    T:        DECIMAL(10,4) V: 0,03
    T:        DECIMAL(10,4) V: 0,03
    T:              CHAR(2) V: '<='
    T:        DECIMAL(10,4) V: 0,0000
    T:             CHAR(20) V: 'NBR-13034           '
[THREAD 2068 - 05/02/2018 16:53:27]
  TRANSLATE: SELECT VAL_ANALISE FROM ANALISE_PETROM  WHERE COD_EMPRESA=:p1 AND COD_ITEM=:p2 AND TIP_ANALISE=:p3 AND LOTE_TANQUE=:p4 AND NUM_PA=:p5
  EXECUTE
  RUNNING TIME: 0.015
  4GL SOURCE: POL0323.4GL  LINE: 1682 
  STATUS:    0 ROWS AFFECTED:1 SID:40903209
  COMMAND: SELECT VAL_ANALISE FROM ANALISE_PETROM  WHERE COD_EMPRESA=:p1 AND COD_ITEM=:p2 AND TIP_ANALISE=:p3 AND LOTE_TANQUE=:p4 AND NUM_PA=:p5
  USE: 5
    T:              CHAR(2) V: '01'
    T:             CHAR(15) V: '1              '
    T:         DECIMAL(6,0) V: 6
    T:             CHAR(10) V: '060118-BB '
    T:         DECIMAL(6,0) V: 1
  INTO:1
    T:        DECIMAL(10,4) V: 0,0000
[THREAD 2068 - 05/02/2018 16:53:27]
  TRANSLATE: INSERT INTO LAUDO_ITEM_PETROM VALUES(:p1, :p2, :p3, :p4, :p5, :p6, :p7, :p8, :p9)
  RUNNING TIME: 0.000
  4GL SOURCE: POL0323.4GL  LINE: 1770 
  STATUS:    0 ROWS AFFECTED:1 SID:40903209
  COMMAND: INSERT INTO LAUDO_ITEM_PETROM VALUES(:p1, :p2, :p3, :p4, :p5, :p6, :p7, :p8, :p9)
  USE: 9
    T:              CHAR(2) V: '01'
    T:         DECIMAL(6,0) V: 76324
    T:         DECIMAL(6,0) V: 6
    T:             CHAR(20) V: 'NBR-13034           '
    T:        DECIMAL(10,4) V: 0,03
    T:        DECIMAL(10,4) V: 0,03
    T:        DECIMAL(10,4) V: 0,0000
    T:              CHAR(2) V: '<='
    T:              CHAR(1) V: 'N'
[THREAD 2068 - 05/02/2018 16:53:27]
  FETCH
  RUNNING TIME: 0.016
  4GL SOURCE: POL0323.4GL  LINE: 1647 
  STATUS:  100 ROWS AFFECTED:0 SID:40903209
  NAME_FGL:POL0323.CQ_TIP_ANALISE
  NAME_SQL:cu9
  COMMAND: SELECT UNIQUE a.tip_analise    FROM par_laudo_petrom a  WHERE a.cod_empresa = '01'    AND a.cod_item    = '1              '    AND a.cod_cliente IS NULL   ORDER BY a.tip_analise
  INTO:1
    T:         DECIMAL(6,0) V: 6
[THREAD 2068 - 05/02/2018 16:53:27]
  CLOSE 
  RUNNING TIME: 0.000
  4GL SOURCE: POL0323.4GL  LINE: 1647 
  STATUS:    0 ROWS AFFECTED:0 SID:40903209
  NAME_FGL:POL0323.CQ_TIP_ANALISE
  NAME_SQL:cu9
[THREAD 2068 - 05/02/2018 16:53:27]
  TRANSLATE: SELECT QTD_DIAS FROM CLIENTE_ITEM_455  WHERE COD_CLIENTE=:p1 AND COD_ITEM=:p2
  EXECUTE
  RUNNING TIME: 0.000
  4GL SOURCE: POL0323.4GL  LINE: 620 
  STATUS:    0 ROWS AFFECTED:1 SID:40903209
  COMMAND: SELECT QTD_DIAS FROM CLIENTE_ITEM_455  WHERE COD_CLIENTE=:p1 AND COD_ITEM=:p2
  USE: 2
    T:             CHAR(15) V: '007600033000111'
    T:             CHAR(15) V: '50010104       '
  INTO:1
    T:              INTEGER V: 5
[THREAD 2068 - 05/02/2018 16:53:27]
  TRANSLATE: INSERT INTO LAUDO_MEST_PETROM VALUES(:p1, :p2, :p3, :p4, :p5, :p6, :p7, :p8, :p9, :p10, :p11, 'N', :p12, :p13, :p14, :p15, NULL, NULL, NULL, 0, 'S')
  RUNNING TIME: 0.000
  4GL SOURCE: POL0323.4GL  LINE: 1794 
  STATUS:    0 ROWS AFFECTED:1 SID:40903209
  COMMAND: INSERT INTO LAUDO_MEST_PETROM VALUES(:p1, :p2, :p3, :p4, :p5, :p6, :p7, :p8, :p9, :p10, :p11, 'N', :p12, :p13, :p14, :p15, NULL, NULL, NULL, 0, 'S')
  USE: 15
    T:              CHAR(2) V: '01'
    T:         DECIMAL(6,0) V: 76324
    T:              INTEGER V: 55750
    T:              INTEGER V: NULL
    T:             CHAR(15) V: '50010104       '
    T:             CHAR(15) V: '1              '
    T:                 DATE V: 05/02/2018                                                                                                                                                                                                                                                     
    T:             CHAR(15) V: '007600033000111'
    T:             CHAR(10) V: '060118-BB '
    T:        DECIMAL(12,3) V: 22
    T:              CHAR(1) V: '1'
    T:              CHAR(1) V: 'N'
    T:             CHAR(50) V: 'NULL'
    T:             CHAR(50) V: 'NULL'
    T:             CHAR(50) V: 'NULL'
[THREAD 2068 - 05/02/2018 16:53:27]
  TRANSLATE: INSERT INTO PA_LAUDO_PETROM VALUES(:p1, :p2, :p3)
  RUNNING TIME: 0.063
  4GL SOURCE: POL0323.4GL  LINE: 1821 
  STATUS:    0 ROWS AFFECTED:1 SID:40903209
  COMMAND: INSERT INTO PA_LAUDO_PETROM VALUES(:p1, :p2, :p3)
  USE: 3
    T:              CHAR(2) V: '01'
    T:         DECIMAL(6,0) V: 76324
    T:         DECIMAL(6,0) V: 1
[THREAD 2068 - 05/02/2018 16:53:27]
  TRANSLATE: COMMIT WORK
  RUNNING TIME: 0.015
  4GL SOURCE: POL0323.4GL
  STATUS:    0 ROWS AFFECTED:0 SID:40903209
  NAME_FGL:POL0323.CQ_ITEM_NF1
  NAME_SQL:cu1
[THREAD 2068 - 05/02/2018 16:53:27]
  4GL SOURCE: POL0323.4GL
  STATUS:    0 ROWS AFFECTED:0 SID:40903209
  NAME_FGL:POL0323.CQ_PARAM
  NAME_SQL:cu8
[THREAD 2068 - 05/02/2018 16:53:27]
  4GL SOURCE: POL0323.4GL  LINE: 1835 
  STATUS:    0 ROWS AFFECTED:0 SID:40903209
  COMMAND: COMMIT WORK
